running develop
running egg_info
creating my_turtlebot_pkg.egg-info
writing my_turtlebot_pkg.egg-info/PKG-INFO
writing dependency_links to my_turtlebot_pkg.egg-info/dependency_links.txt
writing entry points to my_turtlebot_pkg.egg-info/entry_points.txt
writing requirements to my_turtlebot_pkg.egg-info/requires.txt
writing top-level names to my_turtlebot_pkg.egg-info/top_level.txt
writing manifest file 'my_turtlebot_pkg.egg-info/SOURCES.txt'
reading manifest file 'my_turtlebot_pkg.egg-info/SOURCES.txt'
writing manifest file 'my_turtlebot_pkg.egg-info/SOURCES.txt'
running build_ext
Creating /home/ubuntu/robot_ws/install/my_turtlebot_pkg/lib/python3.10/site-packages/my-turtlebot-pkg.egg-link (link to .)

Installed /home/ubuntu/robot_ws/build/my_turtlebot_pkg
running symlink_data
creating /home/ubuntu/robot_ws/install/my_turtlebot_pkg/share/ament_index
creating /home/ubuntu/robot_ws/install/my_turtlebot_pkg/share/ament_index/resource_index
creating /home/ubuntu/robot_ws/install/my_turtlebot_pkg/share/ament_index/resource_index/packages
symbolically linking /home/ubuntu/robot_ws/build/my_turtlebot_pkg/resource/my_turtlebot_pkg -> /home/ubuntu/robot_ws/install/my_turtlebot_pkg/share/ament_index/resource_index/packages
symbolically linking /home/ubuntu/robot_ws/build/my_turtlebot_pkg/package.xml -> /home/ubuntu/robot_ws/install/my_turtlebot_pkg/share/my_turtlebot_pkg
