[0.789s] Invoking command in '/home/ubuntu/robot_ws/build/my_turtlebot_pkg': PYTHONPATH=/home/ubuntu/robot_ws/build/my_turtlebot_pkg/prefix_override:/usr/lib/python3/dist-packages/colcon_core/task/python/colcon_distutils_commands:/home/ubuntu/robot_ws/install/my_turtlebot_pkg/lib/python3.10/site-packages:${PYTHONPATH} /usr/bin/python3 -W ignore:setup.py install is deprecated -W ignore:easy_install command is deprecated setup.py develop --editable --build-directory /home/ubuntu/robot_ws/build/my_turtlebot_pkg/build --no-deps symlink_data
[1.103s] running develop
[1.286s] running egg_info
[1.286s] creating my_turtlebot_pkg.egg-info
[1.286s] writing my_turtlebot_pkg.egg-info/PKG-INFO
[1.287s] writing dependency_links to my_turtlebot_pkg.egg-info/dependency_links.txt
[1.287s] writing entry points to my_turtlebot_pkg.egg-info/entry_points.txt
[1.287s] writing requirements to my_turtlebot_pkg.egg-info/requires.txt
[1.287s] writing top-level names to my_turtlebot_pkg.egg-info/top_level.txt
[1.288s] writing manifest file 'my_turtlebot_pkg.egg-info/SOURCES.txt'
[1.290s] reading manifest file 'my_turtlebot_pkg.egg-info/SOURCES.txt'
[1.290s] writing manifest file 'my_turtlebot_pkg.egg-info/SOURCES.txt'
[1.292s] running build_ext
[1.293s] Creating /home/ubuntu/robot_ws/install/my_turtlebot_pkg/lib/python3.10/site-packages/my-turtlebot-pkg.egg-link (link to .)
[1.294s] 
[1.294s] Installed /home/ubuntu/robot_ws/build/my_turtlebot_pkg
[1.294s] running symlink_data
[1.294s] creating /home/ubuntu/robot_ws/install/my_turtlebot_pkg/share/ament_index
[1.294s] creating /home/ubuntu/robot_ws/install/my_turtlebot_pkg/share/ament_index/resource_index
[1.294s] creating /home/ubuntu/robot_ws/install/my_turtlebot_pkg/share/ament_index/resource_index/packages
[1.294s] symbolically linking /home/ubuntu/robot_ws/build/my_turtlebot_pkg/resource/my_turtlebot_pkg -> /home/ubuntu/robot_ws/install/my_turtlebot_pkg/share/ament_index/resource_index/packages
[1.296s] symbolically linking /home/ubuntu/robot_ws/build/my_turtlebot_pkg/package.xml -> /home/ubuntu/robot_ws/install/my_turtlebot_pkg/share/my_turtlebot_pkg
[1.384s] Invoked command in '/home/ubuntu/robot_ws/build/my_turtlebot_pkg' returned '0': PYTHONPATH=/home/ubuntu/robot_ws/build/my_turtlebot_pkg/prefix_override:/usr/lib/python3/dist-packages/colcon_core/task/python/colcon_distutils_commands:/home/ubuntu/robot_ws/install/my_turtlebot_pkg/lib/python3.10/site-packages:${PYTHONPATH} /usr/bin/python3 -W ignore:setup.py install is deprecated -W ignore:easy_install command is deprecated setup.py develop --editable --build-directory /home/ubuntu/robot_ws/build/my_turtlebot_pkg/build --no-deps symlink_data
