[0.911s] Invoking command in '/home/ubuntu/robot_ws/build/move_turtle_pkg': PYTHONPATH=/home/ubuntu/robot_ws/build/move_turtle_pkg/prefix_override:/usr/lib/python3/dist-packages/colcon_core/task/python/colcon_distutils_commands:/home/ubuntu/robot_ws/install/move_turtle_pkg/lib/python3.10/site-packages:${PYTHONPATH} /usr/bin/python3 -W ignore:setup.py install is deprecated -W ignore:easy_install command is deprecated setup.py develop --editable --build-directory /home/ubuntu/robot_ws/build/move_turtle_pkg/build --no-deps symlink_data
[1.267s] running develop
[1.447s] running egg_info
[1.448s] writing move_turtle_pkg.egg-info/PKG-INFO
[1.448s] writing dependency_links to move_turtle_pkg.egg-info/dependency_links.txt
[1.448s] writing entry points to move_turtle_pkg.egg-info/entry_points.txt
[1.449s] writing requirements to move_turtle_pkg.egg-info/requires.txt
[1.451s] writing top-level names to move_turtle_pkg.egg-info/top_level.txt
[1.451s] reading manifest file 'move_turtle_pkg.egg-info/SOURCES.txt'
[1.451s] writing manifest file 'move_turtle_pkg.egg-info/SOURCES.txt'
[1.453s] running build_ext
[1.453s] Creating /home/ubuntu/robot_ws/install/move_turtle_pkg/lib/python3.10/site-packages/move-turtle-pkg.egg-link (link to .)
[1.454s] Installing dist_turtle_action_server script to /home/ubuntu/robot_ws/install/move_turtle_pkg/lib/move_turtle_pkg
[1.454s] Installing move_turtle_pub script to /home/ubuntu/robot_ws/install/move_turtle_pkg/lib/move_turtle_pkg
[1.454s] Installing my_multi_thread script to /home/ubuntu/robot_ws/install/move_turtle_pkg/lib/move_turtle_pkg
[1.454s] Installing my_service_server script to /home/ubuntu/robot_ws/install/move_turtle_pkg/lib/move_turtle_pkg
[1.455s] Installing my_subscriber script to /home/ubuntu/robot_ws/install/move_turtle_pkg/lib/move_turtle_pkg
[1.455s] Installing turtle_cmd_and_pose script to /home/ubuntu/robot_ws/install/move_turtle_pkg/lib/move_turtle_pkg
[1.455s] Installing turtlesim_node script to /home/ubuntu/robot_ws/install/move_turtle_pkg/lib/move_turtle_pkg
[1.455s] 
[1.455s] Installed /home/ubuntu/robot_ws/build/move_turtle_pkg
[1.456s] running symlink_data
[1.676s] Invoked command in '/home/ubuntu/robot_ws/build/move_turtle_pkg' returned '0': PYTHONPATH=/home/ubuntu/robot_ws/build/move_turtle_pkg/prefix_override:/usr/lib/python3/dist-packages/colcon_core/task/python/colcon_distutils_commands:/home/ubuntu/robot_ws/install/move_turtle_pkg/lib/python3.10/site-packages:${PYTHONPATH} /usr/bin/python3 -W ignore:setup.py install is deprecated -W ignore:easy_install command is deprecated setup.py develop --editable --build-directory /home/ubuntu/robot_ws/build/move_turtle_pkg/build --no-deps symlink_data
