[0.009s] Invoking command in '/home/ubuntu/robot_ws/build/my_first_package_msgs': CMAKE_PREFIX_PATH=${CMAKE_PREFIX_PATH}:/home/ubuntu/turtlebot3_ws/install/turtlebot3_yolo_object_detection:/home/ubuntu/turtlebot3_ws/install/turtlebot3_teleop:/home/ubuntu/turtlebot3_ws/install/turtlebot3_example:/home/ubuntu/turtlebot3_ws/install/turtlebot3_dqn:/home/ubuntu/turtlebot3_ws/install/turtlebot3_autorace_mission:/home/ubuntu/turtlebot3_ws/install/turtlebot3_autorace_detect:/home/ubuntu/turtlebot3_ws/install/turtlebot3_autorace_camera:/home/ubuntu/turtlebot3_ws/install/turtlebot3_automatic_parking_vision:/home/ubuntu/turtlebot3_ws/install/turtlebot3_automatic_parking:/home/ubuntu/turtlebot3_ws/install/turtlebot3_aruco_tracker:/home/ubuntu/robot_ws/install/topic_service_action_rclpy_example:/home/ubuntu/robot_ws/install/my_turtlebot_pkg:/home/ubuntu/robot_ws/install/my_first_ros_test_pkg:/home/ubuntu/robot_ws/install/my_first_ros_rclpy_pkg:/home/ubuntu/robot_ws/install/move_turtle_pkg:/opt/ros/humble /usr/bin/cmake --build /home/ubuntu/robot_ws/build/my_first_package_msgs -- -j2 -l2
[0.068s] [  2%] Built target my_first_package_msgs__cpp
[0.093s] [ 12%] Built target my_first_package_msgs__rosidl_generator_c
[0.123s] [ 12%] Built target ament_cmake_python_symlink_my_first_package_msgs
[0.151s] [ 23%] Built target my_first_package_msgs__rosidl_typesupport_cpp
[0.174s] [ 34%] Built target my_first_package_msgs__rosidl_typesupport_fastrtps_c
[0.202s] [ 44%] Built target my_first_package_msgs__rosidl_typesupport_introspection_c
[0.229s] [ 55%] Built target my_first_package_msgs__rosidl_typesupport_c
[0.262s] [ 65%] Built target my_first_package_msgs__rosidl_typesupport_fastrtps_cpp
[0.286s] [ 76%] Built target my_first_package_msgs__rosidl_typesupport_introspection_cpp
[0.576s] running egg_info
[0.577s] writing my_first_package_msgs.egg-info/PKG-INFO
[0.577s] writing dependency_links to my_first_package_msgs.egg-info/dependency_links.txt
[0.578s] writing top-level names to my_first_package_msgs.egg-info/top_level.txt
[0.581s] reading manifest file 'my_first_package_msgs.egg-info/SOURCES.txt'
[0.581s] writing manifest file 'my_first_package_msgs.egg-info/SOURCES.txt'
[0.607s] [ 76%] Built target ament_cmake_python_build_my_first_package_msgs_egg
[0.636s] [ 76%] Built target my_first_package_msgs
[0.661s] [ 78%] Built target my_first_package_msgs__py
[0.684s] [ 87%] Built target my_first_package_msgs__rosidl_generator_py
[0.706s] [ 91%] Built target my_first_package_msgs__rosidl_typesupport_fastrtps_c__pyext
[0.730s] [ 95%] Built target my_first_package_msgs__rosidl_typesupport_introspection_c__pyext
[0.759s] [100%] Built target my_first_package_msgs__rosidl_typesupport_c__pyext
[0.774s] Invoked command in '/home/ubuntu/robot_ws/build/my_first_package_msgs' returned '0': CMAKE_PREFIX_PATH=${CMAKE_PREFIX_PATH}:/home/ubuntu/turtlebot3_ws/install/turtlebot3_yolo_object_detection:/home/ubuntu/turtlebot3_ws/install/turtlebot3_teleop:/home/ubuntu/turtlebot3_ws/install/turtlebot3_example:/home/ubuntu/turtlebot3_ws/install/turtlebot3_dqn:/home/ubuntu/turtlebot3_ws/install/turtlebot3_autorace_mission:/home/ubuntu/turtlebot3_ws/install/turtlebot3_autorace_detect:/home/ubuntu/turtlebot3_ws/install/turtlebot3_autorace_camera:/home/ubuntu/turtlebot3_ws/install/turtlebot3_automatic_parking_vision:/home/ubuntu/turtlebot3_ws/install/turtlebot3_automatic_parking:/home/ubuntu/turtlebot3_ws/install/turtlebot3_aruco_tracker:/home/ubuntu/robot_ws/install/topic_service_action_rclpy_example:/home/ubuntu/robot_ws/install/my_turtlebot_pkg:/home/ubuntu/robot_ws/install/my_first_ros_test_pkg:/home/ubuntu/robot_ws/install/my_first_ros_rclpy_pkg:/home/ubuntu/robot_ws/install/move_turtle_pkg:/opt/ros/humble /usr/bin/cmake --build /home/ubuntu/robot_ws/build/my_first_package_msgs -- -j2 -l2
[0.774s] Invoking command in '/home/ubuntu/robot_ws/build/my_first_package_msgs': CMAKE_PREFIX_PATH=${CMAKE_PREFIX_PATH}:/home/ubuntu/turtlebot3_ws/install/turtlebot3_yolo_object_detection:/home/ubuntu/turtlebot3_ws/install/turtlebot3_teleop:/home/ubuntu/turtlebot3_ws/install/turtlebot3_example:/home/ubuntu/turtlebot3_ws/install/turtlebot3_dqn:/home/ubuntu/turtlebot3_ws/install/turtlebot3_autorace_mission:/home/ubuntu/turtlebot3_ws/install/turtlebot3_autorace_detect:/home/ubuntu/turtlebot3_ws/install/turtlebot3_autorace_camera:/home/ubuntu/turtlebot3_ws/install/turtlebot3_automatic_parking_vision:/home/ubuntu/turtlebot3_ws/install/turtlebot3_automatic_parking:/home/ubuntu/turtlebot3_ws/install/turtlebot3_aruco_tracker:/home/ubuntu/robot_ws/install/topic_service_action_rclpy_example:/home/ubuntu/robot_ws/install/my_turtlebot_pkg:/home/ubuntu/robot_ws/install/my_first_ros_test_pkg:/home/ubuntu/robot_ws/install/my_first_ros_rclpy_pkg:/home/ubuntu/robot_ws/install/move_turtle_pkg:/opt/ros/humble /usr/bin/cmake --install /home/ubuntu/robot_ws/build/my_first_package_msgs
[0.780s] -- Install configuration: ""
[0.781s] -- Execute custom install script
[0.782s] -- Up-to-date symlink: /home/ubuntu/robot_ws/install/my_first_package_msgs/share/ament_index/resource_index/rosidl_interfaces/my_first_package_msgs
[0.782s] -- Up-to-date symlink: /home/ubuntu/robot_ws/install/my_first_package_msgs/include/my_first_package_msgs/my_first_package_msgs/action/detail/dist_turtle__functions.h
[0.783s] -- Up-to-date symlink: /home/ubuntu/robot_ws/install/my_first_package_msgs/include/my_first_package_msgs/my_first_package_msgs/action/detail/dist_turtle__struct.h
[0.783s] -- Up-to-date symlink: /home/ubuntu/robot_ws/install/my_first_package_msgs/include/my_first_package_msgs/my_first_package_msgs/action/detail/dist_turtle__type_support.h
[0.784s] -- Up-to-date symlink: /home/ubuntu/robot_ws/install/my_first_package_msgs/include/my_first_package_msgs/my_first_package_msgs/action/dist_turtle.h
[0.784s] -- Up-to-date symlink: /home/ubuntu/robot_ws/install/my_first_package_msgs/include/my_first_package_msgs/my_first_package_msgs/msg/cmd_and_pose_vel.h
[0.785s] -- Up-to-date symlink: /home/ubuntu/robot_ws/install/my_first_package_msgs/include/my_first_package_msgs/my_first_package_msgs/msg/detail/cmd_and_pose_vel__functions.h
[0.785s] -- Up-to-date symlink: /home/ubuntu/robot_ws/install/my_first_package_msgs/include/my_first_package_msgs/my_first_package_msgs/msg/detail/cmd_and_pose_vel__struct.h
[0.786s] -- Up-to-date symlink: /home/ubuntu/robot_ws/install/my_first_package_msgs/include/my_first_package_msgs/my_first_package_msgs/msg/detail/cmd_and_pose_vel__type_support.h
[0.786s] -- Up-to-date symlink: /home/ubuntu/robot_ws/install/my_first_package_msgs/include/my_first_package_msgs/my_first_package_msgs/msg/rosidl_generator_c__visibility_control.h
[0.786s] -- Up-to-date symlink: /home/ubuntu/robot_ws/install/my_first_package_msgs/include/my_first_package_msgs/my_first_package_msgs/srv/detail/multi_spawn__functions.h
[0.786s] -- Up-to-date symlink: /home/ubuntu/robot_ws/install/my_first_package_msgs/include/my_first_package_msgs/my_first_package_msgs/srv/detail/multi_spawn__struct.h
[0.787s] -- Up-to-date symlink: /home/ubuntu/robot_ws/install/my_first_package_msgs/include/my_first_package_msgs/my_first_package_msgs/srv/detail/multi_spawn__type_support.h
[0.788s] -- Up-to-date symlink: /home/ubuntu/robot_ws/install/my_first_package_msgs/include/my_first_package_msgs/my_first_package_msgs/srv/multi_spawn.h
[0.788s] -- Up-to-date symlink: /home/ubuntu/robot_ws/install/my_first_package_msgs/share/my_first_package_msgs/environment/library_path.sh
[0.788s] -- Up-to-date symlink: /home/ubuntu/robot_ws/install/my_first_package_msgs/share/my_first_package_msgs/environment/library_path.dsv
[0.788s] -- Up-to-date symlink: /home/ubuntu/robot_ws/install/my_first_package_msgs/include/my_first_package_msgs/my_first_package_msgs/action/detail/dist_turtle__rosidl_typesupport_fastrtps_c.h
[0.789s] -- Up-to-date symlink: /home/ubuntu/robot_ws/install/my_first_package_msgs/include/my_first_package_msgs/my_first_package_msgs/msg/detail/cmd_and_pose_vel__rosidl_typesupport_fastrtps_c.h
[0.789s] -- Up-to-date symlink: /home/ubuntu/robot_ws/install/my_first_package_msgs/include/my_first_package_msgs/my_first_package_msgs/msg/rosidl_typesupport_fastrtps_c__visibility_control.h
[0.789s] -- Up-to-date symlink: /home/ubuntu/robot_ws/install/my_first_package_msgs/include/my_first_package_msgs/my_first_package_msgs/srv/detail/multi_spawn__rosidl_typesupport_fastrtps_c.h
[0.790s] -- Up-to-date symlink: /home/ubuntu/robot_ws/install/my_first_package_msgs/include/my_first_package_msgs/my_first_package_msgs/action/detail/dist_turtle__rosidl_typesupport_introspection_c.h
[0.790s] -- Up-to-date symlink: /home/ubuntu/robot_ws/install/my_first_package_msgs/include/my_first_package_msgs/my_first_package_msgs/msg/detail/cmd_and_pose_vel__rosidl_typesupport_introspection_c.h
[0.792s] -- Up-to-date symlink: /home/ubuntu/robot_ws/install/my_first_package_msgs/include/my_first_package_msgs/my_first_package_msgs/msg/rosidl_typesupport_introspection_c__visibility_control.h
[0.792s] -- Up-to-date symlink: /home/ubuntu/robot_ws/install/my_first_package_msgs/include/my_first_package_msgs/my_first_package_msgs/srv/detail/multi_spawn__rosidl_typesupport_introspection_c.h
[0.793s] -- Up-to-date symlink: /home/ubuntu/robot_ws/install/my_first_package_msgs/include/my_first_package_msgs/my_first_package_msgs/action/detail/dist_turtle__builder.hpp
[0.793s] -- Up-to-date symlink: /home/ubuntu/robot_ws/install/my_first_package_msgs/include/my_first_package_msgs/my_first_package_msgs/action/detail/dist_turtle__struct.hpp
[0.793s] -- Up-to-date symlink: /home/ubuntu/robot_ws/install/my_first_package_msgs/include/my_first_package_msgs/my_first_package_msgs/action/detail/dist_turtle__traits.hpp
[0.793s] -- Up-to-date symlink: /home/ubuntu/robot_ws/install/my_first_package_msgs/include/my_first_package_msgs/my_first_package_msgs/action/detail/dist_turtle__type_support.hpp
[0.793s] -- Up-to-date symlink: /home/ubuntu/robot_ws/install/my_first_package_msgs/include/my_first_package_msgs/my_first_package_msgs/action/dist_turtle.hpp
[0.793s] -- Up-to-date symlink: /home/ubuntu/robot_ws/install/my_first_package_msgs/include/my_first_package_msgs/my_first_package_msgs/msg/cmd_and_pose_vel.hpp
[0.793s] -- Up-to-date symlink: /home/ubuntu/robot_ws/install/my_first_package_msgs/include/my_first_package_msgs/my_first_package_msgs/msg/detail/cmd_and_pose_vel__builder.hpp
[0.793s] -- Up-to-date symlink: /home/ubuntu/robot_ws/install/my_first_package_msgs/include/my_first_package_msgs/my_first_package_msgs/msg/detail/cmd_and_pose_vel__struct.hpp
[0.793s] -- Up-to-date symlink: /home/ubuntu/robot_ws/install/my_first_package_msgs/include/my_first_package_msgs/my_first_package_msgs/msg/detail/cmd_and_pose_vel__traits.hpp
[0.793s] -- Up-to-date symlink: /home/ubuntu/robot_ws/install/my_first_package_msgs/include/my_first_package_msgs/my_first_package_msgs/msg/detail/cmd_and_pose_vel__type_support.hpp
[0.793s] -- Up-to-date symlink: /home/ubuntu/robot_ws/install/my_first_package_msgs/include/my_first_package_msgs/my_first_package_msgs/msg/rosidl_generator_cpp__visibility_control.hpp
[0.793s] -- Up-to-date symlink: /home/ubuntu/robot_ws/install/my_first_package_msgs/include/my_first_package_msgs/my_first_package_msgs/srv/detail/multi_spawn__builder.hpp
[0.793s] -- Up-to-date symlink: /home/ubuntu/robot_ws/install/my_first_package_msgs/include/my_first_package_msgs/my_first_package_msgs/srv/detail/multi_spawn__struct.hpp
[0.793s] -- Up-to-date symlink: /home/ubuntu/robot_ws/install/my_first_package_msgs/include/my_first_package_msgs/my_first_package_msgs/srv/detail/multi_spawn__traits.hpp
[0.793s] -- Up-to-date symlink: /home/ubuntu/robot_ws/install/my_first_package_msgs/include/my_first_package_msgs/my_first_package_msgs/srv/detail/multi_spawn__type_support.hpp
[0.793s] -- Up-to-date symlink: /home/ubuntu/robot_ws/install/my_first_package_msgs/include/my_first_package_msgs/my_first_package_msgs/srv/multi_spawn.hpp
[0.795s] -- Up-to-date symlink: /home/ubuntu/robot_ws/install/my_first_package_msgs/include/my_first_package_msgs/my_first_package_msgs/action/detail/dist_turtle__rosidl_typesupport_fastrtps_cpp.hpp
[0.795s] -- Up-to-date symlink: /home/ubuntu/robot_ws/install/my_first_package_msgs/include/my_first_package_msgs/my_first_package_msgs/msg/detail/cmd_and_pose_vel__rosidl_typesupport_fastrtps_cpp.hpp
[0.795s] -- Up-to-date symlink: /home/ubuntu/robot_ws/install/my_first_package_msgs/include/my_first_package_msgs/my_first_package_msgs/msg/rosidl_typesupport_fastrtps_cpp__visibility_control.h
[0.795s] -- Up-to-date symlink: /home/ubuntu/robot_ws/install/my_first_package_msgs/include/my_first_package_msgs/my_first_package_msgs/srv/detail/multi_spawn__rosidl_typesupport_fastrtps_cpp.hpp
[0.795s] -- Up-to-date symlink: /home/ubuntu/robot_ws/install/my_first_package_msgs/include/my_first_package_msgs/my_first_package_msgs/action/detail/dist_turtle__rosidl_typesupport_introspection_cpp.hpp
[0.795s] -- Up-to-date symlink: /home/ubuntu/robot_ws/install/my_first_package_msgs/include/my_first_package_msgs/my_first_package_msgs/msg/detail/cmd_and_pose_vel__rosidl_typesupport_introspection_cpp.hpp
[0.796s] -- Up-to-date symlink: /home/ubuntu/robot_ws/install/my_first_package_msgs/include/my_first_package_msgs/my_first_package_msgs/srv/detail/multi_spawn__rosidl_typesupport_introspection_cpp.hpp
[0.796s] -- Up-to-date symlink: /home/ubuntu/robot_ws/install/my_first_package_msgs/share/my_first_package_msgs/environment/pythonpath.sh
[0.796s] -- Up-to-date symlink: /home/ubuntu/robot_ws/install/my_first_package_msgs/share/my_first_package_msgs/environment/pythonpath.dsv
[0.797s] -- Up-to-date symlink: /home/ubuntu/robot_ws/install/my_first_package_msgs/local/lib/python3.10/dist-packages/my_first_package_msgs-0.0.0-py3.10.egg-info/PKG-INFO
[0.797s] -- Up-to-date symlink: /home/ubuntu/robot_ws/install/my_first_package_msgs/local/lib/python3.10/dist-packages/my_first_package_msgs-0.0.0-py3.10.egg-info/SOURCES.txt
[0.797s] -- Up-to-date symlink: /home/ubuntu/robot_ws/install/my_first_package_msgs/local/lib/python3.10/dist-packages/my_first_package_msgs-0.0.0-py3.10.egg-info/dependency_links.txt
[0.798s] -- Up-to-date symlink: /home/ubuntu/robot_ws/install/my_first_package_msgs/local/lib/python3.10/dist-packages/my_first_package_msgs-0.0.0-py3.10.egg-info/top_level.txt
[0.798s] -- Up-to-date symlink: /home/ubuntu/robot_ws/install/my_first_package_msgs/local/lib/python3.10/dist-packages/my_first_package_msgs/__init__.py
[0.799s] -- Up-to-date symlink: /home/ubuntu/robot_ws/install/my_first_package_msgs/local/lib/python3.10/dist-packages/my_first_package_msgs/_my_first_package_msgs_s.ep.rosidl_typesupport_c.c
[0.799s] -- Up-to-date symlink: /home/ubuntu/robot_ws/install/my_first_package_msgs/local/lib/python3.10/dist-packages/my_first_package_msgs/_my_first_package_msgs_s.ep.rosidl_typesupport_fastrtps_c.c
[0.799s] -- Up-to-date symlink: /home/ubuntu/robot_ws/install/my_first_package_msgs/local/lib/python3.10/dist-packages/my_first_package_msgs/_my_first_package_msgs_s.ep.rosidl_typesupport_introspection_c.c
[0.800s] -- Up-to-date symlink: /home/ubuntu/robot_ws/install/my_first_package_msgs/local/lib/python3.10/dist-packages/my_first_package_msgs/action/__init__.py
[0.800s] -- Up-to-date symlink: /home/ubuntu/robot_ws/install/my_first_package_msgs/local/lib/python3.10/dist-packages/my_first_package_msgs/action/_dist_turtle.py
[0.800s] -- Up-to-date symlink: /home/ubuntu/robot_ws/install/my_first_package_msgs/local/lib/python3.10/dist-packages/my_first_package_msgs/action/_dist_turtle_s.c
[0.801s] -- Up-to-date symlink: /home/ubuntu/robot_ws/install/my_first_package_msgs/local/lib/python3.10/dist-packages/my_first_package_msgs/libmy_first_package_msgs__rosidl_generator_py.so
[0.801s] -- Up-to-date symlink: /home/ubuntu/robot_ws/install/my_first_package_msgs/local/lib/python3.10/dist-packages/my_first_package_msgs/msg/__init__.py
[0.801s] -- Up-to-date symlink: /home/ubuntu/robot_ws/install/my_first_package_msgs/local/lib/python3.10/dist-packages/my_first_package_msgs/msg/_cmd_and_pose_vel.py
[0.802s] -- Up-to-date symlink: /home/ubuntu/robot_ws/install/my_first_package_msgs/local/lib/python3.10/dist-packages/my_first_package_msgs/msg/_cmd_and_pose_vel_s.c
[0.802s] -- Up-to-date symlink: /home/ubuntu/robot_ws/install/my_first_package_msgs/local/lib/python3.10/dist-packages/my_first_package_msgs/my_first_package_msgs_s__rosidl_typesupport_c.cpython-310-x86_64-linux-gnu.so
[0.802s] -- Up-to-date symlink: /home/ubuntu/robot_ws/install/my_first_package_msgs/local/lib/python3.10/dist-packages/my_first_package_msgs/my_first_package_msgs_s__rosidl_typesupport_fastrtps_c.cpython-310-x86_64-linux-gnu.so
[0.802s] -- Up-to-date symlink: /home/ubuntu/robot_ws/install/my_first_package_msgs/local/lib/python3.10/dist-packages/my_first_package_msgs/my_first_package_msgs_s__rosidl_typesupport_introspection_c.cpython-310-x86_64-linux-gnu.so
[0.802s] -- Up-to-date symlink: /home/ubuntu/robot_ws/install/my_first_package_msgs/local/lib/python3.10/dist-packages/my_first_package_msgs/srv/__init__.py
[0.802s] -- Up-to-date symlink: /home/ubuntu/robot_ws/install/my_first_package_msgs/local/lib/python3.10/dist-packages/my_first_package_msgs/srv/_multi_spawn.py
[0.802s] -- Up-to-date symlink: /home/ubuntu/robot_ws/install/my_first_package_msgs/local/lib/python3.10/dist-packages/my_first_package_msgs/srv/_multi_spawn_s.c
[0.803s] -- Up-to-date symlink: /home/ubuntu/robot_ws/install/my_first_package_msgs/local/lib/python3.10/dist-packages/my_first_package_msgs/my_first_package_msgs_s__rosidl_typesupport_fastrtps_c.cpython-310-x86_64-linux-gnu.so
[0.803s] -- Up-to-date symlink: /home/ubuntu/robot_ws/install/my_first_package_msgs/local/lib/python3.10/dist-packages/my_first_package_msgs/my_first_package_msgs_s__rosidl_typesupport_introspection_c.cpython-310-x86_64-linux-gnu.so
[0.804s] -- Up-to-date symlink: /home/ubuntu/robot_ws/install/my_first_package_msgs/local/lib/python3.10/dist-packages/my_first_package_msgs/my_first_package_msgs_s__rosidl_typesupport_c.cpython-310-x86_64-linux-gnu.so
[0.804s] -- Up-to-date symlink: /home/ubuntu/robot_ws/install/my_first_package_msgs/share/my_first_package_msgs/msg/CmdAndPoseVel.idl
[0.804s] -- Up-to-date symlink: /home/ubuntu/robot_ws/install/my_first_package_msgs/share/my_first_package_msgs/srv/MultiSpawn.idl
[0.805s] -- Up-to-date symlink: /home/ubuntu/robot_ws/install/my_first_package_msgs/share/my_first_package_msgs/action/DistTurtle.idl
[0.805s] -- Up-to-date symlink: /home/ubuntu/robot_ws/install/my_first_package_msgs/share/my_first_package_msgs/msg/CmdAndPoseVel.msg
[0.805s] -- Up-to-date symlink: /home/ubuntu/robot_ws/install/my_first_package_msgs/share/my_first_package_msgs/srv/MultiSpawn.srv
[0.805s] -- Up-to-date symlink: /home/ubuntu/robot_ws/install/my_first_package_msgs/share/my_first_package_msgs/srv/MultiSpawn_Request.msg
[0.806s] -- Up-to-date symlink: /home/ubuntu/robot_ws/install/my_first_package_msgs/share/my_first_package_msgs/srv/MultiSpawn_Response.msg
[0.806s] -- Up-to-date symlink: /home/ubuntu/robot_ws/install/my_first_package_msgs/share/my_first_package_msgs/action/DistTurtle.action
[0.807s] -- Up-to-date symlink: /home/ubuntu/robot_ws/install/my_first_package_msgs/share/ament_index/resource_index/package_run_dependencies/my_first_package_msgs
[0.807s] -- Up-to-date symlink: /home/ubuntu/robot_ws/install/my_first_package_msgs/share/ament_index/resource_index/parent_prefix_path/my_first_package_msgs
[0.807s] -- Up-to-date symlink: /home/ubuntu/robot_ws/install/my_first_package_msgs/share/my_first_package_msgs/environment/ament_prefix_path.sh
[0.808s] -- Up-to-date symlink: /home/ubuntu/robot_ws/install/my_first_package_msgs/share/my_first_package_msgs/environment/ament_prefix_path.dsv
[0.808s] -- Up-to-date symlink: /home/ubuntu/robot_ws/install/my_first_package_msgs/share/my_first_package_msgs/environment/path.sh
[0.808s] -- Up-to-date symlink: /home/ubuntu/robot_ws/install/my_first_package_msgs/share/my_first_package_msgs/environment/path.dsv
[0.808s] -- Up-to-date symlink: /home/ubuntu/robot_ws/install/my_first_package_msgs/share/my_first_package_msgs/local_setup.bash
[0.808s] -- Up-to-date symlink: /home/ubuntu/robot_ws/install/my_first_package_msgs/share/my_first_package_msgs/local_setup.sh
[0.808s] -- Up-to-date symlink: /home/ubuntu/robot_ws/install/my_first_package_msgs/share/my_first_package_msgs/local_setup.zsh
[0.808s] -- Up-to-date symlink: /home/ubuntu/robot_ws/install/my_first_package_msgs/share/my_first_package_msgs/local_setup.dsv
[0.808s] -- Symlinking: /home/ubuntu/robot_ws/install/my_first_package_msgs/share/my_first_package_msgs/package.dsv
[0.826s] -- Up-to-date symlink: /home/ubuntu/robot_ws/install/my_first_package_msgs/share/ament_index/resource_index/packages/my_first_package_msgs
[0.827s] -- Up-to-date symlink: /home/ubuntu/robot_ws/install/my_first_package_msgs/share/my_first_package_msgs/cmake/rosidl_cmake-extras.cmake
[0.827s] -- Up-to-date symlink: /home/ubuntu/robot_ws/install/my_first_package_msgs/share/my_first_package_msgs/cmake/ament_cmake_export_dependencies-extras.cmake
[0.827s] -- Up-to-date symlink: /home/ubuntu/robot_ws/install/my_first_package_msgs/share/my_first_package_msgs/cmake/ament_cmake_export_include_directories-extras.cmake
[0.828s] -- Up-to-date symlink: /home/ubuntu/robot_ws/install/my_first_package_msgs/share/my_first_package_msgs/cmake/ament_cmake_export_libraries-extras.cmake
[0.828s] -- Up-to-date symlink: /home/ubuntu/robot_ws/install/my_first_package_msgs/share/my_first_package_msgs/cmake/ament_cmake_export_targets-extras.cmake
[0.828s] -- Up-to-date symlink: /home/ubuntu/robot_ws/install/my_first_package_msgs/share/my_first_package_msgs/cmake/rosidl_cmake_export_typesupport_targets-extras.cmake
[0.829s] -- Up-to-date symlink: /home/ubuntu/robot_ws/install/my_first_package_msgs/share/my_first_package_msgs/cmake/rosidl_cmake_export_typesupport_libraries-extras.cmake
[0.829s] -- Up-to-date symlink: /home/ubuntu/robot_ws/install/my_first_package_msgs/share/my_first_package_msgs/cmake/my_first_package_msgsConfig.cmake
[0.829s] -- Up-to-date symlink: /home/ubuntu/robot_ws/install/my_first_package_msgs/share/my_first_package_msgs/cmake/my_first_package_msgsConfig-version.cmake
[0.830s] -- Up-to-date symlink: /home/ubuntu/robot_ws/install/my_first_package_msgs/share/my_first_package_msgs/package.xml
[0.830s] -- Up-to-date: /home/ubuntu/robot_ws/install/my_first_package_msgs/lib/libmy_first_package_msgs__rosidl_generator_c.so
[0.831s] -- Up-to-date: /home/ubuntu/robot_ws/install/my_first_package_msgs/lib/libmy_first_package_msgs__rosidl_typesupport_fastrtps_c.so
[0.832s] -- Up-to-date: /home/ubuntu/robot_ws/install/my_first_package_msgs/lib/libmy_first_package_msgs__rosidl_typesupport_introspection_c.so
[0.832s] -- Up-to-date: /home/ubuntu/robot_ws/install/my_first_package_msgs/lib/libmy_first_package_msgs__rosidl_typesupport_c.so
[0.834s] -- Up-to-date: /home/ubuntu/robot_ws/install/my_first_package_msgs/lib/libmy_first_package_msgs__rosidl_typesupport_fastrtps_cpp.so
[0.835s] -- Up-to-date: /home/ubuntu/robot_ws/install/my_first_package_msgs/lib/libmy_first_package_msgs__rosidl_typesupport_introspection_cpp.so
[0.835s] -- Up-to-date: /home/ubuntu/robot_ws/install/my_first_package_msgs/lib/libmy_first_package_msgs__rosidl_typesupport_cpp.so
[0.883s] Listing '/home/ubuntu/robot_ws/install/my_first_package_msgs/local/lib/python3.10/dist-packages/my_first_package_msgs'...
[0.884s] Listing '/home/ubuntu/robot_ws/install/my_first_package_msgs/local/lib/python3.10/dist-packages/my_first_package_msgs/action'...
[0.884s] Listing '/home/ubuntu/robot_ws/install/my_first_package_msgs/local/lib/python3.10/dist-packages/my_first_package_msgs/msg'...
[0.884s] Listing '/home/ubuntu/robot_ws/install/my_first_package_msgs/local/lib/python3.10/dist-packages/my_first_package_msgs/srv'...
[0.887s] -- Up-to-date: /home/ubuntu/robot_ws/install/my_first_package_msgs/lib/libmy_first_package_msgs__rosidl_generator_py.so
[0.887s] -- Up-to-date: /home/ubuntu/robot_ws/install/my_first_package_msgs/share/my_first_package_msgs/cmake/export_my_first_package_msgs__rosidl_generator_cExport.cmake
[0.887s] -- Up-to-date: /home/ubuntu/robot_ws/install/my_first_package_msgs/share/my_first_package_msgs/cmake/export_my_first_package_msgs__rosidl_generator_cExport-noconfig.cmake
[0.889s] -- Up-to-date: /home/ubuntu/robot_ws/install/my_first_package_msgs/share/my_first_package_msgs/cmake/export_my_first_package_msgs__rosidl_typesupport_fastrtps_cExport.cmake
[0.889s] -- Up-to-date: /home/ubuntu/robot_ws/install/my_first_package_msgs/share/my_first_package_msgs/cmake/export_my_first_package_msgs__rosidl_typesupport_fastrtps_cExport-noconfig.cmake
[0.889s] -- Up-to-date: /home/ubuntu/robot_ws/install/my_first_package_msgs/share/my_first_package_msgs/cmake/my_first_package_msgs__rosidl_typesupport_introspection_cExport.cmake
[0.889s] -- Up-to-date: /home/ubuntu/robot_ws/install/my_first_package_msgs/share/my_first_package_msgs/cmake/my_first_package_msgs__rosidl_typesupport_introspection_cExport-noconfig.cmake
[0.889s] -- Up-to-date: /home/ubuntu/robot_ws/install/my_first_package_msgs/share/my_first_package_msgs/cmake/my_first_package_msgs__rosidl_typesupport_cExport.cmake
[0.890s] -- Up-to-date: /home/ubuntu/robot_ws/install/my_first_package_msgs/share/my_first_package_msgs/cmake/my_first_package_msgs__rosidl_typesupport_cExport-noconfig.cmake
[0.890s] -- Up-to-date: /home/ubuntu/robot_ws/install/my_first_package_msgs/share/my_first_package_msgs/cmake/export_my_first_package_msgs__rosidl_generator_cppExport.cmake
[0.890s] -- Up-to-date: /home/ubuntu/robot_ws/install/my_first_package_msgs/share/my_first_package_msgs/cmake/export_my_first_package_msgs__rosidl_typesupport_fastrtps_cppExport.cmake
[0.890s] -- Up-to-date: /home/ubuntu/robot_ws/install/my_first_package_msgs/share/my_first_package_msgs/cmake/export_my_first_package_msgs__rosidl_typesupport_fastrtps_cppExport-noconfig.cmake
[0.891s] -- Up-to-date: /home/ubuntu/robot_ws/install/my_first_package_msgs/share/my_first_package_msgs/cmake/my_first_package_msgs__rosidl_typesupport_introspection_cppExport.cmake
[0.891s] -- Up-to-date: /home/ubuntu/robot_ws/install/my_first_package_msgs/share/my_first_package_msgs/cmake/my_first_package_msgs__rosidl_typesupport_introspection_cppExport-noconfig.cmake
[0.892s] -- Up-to-date: /home/ubuntu/robot_ws/install/my_first_package_msgs/share/my_first_package_msgs/cmake/my_first_package_msgs__rosidl_typesupport_cppExport.cmake
[0.892s] -- Up-to-date: /home/ubuntu/robot_ws/install/my_first_package_msgs/share/my_first_package_msgs/cmake/my_first_package_msgs__rosidl_typesupport_cppExport-noconfig.cmake
[0.892s] -- Up-to-date: /home/ubuntu/robot_ws/install/my_first_package_msgs/share/my_first_package_msgs/cmake/export_my_first_package_msgs__rosidl_generator_pyExport.cmake
[0.892s] -- Up-to-date: /home/ubuntu/robot_ws/install/my_first_package_msgs/share/my_first_package_msgs/cmake/export_my_first_package_msgs__rosidl_generator_pyExport-noconfig.cmake
[0.896s] Invoked command in '/home/ubuntu/robot_ws/build/my_first_package_msgs' returned '0': CMAKE_PREFIX_PATH=${CMAKE_PREFIX_PATH}:/home/ubuntu/turtlebot3_ws/install/turtlebot3_yolo_object_detection:/home/ubuntu/turtlebot3_ws/install/turtlebot3_teleop:/home/ubuntu/turtlebot3_ws/install/turtlebot3_example:/home/ubuntu/turtlebot3_ws/install/turtlebot3_dqn:/home/ubuntu/turtlebot3_ws/install/turtlebot3_autorace_mission:/home/ubuntu/turtlebot3_ws/install/turtlebot3_autorace_detect:/home/ubuntu/turtlebot3_ws/install/turtlebot3_autorace_camera:/home/ubuntu/turtlebot3_ws/install/turtlebot3_automatic_parking_vision:/home/ubuntu/turtlebot3_ws/install/turtlebot3_automatic_parking:/home/ubuntu/turtlebot3_ws/install/turtlebot3_aruco_tracker:/home/ubuntu/robot_ws/install/topic_service_action_rclpy_example:/home/ubuntu/robot_ws/install/my_turtlebot_pkg:/home/ubuntu/robot_ws/install/my_first_ros_test_pkg:/home/ubuntu/robot_ws/install/my_first_ros_rclpy_pkg:/home/ubuntu/robot_ws/install/move_turtle_pkg:/opt/ros/humble /usr/bin/cmake --install /home/ubuntu/robot_ws/build/my_first_package_msgs
