[0.024s] Invoking command in '/home/ubuntu/robot_ws/build/msg_srv_action_interface_example': CMAKE_PREFIX_PATH=${CMAKE_PREFIX_PATH}:/home/ubuntu/turtlebot3_ws/install/turtlebot3_yolo_object_detection:/home/ubuntu/turtlebot3_ws/install/turtlebot3_teleop:/home/ubuntu/turtlebot3_ws/install/turtlebot3_example:/home/ubuntu/turtlebot3_ws/install/turtlebot3_dqn:/home/ubuntu/turtlebot3_ws/install/turtlebot3_autorace_mission:/home/ubuntu/turtlebot3_ws/install/turtlebot3_autorace_detect:/home/ubuntu/turtlebot3_ws/install/turtlebot3_autorace_camera:/home/ubuntu/turtlebot3_ws/install/turtlebot3_automatic_parking_vision:/home/ubuntu/turtlebot3_ws/install/turtlebot3_automatic_parking:/home/ubuntu/turtlebot3_ws/install/turtlebot3_aruco_tracker:/home/ubuntu/robot_ws/install/topic_service_action_rclpy_example:/home/ubuntu/robot_ws/install/my_turtlebot_pkg:/home/ubuntu/robot_ws/install/my_first_ros_test_pkg:/home/ubuntu/robot_ws/install/my_first_ros_rclpy_pkg:/home/ubuntu/robot_ws/install/move_turtle_pkg:/opt/ros/humble /usr/bin/cmake --build /home/ubuntu/robot_ws/build/msg_srv_action_interface_example -- -j2 -l2
[0.115s] [ 10%] Built target msg_srv_action_interface_example__rosidl_generator_c
[0.116s] [ 12%] Built target msg_srv_action_interface_example__cpp
[0.148s] [ 12%] Built target ament_cmake_python_symlink_msg_srv_action_interface_example
[0.184s] [ 23%] Built target msg_srv_action_interface_example__rosidl_typesupport_cpp
[0.228s] [ 34%] Built target msg_srv_action_interface_example__rosidl_typesupport_fastrtps_c
[0.251s] [ 44%] Built target msg_srv_action_interface_example__rosidl_typesupport_fastrtps_cpp
[0.290s] [ 55%] Built target msg_srv_action_interface_example__rosidl_typesupport_introspection_c
[0.307s] [ 65%] Built target msg_srv_action_interface_example__rosidl_typesupport_c
[0.364s] [ 76%] Built target msg_srv_action_interface_example__rosidl_typesupport_introspection_cpp
[0.444s] [ 76%] Built target msg_srv_action_interface_example
[0.517s] [ 78%] Built target msg_srv_action_interface_example__py
[0.600s] [ 87%] Built target msg_srv_action_interface_example__rosidl_generator_py
[0.683s] [ 91%] Built target msg_srv_action_interface_example__rosidl_typesupport_fastrtps_c__pyext
[0.747s] [ 95%] Built target msg_srv_action_interface_example__rosidl_typesupport_introspection_c__pyext
[0.809s] [100%] Built target msg_srv_action_interface_example__rosidl_typesupport_c__pyext
[0.948s] running egg_info
[0.949s] writing msg_srv_action_interface_example.egg-info/PKG-INFO
[0.950s] writing dependency_links to msg_srv_action_interface_example.egg-info/dependency_links.txt
[0.950s] writing top-level names to msg_srv_action_interface_example.egg-info/top_level.txt
[0.959s] reading manifest file 'msg_srv_action_interface_example.egg-info/SOURCES.txt'
[0.965s] writing manifest file 'msg_srv_action_interface_example.egg-info/SOURCES.txt'
[1.025s] [100%] Built target ament_cmake_python_build_msg_srv_action_interface_example_egg
[1.052s] Invoked command in '/home/ubuntu/robot_ws/build/msg_srv_action_interface_example' returned '0': CMAKE_PREFIX_PATH=${CMAKE_PREFIX_PATH}:/home/ubuntu/turtlebot3_ws/install/turtlebot3_yolo_object_detection:/home/ubuntu/turtlebot3_ws/install/turtlebot3_teleop:/home/ubuntu/turtlebot3_ws/install/turtlebot3_example:/home/ubuntu/turtlebot3_ws/install/turtlebot3_dqn:/home/ubuntu/turtlebot3_ws/install/turtlebot3_autorace_mission:/home/ubuntu/turtlebot3_ws/install/turtlebot3_autorace_detect:/home/ubuntu/turtlebot3_ws/install/turtlebot3_autorace_camera:/home/ubuntu/turtlebot3_ws/install/turtlebot3_automatic_parking_vision:/home/ubuntu/turtlebot3_ws/install/turtlebot3_automatic_parking:/home/ubuntu/turtlebot3_ws/install/turtlebot3_aruco_tracker:/home/ubuntu/robot_ws/install/topic_service_action_rclpy_example:/home/ubuntu/robot_ws/install/my_turtlebot_pkg:/home/ubuntu/robot_ws/install/my_first_ros_test_pkg:/home/ubuntu/robot_ws/install/my_first_ros_rclpy_pkg:/home/ubuntu/robot_ws/install/move_turtle_pkg:/opt/ros/humble /usr/bin/cmake --build /home/ubuntu/robot_ws/build/msg_srv_action_interface_example -- -j2 -l2
[1.074s] Invoking command in '/home/ubuntu/robot_ws/build/msg_srv_action_interface_example': CMAKE_PREFIX_PATH=${CMAKE_PREFIX_PATH}:/home/ubuntu/turtlebot3_ws/install/turtlebot3_yolo_object_detection:/home/ubuntu/turtlebot3_ws/install/turtlebot3_teleop:/home/ubuntu/turtlebot3_ws/install/turtlebot3_example:/home/ubuntu/turtlebot3_ws/install/turtlebot3_dqn:/home/ubuntu/turtlebot3_ws/install/turtlebot3_autorace_mission:/home/ubuntu/turtlebot3_ws/install/turtlebot3_autorace_detect:/home/ubuntu/turtlebot3_ws/install/turtlebot3_autorace_camera:/home/ubuntu/turtlebot3_ws/install/turtlebot3_automatic_parking_vision:/home/ubuntu/turtlebot3_ws/install/turtlebot3_automatic_parking:/home/ubuntu/turtlebot3_ws/install/turtlebot3_aruco_tracker:/home/ubuntu/robot_ws/install/topic_service_action_rclpy_example:/home/ubuntu/robot_ws/install/my_turtlebot_pkg:/home/ubuntu/robot_ws/install/my_first_ros_test_pkg:/home/ubuntu/robot_ws/install/my_first_ros_rclpy_pkg:/home/ubuntu/robot_ws/install/move_turtle_pkg:/opt/ros/humble /usr/bin/cmake --install /home/ubuntu/robot_ws/build/msg_srv_action_interface_example
[1.086s] -- Install configuration: ""
[1.086s] -- Execute custom install script
[1.086s] -- Up-to-date symlink: /home/ubuntu/robot_ws/install/msg_srv_action_interface_example/share/ament_index/resource_index/rosidl_interfaces/msg_srv_action_interface_example
[1.087s] -- Up-to-date symlink: /home/ubuntu/robot_ws/install/msg_srv_action_interface_example/include/msg_srv_action_interface_example/msg_srv_action_interface_example/action/arithmetic_checker.h
[1.088s] -- Up-to-date symlink: /home/ubuntu/robot_ws/install/msg_srv_action_interface_example/include/msg_srv_action_interface_example/msg_srv_action_interface_example/action/detail/arithmetic_checker__functions.h
[1.089s] -- Up-to-date symlink: /home/ubuntu/robot_ws/install/msg_srv_action_interface_example/include/msg_srv_action_interface_example/msg_srv_action_interface_example/action/detail/arithmetic_checker__struct.h
[1.089s] -- Up-to-date symlink: /home/ubuntu/robot_ws/install/msg_srv_action_interface_example/include/msg_srv_action_interface_example/msg_srv_action_interface_example/action/detail/arithmetic_checker__type_support.h
[1.089s] -- Up-to-date symlink: /home/ubuntu/robot_ws/install/msg_srv_action_interface_example/include/msg_srv_action_interface_example/msg_srv_action_interface_example/msg/arithmetic_argument.h
[1.089s] -- Up-to-date symlink: /home/ubuntu/robot_ws/install/msg_srv_action_interface_example/include/msg_srv_action_interface_example/msg_srv_action_interface_example/msg/detail/arithmetic_argument__functions.h
[1.089s] -- Up-to-date symlink: /home/ubuntu/robot_ws/install/msg_srv_action_interface_example/include/msg_srv_action_interface_example/msg_srv_action_interface_example/msg/detail/arithmetic_argument__struct.h
[1.091s] -- Up-to-date symlink: /home/ubuntu/robot_ws/install/msg_srv_action_interface_example/include/msg_srv_action_interface_example/msg_srv_action_interface_example/msg/detail/arithmetic_argument__type_support.h
[1.091s] -- Up-to-date symlink: /home/ubuntu/robot_ws/install/msg_srv_action_interface_example/include/msg_srv_action_interface_example/msg_srv_action_interface_example/msg/rosidl_generator_c__visibility_control.h
[1.094s] -- Up-to-date symlink: /home/ubuntu/robot_ws/install/msg_srv_action_interface_example/include/msg_srv_action_interface_example/msg_srv_action_interface_example/srv/arithmetic_operator.h
[1.094s] -- Up-to-date symlink: /home/ubuntu/robot_ws/install/msg_srv_action_interface_example/include/msg_srv_action_interface_example/msg_srv_action_interface_example/srv/detail/arithmetic_operator__functions.h
[1.095s] -- Up-to-date symlink: /home/ubuntu/robot_ws/install/msg_srv_action_interface_example/include/msg_srv_action_interface_example/msg_srv_action_interface_example/srv/detail/arithmetic_operator__struct.h
[1.095s] -- Up-to-date symlink: /home/ubuntu/robot_ws/install/msg_srv_action_interface_example/include/msg_srv_action_interface_example/msg_srv_action_interface_example/srv/detail/arithmetic_operator__type_support.h
[1.095s] -- Up-to-date symlink: /home/ubuntu/robot_ws/install/msg_srv_action_interface_example/share/msg_srv_action_interface_example/environment/library_path.sh
[1.095s] -- Up-to-date symlink: /home/ubuntu/robot_ws/install/msg_srv_action_interface_example/share/msg_srv_action_interface_example/environment/library_path.dsv
[1.097s] -- Up-to-date symlink: /home/ubuntu/robot_ws/install/msg_srv_action_interface_example/include/msg_srv_action_interface_example/msg_srv_action_interface_example/action/detail/arithmetic_checker__rosidl_typesupport_fastrtps_c.h
[1.097s] -- Up-to-date symlink: /home/ubuntu/robot_ws/install/msg_srv_action_interface_example/include/msg_srv_action_interface_example/msg_srv_action_interface_example/msg/detail/arithmetic_argument__rosidl_typesupport_fastrtps_c.h
[1.097s] -- Up-to-date symlink: /home/ubuntu/robot_ws/install/msg_srv_action_interface_example/include/msg_srv_action_interface_example/msg_srv_action_interface_example/msg/rosidl_typesupport_fastrtps_c__visibility_control.h
[1.097s] -- Up-to-date symlink: /home/ubuntu/robot_ws/install/msg_srv_action_interface_example/include/msg_srv_action_interface_example/msg_srv_action_interface_example/srv/detail/arithmetic_operator__rosidl_typesupport_fastrtps_c.h
[1.098s] -- Up-to-date symlink: /home/ubuntu/robot_ws/install/msg_srv_action_interface_example/include/msg_srv_action_interface_example/msg_srv_action_interface_example/action/arithmetic_checker.hpp
[1.099s] -- Up-to-date symlink: /home/ubuntu/robot_ws/install/msg_srv_action_interface_example/include/msg_srv_action_interface_example/msg_srv_action_interface_example/action/detail/arithmetic_checker__builder.hpp
[1.099s] -- Up-to-date symlink: /home/ubuntu/robot_ws/install/msg_srv_action_interface_example/include/msg_srv_action_interface_example/msg_srv_action_interface_example/action/detail/arithmetic_checker__struct.hpp
[1.100s] -- Up-to-date symlink: /home/ubuntu/robot_ws/install/msg_srv_action_interface_example/include/msg_srv_action_interface_example/msg_srv_action_interface_example/action/detail/arithmetic_checker__traits.hpp
[1.100s] -- Up-to-date symlink: /home/ubuntu/robot_ws/install/msg_srv_action_interface_example/include/msg_srv_action_interface_example/msg_srv_action_interface_example/action/detail/arithmetic_checker__type_support.hpp
[1.101s] -- Up-to-date symlink: /home/ubuntu/robot_ws/install/msg_srv_action_interface_example/include/msg_srv_action_interface_example/msg_srv_action_interface_example/msg/arithmetic_argument.hpp
[1.101s] -- Up-to-date symlink: /home/ubuntu/robot_ws/install/msg_srv_action_interface_example/include/msg_srv_action_interface_example/msg_srv_action_interface_example/msg/detail/arithmetic_argument__builder.hpp
[1.102s] -- Up-to-date symlink: /home/ubuntu/robot_ws/install/msg_srv_action_interface_example/include/msg_srv_action_interface_example/msg_srv_action_interface_example/msg/detail/arithmetic_argument__struct.hpp
[1.102s] -- Up-to-date symlink: /home/ubuntu/robot_ws/install/msg_srv_action_interface_example/include/msg_srv_action_interface_example/msg_srv_action_interface_example/msg/detail/arithmetic_argument__traits.hpp
[1.105s] -- Up-to-date symlink: /home/ubuntu/robot_ws/install/msg_srv_action_interface_example/include/msg_srv_action_interface_example/msg_srv_action_interface_example/msg/detail/arithmetic_argument__type_support.hpp
[1.105s] -- Up-to-date symlink: /home/ubuntu/robot_ws/install/msg_srv_action_interface_example/include/msg_srv_action_interface_example/msg_srv_action_interface_example/msg/rosidl_generator_cpp__visibility_control.hpp
[1.105s] -- Up-to-date symlink: /home/ubuntu/robot_ws/install/msg_srv_action_interface_example/include/msg_srv_action_interface_example/msg_srv_action_interface_example/srv/arithmetic_operator.hpp
[1.105s] -- Up-to-date symlink: /home/ubuntu/robot_ws/install/msg_srv_action_interface_example/include/msg_srv_action_interface_example/msg_srv_action_interface_example/srv/detail/arithmetic_operator__builder.hpp
[1.105s] -- Up-to-date symlink: /home/ubuntu/robot_ws/install/msg_srv_action_interface_example/include/msg_srv_action_interface_example/msg_srv_action_interface_example/srv/detail/arithmetic_operator__struct.hpp
[1.106s] -- Up-to-date symlink: /home/ubuntu/robot_ws/install/msg_srv_action_interface_example/include/msg_srv_action_interface_example/msg_srv_action_interface_example/srv/detail/arithmetic_operator__traits.hpp
[1.106s] -- Up-to-date symlink: /home/ubuntu/robot_ws/install/msg_srv_action_interface_example/include/msg_srv_action_interface_example/msg_srv_action_interface_example/srv/detail/arithmetic_operator__type_support.hpp
[1.106s] -- Up-to-date symlink: /home/ubuntu/robot_ws/install/msg_srv_action_interface_example/include/msg_srv_action_interface_example/msg_srv_action_interface_example/action/detail/arithmetic_checker__rosidl_typesupport_fastrtps_cpp.hpp
[1.107s] -- Up-to-date symlink: /home/ubuntu/robot_ws/install/msg_srv_action_interface_example/include/msg_srv_action_interface_example/msg_srv_action_interface_example/msg/detail/arithmetic_argument__rosidl_typesupport_fastrtps_cpp.hpp
[1.108s] -- Up-to-date symlink: /home/ubuntu/robot_ws/install/msg_srv_action_interface_example/include/msg_srv_action_interface_example/msg_srv_action_interface_example/msg/rosidl_typesupport_fastrtps_cpp__visibility_control.h
[1.110s] -- Up-to-date symlink: /home/ubuntu/robot_ws/install/msg_srv_action_interface_example/include/msg_srv_action_interface_example/msg_srv_action_interface_example/srv/detail/arithmetic_operator__rosidl_typesupport_fastrtps_cpp.hpp
[1.111s] -- Up-to-date symlink: /home/ubuntu/robot_ws/install/msg_srv_action_interface_example/include/msg_srv_action_interface_example/msg_srv_action_interface_example/action/detail/arithmetic_checker__rosidl_typesupport_introspection_c.h
[1.117s] -- Up-to-date symlink: /home/ubuntu/robot_ws/install/msg_srv_action_interface_example/include/msg_srv_action_interface_example/msg_srv_action_interface_example/msg/detail/arithmetic_argument__rosidl_typesupport_introspection_c.h
[1.117s] -- Up-to-date symlink: /home/ubuntu/robot_ws/install/msg_srv_action_interface_example/include/msg_srv_action_interface_example/msg_srv_action_interface_example/msg/rosidl_typesupport_introspection_c__visibility_control.h
[1.117s] -- Up-to-date symlink: /home/ubuntu/robot_ws/install/msg_srv_action_interface_example/include/msg_srv_action_interface_example/msg_srv_action_interface_example/srv/detail/arithmetic_operator__rosidl_typesupport_introspection_c.h
[1.117s] -- Up-to-date symlink: /home/ubuntu/robot_ws/install/msg_srv_action_interface_example/include/msg_srv_action_interface_example/msg_srv_action_interface_example/action/detail/arithmetic_checker__rosidl_typesupport_introspection_cpp.hpp
[1.117s] -- Up-to-date symlink: /home/ubuntu/robot_ws/install/msg_srv_action_interface_example/include/msg_srv_action_interface_example/msg_srv_action_interface_example/msg/detail/arithmetic_argument__rosidl_typesupport_introspection_cpp.hpp
[1.117s] -- Up-to-date symlink: /home/ubuntu/robot_ws/install/msg_srv_action_interface_example/include/msg_srv_action_interface_example/msg_srv_action_interface_example/srv/detail/arithmetic_operator__rosidl_typesupport_introspection_cpp.hpp
[1.117s] -- Up-to-date symlink: /home/ubuntu/robot_ws/install/msg_srv_action_interface_example/share/msg_srv_action_interface_example/environment/pythonpath.sh
[1.117s] -- Up-to-date symlink: /home/ubuntu/robot_ws/install/msg_srv_action_interface_example/share/msg_srv_action_interface_example/environment/pythonpath.dsv
[1.117s] -- Up-to-date symlink: /home/ubuntu/robot_ws/install/msg_srv_action_interface_example/local/lib/python3.10/dist-packages/msg_srv_action_interface_example-0.6.0-py3.10.egg-info/PKG-INFO
[1.117s] -- Up-to-date symlink: /home/ubuntu/robot_ws/install/msg_srv_action_interface_example/local/lib/python3.10/dist-packages/msg_srv_action_interface_example-0.6.0-py3.10.egg-info/SOURCES.txt
[1.119s] -- Up-to-date symlink: /home/ubuntu/robot_ws/install/msg_srv_action_interface_example/local/lib/python3.10/dist-packages/msg_srv_action_interface_example-0.6.0-py3.10.egg-info/dependency_links.txt
[1.119s] -- Up-to-date symlink: /home/ubuntu/robot_ws/install/msg_srv_action_interface_example/local/lib/python3.10/dist-packages/msg_srv_action_interface_example-0.6.0-py3.10.egg-info/top_level.txt
[1.119s] -- Up-to-date symlink: /home/ubuntu/robot_ws/install/msg_srv_action_interface_example/local/lib/python3.10/dist-packages/msg_srv_action_interface_example/__init__.py
[1.119s] -- Up-to-date symlink: /home/ubuntu/robot_ws/install/msg_srv_action_interface_example/local/lib/python3.10/dist-packages/msg_srv_action_interface_example/_msg_srv_action_interface_example_s.ep.rosidl_typesupport_c.c
[1.119s] -- Up-to-date symlink: /home/ubuntu/robot_ws/install/msg_srv_action_interface_example/local/lib/python3.10/dist-packages/msg_srv_action_interface_example/_msg_srv_action_interface_example_s.ep.rosidl_typesupport_fastrtps_c.c
[1.119s] -- Up-to-date symlink: /home/ubuntu/robot_ws/install/msg_srv_action_interface_example/local/lib/python3.10/dist-packages/msg_srv_action_interface_example/_msg_srv_action_interface_example_s.ep.rosidl_typesupport_introspection_c.c
[1.119s] -- Up-to-date symlink: /home/ubuntu/robot_ws/install/msg_srv_action_interface_example/local/lib/python3.10/dist-packages/msg_srv_action_interface_example/action/__init__.py
[1.120s] -- Up-to-date symlink: /home/ubuntu/robot_ws/install/msg_srv_action_interface_example/local/lib/python3.10/dist-packages/msg_srv_action_interface_example/action/_arithmetic_checker.py
[1.124s] -- Up-to-date symlink: /home/ubuntu/robot_ws/install/msg_srv_action_interface_example/local/lib/python3.10/dist-packages/msg_srv_action_interface_example/action/_arithmetic_checker_s.c
[1.124s] -- Up-to-date symlink: /home/ubuntu/robot_ws/install/msg_srv_action_interface_example/local/lib/python3.10/dist-packages/msg_srv_action_interface_example/libmsg_srv_action_interface_example__rosidl_generator_py.so
[1.124s] -- Up-to-date symlink: /home/ubuntu/robot_ws/install/msg_srv_action_interface_example/local/lib/python3.10/dist-packages/msg_srv_action_interface_example/msg/__init__.py
[1.124s] -- Up-to-date symlink: /home/ubuntu/robot_ws/install/msg_srv_action_interface_example/local/lib/python3.10/dist-packages/msg_srv_action_interface_example/msg/_arithmetic_argument.py
[1.124s] -- Up-to-date symlink: /home/ubuntu/robot_ws/install/msg_srv_action_interface_example/local/lib/python3.10/dist-packages/msg_srv_action_interface_example/msg/_arithmetic_argument_s.c
[1.125s] -- Up-to-date symlink: /home/ubuntu/robot_ws/install/msg_srv_action_interface_example/local/lib/python3.10/dist-packages/msg_srv_action_interface_example/msg_srv_action_interface_example_s__rosidl_typesupport_c.cpython-310-x86_64-linux-gnu.so
[1.125s] -- Up-to-date symlink: /home/ubuntu/robot_ws/install/msg_srv_action_interface_example/local/lib/python3.10/dist-packages/msg_srv_action_interface_example/msg_srv_action_interface_example_s__rosidl_typesupport_fastrtps_c.cpython-310-x86_64-linux-gnu.so
[1.125s] -- Up-to-date symlink: /home/ubuntu/robot_ws/install/msg_srv_action_interface_example/local/lib/python3.10/dist-packages/msg_srv_action_interface_example/msg_srv_action_interface_example_s__rosidl_typesupport_introspection_c.cpython-310-x86_64-linux-gnu.so
[1.125s] -- Up-to-date symlink: /home/ubuntu/robot_ws/install/msg_srv_action_interface_example/local/lib/python3.10/dist-packages/msg_srv_action_interface_example/srv/__init__.py
[1.125s] -- Up-to-date symlink: /home/ubuntu/robot_ws/install/msg_srv_action_interface_example/local/lib/python3.10/dist-packages/msg_srv_action_interface_example/srv/_arithmetic_operator.py
[1.126s] -- Up-to-date symlink: /home/ubuntu/robot_ws/install/msg_srv_action_interface_example/local/lib/python3.10/dist-packages/msg_srv_action_interface_example/srv/_arithmetic_operator_s.c
[1.133s] -- Up-to-date symlink: /home/ubuntu/robot_ws/install/msg_srv_action_interface_example/local/lib/python3.10/dist-packages/msg_srv_action_interface_example/msg_srv_action_interface_example_s__rosidl_typesupport_fastrtps_c.cpython-310-x86_64-linux-gnu.so
[1.133s] -- Up-to-date symlink: /home/ubuntu/robot_ws/install/msg_srv_action_interface_example/local/lib/python3.10/dist-packages/msg_srv_action_interface_example/msg_srv_action_interface_example_s__rosidl_typesupport_introspection_c.cpython-310-x86_64-linux-gnu.so
[1.134s] -- Up-to-date symlink: /home/ubuntu/robot_ws/install/msg_srv_action_interface_example/local/lib/python3.10/dist-packages/msg_srv_action_interface_example/msg_srv_action_interface_example_s__rosidl_typesupport_c.cpython-310-x86_64-linux-gnu.so
[1.135s] -- Up-to-date symlink: /home/ubuntu/robot_ws/install/msg_srv_action_interface_example/share/msg_srv_action_interface_example/msg/ArithmeticArgument.idl
[1.135s] -- Up-to-date symlink: /home/ubuntu/robot_ws/install/msg_srv_action_interface_example/share/msg_srv_action_interface_example/srv/ArithmeticOperator.idl
[1.135s] -- Up-to-date symlink: /home/ubuntu/robot_ws/install/msg_srv_action_interface_example/share/msg_srv_action_interface_example/action/ArithmeticChecker.idl
[1.136s] -- Up-to-date symlink: /home/ubuntu/robot_ws/install/msg_srv_action_interface_example/share/msg_srv_action_interface_example/msg/ArithmeticArgument.msg
[1.136s] -- Up-to-date symlink: /home/ubuntu/robot_ws/install/msg_srv_action_interface_example/share/msg_srv_action_interface_example/srv/ArithmeticOperator.srv
[1.136s] -- Up-to-date symlink: /home/ubuntu/robot_ws/install/msg_srv_action_interface_example/share/msg_srv_action_interface_example/srv/ArithmeticOperator_Request.msg
[1.136s] -- Up-to-date symlink: /home/ubuntu/robot_ws/install/msg_srv_action_interface_example/share/msg_srv_action_interface_example/srv/ArithmeticOperator_Response.msg
[1.136s] -- Up-to-date symlink: /home/ubuntu/robot_ws/install/msg_srv_action_interface_example/share/msg_srv_action_interface_example/action/ArithmeticChecker.action
[1.136s] -- Up-to-date symlink: /home/ubuntu/robot_ws/install/msg_srv_action_interface_example/share/msg_srv_action_interface_example/msg/ArithmeticArgument.msg
[1.136s] -- Up-to-date symlink: /home/ubuntu/robot_ws/install/msg_srv_action_interface_example/share/msg_srv_action_interface_example/srv/ArithmeticOperator.srv
[1.136s] -- Up-to-date symlink: /home/ubuntu/robot_ws/install/msg_srv_action_interface_example/share/msg_srv_action_interface_example/action/ArithmeticChecker.action
[1.136s] -- Up-to-date symlink: /home/ubuntu/robot_ws/install/msg_srv_action_interface_example/share/ament_index/resource_index/package_run_dependencies/msg_srv_action_interface_example
[1.136s] -- Up-to-date symlink: /home/ubuntu/robot_ws/install/msg_srv_action_interface_example/share/ament_index/resource_index/parent_prefix_path/msg_srv_action_interface_example
[1.136s] -- Up-to-date symlink: /home/ubuntu/robot_ws/install/msg_srv_action_interface_example/share/msg_srv_action_interface_example/environment/ament_prefix_path.sh
[1.138s] -- Up-to-date symlink: /home/ubuntu/robot_ws/install/msg_srv_action_interface_example/share/msg_srv_action_interface_example/environment/ament_prefix_path.dsv
[1.138s] -- Up-to-date symlink: /home/ubuntu/robot_ws/install/msg_srv_action_interface_example/share/msg_srv_action_interface_example/environment/path.sh
[1.138s] -- Up-to-date symlink: /home/ubuntu/robot_ws/install/msg_srv_action_interface_example/share/msg_srv_action_interface_example/environment/path.dsv
[1.138s] -- Up-to-date symlink: /home/ubuntu/robot_ws/install/msg_srv_action_interface_example/share/msg_srv_action_interface_example/local_setup.bash
[1.139s] -- Up-to-date symlink: /home/ubuntu/robot_ws/install/msg_srv_action_interface_example/share/msg_srv_action_interface_example/local_setup.sh
[1.139s] -- Up-to-date symlink: /home/ubuntu/robot_ws/install/msg_srv_action_interface_example/share/msg_srv_action_interface_example/local_setup.zsh
[1.139s] -- Up-to-date symlink: /home/ubuntu/robot_ws/install/msg_srv_action_interface_example/share/msg_srv_action_interface_example/local_setup.dsv
[1.139s] -- Symlinking: /home/ubuntu/robot_ws/install/msg_srv_action_interface_example/share/msg_srv_action_interface_example/package.dsv
[1.159s] -- Up-to-date symlink: /home/ubuntu/robot_ws/install/msg_srv_action_interface_example/share/ament_index/resource_index/packages/msg_srv_action_interface_example
[1.159s] -- Up-to-date symlink: /home/ubuntu/robot_ws/install/msg_srv_action_interface_example/share/msg_srv_action_interface_example/cmake/rosidl_cmake-extras.cmake
[1.162s] -- Up-to-date symlink: /home/ubuntu/robot_ws/install/msg_srv_action_interface_example/share/msg_srv_action_interface_example/cmake/ament_cmake_export_dependencies-extras.cmake
[1.162s] -- Up-to-date symlink: /home/ubuntu/robot_ws/install/msg_srv_action_interface_example/share/msg_srv_action_interface_example/cmake/ament_cmake_export_include_directories-extras.cmake
[1.162s] -- Up-to-date symlink: /home/ubuntu/robot_ws/install/msg_srv_action_interface_example/share/msg_srv_action_interface_example/cmake/ament_cmake_export_libraries-extras.cmake
[1.162s] -- Up-to-date symlink: /home/ubuntu/robot_ws/install/msg_srv_action_interface_example/share/msg_srv_action_interface_example/cmake/ament_cmake_export_targets-extras.cmake
[1.165s] -- Up-to-date symlink: /home/ubuntu/robot_ws/install/msg_srv_action_interface_example/share/msg_srv_action_interface_example/cmake/rosidl_cmake_export_typesupport_targets-extras.cmake
[1.165s] -- Up-to-date symlink: /home/ubuntu/robot_ws/install/msg_srv_action_interface_example/share/msg_srv_action_interface_example/cmake/rosidl_cmake_export_typesupport_libraries-extras.cmake
[1.165s] -- Up-to-date symlink: /home/ubuntu/robot_ws/install/msg_srv_action_interface_example/share/msg_srv_action_interface_example/cmake/msg_srv_action_interface_exampleConfig.cmake
[1.165s] -- Up-to-date symlink: /home/ubuntu/robot_ws/install/msg_srv_action_interface_example/share/msg_srv_action_interface_example/cmake/msg_srv_action_interface_exampleConfig-version.cmake
[1.165s] -- Up-to-date symlink: /home/ubuntu/robot_ws/install/msg_srv_action_interface_example/share/msg_srv_action_interface_example/package.xml
[1.165s] -- Up-to-date: /home/ubuntu/robot_ws/install/msg_srv_action_interface_example/lib/libmsg_srv_action_interface_example__rosidl_generator_c.so
[1.165s] -- Up-to-date: /home/ubuntu/robot_ws/install/msg_srv_action_interface_example/lib/libmsg_srv_action_interface_example__rosidl_typesupport_fastrtps_c.so
[1.165s] -- Up-to-date: /home/ubuntu/robot_ws/install/msg_srv_action_interface_example/lib/libmsg_srv_action_interface_example__rosidl_typesupport_fastrtps_cpp.so
[1.166s] -- Up-to-date: /home/ubuntu/robot_ws/install/msg_srv_action_interface_example/lib/libmsg_srv_action_interface_example__rosidl_typesupport_introspection_c.so
[1.166s] -- Up-to-date: /home/ubuntu/robot_ws/install/msg_srv_action_interface_example/lib/libmsg_srv_action_interface_example__rosidl_typesupport_c.so
[1.167s] -- Up-to-date: /home/ubuntu/robot_ws/install/msg_srv_action_interface_example/lib/libmsg_srv_action_interface_example__rosidl_typesupport_introspection_cpp.so
[1.167s] -- Up-to-date: /home/ubuntu/robot_ws/install/msg_srv_action_interface_example/lib/libmsg_srv_action_interface_example__rosidl_typesupport_cpp.so
[1.225s] Listing '/home/ubuntu/robot_ws/install/msg_srv_action_interface_example/local/lib/python3.10/dist-packages/msg_srv_action_interface_example'...
[1.225s] Listing '/home/ubuntu/robot_ws/install/msg_srv_action_interface_example/local/lib/python3.10/dist-packages/msg_srv_action_interface_example/action'...
[1.225s] Listing '/home/ubuntu/robot_ws/install/msg_srv_action_interface_example/local/lib/python3.10/dist-packages/msg_srv_action_interface_example/msg'...
[1.225s] Listing '/home/ubuntu/robot_ws/install/msg_srv_action_interface_example/local/lib/python3.10/dist-packages/msg_srv_action_interface_example/srv'...
[1.233s] -- Up-to-date: /home/ubuntu/robot_ws/install/msg_srv_action_interface_example/lib/libmsg_srv_action_interface_example__rosidl_generator_py.so
[1.233s] -- Up-to-date: /home/ubuntu/robot_ws/install/msg_srv_action_interface_example/share/msg_srv_action_interface_example/cmake/export_msg_srv_action_interface_example__rosidl_generator_cExport.cmake
[1.234s] -- Up-to-date: /home/ubuntu/robot_ws/install/msg_srv_action_interface_example/share/msg_srv_action_interface_example/cmake/export_msg_srv_action_interface_example__rosidl_generator_cExport-noconfig.cmake
[1.234s] -- Up-to-date: /home/ubuntu/robot_ws/install/msg_srv_action_interface_example/share/msg_srv_action_interface_example/cmake/export_msg_srv_action_interface_example__rosidl_typesupport_fastrtps_cExport.cmake
[1.234s] -- Up-to-date: /home/ubuntu/robot_ws/install/msg_srv_action_interface_example/share/msg_srv_action_interface_example/cmake/export_msg_srv_action_interface_example__rosidl_typesupport_fastrtps_cExport-noconfig.cmake
[1.234s] -- Up-to-date: /home/ubuntu/robot_ws/install/msg_srv_action_interface_example/share/msg_srv_action_interface_example/cmake/export_msg_srv_action_interface_example__rosidl_generator_cppExport.cmake
[1.234s] -- Up-to-date: /home/ubuntu/robot_ws/install/msg_srv_action_interface_example/share/msg_srv_action_interface_example/cmake/export_msg_srv_action_interface_example__rosidl_typesupport_fastrtps_cppExport.cmake
[1.234s] -- Up-to-date: /home/ubuntu/robot_ws/install/msg_srv_action_interface_example/share/msg_srv_action_interface_example/cmake/export_msg_srv_action_interface_example__rosidl_typesupport_fastrtps_cppExport-noconfig.cmake
[1.236s] -- Up-to-date: /home/ubuntu/robot_ws/install/msg_srv_action_interface_example/share/msg_srv_action_interface_example/cmake/msg_srv_action_interface_example__rosidl_typesupport_introspection_cExport.cmake
[1.237s] -- Up-to-date: /home/ubuntu/robot_ws/install/msg_srv_action_interface_example/share/msg_srv_action_interface_example/cmake/msg_srv_action_interface_example__rosidl_typesupport_introspection_cExport-noconfig.cmake
[1.237s] -- Up-to-date: /home/ubuntu/robot_ws/install/msg_srv_action_interface_example/share/msg_srv_action_interface_example/cmake/msg_srv_action_interface_example__rosidl_typesupport_cExport.cmake
[1.237s] -- Up-to-date: /home/ubuntu/robot_ws/install/msg_srv_action_interface_example/share/msg_srv_action_interface_example/cmake/msg_srv_action_interface_example__rosidl_typesupport_cExport-noconfig.cmake
[1.237s] -- Up-to-date: /home/ubuntu/robot_ws/install/msg_srv_action_interface_example/share/msg_srv_action_interface_example/cmake/msg_srv_action_interface_example__rosidl_typesupport_introspection_cppExport.cmake
[1.237s] -- Up-to-date: /home/ubuntu/robot_ws/install/msg_srv_action_interface_example/share/msg_srv_action_interface_example/cmake/msg_srv_action_interface_example__rosidl_typesupport_introspection_cppExport-noconfig.cmake
[1.237s] -- Up-to-date: /home/ubuntu/robot_ws/install/msg_srv_action_interface_example/share/msg_srv_action_interface_example/cmake/msg_srv_action_interface_example__rosidl_typesupport_cppExport.cmake
[1.237s] -- Up-to-date: /home/ubuntu/robot_ws/install/msg_srv_action_interface_example/share/msg_srv_action_interface_example/cmake/msg_srv_action_interface_example__rosidl_typesupport_cppExport-noconfig.cmake
[1.237s] -- Up-to-date: /home/ubuntu/robot_ws/install/msg_srv_action_interface_example/share/msg_srv_action_interface_example/cmake/export_msg_srv_action_interface_example__rosidl_generator_pyExport.cmake
[1.238s] -- Up-to-date: /home/ubuntu/robot_ws/install/msg_srv_action_interface_example/share/msg_srv_action_interface_example/cmake/export_msg_srv_action_interface_example__rosidl_generator_pyExport-noconfig.cmake
[1.243s] Invoked command in '/home/ubuntu/robot_ws/build/msg_srv_action_interface_example' returned '0': CMAKE_PREFIX_PATH=${CMAKE_PREFIX_PATH}:/home/ubuntu/turtlebot3_ws/install/turtlebot3_yolo_object_detection:/home/ubuntu/turtlebot3_ws/install/turtlebot3_teleop:/home/ubuntu/turtlebot3_ws/install/turtlebot3_example:/home/ubuntu/turtlebot3_ws/install/turtlebot3_dqn:/home/ubuntu/turtlebot3_ws/install/turtlebot3_autorace_mission:/home/ubuntu/turtlebot3_ws/install/turtlebot3_autorace_detect:/home/ubuntu/turtlebot3_ws/install/turtlebot3_autorace_camera:/home/ubuntu/turtlebot3_ws/install/turtlebot3_automatic_parking_vision:/home/ubuntu/turtlebot3_ws/install/turtlebot3_automatic_parking:/home/ubuntu/turtlebot3_ws/install/turtlebot3_aruco_tracker:/home/ubuntu/robot_ws/install/topic_service_action_rclpy_example:/home/ubuntu/robot_ws/install/my_turtlebot_pkg:/home/ubuntu/robot_ws/install/my_first_ros_test_pkg:/home/ubuntu/robot_ws/install/my_first_ros_rclpy_pkg:/home/ubuntu/robot_ws/install/move_turtle_pkg:/opt/ros/humble /usr/bin/cmake --install /home/ubuntu/robot_ws/build/msg_srv_action_interface_example
