[0.096s] DEBUG:colcon:Command line arguments: ['/usr/bin/colcon', 'build', '--symlink-install']
[0.096s] DEBUG:colcon:Parsed command line arguments: Namespace(log_base=None, log_level=None, verb_name='build', build_base='build', install_base='install', merge_install=False, symlink_install=True, test_result_base=None, continue_on_error=False, executor='parallel', parallel_workers=2, event_handlers=None, ignore_user_meta=False, metas=['./colcon.meta'], base_paths=['.'], packages_ignore=None, packages_ignore_regex=None, paths=None, packages_up_to=None, packages_up_to_regex=None, packages_above=None, packages_above_and_dependencies=None, packages_above_depth=None, packages_select_by_dep=None, packages_skip_by_dep=None, packages_skip_up_to=None, packages_select_build_failed=False, packages_skip_build_finished=False, packages_select_test_failures=False, packages_skip_test_passed=False, packages_select=None, packages_skip=None, packages_select_regex=None, packages_skip_regex=None, packages_start=None, packages_end=None, allow_overriding=[], cmake_args=None, cmake_target=None, cmake_target_skip_unavailable=False, cmake_clean_cache=False, cmake_clean_first=False, cmake_force_configure=False, ament_cmake_args=None, catkin_cmake_args=None, catkin_skip_building_tests=False, verb_parser=<colcon_defaults.argument_parser.defaults.DefaultArgumentsDecorator object at 0x7934ef687970>, verb_extension=<colcon_core.verb.build.BuildVerb object at 0x7934ef6873a0>, main=<bound method BuildVerb.main of <colcon_core.verb.build.BuildVerb object at 0x7934ef6873a0>>)
[0.275s] Level 1:colcon.colcon_core.package_discovery:discover_packages(colcon_meta) check parameters
[0.276s] Level 1:colcon.colcon_core.package_discovery:discover_packages(recursive) check parameters
[0.276s] Level 1:colcon.colcon_core.package_discovery:discover_packages(ignore) check parameters
[0.276s] Level 1:colcon.colcon_core.package_discovery:discover_packages(path) check parameters
[0.276s] Level 1:colcon.colcon_core.package_discovery:discover_packages(colcon_meta) discover
[0.276s] Level 1:colcon.colcon_core.package_discovery:discover_packages(recursive) discover
[0.276s] INFO:colcon.colcon_core.package_discovery:Crawling recursively for packages in '/home/ubuntu/robot_ws'
[0.276s] Level 1:colcon.colcon_core.package_identification:_identify(.) by extensions ['ignore', 'ignore_ament_install']
[0.276s] Level 1:colcon.colcon_core.package_identification:_identify(.) by extension 'ignore'
[0.276s] Level 1:colcon.colcon_core.package_identification:_identify(.) by extension 'ignore_ament_install'
[0.276s] Level 1:colcon.colcon_core.package_identification:_identify(.) by extensions ['colcon_pkg']
[0.276s] Level 1:colcon.colcon_core.package_identification:_identify(.) by extension 'colcon_pkg'
[0.276s] Level 1:colcon.colcon_core.package_identification:_identify(.) by extensions ['colcon_meta']
[0.276s] Level 1:colcon.colcon_core.package_identification:_identify(.) by extension 'colcon_meta'
[0.276s] Level 1:colcon.colcon_core.package_identification:_identify(.) by extensions ['ros']
[0.276s] Level 1:colcon.colcon_core.package_identification:_identify(.) by extension 'ros'
[0.284s] Level 1:colcon.colcon_core.package_identification:_identify(.) by extensions ['cmake', 'python']
[0.284s] Level 1:colcon.colcon_core.package_identification:_identify(.) by extension 'cmake'
[0.284s] Level 1:colcon.colcon_core.package_identification:_identify(.) by extension 'python'
[0.284s] Level 1:colcon.colcon_core.package_identification:_identify(.) by extensions ['python_setup_py']
[0.284s] Level 1:colcon.colcon_core.package_identification:_identify(.) by extension 'python_setup_py'
[0.285s] Level 1:colcon.colcon_core.package_identification:_identify(build) by extensions ['ignore', 'ignore_ament_install']
[0.285s] Level 1:colcon.colcon_core.package_identification:_identify(build) by extension 'ignore'
[0.285s] Level 1:colcon.colcon_core.package_identification:_identify(build) ignored
[0.285s] Level 1:colcon.colcon_core.package_identification:_identify(install) by extensions ['ignore', 'ignore_ament_install']
[0.285s] Level 1:colcon.colcon_core.package_identification:_identify(install) by extension 'ignore'
[0.285s] Level 1:colcon.colcon_core.package_identification:_identify(install) ignored
[0.285s] Level 1:colcon.colcon_core.package_identification:_identify(log) by extensions ['ignore', 'ignore_ament_install']
[0.285s] Level 1:colcon.colcon_core.package_identification:_identify(log) by extension 'ignore'
[0.285s] Level 1:colcon.colcon_core.package_identification:_identify(log) ignored
[0.285s] Level 1:colcon.colcon_core.package_identification:_identify(src) by extensions ['ignore', 'ignore_ament_install']
[0.285s] Level 1:colcon.colcon_core.package_identification:_identify(src) by extension 'ignore'
[0.285s] Level 1:colcon.colcon_core.package_identification:_identify(src) by extension 'ignore_ament_install'
[0.285s] Level 1:colcon.colcon_core.package_identification:_identify(src) by extensions ['colcon_pkg']
[0.285s] Level 1:colcon.colcon_core.package_identification:_identify(src) by extension 'colcon_pkg'
[0.285s] Level 1:colcon.colcon_core.package_identification:_identify(src) by extensions ['colcon_meta']
[0.285s] Level 1:colcon.colcon_core.package_identification:_identify(src) by extension 'colcon_meta'
[0.286s] Level 1:colcon.colcon_core.package_identification:_identify(src) by extensions ['ros']
[0.286s] Level 1:colcon.colcon_core.package_identification:_identify(src) by extension 'ros'
[0.286s] Level 1:colcon.colcon_core.package_identification:_identify(src) by extensions ['cmake', 'python']
[0.286s] Level 1:colcon.colcon_core.package_identification:_identify(src) by extension 'cmake'
[0.286s] Level 1:colcon.colcon_core.package_identification:_identify(src) by extension 'python'
[0.286s] Level 1:colcon.colcon_core.package_identification:_identify(src) by extensions ['python_setup_py']
[0.286s] Level 1:colcon.colcon_core.package_identification:_identify(src) by extension 'python_setup_py'
[0.286s] Level 1:colcon.colcon_core.package_identification:_identify(src/move_turtle_pkg) by extensions ['ignore', 'ignore_ament_install']
[0.286s] Level 1:colcon.colcon_core.package_identification:_identify(src/move_turtle_pkg) by extension 'ignore'
[0.286s] Level 1:colcon.colcon_core.package_identification:_identify(src/move_turtle_pkg) by extension 'ignore_ament_install'
[0.286s] Level 1:colcon.colcon_core.package_identification:_identify(src/move_turtle_pkg) by extensions ['colcon_pkg']
[0.286s] Level 1:colcon.colcon_core.package_identification:_identify(src/move_turtle_pkg) by extension 'colcon_pkg'
[0.286s] Level 1:colcon.colcon_core.package_identification:_identify(src/move_turtle_pkg) by extensions ['colcon_meta']
[0.286s] Level 1:colcon.colcon_core.package_identification:_identify(src/move_turtle_pkg) by extension 'colcon_meta'
[0.286s] Level 1:colcon.colcon_core.package_identification:_identify(src/move_turtle_pkg) by extensions ['ros']
[0.286s] Level 1:colcon.colcon_core.package_identification:_identify(src/move_turtle_pkg) by extension 'ros'
[0.288s] DEBUG:colcon.colcon_core.package_identification:Package 'src/move_turtle_pkg' with type 'ros.ament_python' and name 'move_turtle_pkg'
[0.288s] Level 1:colcon.colcon_core.package_identification:_identify(src/msg_srv_action_interface_example) by extensions ['ignore', 'ignore_ament_install']
[0.288s] Level 1:colcon.colcon_core.package_identification:_identify(src/msg_srv_action_interface_example) by extension 'ignore'
[0.288s] Level 1:colcon.colcon_core.package_identification:_identify(src/msg_srv_action_interface_example) by extension 'ignore_ament_install'
[0.288s] Level 1:colcon.colcon_core.package_identification:_identify(src/msg_srv_action_interface_example) by extensions ['colcon_pkg']
[0.288s] Level 1:colcon.colcon_core.package_identification:_identify(src/msg_srv_action_interface_example) by extension 'colcon_pkg'
[0.288s] Level 1:colcon.colcon_core.package_identification:_identify(src/msg_srv_action_interface_example) by extensions ['colcon_meta']
[0.288s] Level 1:colcon.colcon_core.package_identification:_identify(src/msg_srv_action_interface_example) by extension 'colcon_meta'
[0.288s] Level 1:colcon.colcon_core.package_identification:_identify(src/msg_srv_action_interface_example) by extensions ['ros']
[0.288s] Level 1:colcon.colcon_core.package_identification:_identify(src/msg_srv_action_interface_example) by extension 'ros'
[0.289s] DEBUG:colcon.colcon_core.package_identification:Package 'src/msg_srv_action_interface_example' with type 'ros.ament_cmake' and name 'msg_srv_action_interface_example'
[0.289s] Level 1:colcon.colcon_core.package_identification:_identify(src/my_first_package_msgs) by extensions ['ignore', 'ignore_ament_install']
[0.289s] Level 1:colcon.colcon_core.package_identification:_identify(src/my_first_package_msgs) by extension 'ignore'
[0.289s] Level 1:colcon.colcon_core.package_identification:_identify(src/my_first_package_msgs) by extension 'ignore_ament_install'
[0.289s] Level 1:colcon.colcon_core.package_identification:_identify(src/my_first_package_msgs) by extensions ['colcon_pkg']
[0.289s] Level 1:colcon.colcon_core.package_identification:_identify(src/my_first_package_msgs) by extension 'colcon_pkg'
[0.289s] Level 1:colcon.colcon_core.package_identification:_identify(src/my_first_package_msgs) by extensions ['colcon_meta']
[0.289s] Level 1:colcon.colcon_core.package_identification:_identify(src/my_first_package_msgs) by extension 'colcon_meta'
[0.289s] Level 1:colcon.colcon_core.package_identification:_identify(src/my_first_package_msgs) by extensions ['ros']
[0.289s] Level 1:colcon.colcon_core.package_identification:_identify(src/my_first_package_msgs) by extension 'ros'
[0.289s] DEBUG:colcon.colcon_core.package_identification:Package 'src/my_first_package_msgs' with type 'ros.ament_cmake' and name 'my_first_package_msgs'
[0.290s] Level 1:colcon.colcon_core.package_identification:_identify(src/my_first_ros_rclpy_pkg) by extensions ['ignore', 'ignore_ament_install']
[0.290s] Level 1:colcon.colcon_core.package_identification:_identify(src/my_first_ros_rclpy_pkg) by extension 'ignore'
[0.290s] Level 1:colcon.colcon_core.package_identification:_identify(src/my_first_ros_rclpy_pkg) by extension 'ignore_ament_install'
[0.290s] Level 1:colcon.colcon_core.package_identification:_identify(src/my_first_ros_rclpy_pkg) by extensions ['colcon_pkg']
[0.290s] Level 1:colcon.colcon_core.package_identification:_identify(src/my_first_ros_rclpy_pkg) by extension 'colcon_pkg'
[0.290s] Level 1:colcon.colcon_core.package_identification:_identify(src/my_first_ros_rclpy_pkg) by extensions ['colcon_meta']
[0.290s] Level 1:colcon.colcon_core.package_identification:_identify(src/my_first_ros_rclpy_pkg) by extension 'colcon_meta'
[0.290s] Level 1:colcon.colcon_core.package_identification:_identify(src/my_first_ros_rclpy_pkg) by extensions ['ros']
[0.290s] Level 1:colcon.colcon_core.package_identification:_identify(src/my_first_ros_rclpy_pkg) by extension 'ros'
[0.290s] DEBUG:colcon.colcon_core.package_identification:Package 'src/my_first_ros_rclpy_pkg' with type 'ros.ament_python' and name 'my_first_ros_rclpy_pkg'
[0.290s] Level 1:colcon.colcon_core.package_identification:_identify(src/my_first_ros_test_pkg) by extensions ['ignore', 'ignore_ament_install']
[0.291s] Level 1:colcon.colcon_core.package_identification:_identify(src/my_first_ros_test_pkg) by extension 'ignore'
[0.291s] Level 1:colcon.colcon_core.package_identification:_identify(src/my_first_ros_test_pkg) by extension 'ignore_ament_install'
[0.291s] Level 1:colcon.colcon_core.package_identification:_identify(src/my_first_ros_test_pkg) by extensions ['colcon_pkg']
[0.291s] Level 1:colcon.colcon_core.package_identification:_identify(src/my_first_ros_test_pkg) by extension 'colcon_pkg'
[0.291s] Level 1:colcon.colcon_core.package_identification:_identify(src/my_first_ros_test_pkg) by extensions ['colcon_meta']
[0.291s] Level 1:colcon.colcon_core.package_identification:_identify(src/my_first_ros_test_pkg) by extension 'colcon_meta'
[0.291s] Level 1:colcon.colcon_core.package_identification:_identify(src/my_first_ros_test_pkg) by extensions ['ros']
[0.291s] Level 1:colcon.colcon_core.package_identification:_identify(src/my_first_ros_test_pkg) by extension 'ros'
[0.291s] DEBUG:colcon.colcon_core.package_identification:Package 'src/my_first_ros_test_pkg' with type 'ros.ament_python' and name 'my_first_ros_test_pkg'
[0.291s] Level 1:colcon.colcon_core.package_identification:_identify(src/my_turtlebot_pkg) by extensions ['ignore', 'ignore_ament_install']
[0.291s] Level 1:colcon.colcon_core.package_identification:_identify(src/my_turtlebot_pkg) by extension 'ignore'
[0.291s] Level 1:colcon.colcon_core.package_identification:_identify(src/my_turtlebot_pkg) by extension 'ignore_ament_install'
[0.292s] Level 1:colcon.colcon_core.package_identification:_identify(src/my_turtlebot_pkg) by extensions ['colcon_pkg']
[0.292s] Level 1:colcon.colcon_core.package_identification:_identify(src/my_turtlebot_pkg) by extension 'colcon_pkg'
[0.292s] Level 1:colcon.colcon_core.package_identification:_identify(src/my_turtlebot_pkg) by extensions ['colcon_meta']
[0.292s] Level 1:colcon.colcon_core.package_identification:_identify(src/my_turtlebot_pkg) by extension 'colcon_meta'
[0.292s] Level 1:colcon.colcon_core.package_identification:_identify(src/my_turtlebot_pkg) by extensions ['ros']
[0.292s] Level 1:colcon.colcon_core.package_identification:_identify(src/my_turtlebot_pkg) by extension 'ros'
[0.293s] DEBUG:colcon.colcon_core.package_identification:Package 'src/my_turtlebot_pkg' with type 'ros.ament_python' and name 'my_turtlebot_pkg'
[0.293s] Level 1:colcon.colcon_core.package_identification:_identify(src/topic_service_action_rclpy_example) by extensions ['ignore', 'ignore_ament_install']
[0.293s] Level 1:colcon.colcon_core.package_identification:_identify(src/topic_service_action_rclpy_example) by extension 'ignore'
[0.293s] Level 1:colcon.colcon_core.package_identification:_identify(src/topic_service_action_rclpy_example) by extension 'ignore_ament_install'
[0.293s] Level 1:colcon.colcon_core.package_identification:_identify(src/topic_service_action_rclpy_example) by extensions ['colcon_pkg']
[0.293s] Level 1:colcon.colcon_core.package_identification:_identify(src/topic_service_action_rclpy_example) by extension 'colcon_pkg'
[0.293s] Level 1:colcon.colcon_core.package_identification:_identify(src/topic_service_action_rclpy_example) by extensions ['colcon_meta']
[0.293s] Level 1:colcon.colcon_core.package_identification:_identify(src/topic_service_action_rclpy_example) by extension 'colcon_meta'
[0.293s] Level 1:colcon.colcon_core.package_identification:_identify(src/topic_service_action_rclpy_example) by extensions ['ros']
[0.293s] Level 1:colcon.colcon_core.package_identification:_identify(src/topic_service_action_rclpy_example) by extension 'ros'
[0.294s] DEBUG:colcon.colcon_core.package_identification:Package 'src/topic_service_action_rclpy_example' with type 'ros.ament_python' and name 'topic_service_action_rclpy_example'
[0.294s] Level 1:colcon.colcon_core.package_discovery:discover_packages(recursive) using defaults
[0.294s] Level 1:colcon.colcon_core.package_discovery:discover_packages(ignore) discover
[0.294s] Level 1:colcon.colcon_core.package_discovery:discover_packages(ignore) using defaults
[0.294s] Level 1:colcon.colcon_core.package_discovery:discover_packages(path) discover
[0.294s] Level 1:colcon.colcon_core.package_discovery:discover_packages(path) using defaults
[0.313s] Level 1:colcon.colcon_core.package_discovery:discover_packages(prefix_path) check parameters
[0.313s] Level 1:colcon.colcon_core.package_discovery:discover_packages(prefix_path) discover
[0.315s] DEBUG:colcon.colcon_installed_package_information.package_discovery:Found 7 installed packages in /home/ubuntu/robot_ws/install
[0.316s] DEBUG:colcon.colcon_installed_package_information.package_discovery:Found 26 installed packages in /home/ubuntu/turtlebot3_ws/install
[0.317s] DEBUG:colcon.colcon_installed_package_information.package_discovery:Found 406 installed packages in /opt/ros/humble
[0.319s] Level 1:colcon.colcon_core.package_discovery:discover_packages(prefix_path) using defaults
[0.363s] Level 5:colcon.colcon_core.verb:set package 'move_turtle_pkg' build argument 'cmake_args' from command line to 'None'
[0.363s] Level 5:colcon.colcon_core.verb:set package 'move_turtle_pkg' build argument 'cmake_target' from command line to 'None'
[0.363s] Level 5:colcon.colcon_core.verb:set package 'move_turtle_pkg' build argument 'cmake_target_skip_unavailable' from command line to 'False'
[0.363s] Level 5:colcon.colcon_core.verb:set package 'move_turtle_pkg' build argument 'cmake_clean_cache' from command line to 'False'
[0.363s] Level 5:colcon.colcon_core.verb:set package 'move_turtle_pkg' build argument 'cmake_clean_first' from command line to 'False'
[0.363s] Level 5:colcon.colcon_core.verb:set package 'move_turtle_pkg' build argument 'cmake_force_configure' from command line to 'False'
[0.363s] Level 5:colcon.colcon_core.verb:set package 'move_turtle_pkg' build argument 'ament_cmake_args' from command line to 'None'
[0.363s] Level 5:colcon.colcon_core.verb:set package 'move_turtle_pkg' build argument 'catkin_cmake_args' from command line to 'None'
[0.364s] Level 5:colcon.colcon_core.verb:set package 'move_turtle_pkg' build argument 'catkin_skip_building_tests' from command line to 'False'
[0.364s] DEBUG:colcon.colcon_core.verb:Building package 'move_turtle_pkg' with the following arguments: {'ament_cmake_args': None, 'build_base': '/home/ubuntu/robot_ws/build/move_turtle_pkg', 'catkin_cmake_args': None, 'catkin_skip_building_tests': False, 'cmake_args': None, 'cmake_clean_cache': False, 'cmake_clean_first': False, 'cmake_force_configure': False, 'cmake_target': None, 'cmake_target_skip_unavailable': False, 'install_base': '/home/ubuntu/robot_ws/install/move_turtle_pkg', 'merge_install': False, 'path': '/home/ubuntu/robot_ws/src/move_turtle_pkg', 'symlink_install': True, 'test_result_base': None}
[0.364s] Level 5:colcon.colcon_core.verb:set package 'msg_srv_action_interface_example' build argument 'cmake_args' from command line to 'None'
[0.364s] Level 5:colcon.colcon_core.verb:set package 'msg_srv_action_interface_example' build argument 'cmake_target' from command line to 'None'
[0.364s] Level 5:colcon.colcon_core.verb:set package 'msg_srv_action_interface_example' build argument 'cmake_target_skip_unavailable' from command line to 'False'
[0.364s] Level 5:colcon.colcon_core.verb:set package 'msg_srv_action_interface_example' build argument 'cmake_clean_cache' from command line to 'False'
[0.364s] Level 5:colcon.colcon_core.verb:set package 'msg_srv_action_interface_example' build argument 'cmake_clean_first' from command line to 'False'
[0.364s] Level 5:colcon.colcon_core.verb:set package 'msg_srv_action_interface_example' build argument 'cmake_force_configure' from command line to 'False'
[0.364s] Level 5:colcon.colcon_core.verb:set package 'msg_srv_action_interface_example' build argument 'ament_cmake_args' from command line to 'None'
[0.364s] Level 5:colcon.colcon_core.verb:set package 'msg_srv_action_interface_example' build argument 'catkin_cmake_args' from command line to 'None'
[0.364s] Level 5:colcon.colcon_core.verb:set package 'msg_srv_action_interface_example' build argument 'catkin_skip_building_tests' from command line to 'False'
[0.364s] DEBUG:colcon.colcon_core.verb:Building package 'msg_srv_action_interface_example' with the following arguments: {'ament_cmake_args': None, 'build_base': '/home/ubuntu/robot_ws/build/msg_srv_action_interface_example', 'catkin_cmake_args': None, 'catkin_skip_building_tests': False, 'cmake_args': None, 'cmake_clean_cache': False, 'cmake_clean_first': False, 'cmake_force_configure': False, 'cmake_target': None, 'cmake_target_skip_unavailable': False, 'install_base': '/home/ubuntu/robot_ws/install/msg_srv_action_interface_example', 'merge_install': False, 'path': '/home/ubuntu/robot_ws/src/msg_srv_action_interface_example', 'symlink_install': True, 'test_result_base': None}
[0.364s] Level 5:colcon.colcon_core.verb:set package 'my_first_package_msgs' build argument 'cmake_args' from command line to 'None'
[0.364s] Level 5:colcon.colcon_core.verb:set package 'my_first_package_msgs' build argument 'cmake_target' from command line to 'None'
[0.364s] Level 5:colcon.colcon_core.verb:set package 'my_first_package_msgs' build argument 'cmake_target_skip_unavailable' from command line to 'False'
[0.364s] Level 5:colcon.colcon_core.verb:set package 'my_first_package_msgs' build argument 'cmake_clean_cache' from command line to 'False'
[0.364s] Level 5:colcon.colcon_core.verb:set package 'my_first_package_msgs' build argument 'cmake_clean_first' from command line to 'False'
[0.364s] Level 5:colcon.colcon_core.verb:set package 'my_first_package_msgs' build argument 'cmake_force_configure' from command line to 'False'
[0.364s] Level 5:colcon.colcon_core.verb:set package 'my_first_package_msgs' build argument 'ament_cmake_args' from command line to 'None'
[0.364s] Level 5:colcon.colcon_core.verb:set package 'my_first_package_msgs' build argument 'catkin_cmake_args' from command line to 'None'
[0.364s] Level 5:colcon.colcon_core.verb:set package 'my_first_package_msgs' build argument 'catkin_skip_building_tests' from command line to 'False'
[0.365s] DEBUG:colcon.colcon_core.verb:Building package 'my_first_package_msgs' with the following arguments: {'ament_cmake_args': None, 'build_base': '/home/ubuntu/robot_ws/build/my_first_package_msgs', 'catkin_cmake_args': None, 'catkin_skip_building_tests': False, 'cmake_args': None, 'cmake_clean_cache': False, 'cmake_clean_first': False, 'cmake_force_configure': False, 'cmake_target': None, 'cmake_target_skip_unavailable': False, 'install_base': '/home/ubuntu/robot_ws/install/my_first_package_msgs', 'merge_install': False, 'path': '/home/ubuntu/robot_ws/src/my_first_package_msgs', 'symlink_install': True, 'test_result_base': None}
[0.365s] Level 5:colcon.colcon_core.verb:set package 'my_first_ros_rclpy_pkg' build argument 'cmake_args' from command line to 'None'
[0.365s] Level 5:colcon.colcon_core.verb:set package 'my_first_ros_rclpy_pkg' build argument 'cmake_target' from command line to 'None'
[0.365s] Level 5:colcon.colcon_core.verb:set package 'my_first_ros_rclpy_pkg' build argument 'cmake_target_skip_unavailable' from command line to 'False'
[0.365s] Level 5:colcon.colcon_core.verb:set package 'my_first_ros_rclpy_pkg' build argument 'cmake_clean_cache' from command line to 'False'
[0.365s] Level 5:colcon.colcon_core.verb:set package 'my_first_ros_rclpy_pkg' build argument 'cmake_clean_first' from command line to 'False'
[0.365s] Level 5:colcon.colcon_core.verb:set package 'my_first_ros_rclpy_pkg' build argument 'cmake_force_configure' from command line to 'False'
[0.365s] Level 5:colcon.colcon_core.verb:set package 'my_first_ros_rclpy_pkg' build argument 'ament_cmake_args' from command line to 'None'
[0.365s] Level 5:colcon.colcon_core.verb:set package 'my_first_ros_rclpy_pkg' build argument 'catkin_cmake_args' from command line to 'None'
[0.365s] Level 5:colcon.colcon_core.verb:set package 'my_first_ros_rclpy_pkg' build argument 'catkin_skip_building_tests' from command line to 'False'
[0.365s] DEBUG:colcon.colcon_core.verb:Building package 'my_first_ros_rclpy_pkg' with the following arguments: {'ament_cmake_args': None, 'build_base': '/home/ubuntu/robot_ws/build/my_first_ros_rclpy_pkg', 'catkin_cmake_args': None, 'catkin_skip_building_tests': False, 'cmake_args': None, 'cmake_clean_cache': False, 'cmake_clean_first': False, 'cmake_force_configure': False, 'cmake_target': None, 'cmake_target_skip_unavailable': False, 'install_base': '/home/ubuntu/robot_ws/install/my_first_ros_rclpy_pkg', 'merge_install': False, 'path': '/home/ubuntu/robot_ws/src/my_first_ros_rclpy_pkg', 'symlink_install': True, 'test_result_base': None}
[0.365s] Level 5:colcon.colcon_core.verb:set package 'my_first_ros_test_pkg' build argument 'cmake_args' from command line to 'None'
[0.365s] Level 5:colcon.colcon_core.verb:set package 'my_first_ros_test_pkg' build argument 'cmake_target' from command line to 'None'
[0.365s] Level 5:colcon.colcon_core.verb:set package 'my_first_ros_test_pkg' build argument 'cmake_target_skip_unavailable' from command line to 'False'
[0.365s] Level 5:colcon.colcon_core.verb:set package 'my_first_ros_test_pkg' build argument 'cmake_clean_cache' from command line to 'False'
[0.365s] Level 5:colcon.colcon_core.verb:set package 'my_first_ros_test_pkg' build argument 'cmake_clean_first' from command line to 'False'
[0.365s] Level 5:colcon.colcon_core.verb:set package 'my_first_ros_test_pkg' build argument 'cmake_force_configure' from command line to 'False'
[0.365s] Level 5:colcon.colcon_core.verb:set package 'my_first_ros_test_pkg' build argument 'ament_cmake_args' from command line to 'None'
[0.365s] Level 5:colcon.colcon_core.verb:set package 'my_first_ros_test_pkg' build argument 'catkin_cmake_args' from command line to 'None'
[0.365s] Level 5:colcon.colcon_core.verb:set package 'my_first_ros_test_pkg' build argument 'catkin_skip_building_tests' from command line to 'False'
[0.365s] DEBUG:colcon.colcon_core.verb:Building package 'my_first_ros_test_pkg' with the following arguments: {'ament_cmake_args': None, 'build_base': '/home/ubuntu/robot_ws/build/my_first_ros_test_pkg', 'catkin_cmake_args': None, 'catkin_skip_building_tests': False, 'cmake_args': None, 'cmake_clean_cache': False, 'cmake_clean_first': False, 'cmake_force_configure': False, 'cmake_target': None, 'cmake_target_skip_unavailable': False, 'install_base': '/home/ubuntu/robot_ws/install/my_first_ros_test_pkg', 'merge_install': False, 'path': '/home/ubuntu/robot_ws/src/my_first_ros_test_pkg', 'symlink_install': True, 'test_result_base': None}
[0.366s] Level 5:colcon.colcon_core.verb:set package 'my_turtlebot_pkg' build argument 'cmake_args' from command line to 'None'
[0.366s] Level 5:colcon.colcon_core.verb:set package 'my_turtlebot_pkg' build argument 'cmake_target' from command line to 'None'
[0.366s] Level 5:colcon.colcon_core.verb:set package 'my_turtlebot_pkg' build argument 'cmake_target_skip_unavailable' from command line to 'False'
[0.366s] Level 5:colcon.colcon_core.verb:set package 'my_turtlebot_pkg' build argument 'cmake_clean_cache' from command line to 'False'
[0.366s] Level 5:colcon.colcon_core.verb:set package 'my_turtlebot_pkg' build argument 'cmake_clean_first' from command line to 'False'
[0.366s] Level 5:colcon.colcon_core.verb:set package 'my_turtlebot_pkg' build argument 'cmake_force_configure' from command line to 'False'
[0.366s] Level 5:colcon.colcon_core.verb:set package 'my_turtlebot_pkg' build argument 'ament_cmake_args' from command line to 'None'
[0.366s] Level 5:colcon.colcon_core.verb:set package 'my_turtlebot_pkg' build argument 'catkin_cmake_args' from command line to 'None'
[0.366s] Level 5:colcon.colcon_core.verb:set package 'my_turtlebot_pkg' build argument 'catkin_skip_building_tests' from command line to 'False'
[0.366s] DEBUG:colcon.colcon_core.verb:Building package 'my_turtlebot_pkg' with the following arguments: {'ament_cmake_args': None, 'build_base': '/home/ubuntu/robot_ws/build/my_turtlebot_pkg', 'catkin_cmake_args': None, 'catkin_skip_building_tests': False, 'cmake_args': None, 'cmake_clean_cache': False, 'cmake_clean_first': False, 'cmake_force_configure': False, 'cmake_target': None, 'cmake_target_skip_unavailable': False, 'install_base': '/home/ubuntu/robot_ws/install/my_turtlebot_pkg', 'merge_install': False, 'path': '/home/ubuntu/robot_ws/src/my_turtlebot_pkg', 'symlink_install': True, 'test_result_base': None}
[0.366s] Level 5:colcon.colcon_core.verb:set package 'topic_service_action_rclpy_example' build argument 'cmake_args' from command line to 'None'
[0.366s] Level 5:colcon.colcon_core.verb:set package 'topic_service_action_rclpy_example' build argument 'cmake_target' from command line to 'None'
[0.366s] Level 5:colcon.colcon_core.verb:set package 'topic_service_action_rclpy_example' build argument 'cmake_target_skip_unavailable' from command line to 'False'
[0.366s] Level 5:colcon.colcon_core.verb:set package 'topic_service_action_rclpy_example' build argument 'cmake_clean_cache' from command line to 'False'
[0.366s] Level 5:colcon.colcon_core.verb:set package 'topic_service_action_rclpy_example' build argument 'cmake_clean_first' from command line to 'False'
[0.366s] Level 5:colcon.colcon_core.verb:set package 'topic_service_action_rclpy_example' build argument 'cmake_force_configure' from command line to 'False'
[0.366s] Level 5:colcon.colcon_core.verb:set package 'topic_service_action_rclpy_example' build argument 'ament_cmake_args' from command line to 'None'
[0.366s] Level 5:colcon.colcon_core.verb:set package 'topic_service_action_rclpy_example' build argument 'catkin_cmake_args' from command line to 'None'
[0.366s] Level 5:colcon.colcon_core.verb:set package 'topic_service_action_rclpy_example' build argument 'catkin_skip_building_tests' from command line to 'False'
[0.366s] DEBUG:colcon.colcon_core.verb:Building package 'topic_service_action_rclpy_example' with the following arguments: {'ament_cmake_args': None, 'build_base': '/home/ubuntu/robot_ws/build/topic_service_action_rclpy_example', 'catkin_cmake_args': None, 'catkin_skip_building_tests': False, 'cmake_args': None, 'cmake_clean_cache': False, 'cmake_clean_first': False, 'cmake_force_configure': False, 'cmake_target': None, 'cmake_target_skip_unavailable': False, 'install_base': '/home/ubuntu/robot_ws/install/topic_service_action_rclpy_example', 'merge_install': False, 'path': '/home/ubuntu/robot_ws/src/topic_service_action_rclpy_example', 'symlink_install': True, 'test_result_base': None}
[0.366s] INFO:colcon.colcon_core.executor:Executing jobs using 'parallel' executor
[0.367s] DEBUG:colcon.colcon_parallel_executor.executor.parallel:run_until_complete
[0.367s] INFO:colcon.colcon_ros.task.ament_cmake.build:Building ROS package in '/home/ubuntu/robot_ws/src/msg_srv_action_interface_example' with build type 'ament_cmake'
[0.367s] INFO:colcon.colcon_cmake.task.cmake.build:Building CMake package in '/home/ubuntu/robot_ws/src/msg_srv_action_interface_example'
[0.371s] INFO:colcon.colcon_core.plugin_system:Skipping extension 'colcon_core.shell.bat': Not used on non-Windows systems
[0.371s] INFO:colcon.colcon_core.shell:Skip shell extension 'powershell' for command environment: Not usable outside of PowerShell
[0.371s] DEBUG:colcon.colcon_core.shell:Skip shell extension 'dsv' for command environment
[0.378s] INFO:colcon.colcon_ros.task.ament_python.build:Building ROS package in '/home/ubuntu/robot_ws/src/move_turtle_pkg' with build type 'ament_python'
[0.378s] Level 1:colcon.colcon_core.shell:create_environment_hook('move_turtle_pkg', 'ament_prefix_path')
[0.378s] INFO:colcon.colcon_core.shell:Creating environment hook '/home/ubuntu/robot_ws/install/move_turtle_pkg/share/move_turtle_pkg/hook/ament_prefix_path.ps1'
[0.379s] INFO:colcon.colcon_core.shell:Creating environment descriptor '/home/ubuntu/robot_ws/install/move_turtle_pkg/share/move_turtle_pkg/hook/ament_prefix_path.dsv'
[0.380s] INFO:colcon.colcon_core.shell:Creating environment hook '/home/ubuntu/robot_ws/install/move_turtle_pkg/share/move_turtle_pkg/hook/ament_prefix_path.sh'
[0.381s] INFO:colcon.colcon_core.shell:Skip shell extension 'powershell' for command environment: Not usable outside of PowerShell
[0.381s] DEBUG:colcon.colcon_core.shell:Skip shell extension 'dsv' for command environment
[0.398s] DEBUG:colcon.colcon_core.event_handler.log_command:Invoking command in '/home/ubuntu/robot_ws/build/msg_srv_action_interface_example': CMAKE_PREFIX_PATH=${CMAKE_PREFIX_PATH}:/home/ubuntu/turtlebot3_ws/install/turtlebot3_yolo_object_detection:/home/ubuntu/turtlebot3_ws/install/turtlebot3_teleop:/home/ubuntu/turtlebot3_ws/install/turtlebot3_example:/home/ubuntu/turtlebot3_ws/install/turtlebot3_dqn:/home/ubuntu/turtlebot3_ws/install/turtlebot3_autorace_mission:/home/ubuntu/turtlebot3_ws/install/turtlebot3_autorace_detect:/home/ubuntu/turtlebot3_ws/install/turtlebot3_autorace_camera:/home/ubuntu/turtlebot3_ws/install/turtlebot3_automatic_parking_vision:/home/ubuntu/turtlebot3_ws/install/turtlebot3_automatic_parking:/home/ubuntu/turtlebot3_ws/install/turtlebot3_aruco_tracker:/home/ubuntu/robot_ws/install/topic_service_action_rclpy_example:/home/ubuntu/robot_ws/install/my_turtlebot_pkg:/home/ubuntu/robot_ws/install/my_first_ros_test_pkg:/home/ubuntu/robot_ws/install/my_first_ros_rclpy_pkg:/home/ubuntu/robot_ws/install/move_turtle_pkg:/opt/ros/humble /usr/bin/cmake --build /home/ubuntu/robot_ws/build/msg_srv_action_interface_example -- -j2 -l2
[0.676s] INFO:colcon.colcon_core.task.python.build:Building Python package in '/home/ubuntu/robot_ws/src/move_turtle_pkg'
[0.676s] INFO:colcon.colcon_core.shell:Skip shell extension 'powershell' for command environment: Not usable outside of PowerShell
[0.676s] DEBUG:colcon.colcon_core.shell:Skip shell extension 'dsv' for command environment
[1.168s] DEBUG:colcon.colcon_core.event_handler.log_command:Invoking command in '/home/ubuntu/robot_ws/build/move_turtle_pkg': PYTHONPATH=/home/ubuntu/robot_ws/build/move_turtle_pkg/prefix_override:/usr/lib/python3/dist-packages/colcon_core/task/python/colcon_distutils_commands:/home/ubuntu/robot_ws/install/move_turtle_pkg/lib/python3.10/site-packages:${PYTHONPATH} /usr/bin/python3 -W ignore:setup.py install is deprecated -W ignore:easy_install command is deprecated setup.py develop --editable --build-directory /home/ubuntu/robot_ws/build/move_turtle_pkg/build --no-deps symlink_data
[1.223s] DEBUG:colcon.colcon_core.event_handler.log_command:Invoked command in '/home/ubuntu/robot_ws/build/msg_srv_action_interface_example' returned '0': CMAKE_PREFIX_PATH=${CMAKE_PREFIX_PATH}:/home/ubuntu/turtlebot3_ws/install/turtlebot3_yolo_object_detection:/home/ubuntu/turtlebot3_ws/install/turtlebot3_teleop:/home/ubuntu/turtlebot3_ws/install/turtlebot3_example:/home/ubuntu/turtlebot3_ws/install/turtlebot3_dqn:/home/ubuntu/turtlebot3_ws/install/turtlebot3_autorace_mission:/home/ubuntu/turtlebot3_ws/install/turtlebot3_autorace_detect:/home/ubuntu/turtlebot3_ws/install/turtlebot3_autorace_camera:/home/ubuntu/turtlebot3_ws/install/turtlebot3_automatic_parking_vision:/home/ubuntu/turtlebot3_ws/install/turtlebot3_automatic_parking:/home/ubuntu/turtlebot3_ws/install/turtlebot3_aruco_tracker:/home/ubuntu/robot_ws/install/topic_service_action_rclpy_example:/home/ubuntu/robot_ws/install/my_turtlebot_pkg:/home/ubuntu/robot_ws/install/my_first_ros_test_pkg:/home/ubuntu/robot_ws/install/my_first_ros_rclpy_pkg:/home/ubuntu/robot_ws/install/move_turtle_pkg:/opt/ros/humble /usr/bin/cmake --build /home/ubuntu/robot_ws/build/msg_srv_action_interface_example -- -j2 -l2
[1.235s] DEBUG:colcon.colcon_core.event_handler.log_command:Invoking command in '/home/ubuntu/robot_ws/build/msg_srv_action_interface_example': CMAKE_PREFIX_PATH=${CMAKE_PREFIX_PATH}:/home/ubuntu/turtlebot3_ws/install/turtlebot3_yolo_object_detection:/home/ubuntu/turtlebot3_ws/install/turtlebot3_teleop:/home/ubuntu/turtlebot3_ws/install/turtlebot3_example:/home/ubuntu/turtlebot3_ws/install/turtlebot3_dqn:/home/ubuntu/turtlebot3_ws/install/turtlebot3_autorace_mission:/home/ubuntu/turtlebot3_ws/install/turtlebot3_autorace_detect:/home/ubuntu/turtlebot3_ws/install/turtlebot3_autorace_camera:/home/ubuntu/turtlebot3_ws/install/turtlebot3_automatic_parking_vision:/home/ubuntu/turtlebot3_ws/install/turtlebot3_automatic_parking:/home/ubuntu/turtlebot3_ws/install/turtlebot3_aruco_tracker:/home/ubuntu/robot_ws/install/topic_service_action_rclpy_example:/home/ubuntu/robot_ws/install/my_turtlebot_pkg:/home/ubuntu/robot_ws/install/my_first_ros_test_pkg:/home/ubuntu/robot_ws/install/my_first_ros_rclpy_pkg:/home/ubuntu/robot_ws/install/move_turtle_pkg:/opt/ros/humble /usr/bin/cmake --install /home/ubuntu/robot_ws/build/msg_srv_action_interface_example
[1.342s] Level 1:colcon.colcon_core.environment:create_environment_scripts_only(msg_srv_action_interface_example)
[1.343s] DEBUG:colcon.colcon_core.event_handler.log_command:Invoked command in '/home/ubuntu/robot_ws/build/msg_srv_action_interface_example' returned '0': CMAKE_PREFIX_PATH=${CMAKE_PREFIX_PATH}:/home/ubuntu/turtlebot3_ws/install/turtlebot3_yolo_object_detection:/home/ubuntu/turtlebot3_ws/install/turtlebot3_teleop:/home/ubuntu/turtlebot3_ws/install/turtlebot3_example:/home/ubuntu/turtlebot3_ws/install/turtlebot3_dqn:/home/ubuntu/turtlebot3_ws/install/turtlebot3_autorace_mission:/home/ubuntu/turtlebot3_ws/install/turtlebot3_autorace_detect:/home/ubuntu/turtlebot3_ws/install/turtlebot3_autorace_camera:/home/ubuntu/turtlebot3_ws/install/turtlebot3_automatic_parking_vision:/home/ubuntu/turtlebot3_ws/install/turtlebot3_automatic_parking:/home/ubuntu/turtlebot3_ws/install/turtlebot3_aruco_tracker:/home/ubuntu/robot_ws/install/topic_service_action_rclpy_example:/home/ubuntu/robot_ws/install/my_turtlebot_pkg:/home/ubuntu/robot_ws/install/my_first_ros_test_pkg:/home/ubuntu/robot_ws/install/my_first_ros_rclpy_pkg:/home/ubuntu/robot_ws/install/move_turtle_pkg:/opt/ros/humble /usr/bin/cmake --install /home/ubuntu/robot_ws/build/msg_srv_action_interface_example
[1.347s] Level 1:colcon.colcon_core.environment:checking '/home/ubuntu/robot_ws/install/msg_srv_action_interface_example' for CMake module files
[1.347s] Level 1:colcon.colcon_core.environment:checking '/home/ubuntu/robot_ws/install/msg_srv_action_interface_example' for CMake config files
[1.349s] Level 1:colcon.colcon_core.shell:create_environment_hook('msg_srv_action_interface_example', 'cmake_prefix_path')
[1.349s] INFO:colcon.colcon_core.shell:Creating environment hook '/home/ubuntu/robot_ws/install/msg_srv_action_interface_example/share/msg_srv_action_interface_example/hook/cmake_prefix_path.ps1'
[1.349s] INFO:colcon.colcon_core.shell:Creating environment descriptor '/home/ubuntu/robot_ws/install/msg_srv_action_interface_example/share/msg_srv_action_interface_example/hook/cmake_prefix_path.dsv'
[1.350s] INFO:colcon.colcon_core.shell:Creating environment hook '/home/ubuntu/robot_ws/install/msg_srv_action_interface_example/share/msg_srv_action_interface_example/hook/cmake_prefix_path.sh'
[1.350s] Level 1:colcon.colcon_core.environment:checking '/home/ubuntu/robot_ws/install/msg_srv_action_interface_example/lib'
[1.351s] Level 1:colcon.colcon_core.shell:create_environment_hook('msg_srv_action_interface_example', 'ld_library_path_lib')
[1.351s] INFO:colcon.colcon_core.shell:Creating environment hook '/home/ubuntu/robot_ws/install/msg_srv_action_interface_example/share/msg_srv_action_interface_example/hook/ld_library_path_lib.ps1'
[1.351s] INFO:colcon.colcon_core.shell:Creating environment descriptor '/home/ubuntu/robot_ws/install/msg_srv_action_interface_example/share/msg_srv_action_interface_example/hook/ld_library_path_lib.dsv'
[1.351s] INFO:colcon.colcon_core.shell:Creating environment hook '/home/ubuntu/robot_ws/install/msg_srv_action_interface_example/share/msg_srv_action_interface_example/hook/ld_library_path_lib.sh'
[1.352s] Level 1:colcon.colcon_core.environment:checking '/home/ubuntu/robot_ws/install/msg_srv_action_interface_example/bin'
[1.352s] Level 1:colcon.colcon_core.environment:checking '/home/ubuntu/robot_ws/install/msg_srv_action_interface_example/lib/pkgconfig/msg_srv_action_interface_example.pc'
[1.352s] Level 1:colcon.colcon_core.environment:checking '/home/ubuntu/robot_ws/install/msg_srv_action_interface_example/lib/python3.10/site-packages'
[1.352s] Level 1:colcon.colcon_core.environment:checking '/home/ubuntu/robot_ws/install/msg_srv_action_interface_example/bin'
[1.353s] INFO:colcon.colcon_core.shell:Creating package script '/home/ubuntu/robot_ws/install/msg_srv_action_interface_example/share/msg_srv_action_interface_example/package.ps1'
[1.354s] INFO:colcon.colcon_core.shell:Creating package descriptor '/home/ubuntu/robot_ws/install/msg_srv_action_interface_example/share/msg_srv_action_interface_example/package.dsv'
[1.354s] INFO:colcon.colcon_core.shell:Creating package script '/home/ubuntu/robot_ws/install/msg_srv_action_interface_example/share/msg_srv_action_interface_example/package.sh'
[1.355s] INFO:colcon.colcon_core.shell:Creating package script '/home/ubuntu/robot_ws/install/msg_srv_action_interface_example/share/msg_srv_action_interface_example/package.bash'
[1.356s] INFO:colcon.colcon_core.shell:Creating package script '/home/ubuntu/robot_ws/install/msg_srv_action_interface_example/share/msg_srv_action_interface_example/package.zsh'
[1.356s] Level 1:colcon.colcon_core.environment:create_file_with_runtime_dependencies(/home/ubuntu/robot_ws/install/msg_srv_action_interface_example/share/colcon-core/packages/msg_srv_action_interface_example)
[1.357s] Level 1:colcon.colcon_core.environment:create_environment_scripts_only(msg_srv_action_interface_example)
[1.357s] Level 1:colcon.colcon_core.environment:checking '/home/ubuntu/robot_ws/install/msg_srv_action_interface_example' for CMake module files
[1.358s] Level 1:colcon.colcon_core.environment:checking '/home/ubuntu/robot_ws/install/msg_srv_action_interface_example' for CMake config files
[1.358s] Level 1:colcon.colcon_core.shell:create_environment_hook('msg_srv_action_interface_example', 'cmake_prefix_path')
[1.359s] INFO:colcon.colcon_core.shell:Creating environment hook '/home/ubuntu/robot_ws/install/msg_srv_action_interface_example/share/msg_srv_action_interface_example/hook/cmake_prefix_path.ps1'
[1.359s] INFO:colcon.colcon_core.shell:Creating environment descriptor '/home/ubuntu/robot_ws/install/msg_srv_action_interface_example/share/msg_srv_action_interface_example/hook/cmake_prefix_path.dsv'
[1.359s] INFO:colcon.colcon_core.shell:Creating environment hook '/home/ubuntu/robot_ws/install/msg_srv_action_interface_example/share/msg_srv_action_interface_example/hook/cmake_prefix_path.sh'
[1.360s] Level 1:colcon.colcon_core.environment:checking '/home/ubuntu/robot_ws/install/msg_srv_action_interface_example/lib'
[1.360s] Level 1:colcon.colcon_core.shell:create_environment_hook('msg_srv_action_interface_example', 'ld_library_path_lib')
[1.360s] INFO:colcon.colcon_core.shell:Creating environment hook '/home/ubuntu/robot_ws/install/msg_srv_action_interface_example/share/msg_srv_action_interface_example/hook/ld_library_path_lib.ps1'
[1.360s] INFO:colcon.colcon_core.shell:Creating environment descriptor '/home/ubuntu/robot_ws/install/msg_srv_action_interface_example/share/msg_srv_action_interface_example/hook/ld_library_path_lib.dsv'
[1.361s] INFO:colcon.colcon_core.shell:Creating environment hook '/home/ubuntu/robot_ws/install/msg_srv_action_interface_example/share/msg_srv_action_interface_example/hook/ld_library_path_lib.sh'
[1.361s] Level 1:colcon.colcon_core.environment:checking '/home/ubuntu/robot_ws/install/msg_srv_action_interface_example/bin'
[1.361s] Level 1:colcon.colcon_core.environment:checking '/home/ubuntu/robot_ws/install/msg_srv_action_interface_example/lib/pkgconfig/msg_srv_action_interface_example.pc'
[1.361s] Level 1:colcon.colcon_core.environment:checking '/home/ubuntu/robot_ws/install/msg_srv_action_interface_example/lib/python3.10/site-packages'
[1.361s] Level 1:colcon.colcon_core.environment:checking '/home/ubuntu/robot_ws/install/msg_srv_action_interface_example/bin'
[1.362s] INFO:colcon.colcon_core.shell:Creating package script '/home/ubuntu/robot_ws/install/msg_srv_action_interface_example/share/msg_srv_action_interface_example/package.ps1'
[1.362s] INFO:colcon.colcon_core.shell:Creating package descriptor '/home/ubuntu/robot_ws/install/msg_srv_action_interface_example/share/msg_srv_action_interface_example/package.dsv'
[1.363s] INFO:colcon.colcon_core.shell:Creating package script '/home/ubuntu/robot_ws/install/msg_srv_action_interface_example/share/msg_srv_action_interface_example/package.sh'
[1.363s] INFO:colcon.colcon_core.shell:Creating package script '/home/ubuntu/robot_ws/install/msg_srv_action_interface_example/share/msg_srv_action_interface_example/package.bash'
[1.364s] INFO:colcon.colcon_core.shell:Creating package script '/home/ubuntu/robot_ws/install/msg_srv_action_interface_example/share/msg_srv_action_interface_example/package.zsh'
[1.364s] Level 1:colcon.colcon_core.environment:create_file_with_runtime_dependencies(/home/ubuntu/robot_ws/install/msg_srv_action_interface_example/share/colcon-core/packages/msg_srv_action_interface_example)
[1.364s] INFO:colcon.colcon_ros.task.ament_cmake.build:Building ROS package in '/home/ubuntu/robot_ws/src/my_first_package_msgs' with build type 'ament_cmake'
[1.365s] INFO:colcon.colcon_cmake.task.cmake.build:Building CMake package in '/home/ubuntu/robot_ws/src/my_first_package_msgs'
[1.365s] INFO:colcon.colcon_core.shell:Skip shell extension 'powershell' for command environment: Not usable outside of PowerShell
[1.365s] DEBUG:colcon.colcon_core.shell:Skip shell extension 'dsv' for command environment
[1.375s] DEBUG:colcon.colcon_core.event_handler.log_command:Invoking command in '/home/ubuntu/robot_ws/build/my_first_package_msgs': CMAKE_PREFIX_PATH=${CMAKE_PREFIX_PATH}:/home/ubuntu/turtlebot3_ws/install/turtlebot3_yolo_object_detection:/home/ubuntu/turtlebot3_ws/install/turtlebot3_teleop:/home/ubuntu/turtlebot3_ws/install/turtlebot3_example:/home/ubuntu/turtlebot3_ws/install/turtlebot3_dqn:/home/ubuntu/turtlebot3_ws/install/turtlebot3_autorace_mission:/home/ubuntu/turtlebot3_ws/install/turtlebot3_autorace_detect:/home/ubuntu/turtlebot3_ws/install/turtlebot3_autorace_camera:/home/ubuntu/turtlebot3_ws/install/turtlebot3_automatic_parking_vision:/home/ubuntu/turtlebot3_ws/install/turtlebot3_automatic_parking:/home/ubuntu/turtlebot3_ws/install/turtlebot3_aruco_tracker:/home/ubuntu/robot_ws/install/topic_service_action_rclpy_example:/home/ubuntu/robot_ws/install/my_turtlebot_pkg:/home/ubuntu/robot_ws/install/my_first_ros_test_pkg:/home/ubuntu/robot_ws/install/my_first_ros_rclpy_pkg:/home/ubuntu/robot_ws/install/move_turtle_pkg:/opt/ros/humble /usr/bin/cmake --build /home/ubuntu/robot_ws/build/my_first_package_msgs -- -j2 -l2
[1.734s] Level 1:colcon.colcon_core.shell:create_environment_hook('move_turtle_pkg', 'pythonpath_develop')
[1.735s] INFO:colcon.colcon_core.shell:Creating environment hook '/home/ubuntu/robot_ws/build/move_turtle_pkg/share/move_turtle_pkg/hook/pythonpath_develop.ps1'
[1.735s] INFO:colcon.colcon_core.shell:Creating environment descriptor '/home/ubuntu/robot_ws/build/move_turtle_pkg/share/move_turtle_pkg/hook/pythonpath_develop.dsv'
[1.736s] DEBUG:colcon.colcon_core.event_handler.log_command:Invoked command in '/home/ubuntu/robot_ws/build/move_turtle_pkg' returned '0': PYTHONPATH=/home/ubuntu/robot_ws/build/move_turtle_pkg/prefix_override:/usr/lib/python3/dist-packages/colcon_core/task/python/colcon_distutils_commands:/home/ubuntu/robot_ws/install/move_turtle_pkg/lib/python3.10/site-packages:${PYTHONPATH} /usr/bin/python3 -W ignore:setup.py install is deprecated -W ignore:easy_install command is deprecated setup.py develop --editable --build-directory /home/ubuntu/robot_ws/build/move_turtle_pkg/build --no-deps symlink_data
[1.738s] INFO:colcon.colcon_core.shell:Creating environment hook '/home/ubuntu/robot_ws/build/move_turtle_pkg/share/move_turtle_pkg/hook/pythonpath_develop.sh'
[1.738s] Level 1:colcon.colcon_core.environment:checking '/home/ubuntu/robot_ws/install/move_turtle_pkg' for CMake module files
[1.739s] Level 1:colcon.colcon_core.environment:checking '/home/ubuntu/robot_ws/install/move_turtle_pkg' for CMake config files
[1.741s] Level 1:colcon.colcon_core.environment:checking '/home/ubuntu/robot_ws/install/move_turtle_pkg/lib'
[1.741s] Level 1:colcon.colcon_core.environment:checking '/home/ubuntu/robot_ws/install/move_turtle_pkg/bin'
[1.741s] Level 1:colcon.colcon_core.environment:checking '/home/ubuntu/robot_ws/install/move_turtle_pkg/lib/pkgconfig/move_turtle_pkg.pc'
[1.741s] Level 1:colcon.colcon_core.environment:checking '/home/ubuntu/robot_ws/install/move_turtle_pkg/lib/python3.10/site-packages'
[1.741s] Level 1:colcon.colcon_core.shell:create_environment_hook('move_turtle_pkg', 'pythonpath')
[1.741s] INFO:colcon.colcon_core.shell:Creating environment hook '/home/ubuntu/robot_ws/install/move_turtle_pkg/share/move_turtle_pkg/hook/pythonpath.ps1'
[1.742s] INFO:colcon.colcon_core.shell:Creating environment descriptor '/home/ubuntu/robot_ws/install/move_turtle_pkg/share/move_turtle_pkg/hook/pythonpath.dsv'
[1.742s] INFO:colcon.colcon_core.shell:Creating environment hook '/home/ubuntu/robot_ws/install/move_turtle_pkg/share/move_turtle_pkg/hook/pythonpath.sh'
[1.743s] Level 1:colcon.colcon_core.environment:checking '/home/ubuntu/robot_ws/install/move_turtle_pkg/bin'
[1.743s] Level 1:colcon.colcon_core.environment:create_environment_scripts_only(move_turtle_pkg)
[1.743s] INFO:colcon.colcon_core.shell:Creating package script '/home/ubuntu/robot_ws/install/move_turtle_pkg/share/move_turtle_pkg/package.ps1'
[1.744s] INFO:colcon.colcon_core.shell:Creating package descriptor '/home/ubuntu/robot_ws/install/move_turtle_pkg/share/move_turtle_pkg/package.dsv'
[1.744s] INFO:colcon.colcon_core.shell:Creating package script '/home/ubuntu/robot_ws/install/move_turtle_pkg/share/move_turtle_pkg/package.sh'
[1.745s] INFO:colcon.colcon_core.shell:Creating package script '/home/ubuntu/robot_ws/install/move_turtle_pkg/share/move_turtle_pkg/package.bash'
[1.745s] INFO:colcon.colcon_core.shell:Creating package script '/home/ubuntu/robot_ws/install/move_turtle_pkg/share/move_turtle_pkg/package.zsh'
[1.745s] Level 1:colcon.colcon_core.environment:create_file_with_runtime_dependencies(/home/ubuntu/robot_ws/install/move_turtle_pkg/share/colcon-core/packages/move_turtle_pkg)
[1.746s] INFO:colcon.colcon_ros.task.ament_python.build:Building ROS package in '/home/ubuntu/robot_ws/src/my_first_ros_rclpy_pkg' with build type 'ament_python'
[1.746s] Level 1:colcon.colcon_core.shell:create_environment_hook('my_first_ros_rclpy_pkg', 'ament_prefix_path')
[1.746s] INFO:colcon.colcon_core.shell:Creating environment hook '/home/ubuntu/robot_ws/install/my_first_ros_rclpy_pkg/share/my_first_ros_rclpy_pkg/hook/ament_prefix_path.ps1'
[1.747s] INFO:colcon.colcon_core.shell:Creating environment descriptor '/home/ubuntu/robot_ws/install/my_first_ros_rclpy_pkg/share/my_first_ros_rclpy_pkg/hook/ament_prefix_path.dsv'
[1.748s] INFO:colcon.colcon_core.shell:Creating environment hook '/home/ubuntu/robot_ws/install/my_first_ros_rclpy_pkg/share/my_first_ros_rclpy_pkg/hook/ament_prefix_path.sh'
[1.749s] INFO:colcon.colcon_core.shell:Skip shell extension 'powershell' for command environment: Not usable outside of PowerShell
[1.749s] DEBUG:colcon.colcon_core.shell:Skip shell extension 'dsv' for command environment
[2.057s] INFO:colcon.colcon_core.task.python.build:Building Python package in '/home/ubuntu/robot_ws/src/my_first_ros_rclpy_pkg'
[2.058s] INFO:colcon.colcon_core.shell:Skip shell extension 'powershell' for command environment: Not usable outside of PowerShell
[2.058s] DEBUG:colcon.colcon_core.shell:Skip shell extension 'dsv' for command environment
[2.140s] DEBUG:colcon.colcon_core.event_handler.log_command:Invoked command in '/home/ubuntu/robot_ws/build/my_first_package_msgs' returned '0': CMAKE_PREFIX_PATH=${CMAKE_PREFIX_PATH}:/home/ubuntu/turtlebot3_ws/install/turtlebot3_yolo_object_detection:/home/ubuntu/turtlebot3_ws/install/turtlebot3_teleop:/home/ubuntu/turtlebot3_ws/install/turtlebot3_example:/home/ubuntu/turtlebot3_ws/install/turtlebot3_dqn:/home/ubuntu/turtlebot3_ws/install/turtlebot3_autorace_mission:/home/ubuntu/turtlebot3_ws/install/turtlebot3_autorace_detect:/home/ubuntu/turtlebot3_ws/install/turtlebot3_autorace_camera:/home/ubuntu/turtlebot3_ws/install/turtlebot3_automatic_parking_vision:/home/ubuntu/turtlebot3_ws/install/turtlebot3_automatic_parking:/home/ubuntu/turtlebot3_ws/install/turtlebot3_aruco_tracker:/home/ubuntu/robot_ws/install/topic_service_action_rclpy_example:/home/ubuntu/robot_ws/install/my_turtlebot_pkg:/home/ubuntu/robot_ws/install/my_first_ros_test_pkg:/home/ubuntu/robot_ws/install/my_first_ros_rclpy_pkg:/home/ubuntu/robot_ws/install/move_turtle_pkg:/opt/ros/humble /usr/bin/cmake --build /home/ubuntu/robot_ws/build/my_first_package_msgs -- -j2 -l2
[2.140s] DEBUG:colcon.colcon_core.event_handler.log_command:Invoking command in '/home/ubuntu/robot_ws/build/my_first_package_msgs': CMAKE_PREFIX_PATH=${CMAKE_PREFIX_PATH}:/home/ubuntu/turtlebot3_ws/install/turtlebot3_yolo_object_detection:/home/ubuntu/turtlebot3_ws/install/turtlebot3_teleop:/home/ubuntu/turtlebot3_ws/install/turtlebot3_example:/home/ubuntu/turtlebot3_ws/install/turtlebot3_dqn:/home/ubuntu/turtlebot3_ws/install/turtlebot3_autorace_mission:/home/ubuntu/turtlebot3_ws/install/turtlebot3_autorace_detect:/home/ubuntu/turtlebot3_ws/install/turtlebot3_autorace_camera:/home/ubuntu/turtlebot3_ws/install/turtlebot3_automatic_parking_vision:/home/ubuntu/turtlebot3_ws/install/turtlebot3_automatic_parking:/home/ubuntu/turtlebot3_ws/install/turtlebot3_aruco_tracker:/home/ubuntu/robot_ws/install/topic_service_action_rclpy_example:/home/ubuntu/robot_ws/install/my_turtlebot_pkg:/home/ubuntu/robot_ws/install/my_first_ros_test_pkg:/home/ubuntu/robot_ws/install/my_first_ros_rclpy_pkg:/home/ubuntu/robot_ws/install/move_turtle_pkg:/opt/ros/humble /usr/bin/cmake --install /home/ubuntu/robot_ws/build/my_first_package_msgs
[2.262s] Level 1:colcon.colcon_core.environment:create_environment_scripts_only(my_first_package_msgs)
[2.263s] Level 1:colcon.colcon_core.environment:checking '/home/ubuntu/robot_ws/install/my_first_package_msgs' for CMake module files
[2.263s] DEBUG:colcon.colcon_core.event_handler.log_command:Invoked command in '/home/ubuntu/robot_ws/build/my_first_package_msgs' returned '0': CMAKE_PREFIX_PATH=${CMAKE_PREFIX_PATH}:/home/ubuntu/turtlebot3_ws/install/turtlebot3_yolo_object_detection:/home/ubuntu/turtlebot3_ws/install/turtlebot3_teleop:/home/ubuntu/turtlebot3_ws/install/turtlebot3_example:/home/ubuntu/turtlebot3_ws/install/turtlebot3_dqn:/home/ubuntu/turtlebot3_ws/install/turtlebot3_autorace_mission:/home/ubuntu/turtlebot3_ws/install/turtlebot3_autorace_detect:/home/ubuntu/turtlebot3_ws/install/turtlebot3_autorace_camera:/home/ubuntu/turtlebot3_ws/install/turtlebot3_automatic_parking_vision:/home/ubuntu/turtlebot3_ws/install/turtlebot3_automatic_parking:/home/ubuntu/turtlebot3_ws/install/turtlebot3_aruco_tracker:/home/ubuntu/robot_ws/install/topic_service_action_rclpy_example:/home/ubuntu/robot_ws/install/my_turtlebot_pkg:/home/ubuntu/robot_ws/install/my_first_ros_test_pkg:/home/ubuntu/robot_ws/install/my_first_ros_rclpy_pkg:/home/ubuntu/robot_ws/install/move_turtle_pkg:/opt/ros/humble /usr/bin/cmake --install /home/ubuntu/robot_ws/build/my_first_package_msgs
[2.266s] Level 1:colcon.colcon_core.environment:checking '/home/ubuntu/robot_ws/install/my_first_package_msgs' for CMake config files
[2.268s] Level 1:colcon.colcon_core.shell:create_environment_hook('my_first_package_msgs', 'cmake_prefix_path')
[2.268s] INFO:colcon.colcon_core.shell:Creating environment hook '/home/ubuntu/robot_ws/install/my_first_package_msgs/share/my_first_package_msgs/hook/cmake_prefix_path.ps1'
[2.268s] INFO:colcon.colcon_core.shell:Creating environment descriptor '/home/ubuntu/robot_ws/install/my_first_package_msgs/share/my_first_package_msgs/hook/cmake_prefix_path.dsv'
[2.269s] INFO:colcon.colcon_core.shell:Creating environment hook '/home/ubuntu/robot_ws/install/my_first_package_msgs/share/my_first_package_msgs/hook/cmake_prefix_path.sh'
[2.270s] Level 1:colcon.colcon_core.environment:checking '/home/ubuntu/robot_ws/install/my_first_package_msgs/lib'
[2.270s] Level 1:colcon.colcon_core.shell:create_environment_hook('my_first_package_msgs', 'ld_library_path_lib')
[2.270s] INFO:colcon.colcon_core.shell:Creating environment hook '/home/ubuntu/robot_ws/install/my_first_package_msgs/share/my_first_package_msgs/hook/ld_library_path_lib.ps1'
[2.270s] INFO:colcon.colcon_core.shell:Creating environment descriptor '/home/ubuntu/robot_ws/install/my_first_package_msgs/share/my_first_package_msgs/hook/ld_library_path_lib.dsv'
[2.271s] INFO:colcon.colcon_core.shell:Creating environment hook '/home/ubuntu/robot_ws/install/my_first_package_msgs/share/my_first_package_msgs/hook/ld_library_path_lib.sh'
[2.271s] Level 1:colcon.colcon_core.environment:checking '/home/ubuntu/robot_ws/install/my_first_package_msgs/bin'
[2.271s] Level 1:colcon.colcon_core.environment:checking '/home/ubuntu/robot_ws/install/my_first_package_msgs/lib/pkgconfig/my_first_package_msgs.pc'
[2.271s] Level 1:colcon.colcon_core.environment:checking '/home/ubuntu/robot_ws/install/my_first_package_msgs/lib/python3.10/site-packages'
[2.271s] Level 1:colcon.colcon_core.environment:checking '/home/ubuntu/robot_ws/install/my_first_package_msgs/bin'
[2.272s] INFO:colcon.colcon_core.shell:Creating package script '/home/ubuntu/robot_ws/install/my_first_package_msgs/share/my_first_package_msgs/package.ps1'
[2.272s] INFO:colcon.colcon_core.shell:Creating package descriptor '/home/ubuntu/robot_ws/install/my_first_package_msgs/share/my_first_package_msgs/package.dsv'
[2.272s] INFO:colcon.colcon_core.shell:Creating package script '/home/ubuntu/robot_ws/install/my_first_package_msgs/share/my_first_package_msgs/package.sh'
[2.273s] INFO:colcon.colcon_core.shell:Creating package script '/home/ubuntu/robot_ws/install/my_first_package_msgs/share/my_first_package_msgs/package.bash'
[2.273s] INFO:colcon.colcon_core.shell:Creating package script '/home/ubuntu/robot_ws/install/my_first_package_msgs/share/my_first_package_msgs/package.zsh'
[2.274s] Level 1:colcon.colcon_core.environment:create_file_with_runtime_dependencies(/home/ubuntu/robot_ws/install/my_first_package_msgs/share/colcon-core/packages/my_first_package_msgs)
[2.274s] Level 1:colcon.colcon_core.environment:create_environment_scripts_only(my_first_package_msgs)
[2.274s] Level 1:colcon.colcon_core.environment:checking '/home/ubuntu/robot_ws/install/my_first_package_msgs' for CMake module files
[2.275s] Level 1:colcon.colcon_core.environment:checking '/home/ubuntu/robot_ws/install/my_first_package_msgs' for CMake config files
[2.276s] Level 1:colcon.colcon_core.shell:create_environment_hook('my_first_package_msgs', 'cmake_prefix_path')
[2.276s] INFO:colcon.colcon_core.shell:Creating environment hook '/home/ubuntu/robot_ws/install/my_first_package_msgs/share/my_first_package_msgs/hook/cmake_prefix_path.ps1'
[2.276s] INFO:colcon.colcon_core.shell:Creating environment descriptor '/home/ubuntu/robot_ws/install/my_first_package_msgs/share/my_first_package_msgs/hook/cmake_prefix_path.dsv'
[2.277s] INFO:colcon.colcon_core.shell:Creating environment hook '/home/ubuntu/robot_ws/install/my_first_package_msgs/share/my_first_package_msgs/hook/cmake_prefix_path.sh'
[2.277s] Level 1:colcon.colcon_core.environment:checking '/home/ubuntu/robot_ws/install/my_first_package_msgs/lib'
[2.277s] Level 1:colcon.colcon_core.shell:create_environment_hook('my_first_package_msgs', 'ld_library_path_lib')
[2.277s] INFO:colcon.colcon_core.shell:Creating environment hook '/home/ubuntu/robot_ws/install/my_first_package_msgs/share/my_first_package_msgs/hook/ld_library_path_lib.ps1'
[2.278s] INFO:colcon.colcon_core.shell:Creating environment descriptor '/home/ubuntu/robot_ws/install/my_first_package_msgs/share/my_first_package_msgs/hook/ld_library_path_lib.dsv'
[2.278s] INFO:colcon.colcon_core.shell:Creating environment hook '/home/ubuntu/robot_ws/install/my_first_package_msgs/share/my_first_package_msgs/hook/ld_library_path_lib.sh'
[2.279s] Level 1:colcon.colcon_core.environment:checking '/home/ubuntu/robot_ws/install/my_first_package_msgs/bin'
[2.279s] Level 1:colcon.colcon_core.environment:checking '/home/ubuntu/robot_ws/install/my_first_package_msgs/lib/pkgconfig/my_first_package_msgs.pc'
[2.279s] Level 1:colcon.colcon_core.environment:checking '/home/ubuntu/robot_ws/install/my_first_package_msgs/lib/python3.10/site-packages'
[2.279s] Level 1:colcon.colcon_core.environment:checking '/home/ubuntu/robot_ws/install/my_first_package_msgs/bin'
[2.279s] INFO:colcon.colcon_core.shell:Creating package script '/home/ubuntu/robot_ws/install/my_first_package_msgs/share/my_first_package_msgs/package.ps1'
[2.280s] INFO:colcon.colcon_core.shell:Creating package descriptor '/home/ubuntu/robot_ws/install/my_first_package_msgs/share/my_first_package_msgs/package.dsv'
[2.280s] INFO:colcon.colcon_core.shell:Creating package script '/home/ubuntu/robot_ws/install/my_first_package_msgs/share/my_first_package_msgs/package.sh'
[2.281s] INFO:colcon.colcon_core.shell:Creating package script '/home/ubuntu/robot_ws/install/my_first_package_msgs/share/my_first_package_msgs/package.bash'
[2.281s] INFO:colcon.colcon_core.shell:Creating package script '/home/ubuntu/robot_ws/install/my_first_package_msgs/share/my_first_package_msgs/package.zsh'
[2.281s] Level 1:colcon.colcon_core.environment:create_file_with_runtime_dependencies(/home/ubuntu/robot_ws/install/my_first_package_msgs/share/colcon-core/packages/my_first_package_msgs)
[2.282s] INFO:colcon.colcon_ros.task.ament_python.build:Building ROS package in '/home/ubuntu/robot_ws/src/my_first_ros_test_pkg' with build type 'ament_python'
[2.282s] Level 1:colcon.colcon_core.shell:create_environment_hook('my_first_ros_test_pkg', 'ament_prefix_path')
[2.282s] INFO:colcon.colcon_core.shell:Creating environment hook '/home/ubuntu/robot_ws/install/my_first_ros_test_pkg/share/my_first_ros_test_pkg/hook/ament_prefix_path.ps1'
[2.283s] INFO:colcon.colcon_core.shell:Creating environment descriptor '/home/ubuntu/robot_ws/install/my_first_ros_test_pkg/share/my_first_ros_test_pkg/hook/ament_prefix_path.dsv'
[2.285s] INFO:colcon.colcon_core.shell:Creating environment hook '/home/ubuntu/robot_ws/install/my_first_ros_test_pkg/share/my_first_ros_test_pkg/hook/ament_prefix_path.sh'
[2.286s] INFO:colcon.colcon_core.shell:Skip shell extension 'powershell' for command environment: Not usable outside of PowerShell
[2.286s] DEBUG:colcon.colcon_core.shell:Skip shell extension 'dsv' for command environment
[2.587s] INFO:colcon.colcon_core.task.python.build:Building Python package in '/home/ubuntu/robot_ws/src/my_first_ros_test_pkg'
[2.587s] INFO:colcon.colcon_core.shell:Skip shell extension 'powershell' for command environment: Not usable outside of PowerShell
[2.587s] DEBUG:colcon.colcon_core.shell:Skip shell extension 'dsv' for command environment
[2.596s] DEBUG:colcon.colcon_core.event_handler.log_command:Invoking command in '/home/ubuntu/robot_ws/build/my_first_ros_rclpy_pkg': PYTHONPATH=/home/ubuntu/robot_ws/build/my_first_ros_rclpy_pkg/prefix_override:/usr/lib/python3/dist-packages/colcon_core/task/python/colcon_distutils_commands:/home/ubuntu/robot_ws/install/my_first_ros_rclpy_pkg/lib/python3.10/site-packages:${PYTHONPATH} /usr/bin/python3 -W ignore:setup.py install is deprecated -W ignore:easy_install command is deprecated setup.py develop --editable --build-directory /home/ubuntu/robot_ws/build/my_first_ros_rclpy_pkg/build --no-deps symlink_data
[3.015s] DEBUG:colcon.colcon_core.event_handler.log_command:Invoking command in '/home/ubuntu/robot_ws/build/my_first_ros_test_pkg': PYTHONPATH=/home/ubuntu/robot_ws/build/my_first_ros_test_pkg/prefix_override:/usr/lib/python3/dist-packages/colcon_core/task/python/colcon_distutils_commands:/home/ubuntu/robot_ws/install/my_first_ros_test_pkg/lib/python3.10/site-packages:${PYTHONPATH} /usr/bin/python3 -W ignore:setup.py install is deprecated -W ignore:easy_install command is deprecated setup.py develop --editable --build-directory /home/ubuntu/robot_ws/build/my_first_ros_test_pkg/build --no-deps symlink_data
[3.170s] Level 1:colcon.colcon_core.shell:create_environment_hook('my_first_ros_rclpy_pkg', 'pythonpath_develop')
[3.171s] DEBUG:colcon.colcon_core.event_handler.log_command:Invoked command in '/home/ubuntu/robot_ws/build/my_first_ros_rclpy_pkg' returned '0': PYTHONPATH=/home/ubuntu/robot_ws/build/my_first_ros_rclpy_pkg/prefix_override:/usr/lib/python3/dist-packages/colcon_core/task/python/colcon_distutils_commands:/home/ubuntu/robot_ws/install/my_first_ros_rclpy_pkg/lib/python3.10/site-packages:${PYTHONPATH} /usr/bin/python3 -W ignore:setup.py install is deprecated -W ignore:easy_install command is deprecated setup.py develop --editable --build-directory /home/ubuntu/robot_ws/build/my_first_ros_rclpy_pkg/build --no-deps symlink_data
[3.171s] INFO:colcon.colcon_core.shell:Creating environment hook '/home/ubuntu/robot_ws/build/my_first_ros_rclpy_pkg/share/my_first_ros_rclpy_pkg/hook/pythonpath_develop.ps1'
[3.172s] INFO:colcon.colcon_core.shell:Creating environment descriptor '/home/ubuntu/robot_ws/build/my_first_ros_rclpy_pkg/share/my_first_ros_rclpy_pkg/hook/pythonpath_develop.dsv'
[3.172s] INFO:colcon.colcon_core.shell:Creating environment hook '/home/ubuntu/robot_ws/build/my_first_ros_rclpy_pkg/share/my_first_ros_rclpy_pkg/hook/pythonpath_develop.sh'
[3.173s] Level 1:colcon.colcon_core.environment:checking '/home/ubuntu/robot_ws/install/my_first_ros_rclpy_pkg' for CMake module files
[3.174s] Level 1:colcon.colcon_core.environment:checking '/home/ubuntu/robot_ws/install/my_first_ros_rclpy_pkg' for CMake config files
[3.176s] Level 1:colcon.colcon_core.environment:checking '/home/ubuntu/robot_ws/install/my_first_ros_rclpy_pkg/lib'
[3.176s] Level 1:colcon.colcon_core.environment:checking '/home/ubuntu/robot_ws/install/my_first_ros_rclpy_pkg/bin'
[3.176s] Level 1:colcon.colcon_core.environment:checking '/home/ubuntu/robot_ws/install/my_first_ros_rclpy_pkg/lib/pkgconfig/my_first_ros_rclpy_pkg.pc'
[3.176s] Level 1:colcon.colcon_core.environment:checking '/home/ubuntu/robot_ws/install/my_first_ros_rclpy_pkg/lib/python3.10/site-packages'
[3.177s] Level 1:colcon.colcon_core.shell:create_environment_hook('my_first_ros_rclpy_pkg', 'pythonpath')
[3.177s] INFO:colcon.colcon_core.shell:Creating environment hook '/home/ubuntu/robot_ws/install/my_first_ros_rclpy_pkg/share/my_first_ros_rclpy_pkg/hook/pythonpath.ps1'
[3.177s] INFO:colcon.colcon_core.shell:Creating environment descriptor '/home/ubuntu/robot_ws/install/my_first_ros_rclpy_pkg/share/my_first_ros_rclpy_pkg/hook/pythonpath.dsv'
[3.177s] INFO:colcon.colcon_core.shell:Creating environment hook '/home/ubuntu/robot_ws/install/my_first_ros_rclpy_pkg/share/my_first_ros_rclpy_pkg/hook/pythonpath.sh'
[3.178s] Level 1:colcon.colcon_core.environment:checking '/home/ubuntu/robot_ws/install/my_first_ros_rclpy_pkg/bin'
[3.178s] Level 1:colcon.colcon_core.environment:create_environment_scripts_only(my_first_ros_rclpy_pkg)
[3.179s] INFO:colcon.colcon_core.shell:Creating package script '/home/ubuntu/robot_ws/install/my_first_ros_rclpy_pkg/share/my_first_ros_rclpy_pkg/package.ps1'
[3.180s] INFO:colcon.colcon_core.shell:Creating package descriptor '/home/ubuntu/robot_ws/install/my_first_ros_rclpy_pkg/share/my_first_ros_rclpy_pkg/package.dsv'
[3.181s] INFO:colcon.colcon_core.shell:Creating package script '/home/ubuntu/robot_ws/install/my_first_ros_rclpy_pkg/share/my_first_ros_rclpy_pkg/package.sh'
[3.181s] INFO:colcon.colcon_core.shell:Creating package script '/home/ubuntu/robot_ws/install/my_first_ros_rclpy_pkg/share/my_first_ros_rclpy_pkg/package.bash'
[3.181s] INFO:colcon.colcon_core.shell:Creating package script '/home/ubuntu/robot_ws/install/my_first_ros_rclpy_pkg/share/my_first_ros_rclpy_pkg/package.zsh'
[3.182s] Level 1:colcon.colcon_core.environment:create_file_with_runtime_dependencies(/home/ubuntu/robot_ws/install/my_first_ros_rclpy_pkg/share/colcon-core/packages/my_first_ros_rclpy_pkg)
[3.182s] INFO:colcon.colcon_ros.task.ament_python.build:Building ROS package in '/home/ubuntu/robot_ws/src/my_turtlebot_pkg' with build type 'ament_python'
[3.182s] Level 1:colcon.colcon_core.shell:create_environment_hook('my_turtlebot_pkg', 'ament_prefix_path')
[3.183s] INFO:colcon.colcon_core.shell:Creating environment hook '/home/ubuntu/robot_ws/install/my_turtlebot_pkg/share/my_turtlebot_pkg/hook/ament_prefix_path.ps1'
[3.184s] INFO:colcon.colcon_core.shell:Creating environment descriptor '/home/ubuntu/robot_ws/install/my_turtlebot_pkg/share/my_turtlebot_pkg/hook/ament_prefix_path.dsv'
[3.185s] INFO:colcon.colcon_core.shell:Creating environment hook '/home/ubuntu/robot_ws/install/my_turtlebot_pkg/share/my_turtlebot_pkg/hook/ament_prefix_path.sh'
[3.185s] INFO:colcon.colcon_core.shell:Skip shell extension 'powershell' for command environment: Not usable outside of PowerShell
[3.185s] DEBUG:colcon.colcon_core.shell:Skip shell extension 'dsv' for command environment
[3.534s] INFO:colcon.colcon_core.task.python.build:Building Python package in '/home/ubuntu/robot_ws/src/my_turtlebot_pkg'
[3.534s] INFO:colcon.colcon_core.shell:Skip shell extension 'powershell' for command environment: Not usable outside of PowerShell
[3.534s] DEBUG:colcon.colcon_core.shell:Skip shell extension 'dsv' for command environment
[3.567s] Level 1:colcon.colcon_core.shell:create_environment_hook('my_first_ros_test_pkg', 'pythonpath_develop')
[3.567s] INFO:colcon.colcon_core.shell:Creating environment hook '/home/ubuntu/robot_ws/build/my_first_ros_test_pkg/share/my_first_ros_test_pkg/hook/pythonpath_develop.ps1'
[3.568s] INFO:colcon.colcon_core.shell:Creating environment descriptor '/home/ubuntu/robot_ws/build/my_first_ros_test_pkg/share/my_first_ros_test_pkg/hook/pythonpath_develop.dsv'
[3.568s] INFO:colcon.colcon_core.shell:Creating environment hook '/home/ubuntu/robot_ws/build/my_first_ros_test_pkg/share/my_first_ros_test_pkg/hook/pythonpath_develop.sh'
[3.569s] DEBUG:colcon.colcon_core.event_handler.log_command:Invoked command in '/home/ubuntu/robot_ws/build/my_first_ros_test_pkg' returned '0': PYTHONPATH=/home/ubuntu/robot_ws/build/my_first_ros_test_pkg/prefix_override:/usr/lib/python3/dist-packages/colcon_core/task/python/colcon_distutils_commands:/home/ubuntu/robot_ws/install/my_first_ros_test_pkg/lib/python3.10/site-packages:${PYTHONPATH} /usr/bin/python3 -W ignore:setup.py install is deprecated -W ignore:easy_install command is deprecated setup.py develop --editable --build-directory /home/ubuntu/robot_ws/build/my_first_ros_test_pkg/build --no-deps symlink_data
[3.570s] Level 1:colcon.colcon_core.environment:checking '/home/ubuntu/robot_ws/install/my_first_ros_test_pkg' for CMake module files
[3.571s] Level 1:colcon.colcon_core.environment:checking '/home/ubuntu/robot_ws/install/my_first_ros_test_pkg' for CMake config files
[3.572s] Level 1:colcon.colcon_core.environment:checking '/home/ubuntu/robot_ws/install/my_first_ros_test_pkg/lib'
[3.572s] Level 1:colcon.colcon_core.environment:checking '/home/ubuntu/robot_ws/install/my_first_ros_test_pkg/bin'
[3.572s] Level 1:colcon.colcon_core.environment:checking '/home/ubuntu/robot_ws/install/my_first_ros_test_pkg/lib/pkgconfig/my_first_ros_test_pkg.pc'
[3.572s] Level 1:colcon.colcon_core.environment:checking '/home/ubuntu/robot_ws/install/my_first_ros_test_pkg/lib/python3.10/site-packages'
[3.572s] Level 1:colcon.colcon_core.shell:create_environment_hook('my_first_ros_test_pkg', 'pythonpath')
[3.573s] INFO:colcon.colcon_core.shell:Creating environment hook '/home/ubuntu/robot_ws/install/my_first_ros_test_pkg/share/my_first_ros_test_pkg/hook/pythonpath.ps1'
[3.573s] INFO:colcon.colcon_core.shell:Creating environment descriptor '/home/ubuntu/robot_ws/install/my_first_ros_test_pkg/share/my_first_ros_test_pkg/hook/pythonpath.dsv'
[3.574s] INFO:colcon.colcon_core.shell:Creating environment hook '/home/ubuntu/robot_ws/install/my_first_ros_test_pkg/share/my_first_ros_test_pkg/hook/pythonpath.sh'
[3.575s] Level 1:colcon.colcon_core.environment:checking '/home/ubuntu/robot_ws/install/my_first_ros_test_pkg/bin'
[3.575s] Level 1:colcon.colcon_core.environment:create_environment_scripts_only(my_first_ros_test_pkg)
[3.575s] INFO:colcon.colcon_core.shell:Creating package script '/home/ubuntu/robot_ws/install/my_first_ros_test_pkg/share/my_first_ros_test_pkg/package.ps1'
[3.576s] INFO:colcon.colcon_core.shell:Creating package descriptor '/home/ubuntu/robot_ws/install/my_first_ros_test_pkg/share/my_first_ros_test_pkg/package.dsv'
[3.576s] INFO:colcon.colcon_core.shell:Creating package script '/home/ubuntu/robot_ws/install/my_first_ros_test_pkg/share/my_first_ros_test_pkg/package.sh'
[3.576s] INFO:colcon.colcon_core.shell:Creating package script '/home/ubuntu/robot_ws/install/my_first_ros_test_pkg/share/my_first_ros_test_pkg/package.bash'
[3.577s] INFO:colcon.colcon_core.shell:Creating package script '/home/ubuntu/robot_ws/install/my_first_ros_test_pkg/share/my_first_ros_test_pkg/package.zsh'
[3.577s] Level 1:colcon.colcon_core.environment:create_file_with_runtime_dependencies(/home/ubuntu/robot_ws/install/my_first_ros_test_pkg/share/colcon-core/packages/my_first_ros_test_pkg)
[3.578s] INFO:colcon.colcon_ros.task.ament_python.build:Building ROS package in '/home/ubuntu/robot_ws/src/topic_service_action_rclpy_example' with build type 'ament_python'
[3.578s] Level 1:colcon.colcon_core.shell:create_environment_hook('topic_service_action_rclpy_example', 'ament_prefix_path')
[3.578s] INFO:colcon.colcon_core.shell:Creating environment hook '/home/ubuntu/robot_ws/install/topic_service_action_rclpy_example/share/topic_service_action_rclpy_example/hook/ament_prefix_path.ps1'
[3.580s] INFO:colcon.colcon_core.shell:Creating environment descriptor '/home/ubuntu/robot_ws/install/topic_service_action_rclpy_example/share/topic_service_action_rclpy_example/hook/ament_prefix_path.dsv'
[3.580s] INFO:colcon.colcon_core.shell:Creating environment hook '/home/ubuntu/robot_ws/install/topic_service_action_rclpy_example/share/topic_service_action_rclpy_example/hook/ament_prefix_path.sh'
[3.581s] INFO:colcon.colcon_core.shell:Skip shell extension 'powershell' for command environment: Not usable outside of PowerShell
[3.581s] DEBUG:colcon.colcon_core.shell:Skip shell extension 'dsv' for command environment
[3.925s] INFO:colcon.colcon_core.task.python.build:Building Python package in '/home/ubuntu/robot_ws/src/topic_service_action_rclpy_example'
[3.925s] INFO:colcon.colcon_core.shell:Skip shell extension 'powershell' for command environment: Not usable outside of PowerShell
[3.925s] DEBUG:colcon.colcon_core.shell:Skip shell extension 'dsv' for command environment
[3.956s] DEBUG:colcon.colcon_core.event_handler.log_command:Invoking command in '/home/ubuntu/robot_ws/build/my_turtlebot_pkg': PYTHONPATH=/home/ubuntu/robot_ws/build/my_turtlebot_pkg/prefix_override:/usr/lib/python3/dist-packages/colcon_core/task/python/colcon_distutils_commands:/home/ubuntu/robot_ws/install/my_turtlebot_pkg/lib/python3.10/site-packages:${PYTHONPATH} /usr/bin/python3 -W ignore:setup.py install is deprecated -W ignore:easy_install command is deprecated setup.py develop --editable --build-directory /home/ubuntu/robot_ws/build/my_turtlebot_pkg/build --no-deps symlink_data
[4.639s] DEBUG:colcon.colcon_core.event_handler.log_command:Invoking command in '/home/ubuntu/robot_ws/build/topic_service_action_rclpy_example': CMAKE_PREFIX_PATH=/home/ubuntu/robot_ws/install/msg_srv_action_interface_example:/home/ubuntu/turtlebot3_ws/install/turtlebot3_applications:/home/ubuntu/turtlebot3_ws/install/turtlebot3:/home/ubuntu/turtlebot3_ws/install/turtlebot3_simulations:/home/ubuntu/turtlebot3_ws/install/turtlebot3_panorama:/home/ubuntu/turtlebot3_ws/install/turtlebot3_bringup:/home/ubuntu/turtlebot3_ws/install/turtlebot3_node:/home/ubuntu/turtlebot3_ws/install/turtlebot3_navigation2:/home/ubuntu/turtlebot3_ws/install/turtlebot3_machine_learning:/home/ubuntu/turtlebot3_ws/install/turtlebot3_fake_node:/home/ubuntu/turtlebot3_ws/install/turtlebot3_msgs:/home/ubuntu/turtlebot3_ws/install/turtlebot3_manipulation_gazebo:/home/ubuntu/turtlebot3_ws/install/turtlebot3_gazebo:/home/ubuntu/turtlebot3_ws/install/turtlebot3_follower:/home/ubuntu/turtlebot3_ws/install/turtlebot3_description:/home/ubuntu/turtlebot3_ws/install/turtlebot3_cartographer:/home/ubuntu/turtlebot3_ws/install/turtlebot3_autorace:/home/ubuntu/robot_ws/install/my_first_package_msgs LD_LIBRARY_PATH=/home/ubuntu/robot_ws/install/msg_srv_action_interface_example/lib:/home/ubuntu/turtlebot3_ws/install/turtlebot3_msgs/lib:/home/ubuntu/robot_ws/install/my_first_package_msgs/lib:/usr/lib/x86_64-linux-gnu/gazebo-11/plugins:/opt/ros/humble/opt/rviz_ogre_vendor/lib:/opt/ros/humble/lib/x86_64-linux-gnu:/opt/ros/humble/lib:/usr/lib/x86_64-linux-gnu/gazebo-11/plugins:/usr/lib/x86_64-linux-gnu/gazebo-11/plugins:/usr/lib/x86_64-linux-gnu/gazebo-11/plugins:/usr/lib/x86_64-linux-gnu/gazebo-11/plugins:/usr/lib/x86_64-linux-gnu/gazebo-11/plugins:/usr/lib/x86_64-linux-gnu/gazebo-11/plugins PYTHONPATH=/home/ubuntu/robot_ws/build/topic_service_action_rclpy_example/prefix_override:/usr/lib/python3/dist-packages/colcon_core/task/python/colcon_distutils_commands:/home/ubuntu/robot_ws/install/topic_service_action_rclpy_example/lib/python3.10/site-packages:${PYTHONPATH} /usr/bin/python3 -W ignore:setup.py install is deprecated -W ignore:easy_install command is deprecated setup.py develop --editable --build-directory /home/ubuntu/robot_ws/build/topic_service_action_rclpy_example/build --no-deps symlink_data
[4.834s] Level 1:colcon.colcon_core.shell:create_environment_hook('my_turtlebot_pkg', 'pythonpath_develop')
[4.834s] INFO:colcon.colcon_core.shell:Creating environment hook '/home/ubuntu/robot_ws/build/my_turtlebot_pkg/share/my_turtlebot_pkg/hook/pythonpath_develop.ps1'
[4.836s] INFO:colcon.colcon_core.shell:Creating environment descriptor '/home/ubuntu/robot_ws/build/my_turtlebot_pkg/share/my_turtlebot_pkg/hook/pythonpath_develop.dsv'
[4.837s] DEBUG:colcon.colcon_core.event_handler.log_command:Invoked command in '/home/ubuntu/robot_ws/build/my_turtlebot_pkg' returned '0': PYTHONPATH=/home/ubuntu/robot_ws/build/my_turtlebot_pkg/prefix_override:/usr/lib/python3/dist-packages/colcon_core/task/python/colcon_distutils_commands:/home/ubuntu/robot_ws/install/my_turtlebot_pkg/lib/python3.10/site-packages:${PYTHONPATH} /usr/bin/python3 -W ignore:setup.py install is deprecated -W ignore:easy_install command is deprecated setup.py develop --editable --build-directory /home/ubuntu/robot_ws/build/my_turtlebot_pkg/build --no-deps symlink_data
[4.837s] INFO:colcon.colcon_core.shell:Creating environment hook '/home/ubuntu/robot_ws/build/my_turtlebot_pkg/share/my_turtlebot_pkg/hook/pythonpath_develop.sh'
[4.838s] Level 1:colcon.colcon_core.environment:checking '/home/ubuntu/robot_ws/install/my_turtlebot_pkg' for CMake module files
[4.839s] Level 1:colcon.colcon_core.environment:checking '/home/ubuntu/robot_ws/install/my_turtlebot_pkg' for CMake config files
[4.843s] Level 1:colcon.colcon_core.environment:checking '/home/ubuntu/robot_ws/install/my_turtlebot_pkg/lib'
[4.843s] Level 1:colcon.colcon_core.environment:checking '/home/ubuntu/robot_ws/install/my_turtlebot_pkg/bin'
[4.843s] Level 1:colcon.colcon_core.environment:checking '/home/ubuntu/robot_ws/install/my_turtlebot_pkg/lib/pkgconfig/my_turtlebot_pkg.pc'
[4.843s] Level 1:colcon.colcon_core.environment:checking '/home/ubuntu/robot_ws/install/my_turtlebot_pkg/lib/python3.10/site-packages'
[4.843s] Level 1:colcon.colcon_core.shell:create_environment_hook('my_turtlebot_pkg', 'pythonpath')
[4.843s] INFO:colcon.colcon_core.shell:Creating environment hook '/home/ubuntu/robot_ws/install/my_turtlebot_pkg/share/my_turtlebot_pkg/hook/pythonpath.ps1'
[4.844s] INFO:colcon.colcon_core.shell:Creating environment descriptor '/home/ubuntu/robot_ws/install/my_turtlebot_pkg/share/my_turtlebot_pkg/hook/pythonpath.dsv'
[4.844s] INFO:colcon.colcon_core.shell:Creating environment hook '/home/ubuntu/robot_ws/install/my_turtlebot_pkg/share/my_turtlebot_pkg/hook/pythonpath.sh'
[4.845s] Level 1:colcon.colcon_core.environment:checking '/home/ubuntu/robot_ws/install/my_turtlebot_pkg/bin'
[4.845s] Level 1:colcon.colcon_core.environment:create_environment_scripts_only(my_turtlebot_pkg)
[4.845s] INFO:colcon.colcon_core.shell:Creating package script '/home/ubuntu/robot_ws/install/my_turtlebot_pkg/share/my_turtlebot_pkg/package.ps1'
[4.846s] INFO:colcon.colcon_core.shell:Creating package descriptor '/home/ubuntu/robot_ws/install/my_turtlebot_pkg/share/my_turtlebot_pkg/package.dsv'
[4.847s] INFO:colcon.colcon_core.shell:Creating package script '/home/ubuntu/robot_ws/install/my_turtlebot_pkg/share/my_turtlebot_pkg/package.sh'
[4.849s] INFO:colcon.colcon_core.shell:Creating package script '/home/ubuntu/robot_ws/install/my_turtlebot_pkg/share/my_turtlebot_pkg/package.bash'
[4.850s] INFO:colcon.colcon_core.shell:Creating package script '/home/ubuntu/robot_ws/install/my_turtlebot_pkg/share/my_turtlebot_pkg/package.zsh'
[4.852s] Level 1:colcon.colcon_core.environment:create_file_with_runtime_dependencies(/home/ubuntu/robot_ws/install/my_turtlebot_pkg/share/colcon-core/packages/my_turtlebot_pkg)
[5.200s] Level 1:colcon.colcon_core.shell:create_environment_hook('topic_service_action_rclpy_example', 'pythonpath_develop')
[5.200s] INFO:colcon.colcon_core.shell:Creating environment hook '/home/ubuntu/robot_ws/build/topic_service_action_rclpy_example/share/topic_service_action_rclpy_example/hook/pythonpath_develop.ps1'
[5.201s] DEBUG:colcon.colcon_core.event_handler.log_command:Invoked command in '/home/ubuntu/robot_ws/build/topic_service_action_rclpy_example' returned '0': CMAKE_PREFIX_PATH=/home/ubuntu/robot_ws/install/msg_srv_action_interface_example:/home/ubuntu/turtlebot3_ws/install/turtlebot3_applications:/home/ubuntu/turtlebot3_ws/install/turtlebot3:/home/ubuntu/turtlebot3_ws/install/turtlebot3_simulations:/home/ubuntu/turtlebot3_ws/install/turtlebot3_panorama:/home/ubuntu/turtlebot3_ws/install/turtlebot3_bringup:/home/ubuntu/turtlebot3_ws/install/turtlebot3_node:/home/ubuntu/turtlebot3_ws/install/turtlebot3_navigation2:/home/ubuntu/turtlebot3_ws/install/turtlebot3_machine_learning:/home/ubuntu/turtlebot3_ws/install/turtlebot3_fake_node:/home/ubuntu/turtlebot3_ws/install/turtlebot3_msgs:/home/ubuntu/turtlebot3_ws/install/turtlebot3_manipulation_gazebo:/home/ubuntu/turtlebot3_ws/install/turtlebot3_gazebo:/home/ubuntu/turtlebot3_ws/install/turtlebot3_follower:/home/ubuntu/turtlebot3_ws/install/turtlebot3_description:/home/ubuntu/turtlebot3_ws/install/turtlebot3_cartographer:/home/ubuntu/turtlebot3_ws/install/turtlebot3_autorace:/home/ubuntu/robot_ws/install/my_first_package_msgs LD_LIBRARY_PATH=/home/ubuntu/robot_ws/install/msg_srv_action_interface_example/lib:/home/ubuntu/turtlebot3_ws/install/turtlebot3_msgs/lib:/home/ubuntu/robot_ws/install/my_first_package_msgs/lib:/usr/lib/x86_64-linux-gnu/gazebo-11/plugins:/opt/ros/humble/opt/rviz_ogre_vendor/lib:/opt/ros/humble/lib/x86_64-linux-gnu:/opt/ros/humble/lib:/usr/lib/x86_64-linux-gnu/gazebo-11/plugins:/usr/lib/x86_64-linux-gnu/gazebo-11/plugins:/usr/lib/x86_64-linux-gnu/gazebo-11/plugins:/usr/lib/x86_64-linux-gnu/gazebo-11/plugins:/usr/lib/x86_64-linux-gnu/gazebo-11/plugins:/usr/lib/x86_64-linux-gnu/gazebo-11/plugins PYTHONPATH=/home/ubuntu/robot_ws/build/topic_service_action_rclpy_example/prefix_override:/usr/lib/python3/dist-packages/colcon_core/task/python/colcon_distutils_commands:/home/ubuntu/robot_ws/install/topic_service_action_rclpy_example/lib/python3.10/site-packages:${PYTHONPATH} /usr/bin/python3 -W ignore:setup.py install is deprecated -W ignore:easy_install command is deprecated setup.py develop --editable --build-directory /home/ubuntu/robot_ws/build/topic_service_action_rclpy_example/build --no-deps symlink_data
[5.202s] INFO:colcon.colcon_core.shell:Creating environment descriptor '/home/ubuntu/robot_ws/build/topic_service_action_rclpy_example/share/topic_service_action_rclpy_example/hook/pythonpath_develop.dsv'
[5.203s] INFO:colcon.colcon_core.shell:Creating environment hook '/home/ubuntu/robot_ws/build/topic_service_action_rclpy_example/share/topic_service_action_rclpy_example/hook/pythonpath_develop.sh'
[5.204s] Level 1:colcon.colcon_core.environment:checking '/home/ubuntu/robot_ws/install/topic_service_action_rclpy_example' for CMake module files
[5.206s] Level 1:colcon.colcon_core.environment:checking '/home/ubuntu/robot_ws/install/topic_service_action_rclpy_example' for CMake config files
[5.208s] Level 1:colcon.colcon_core.environment:checking '/home/ubuntu/robot_ws/install/topic_service_action_rclpy_example/lib'
[5.208s] Level 1:colcon.colcon_core.environment:checking '/home/ubuntu/robot_ws/install/topic_service_action_rclpy_example/bin'
[5.208s] Level 1:colcon.colcon_core.environment:checking '/home/ubuntu/robot_ws/install/topic_service_action_rclpy_example/lib/pkgconfig/topic_service_action_rclpy_example.pc'
[5.208s] Level 1:colcon.colcon_core.environment:checking '/home/ubuntu/robot_ws/install/topic_service_action_rclpy_example/lib/python3.10/site-packages'
[5.208s] Level 1:colcon.colcon_core.shell:create_environment_hook('topic_service_action_rclpy_example', 'pythonpath')
[5.208s] INFO:colcon.colcon_core.shell:Creating environment hook '/home/ubuntu/robot_ws/install/topic_service_action_rclpy_example/share/topic_service_action_rclpy_example/hook/pythonpath.ps1'
[5.209s] INFO:colcon.colcon_core.shell:Creating environment descriptor '/home/ubuntu/robot_ws/install/topic_service_action_rclpy_example/share/topic_service_action_rclpy_example/hook/pythonpath.dsv'
[5.209s] INFO:colcon.colcon_core.shell:Creating environment hook '/home/ubuntu/robot_ws/install/topic_service_action_rclpy_example/share/topic_service_action_rclpy_example/hook/pythonpath.sh'
[5.210s] Level 1:colcon.colcon_core.environment:checking '/home/ubuntu/robot_ws/install/topic_service_action_rclpy_example/bin'
[5.210s] Level 1:colcon.colcon_core.environment:create_environment_scripts_only(topic_service_action_rclpy_example)
[5.210s] INFO:colcon.colcon_core.shell:Creating package script '/home/ubuntu/robot_ws/install/topic_service_action_rclpy_example/share/topic_service_action_rclpy_example/package.ps1'
[5.210s] INFO:colcon.colcon_core.shell:Creating package descriptor '/home/ubuntu/robot_ws/install/topic_service_action_rclpy_example/share/topic_service_action_rclpy_example/package.dsv'
[5.211s] INFO:colcon.colcon_core.shell:Creating package script '/home/ubuntu/robot_ws/install/topic_service_action_rclpy_example/share/topic_service_action_rclpy_example/package.sh'
[5.211s] INFO:colcon.colcon_core.shell:Creating package script '/home/ubuntu/robot_ws/install/topic_service_action_rclpy_example/share/topic_service_action_rclpy_example/package.bash'
[5.212s] INFO:colcon.colcon_core.shell:Creating package script '/home/ubuntu/robot_ws/install/topic_service_action_rclpy_example/share/topic_service_action_rclpy_example/package.zsh'
[5.212s] Level 1:colcon.colcon_core.environment:create_file_with_runtime_dependencies(/home/ubuntu/robot_ws/install/topic_service_action_rclpy_example/share/colcon-core/packages/topic_service_action_rclpy_example)
[5.212s] DEBUG:colcon.colcon_parallel_executor.executor.parallel:closing loop
[5.212s] DEBUG:colcon.colcon_parallel_executor.executor.parallel:loop closed
[5.212s] DEBUG:colcon.colcon_parallel_executor.executor.parallel:run_until_complete finished with '0'
[5.212s] DEBUG:colcon.colcon_core.event_reactor:joining thread
[5.219s] INFO:colcon.colcon_core.plugin_system:Skipping extension 'colcon_notification.desktop_notification.terminal_notifier': Not used on non-Darwin systems
[5.219s] INFO:colcon.colcon_core.plugin_system:Skipping extension 'colcon_notification.desktop_notification.win32': Not used on non-Windows systems
[5.219s] INFO:colcon.colcon_notification.desktop_notification:Sending desktop notification using 'notify2'
[5.234s] DEBUG:colcon.colcon_core.event_reactor:joined thread
[5.234s] INFO:colcon.colcon_core.shell:Creating prefix script '/home/ubuntu/robot_ws/install/local_setup.ps1'
[5.236s] INFO:colcon.colcon_core.shell:Creating prefix util module '/home/ubuntu/robot_ws/install/_local_setup_util_ps1.py'
[5.237s] INFO:colcon.colcon_core.shell:Creating prefix chain script '/home/ubuntu/robot_ws/install/setup.ps1'
[5.240s] INFO:colcon.colcon_core.shell:Creating prefix script '/home/ubuntu/robot_ws/install/local_setup.sh'
[5.241s] INFO:colcon.colcon_core.shell:Creating prefix util module '/home/ubuntu/robot_ws/install/_local_setup_util_sh.py'
[5.242s] INFO:colcon.colcon_core.shell:Creating prefix chain script '/home/ubuntu/robot_ws/install/setup.sh'
[5.243s] INFO:colcon.colcon_core.shell:Creating prefix script '/home/ubuntu/robot_ws/install/local_setup.bash'
[5.244s] INFO:colcon.colcon_core.shell:Creating prefix chain script '/home/ubuntu/robot_ws/install/setup.bash'
[5.247s] INFO:colcon.colcon_core.shell:Creating prefix script '/home/ubuntu/robot_ws/install/local_setup.zsh'
[5.247s] INFO:colcon.colcon_core.shell:Creating prefix chain script '/home/ubuntu/robot_ws/install/setup.zsh'
