[0.016s] Invoking command in '/home/ubuntu/robot_ws/build/msg_srv_action_interface_example': CMAKE_PREFIX_PATH=${CMAKE_PREFIX_PATH}:/home/ubuntu/turtlebot3_ws/install/turtlebot3_yolo_object_detection:/home/ubuntu/turtlebot3_ws/install/turtlebot3_teleop:/home/ubuntu/turtlebot3_ws/install/turtlebot3_example:/home/ubuntu/turtlebot3_ws/install/turtlebot3_dqn:/home/ubuntu/turtlebot3_ws/install/turtlebot3_autorace_mission:/home/ubuntu/turtlebot3_ws/install/turtlebot3_autorace_detect:/home/ubuntu/turtlebot3_ws/install/turtlebot3_autorace_camera:/home/ubuntu/turtlebot3_ws/install/turtlebot3_automatic_parking_vision:/home/ubuntu/turtlebot3_ws/install/turtlebot3_automatic_parking:/home/ubuntu/turtlebot3_ws/install/turtlebot3_aruco_tracker:/home/ubuntu/robot_ws/install/topic_service_action_rclpy_example:/home/ubuntu/robot_ws/install/my_turtlebot_pkg:/home/ubuntu/robot_ws/install/my_move_turtle_pkg:/home/ubuntu/robot_ws/install/my_first_ros_test_pkg:/home/ubuntu/robot_ws/install/my_first_ros_rclpy_pkg:/home/ubuntu/robot_ws/install/move_turtle_pkg:/opt/ros/humble /usr/bin/cmake /home/ubuntu/robot_ws/src/msg_srv_action_interface_example -DAMENT_CMAKE_SYMLINK_INSTALL=1 -DCMAKE_INSTALL_PREFIX=/home/ubuntu/robot_ws/install/msg_srv_action_interface_example
[0.065s] -- The C compiler identification is GNU 11.4.0
[0.107s] -- The CXX compiler identification is GNU 11.4.0
[0.114s] -- Detecting C compiler ABI info
[0.183s] -- Detecting C compiler ABI info - done
[0.188s] -- Check for working C compiler: /usr/bin/cc - skipped
[0.188s] -- Detecting C compile features
[0.189s] -- Detecting C compile features - done
[0.191s] -- Detecting CXX compiler ABI info
[0.263s] -- Detecting CXX compiler ABI info - done
[0.269s] -- Check for working CXX compiler: /usr/bin/c++ - skipped
[0.270s] -- Detecting CXX compile features
[0.270s] -- Detecting CXX compile features - done
[0.273s] -- Found ament_cmake: 1.3.11 (/opt/ros/humble/share/ament_cmake/cmake)
[0.458s] -- Found Python3: /usr/bin/python3 (found version "3.10.12") found components: Interpreter 
[0.533s] -- Override CMake install command with custom implementation using symlinks instead of copying resources
[0.586s] -- Found builtin_interfaces: 1.2.1 (/opt/ros/humble/share/builtin_interfaces/cmake)
[0.623s] -- Found rosidl_generator_c: 3.1.6 (/opt/ros/humble/share/rosidl_generator_c/cmake)
[0.633s] -- Found rosidl_adapter: 3.1.6 (/opt/ros/humble/share/rosidl_adapter/cmake)
[0.642s] -- Found rosidl_generator_cpp: 3.1.6 (/opt/ros/humble/share/rosidl_generator_cpp/cmake)
[0.658s] -- Using all available rosidl_typesupport_c: rosidl_typesupport_fastrtps_c;rosidl_typesupport_introspection_c
[0.677s] -- Using all available rosidl_typesupport_cpp: rosidl_typesupport_fastrtps_cpp;rosidl_typesupport_introspection_cpp
[0.697s] -- Found rosidl_default_generators: 1.2.0 (/opt/ros/humble/share/rosidl_default_generators/cmake)
[1.240s] -- Found ament_cmake_ros: 0.10.0 (/opt/ros/humble/share/ament_cmake_ros/cmake)
[1.886s] -- Using all available rosidl_typesupport_c: rosidl_typesupport_fastrtps_c;rosidl_typesupport_introspection_c
[2.176s] -- Using all available rosidl_typesupport_cpp: rosidl_typesupport_fastrtps_cpp;rosidl_typesupport_introspection_cpp
[2.227s] -- Found PythonInterp: /usr/bin/python3 (found suitable version "3.10.12", minimum required is "3.6") 
[2.231s] -- Found python_cmake_module: 0.10.0 (/opt/ros/humble/share/python_cmake_module/cmake)
[2.296s] -- Found PythonLibs: /usr/lib/x86_64-linux-gnu/libpython3.10.so (found suitable version "3.10.12", minimum required is "3.5") 
[2.298s] -- Using PYTHON_EXECUTABLE: /usr/bin/python3
[2.298s] -- Using PYTHON_INCLUDE_DIRS: /usr/include/python3.10
[2.298s] -- Using PYTHON_LIBRARIES: /usr/lib/x86_64-linux-gnu/libpython3.10.so
[2.349s] -- Found PythonExtra: .so  
[2.496s] -- Configuring done
[2.560s] -- Generating done
[2.585s] -- Build files have been written to: /home/ubuntu/robot_ws/build/msg_srv_action_interface_example
[2.597s] Invoked command in '/home/ubuntu/robot_ws/build/msg_srv_action_interface_example' returned '0': CMAKE_PREFIX_PATH=${CMAKE_PREFIX_PATH}:/home/ubuntu/turtlebot3_ws/install/turtlebot3_yolo_object_detection:/home/ubuntu/turtlebot3_ws/install/turtlebot3_teleop:/home/ubuntu/turtlebot3_ws/install/turtlebot3_example:/home/ubuntu/turtlebot3_ws/install/turtlebot3_dqn:/home/ubuntu/turtlebot3_ws/install/turtlebot3_autorace_mission:/home/ubuntu/turtlebot3_ws/install/turtlebot3_autorace_detect:/home/ubuntu/turtlebot3_ws/install/turtlebot3_autorace_camera:/home/ubuntu/turtlebot3_ws/install/turtlebot3_automatic_parking_vision:/home/ubuntu/turtlebot3_ws/install/turtlebot3_automatic_parking:/home/ubuntu/turtlebot3_ws/install/turtlebot3_aruco_tracker:/home/ubuntu/robot_ws/install/topic_service_action_rclpy_example:/home/ubuntu/robot_ws/install/my_turtlebot_pkg:/home/ubuntu/robot_ws/install/my_move_turtle_pkg:/home/ubuntu/robot_ws/install/my_first_ros_test_pkg:/home/ubuntu/robot_ws/install/my_first_ros_rclpy_pkg:/home/ubuntu/robot_ws/install/move_turtle_pkg:/opt/ros/humble /usr/bin/cmake /home/ubuntu/robot_ws/src/msg_srv_action_interface_example -DAMENT_CMAKE_SYMLINK_INSTALL=1 -DCMAKE_INSTALL_PREFIX=/home/ubuntu/robot_ws/install/msg_srv_action_interface_example
[2.598s] Invoking command in '/home/ubuntu/robot_ws/build/msg_srv_action_interface_example': CMAKE_PREFIX_PATH=${CMAKE_PREFIX_PATH}:/home/ubuntu/turtlebot3_ws/install/turtlebot3_yolo_object_detection:/home/ubuntu/turtlebot3_ws/install/turtlebot3_teleop:/home/ubuntu/turtlebot3_ws/install/turtlebot3_example:/home/ubuntu/turtlebot3_ws/install/turtlebot3_dqn:/home/ubuntu/turtlebot3_ws/install/turtlebot3_autorace_mission:/home/ubuntu/turtlebot3_ws/install/turtlebot3_autorace_detect:/home/ubuntu/turtlebot3_ws/install/turtlebot3_autorace_camera:/home/ubuntu/turtlebot3_ws/install/turtlebot3_automatic_parking_vision:/home/ubuntu/turtlebot3_ws/install/turtlebot3_automatic_parking:/home/ubuntu/turtlebot3_ws/install/turtlebot3_aruco_tracker:/home/ubuntu/robot_ws/install/topic_service_action_rclpy_example:/home/ubuntu/robot_ws/install/my_turtlebot_pkg:/home/ubuntu/robot_ws/install/my_move_turtle_pkg:/home/ubuntu/robot_ws/install/my_first_ros_test_pkg:/home/ubuntu/robot_ws/install/my_first_ros_rclpy_pkg:/home/ubuntu/robot_ws/install/move_turtle_pkg:/opt/ros/humble /usr/bin/cmake --build /home/ubuntu/robot_ws/build/msg_srv_action_interface_example -- -j2 -l2
[2.694s] [  2%] [34m[1mGenerating C code for ROS interfaces[0m
[2.744s] [  4%] [34m[1mGenerating C++ code for ROS interfaces[0m
[4.356s] [  4%] Built target msg_srv_action_interface_example__cpp
[4.397s] [  4%] Built target ament_cmake_python_symlink_msg_srv_action_interface_example
[4.444s] [  6%] [34m[1mGenerating C++ type support dispatch for ROS interfaces[0m
[4.475s] [  8%] [32mBuilding C object CMakeFiles/msg_srv_action_interface_example__rosidl_generator_c.dir/rosidl_generator_c/msg_srv_action_interface_example/msg/detail/arithmetic_argument__functions.c.o[0m
[4.524s] [ 10%] [32mBuilding C object CMakeFiles/msg_srv_action_interface_example__rosidl_generator_c.dir/rosidl_generator_c/msg_srv_action_interface_example/srv/detail/arithmetic_operator__functions.c.o[0m
[4.575s] [ 12%] [32mBuilding C object CMakeFiles/msg_srv_action_interface_example__rosidl_generator_c.dir/rosidl_generator_c/msg_srv_action_interface_example/action/detail/arithmetic_checker__functions.c.o[0m
[4.713s] [ 14%] [32m[1mLinking C shared library libmsg_srv_action_interface_example__rosidl_generator_c.so[0m
[4.783s] [ 14%] Built target msg_srv_action_interface_example__rosidl_generator_c
[4.802s] [ 17%] [34m[1mGenerating C++ type support for eProsima Fast-RTPS[0m
[5.062s] [ 19%] [32mBuilding CXX object CMakeFiles/msg_srv_action_interface_example__rosidl_typesupport_cpp.dir/rosidl_typesupport_cpp/msg_srv_action_interface_example/msg/arithmetic_argument__type_support.cpp.o[0m
[5.420s] [ 21%] [32mBuilding CXX object CMakeFiles/msg_srv_action_interface_example__rosidl_typesupport_cpp.dir/rosidl_typesupport_cpp/msg_srv_action_interface_example/srv/arithmetic_operator__type_support.cpp.o[0m
[5.564s] [ 23%] [32mBuilding CXX object CMakeFiles/msg_srv_action_interface_example__rosidl_typesupport_fastrtps_cpp.dir/rosidl_typesupport_fastrtps_cpp/msg_srv_action_interface_example/msg/detail/dds_fastrtps/arithmetic_argument__type_support.cpp.o[0m
[5.843s] [ 25%] [32mBuilding CXX object CMakeFiles/msg_srv_action_interface_example__rosidl_typesupport_cpp.dir/rosidl_typesupport_cpp/msg_srv_action_interface_example/action/arithmetic_checker__type_support.cpp.o[0m
[6.255s] [ 27%] [32mBuilding CXX object CMakeFiles/msg_srv_action_interface_example__rosidl_typesupport_fastrtps_cpp.dir/rosidl_typesupport_fastrtps_cpp/msg_srv_action_interface_example/srv/detail/dds_fastrtps/arithmetic_operator__type_support.cpp.o[0m
[6.692s] [ 29%] [32m[1mLinking CXX shared library libmsg_srv_action_interface_example__rosidl_typesupport_cpp.so[0m
[6.787s] [ 29%] Built target msg_srv_action_interface_example__rosidl_typesupport_cpp
[6.807s] [ 31%] [32mBuilding CXX object CMakeFiles/msg_srv_action_interface_example__rosidl_typesupport_fastrtps_cpp.dir/rosidl_typesupport_fastrtps_cpp/msg_srv_action_interface_example/action/detail/dds_fastrtps/arithmetic_checker__type_support.cpp.o[0m
[6.890s] [ 34%] [34m[1mGenerating C introspection for ROS interfaces[0m
[7.959s] [ 36%] [32m[1mLinking CXX shared library libmsg_srv_action_interface_example__rosidl_typesupport_fastrtps_cpp.so[0m
[7.981s] [ 38%] [32mBuilding C object CMakeFiles/msg_srv_action_interface_example__rosidl_typesupport_introspection_c.dir/rosidl_typesupport_introspection_c/msg_srv_action_interface_example/msg/detail/arithmetic_argument__type_support.c.o[0m
[8.052s] [ 40%] [32mBuilding C object CMakeFiles/msg_srv_action_interface_example__rosidl_typesupport_introspection_c.dir/rosidl_typesupport_introspection_c/msg_srv_action_interface_example/srv/detail/arithmetic_operator__type_support.c.o[0m
[8.103s] [ 40%] Built target msg_srv_action_interface_example__rosidl_typesupport_fastrtps_cpp
[8.113s] [ 42%] [32mBuilding C object CMakeFiles/msg_srv_action_interface_example__rosidl_typesupport_introspection_c.dir/rosidl_typesupport_introspection_c/msg_srv_action_interface_example/action/detail/arithmetic_checker__type_support.c.o[0m
[8.123s] [ 44%] [34m[1mGenerating C type support dispatch for ROS interfaces[0m
[8.212s] [ 46%] [32m[1mLinking C shared library libmsg_srv_action_interface_example__rosidl_typesupport_introspection_c.so[0m
[8.272s] [ 46%] Built target msg_srv_action_interface_example__rosidl_typesupport_introspection_c
[8.295s] [ 48%] [34m[1mGenerating C++ introspection for ROS interfaces[0m
[8.849s] [ 51%] [32mBuilding CXX object CMakeFiles/msg_srv_action_interface_example__rosidl_typesupport_c.dir/rosidl_typesupport_c/msg_srv_action_interface_example/msg/arithmetic_argument__type_support.cpp.o[0m
[8.908s] [ 53%] [32mBuilding CXX object CMakeFiles/msg_srv_action_interface_example__rosidl_typesupport_c.dir/rosidl_typesupport_c/msg_srv_action_interface_example/srv/arithmetic_operator__type_support.cpp.o[0m
[8.974s] [ 55%] [32mBuilding CXX object CMakeFiles/msg_srv_action_interface_example__rosidl_typesupport_c.dir/rosidl_typesupport_c/msg_srv_action_interface_example/action/arithmetic_checker__type_support.cpp.o[0m
[9.061s] [ 57%] [32m[1mLinking CXX shared library libmsg_srv_action_interface_example__rosidl_typesupport_c.so[0m
[9.153s] [ 57%] Built target msg_srv_action_interface_example__rosidl_typesupport_c
[9.310s] [ 59%] [32mBuilding CXX object CMakeFiles/msg_srv_action_interface_example__rosidl_typesupport_introspection_cpp.dir/rosidl_typesupport_introspection_cpp/msg_srv_action_interface_example/msg/detail/arithmetic_argument__type_support.cpp.o[0m
[9.982s] running egg_info
[9.982s] creating msg_srv_action_interface_example.egg-info
[9.982s] writing msg_srv_action_interface_example.egg-info/PKG-INFO
[9.982s] writing dependency_links to msg_srv_action_interface_example.egg-info/dependency_links.txt
[9.982s] writing top-level names to msg_srv_action_interface_example.egg-info/top_level.txt
[9.982s] writing manifest file 'msg_srv_action_interface_example.egg-info/SOURCES.txt'
[9.993s] reading manifest file 'msg_srv_action_interface_example.egg-info/SOURCES.txt'
[9.993s] writing manifest file 'msg_srv_action_interface_example.egg-info/SOURCES.txt'
[10.106s] [ 59%] Built target ament_cmake_python_build_msg_srv_action_interface_example_egg
[10.137s] [ 61%] [34m[1mGenerating C type support for eProsima Fast-RTPS[0m
[10.503s] [ 63%] [32mBuilding CXX object CMakeFiles/msg_srv_action_interface_example__rosidl_typesupport_introspection_cpp.dir/rosidl_typesupport_introspection_cpp/msg_srv_action_interface_example/srv/detail/arithmetic_operator__type_support.cpp.o[0m
[11.934s] [ 65%] [32mBuilding CXX object CMakeFiles/msg_srv_action_interface_example__rosidl_typesupport_introspection_cpp.dir/rosidl_typesupport_introspection_cpp/msg_srv_action_interface_example/action/detail/arithmetic_checker__type_support.cpp.o[0m
[12.436s] [ 68%] [32mBuilding CXX object CMakeFiles/msg_srv_action_interface_example__rosidl_typesupport_fastrtps_c.dir/rosidl_typesupport_fastrtps_c/msg_srv_action_interface_example/msg/detail/arithmetic_argument__type_support_c.cpp.o[0m
[13.243s] [ 70%] [32mBuilding CXX object CMakeFiles/msg_srv_action_interface_example__rosidl_typesupport_fastrtps_c.dir/rosidl_typesupport_fastrtps_c/msg_srv_action_interface_example/srv/detail/arithmetic_operator__type_support_c.cpp.o[0m
[13.564s] [ 72%] [32m[1mLinking CXX shared library libmsg_srv_action_interface_example__rosidl_typesupport_introspection_cpp.so[0m
[13.751s] [ 72%] Built target msg_srv_action_interface_example__rosidl_typesupport_introspection_cpp
[13.769s] [ 74%] [32mBuilding CXX object CMakeFiles/msg_srv_action_interface_example__rosidl_typesupport_fastrtps_c.dir/rosidl_typesupport_fastrtps_c/msg_srv_action_interface_example/action/detail/arithmetic_checker__type_support_c.cpp.o[0m
[14.345s] [ 76%] [32m[1mLinking CXX shared library libmsg_srv_action_interface_example__rosidl_typesupport_fastrtps_c.so[0m
[14.499s] [ 76%] Built target msg_srv_action_interface_example__rosidl_typesupport_fastrtps_c
[14.538s] [ 76%] Built target msg_srv_action_interface_example
[14.581s] [ 78%] [34m[1mGenerating Python code for ROS interfaces[0m
[16.050s] [ 78%] Built target msg_srv_action_interface_example__py
[16.071s] [ 80%] [32mBuilding C object CMakeFiles/msg_srv_action_interface_example__rosidl_generator_py.dir/rosidl_generator_py/msg_srv_action_interface_example/msg/_arithmetic_argument_s.c.o[0m
[16.084s] [ 82%] [32mBuilding C object CMakeFiles/msg_srv_action_interface_example__rosidl_generator_py.dir/rosidl_generator_py/msg_srv_action_interface_example/srv/_arithmetic_operator_s.c.o[0m
[16.189s] [ 85%] [32mBuilding C object CMakeFiles/msg_srv_action_interface_example__rosidl_generator_py.dir/rosidl_generator_py/msg_srv_action_interface_example/action/_arithmetic_checker_s.c.o[0m
[16.376s] [ 87%] [32m[1mLinking C shared library rosidl_generator_py/msg_srv_action_interface_example/libmsg_srv_action_interface_example__rosidl_generator_py.so[0m
[16.415s] [ 87%] Built target msg_srv_action_interface_example__rosidl_generator_py
[16.437s] [ 89%] [32mBuilding C object CMakeFiles/msg_srv_action_interface_example__rosidl_typesupport_introspection_c__pyext.dir/rosidl_generator_py/msg_srv_action_interface_example/_msg_srv_action_interface_example_s.ep.rosidl_typesupport_introspection_c.c.o[0m
[16.461s] [ 91%] [32mBuilding C object CMakeFiles/msg_srv_action_interface_example__rosidl_typesupport_fastrtps_c__pyext.dir/rosidl_generator_py/msg_srv_action_interface_example/_msg_srv_action_interface_example_s.ep.rosidl_typesupport_fastrtps_c.c.o[0m
[16.609s] [ 93%] [32m[1mLinking C shared library rosidl_generator_py/msg_srv_action_interface_example/msg_srv_action_interface_example_s__rosidl_typesupport_fastrtps_c.cpython-310-x86_64-linux-gnu.so[0m
[16.649s] [ 95%] [32m[1mLinking C shared library rosidl_generator_py/msg_srv_action_interface_example/msg_srv_action_interface_example_s__rosidl_typesupport_introspection_c.cpython-310-x86_64-linux-gnu.so[0m
[16.687s] [ 95%] Built target msg_srv_action_interface_example__rosidl_typesupport_fastrtps_c__pyext
[16.705s] [ 95%] Built target msg_srv_action_interface_example__rosidl_typesupport_introspection_c__pyext
[16.723s] [ 97%] [32mBuilding C object CMakeFiles/msg_srv_action_interface_example__rosidl_typesupport_c__pyext.dir/rosidl_generator_py/msg_srv_action_interface_example/_msg_srv_action_interface_example_s.ep.rosidl_typesupport_c.c.o[0m
[16.856s] [100%] [32m[1mLinking C shared library rosidl_generator_py/msg_srv_action_interface_example/msg_srv_action_interface_example_s__rosidl_typesupport_c.cpython-310-x86_64-linux-gnu.so[0m
[16.899s] [100%] Built target msg_srv_action_interface_example__rosidl_typesupport_c__pyext
[16.912s] Invoked command in '/home/ubuntu/robot_ws/build/msg_srv_action_interface_example' returned '0': CMAKE_PREFIX_PATH=${CMAKE_PREFIX_PATH}:/home/ubuntu/turtlebot3_ws/install/turtlebot3_yolo_object_detection:/home/ubuntu/turtlebot3_ws/install/turtlebot3_teleop:/home/ubuntu/turtlebot3_ws/install/turtlebot3_example:/home/ubuntu/turtlebot3_ws/install/turtlebot3_dqn:/home/ubuntu/turtlebot3_ws/install/turtlebot3_autorace_mission:/home/ubuntu/turtlebot3_ws/install/turtlebot3_autorace_detect:/home/ubuntu/turtlebot3_ws/install/turtlebot3_autorace_camera:/home/ubuntu/turtlebot3_ws/install/turtlebot3_automatic_parking_vision:/home/ubuntu/turtlebot3_ws/install/turtlebot3_automatic_parking:/home/ubuntu/turtlebot3_ws/install/turtlebot3_aruco_tracker:/home/ubuntu/robot_ws/install/topic_service_action_rclpy_example:/home/ubuntu/robot_ws/install/my_turtlebot_pkg:/home/ubuntu/robot_ws/install/my_move_turtle_pkg:/home/ubuntu/robot_ws/install/my_first_ros_test_pkg:/home/ubuntu/robot_ws/install/my_first_ros_rclpy_pkg:/home/ubuntu/robot_ws/install/move_turtle_pkg:/opt/ros/humble /usr/bin/cmake --build /home/ubuntu/robot_ws/build/msg_srv_action_interface_example -- -j2 -l2
[16.923s] Invoking command in '/home/ubuntu/robot_ws/build/msg_srv_action_interface_example': CMAKE_PREFIX_PATH=${CMAKE_PREFIX_PATH}:/home/ubuntu/turtlebot3_ws/install/turtlebot3_yolo_object_detection:/home/ubuntu/turtlebot3_ws/install/turtlebot3_teleop:/home/ubuntu/turtlebot3_ws/install/turtlebot3_example:/home/ubuntu/turtlebot3_ws/install/turtlebot3_dqn:/home/ubuntu/turtlebot3_ws/install/turtlebot3_autorace_mission:/home/ubuntu/turtlebot3_ws/install/turtlebot3_autorace_detect:/home/ubuntu/turtlebot3_ws/install/turtlebot3_autorace_camera:/home/ubuntu/turtlebot3_ws/install/turtlebot3_automatic_parking_vision:/home/ubuntu/turtlebot3_ws/install/turtlebot3_automatic_parking:/home/ubuntu/turtlebot3_ws/install/turtlebot3_aruco_tracker:/home/ubuntu/robot_ws/install/topic_service_action_rclpy_example:/home/ubuntu/robot_ws/install/my_turtlebot_pkg:/home/ubuntu/robot_ws/install/my_move_turtle_pkg:/home/ubuntu/robot_ws/install/my_first_ros_test_pkg:/home/ubuntu/robot_ws/install/my_first_ros_rclpy_pkg:/home/ubuntu/robot_ws/install/move_turtle_pkg:/opt/ros/humble /usr/bin/cmake --install /home/ubuntu/robot_ws/build/msg_srv_action_interface_example
[16.933s] -- Install configuration: ""
[16.934s] -- Execute custom install script
[16.934s] -- Symlinking: /home/ubuntu/robot_ws/install/msg_srv_action_interface_example/share/ament_index/resource_index/rosidl_interfaces/msg_srv_action_interface_example
[16.945s] -- Symlinking: /home/ubuntu/robot_ws/install/msg_srv_action_interface_example/include/msg_srv_action_interface_example/msg_srv_action_interface_example/action/arithmetic_checker.h
[16.954s] -- Symlinking: /home/ubuntu/robot_ws/install/msg_srv_action_interface_example/include/msg_srv_action_interface_example/msg_srv_action_interface_example/action/detail/arithmetic_checker__functions.h
[16.963s] -- Symlinking: /home/ubuntu/robot_ws/install/msg_srv_action_interface_example/include/msg_srv_action_interface_example/msg_srv_action_interface_example/action/detail/arithmetic_checker__struct.h
[16.972s] -- Symlinking: /home/ubuntu/robot_ws/install/msg_srv_action_interface_example/include/msg_srv_action_interface_example/msg_srv_action_interface_example/action/detail/arithmetic_checker__type_support.h
[16.982s] -- Symlinking: /home/ubuntu/robot_ws/install/msg_srv_action_interface_example/include/msg_srv_action_interface_example/msg_srv_action_interface_example/msg/arithmetic_argument.h
[16.991s] -- Symlinking: /home/ubuntu/robot_ws/install/msg_srv_action_interface_example/include/msg_srv_action_interface_example/msg_srv_action_interface_example/msg/detail/arithmetic_argument__functions.h
[17.000s] -- Symlinking: /home/ubuntu/robot_ws/install/msg_srv_action_interface_example/include/msg_srv_action_interface_example/msg_srv_action_interface_example/msg/detail/arithmetic_argument__struct.h
[17.009s] -- Symlinking: /home/ubuntu/robot_ws/install/msg_srv_action_interface_example/include/msg_srv_action_interface_example/msg_srv_action_interface_example/msg/detail/arithmetic_argument__type_support.h
[17.019s] -- Symlinking: /home/ubuntu/robot_ws/install/msg_srv_action_interface_example/include/msg_srv_action_interface_example/msg_srv_action_interface_example/msg/rosidl_generator_c__visibility_control.h
[17.028s] -- Symlinking: /home/ubuntu/robot_ws/install/msg_srv_action_interface_example/include/msg_srv_action_interface_example/msg_srv_action_interface_example/srv/arithmetic_operator.h
[17.038s] -- Symlinking: /home/ubuntu/robot_ws/install/msg_srv_action_interface_example/include/msg_srv_action_interface_example/msg_srv_action_interface_example/srv/detail/arithmetic_operator__functions.h
[17.050s] -- Symlinking: /home/ubuntu/robot_ws/install/msg_srv_action_interface_example/include/msg_srv_action_interface_example/msg_srv_action_interface_example/srv/detail/arithmetic_operator__struct.h
[17.056s] -- Symlinking: /home/ubuntu/robot_ws/install/msg_srv_action_interface_example/include/msg_srv_action_interface_example/msg_srv_action_interface_example/srv/detail/arithmetic_operator__type_support.h
[17.065s] -- Symlinking: /home/ubuntu/robot_ws/install/msg_srv_action_interface_example/share/msg_srv_action_interface_example/environment/library_path.sh
[17.077s] -- Symlinking: /home/ubuntu/robot_ws/install/msg_srv_action_interface_example/share/msg_srv_action_interface_example/environment/library_path.dsv
[17.086s] -- Symlinking: /home/ubuntu/robot_ws/install/msg_srv_action_interface_example/include/msg_srv_action_interface_example/msg_srv_action_interface_example/action/detail/arithmetic_checker__rosidl_typesupport_fastrtps_c.h
[17.096s] -- Symlinking: /home/ubuntu/robot_ws/install/msg_srv_action_interface_example/include/msg_srv_action_interface_example/msg_srv_action_interface_example/msg/detail/arithmetic_argument__rosidl_typesupport_fastrtps_c.h
[17.104s] -- Symlinking: /home/ubuntu/robot_ws/install/msg_srv_action_interface_example/include/msg_srv_action_interface_example/msg_srv_action_interface_example/msg/rosidl_typesupport_fastrtps_c__visibility_control.h
[17.113s] -- Symlinking: /home/ubuntu/robot_ws/install/msg_srv_action_interface_example/include/msg_srv_action_interface_example/msg_srv_action_interface_example/srv/detail/arithmetic_operator__rosidl_typesupport_fastrtps_c.h
[17.123s] -- Symlinking: /home/ubuntu/robot_ws/install/msg_srv_action_interface_example/include/msg_srv_action_interface_example/msg_srv_action_interface_example/action/arithmetic_checker.hpp
[17.133s] -- Symlinking: /home/ubuntu/robot_ws/install/msg_srv_action_interface_example/include/msg_srv_action_interface_example/msg_srv_action_interface_example/action/detail/arithmetic_checker__builder.hpp
[17.143s] -- Symlinking: /home/ubuntu/robot_ws/install/msg_srv_action_interface_example/include/msg_srv_action_interface_example/msg_srv_action_interface_example/action/detail/arithmetic_checker__struct.hpp
[17.152s] -- Symlinking: /home/ubuntu/robot_ws/install/msg_srv_action_interface_example/include/msg_srv_action_interface_example/msg_srv_action_interface_example/action/detail/arithmetic_checker__traits.hpp
[17.161s] -- Symlinking: /home/ubuntu/robot_ws/install/msg_srv_action_interface_example/include/msg_srv_action_interface_example/msg_srv_action_interface_example/action/detail/arithmetic_checker__type_support.hpp
[17.172s] -- Symlinking: /home/ubuntu/robot_ws/install/msg_srv_action_interface_example/include/msg_srv_action_interface_example/msg_srv_action_interface_example/msg/arithmetic_argument.hpp
[17.181s] -- Symlinking: /home/ubuntu/robot_ws/install/msg_srv_action_interface_example/include/msg_srv_action_interface_example/msg_srv_action_interface_example/msg/detail/arithmetic_argument__builder.hpp
[17.190s] -- Symlinking: /home/ubuntu/robot_ws/install/msg_srv_action_interface_example/include/msg_srv_action_interface_example/msg_srv_action_interface_example/msg/detail/arithmetic_argument__struct.hpp
[17.199s] -- Symlinking: /home/ubuntu/robot_ws/install/msg_srv_action_interface_example/include/msg_srv_action_interface_example/msg_srv_action_interface_example/msg/detail/arithmetic_argument__traits.hpp
[17.210s] -- Symlinking: /home/ubuntu/robot_ws/install/msg_srv_action_interface_example/include/msg_srv_action_interface_example/msg_srv_action_interface_example/msg/detail/arithmetic_argument__type_support.hpp
[17.220s] -- Symlinking: /home/ubuntu/robot_ws/install/msg_srv_action_interface_example/include/msg_srv_action_interface_example/msg_srv_action_interface_example/msg/rosidl_generator_cpp__visibility_control.hpp
[17.230s] -- Symlinking: /home/ubuntu/robot_ws/install/msg_srv_action_interface_example/include/msg_srv_action_interface_example/msg_srv_action_interface_example/srv/arithmetic_operator.hpp
[17.240s] -- Symlinking: /home/ubuntu/robot_ws/install/msg_srv_action_interface_example/include/msg_srv_action_interface_example/msg_srv_action_interface_example/srv/detail/arithmetic_operator__builder.hpp
[17.248s] -- Symlinking: /home/ubuntu/robot_ws/install/msg_srv_action_interface_example/include/msg_srv_action_interface_example/msg_srv_action_interface_example/srv/detail/arithmetic_operator__struct.hpp
[17.256s] -- Symlinking: /home/ubuntu/robot_ws/install/msg_srv_action_interface_example/include/msg_srv_action_interface_example/msg_srv_action_interface_example/srv/detail/arithmetic_operator__traits.hpp
[17.266s] -- Symlinking: /home/ubuntu/robot_ws/install/msg_srv_action_interface_example/include/msg_srv_action_interface_example/msg_srv_action_interface_example/srv/detail/arithmetic_operator__type_support.hpp
[17.272s] -- Symlinking: /home/ubuntu/robot_ws/install/msg_srv_action_interface_example/include/msg_srv_action_interface_example/msg_srv_action_interface_example/action/detail/arithmetic_checker__rosidl_typesupport_fastrtps_cpp.hpp
[17.281s] -- Symlinking: /home/ubuntu/robot_ws/install/msg_srv_action_interface_example/include/msg_srv_action_interface_example/msg_srv_action_interface_example/msg/detail/arithmetic_argument__rosidl_typesupport_fastrtps_cpp.hpp
[17.289s] -- Symlinking: /home/ubuntu/robot_ws/install/msg_srv_action_interface_example/include/msg_srv_action_interface_example/msg_srv_action_interface_example/msg/rosidl_typesupport_fastrtps_cpp__visibility_control.h
[17.298s] -- Symlinking: /home/ubuntu/robot_ws/install/msg_srv_action_interface_example/include/msg_srv_action_interface_example/msg_srv_action_interface_example/srv/detail/arithmetic_operator__rosidl_typesupport_fastrtps_cpp.hpp
[17.309s] -- Symlinking: /home/ubuntu/robot_ws/install/msg_srv_action_interface_example/include/msg_srv_action_interface_example/msg_srv_action_interface_example/action/detail/arithmetic_checker__rosidl_typesupport_introspection_c.h
[17.315s] -- Symlinking: /home/ubuntu/robot_ws/install/msg_srv_action_interface_example/include/msg_srv_action_interface_example/msg_srv_action_interface_example/msg/detail/arithmetic_argument__rosidl_typesupport_introspection_c.h
[17.323s] -- Symlinking: /home/ubuntu/robot_ws/install/msg_srv_action_interface_example/include/msg_srv_action_interface_example/msg_srv_action_interface_example/msg/rosidl_typesupport_introspection_c__visibility_control.h
[17.332s] -- Symlinking: /home/ubuntu/robot_ws/install/msg_srv_action_interface_example/include/msg_srv_action_interface_example/msg_srv_action_interface_example/srv/detail/arithmetic_operator__rosidl_typesupport_introspection_c.h
[17.342s] -- Symlinking: /home/ubuntu/robot_ws/install/msg_srv_action_interface_example/include/msg_srv_action_interface_example/msg_srv_action_interface_example/action/detail/arithmetic_checker__rosidl_typesupport_introspection_cpp.hpp
[17.352s] -- Symlinking: /home/ubuntu/robot_ws/install/msg_srv_action_interface_example/include/msg_srv_action_interface_example/msg_srv_action_interface_example/msg/detail/arithmetic_argument__rosidl_typesupport_introspection_cpp.hpp
[17.361s] -- Symlinking: /home/ubuntu/robot_ws/install/msg_srv_action_interface_example/include/msg_srv_action_interface_example/msg_srv_action_interface_example/srv/detail/arithmetic_operator__rosidl_typesupport_introspection_cpp.hpp
[17.370s] -- Symlinking: /home/ubuntu/robot_ws/install/msg_srv_action_interface_example/share/msg_srv_action_interface_example/environment/pythonpath.sh
[17.378s] -- Symlinking: /home/ubuntu/robot_ws/install/msg_srv_action_interface_example/share/msg_srv_action_interface_example/environment/pythonpath.dsv
[17.388s] -- Symlinking: /home/ubuntu/robot_ws/install/msg_srv_action_interface_example/local/lib/python3.10/dist-packages/msg_srv_action_interface_example-0.6.0-py3.10.egg-info/PKG-INFO
[17.398s] -- Symlinking: /home/ubuntu/robot_ws/install/msg_srv_action_interface_example/local/lib/python3.10/dist-packages/msg_srv_action_interface_example-0.6.0-py3.10.egg-info/SOURCES.txt
[17.407s] -- Symlinking: /home/ubuntu/robot_ws/install/msg_srv_action_interface_example/local/lib/python3.10/dist-packages/msg_srv_action_interface_example-0.6.0-py3.10.egg-info/dependency_links.txt
[17.417s] -- Symlinking: /home/ubuntu/robot_ws/install/msg_srv_action_interface_example/local/lib/python3.10/dist-packages/msg_srv_action_interface_example-0.6.0-py3.10.egg-info/top_level.txt
[17.433s] -- Symlinking: /home/ubuntu/robot_ws/install/msg_srv_action_interface_example/local/lib/python3.10/dist-packages/msg_srv_action_interface_example/__init__.py
[17.440s] -- Symlinking: /home/ubuntu/robot_ws/install/msg_srv_action_interface_example/local/lib/python3.10/dist-packages/msg_srv_action_interface_example/_msg_srv_action_interface_example_s.ep.rosidl_typesupport_c.c
[17.449s] -- Symlinking: /home/ubuntu/robot_ws/install/msg_srv_action_interface_example/local/lib/python3.10/dist-packages/msg_srv_action_interface_example/_msg_srv_action_interface_example_s.ep.rosidl_typesupport_fastrtps_c.c
[17.457s] -- Symlinking: /home/ubuntu/robot_ws/install/msg_srv_action_interface_example/local/lib/python3.10/dist-packages/msg_srv_action_interface_example/_msg_srv_action_interface_example_s.ep.rosidl_typesupport_introspection_c.c
[17.465s] -- Symlinking: /home/ubuntu/robot_ws/install/msg_srv_action_interface_example/local/lib/python3.10/dist-packages/msg_srv_action_interface_example/action/__init__.py
[17.474s] -- Symlinking: /home/ubuntu/robot_ws/install/msg_srv_action_interface_example/local/lib/python3.10/dist-packages/msg_srv_action_interface_example/action/_arithmetic_checker.py
[17.482s] -- Symlinking: /home/ubuntu/robot_ws/install/msg_srv_action_interface_example/local/lib/python3.10/dist-packages/msg_srv_action_interface_example/action/_arithmetic_checker_s.c
[17.490s] -- Symlinking: /home/ubuntu/robot_ws/install/msg_srv_action_interface_example/local/lib/python3.10/dist-packages/msg_srv_action_interface_example/libmsg_srv_action_interface_example__rosidl_generator_py.so
[17.499s] -- Symlinking: /home/ubuntu/robot_ws/install/msg_srv_action_interface_example/local/lib/python3.10/dist-packages/msg_srv_action_interface_example/msg/__init__.py
[17.507s] -- Symlinking: /home/ubuntu/robot_ws/install/msg_srv_action_interface_example/local/lib/python3.10/dist-packages/msg_srv_action_interface_example/msg/_arithmetic_argument.py
[17.516s] -- Symlinking: /home/ubuntu/robot_ws/install/msg_srv_action_interface_example/local/lib/python3.10/dist-packages/msg_srv_action_interface_example/msg/_arithmetic_argument_s.c
[17.526s] -- Symlinking: /home/ubuntu/robot_ws/install/msg_srv_action_interface_example/local/lib/python3.10/dist-packages/msg_srv_action_interface_example/msg_srv_action_interface_example_s__rosidl_typesupport_c.cpython-310-x86_64-linux-gnu.so
[17.533s] -- Symlinking: /home/ubuntu/robot_ws/install/msg_srv_action_interface_example/local/lib/python3.10/dist-packages/msg_srv_action_interface_example/msg_srv_action_interface_example_s__rosidl_typesupport_fastrtps_c.cpython-310-x86_64-linux-gnu.so
[17.543s] -- Symlinking: /home/ubuntu/robot_ws/install/msg_srv_action_interface_example/local/lib/python3.10/dist-packages/msg_srv_action_interface_example/msg_srv_action_interface_example_s__rosidl_typesupport_introspection_c.cpython-310-x86_64-linux-gnu.so
[17.551s] -- Symlinking: /home/ubuntu/robot_ws/install/msg_srv_action_interface_example/local/lib/python3.10/dist-packages/msg_srv_action_interface_example/srv/__init__.py
[17.560s] -- Symlinking: /home/ubuntu/robot_ws/install/msg_srv_action_interface_example/local/lib/python3.10/dist-packages/msg_srv_action_interface_example/srv/_arithmetic_operator.py
[17.569s] -- Symlinking: /home/ubuntu/robot_ws/install/msg_srv_action_interface_example/local/lib/python3.10/dist-packages/msg_srv_action_interface_example/srv/_arithmetic_operator_s.c
[17.579s] -- Up-to-date symlink: /home/ubuntu/robot_ws/install/msg_srv_action_interface_example/local/lib/python3.10/dist-packages/msg_srv_action_interface_example/msg_srv_action_interface_example_s__rosidl_typesupport_fastrtps_c.cpython-310-x86_64-linux-gnu.so
[17.579s] -- Up-to-date symlink: /home/ubuntu/robot_ws/install/msg_srv_action_interface_example/local/lib/python3.10/dist-packages/msg_srv_action_interface_example/msg_srv_action_interface_example_s__rosidl_typesupport_introspection_c.cpython-310-x86_64-linux-gnu.so
[17.579s] -- Up-to-date symlink: /home/ubuntu/robot_ws/install/msg_srv_action_interface_example/local/lib/python3.10/dist-packages/msg_srv_action_interface_example/msg_srv_action_interface_example_s__rosidl_typesupport_c.cpython-310-x86_64-linux-gnu.so
[17.580s] -- Symlinking: /home/ubuntu/robot_ws/install/msg_srv_action_interface_example/share/msg_srv_action_interface_example/msg/ArithmeticArgument.idl
[17.589s] -- Symlinking: /home/ubuntu/robot_ws/install/msg_srv_action_interface_example/share/msg_srv_action_interface_example/srv/ArithmeticOperator.idl
[17.599s] -- Symlinking: /home/ubuntu/robot_ws/install/msg_srv_action_interface_example/share/msg_srv_action_interface_example/action/ArithmeticChecker.idl
[17.605s] -- Symlinking: /home/ubuntu/robot_ws/install/msg_srv_action_interface_example/share/msg_srv_action_interface_example/msg/ArithmeticArgument.msg
[17.613s] -- Symlinking: /home/ubuntu/robot_ws/install/msg_srv_action_interface_example/share/msg_srv_action_interface_example/srv/ArithmeticOperator.srv
[17.621s] -- Symlinking: /home/ubuntu/robot_ws/install/msg_srv_action_interface_example/share/msg_srv_action_interface_example/srv/ArithmeticOperator_Request.msg
[17.629s] -- Symlinking: /home/ubuntu/robot_ws/install/msg_srv_action_interface_example/share/msg_srv_action_interface_example/srv/ArithmeticOperator_Response.msg
[17.638s] -- Symlinking: /home/ubuntu/robot_ws/install/msg_srv_action_interface_example/share/msg_srv_action_interface_example/action/ArithmeticChecker.action
[17.647s] -- Up-to-date symlink: /home/ubuntu/robot_ws/install/msg_srv_action_interface_example/share/msg_srv_action_interface_example/msg/ArithmeticArgument.msg
[17.647s] -- Up-to-date symlink: /home/ubuntu/robot_ws/install/msg_srv_action_interface_example/share/msg_srv_action_interface_example/srv/ArithmeticOperator.srv
[17.647s] -- Up-to-date symlink: /home/ubuntu/robot_ws/install/msg_srv_action_interface_example/share/msg_srv_action_interface_example/action/ArithmeticChecker.action
[17.647s] -- Symlinking: /home/ubuntu/robot_ws/install/msg_srv_action_interface_example/share/ament_index/resource_index/package_run_dependencies/msg_srv_action_interface_example
[17.655s] -- Symlinking: /home/ubuntu/robot_ws/install/msg_srv_action_interface_example/share/ament_index/resource_index/parent_prefix_path/msg_srv_action_interface_example
[17.663s] -- Symlinking: /home/ubuntu/robot_ws/install/msg_srv_action_interface_example/share/msg_srv_action_interface_example/environment/ament_prefix_path.sh
[17.671s] -- Symlinking: /home/ubuntu/robot_ws/install/msg_srv_action_interface_example/share/msg_srv_action_interface_example/environment/ament_prefix_path.dsv
[17.679s] -- Symlinking: /home/ubuntu/robot_ws/install/msg_srv_action_interface_example/share/msg_srv_action_interface_example/environment/path.sh
[17.693s] -- Symlinking: /home/ubuntu/robot_ws/install/msg_srv_action_interface_example/share/msg_srv_action_interface_example/environment/path.dsv
[17.706s] -- Symlinking: /home/ubuntu/robot_ws/install/msg_srv_action_interface_example/share/msg_srv_action_interface_example/local_setup.bash
[17.723s] -- Symlinking: /home/ubuntu/robot_ws/install/msg_srv_action_interface_example/share/msg_srv_action_interface_example/local_setup.sh
[17.742s] -- Symlinking: /home/ubuntu/robot_ws/install/msg_srv_action_interface_example/share/msg_srv_action_interface_example/local_setup.zsh
[17.758s] -- Symlinking: /home/ubuntu/robot_ws/install/msg_srv_action_interface_example/share/msg_srv_action_interface_example/local_setup.dsv
[17.775s] -- Symlinking: /home/ubuntu/robot_ws/install/msg_srv_action_interface_example/share/msg_srv_action_interface_example/package.dsv
[17.792s] -- Symlinking: /home/ubuntu/robot_ws/install/msg_srv_action_interface_example/share/ament_index/resource_index/packages/msg_srv_action_interface_example
[17.809s] -- Symlinking: /home/ubuntu/robot_ws/install/msg_srv_action_interface_example/share/msg_srv_action_interface_example/cmake/rosidl_cmake-extras.cmake
[17.824s] -- Symlinking: /home/ubuntu/robot_ws/install/msg_srv_action_interface_example/share/msg_srv_action_interface_example/cmake/ament_cmake_export_dependencies-extras.cmake
[17.844s] -- Symlinking: /home/ubuntu/robot_ws/install/msg_srv_action_interface_example/share/msg_srv_action_interface_example/cmake/ament_cmake_export_include_directories-extras.cmake
[17.861s] -- Symlinking: /home/ubuntu/robot_ws/install/msg_srv_action_interface_example/share/msg_srv_action_interface_example/cmake/ament_cmake_export_libraries-extras.cmake
[17.877s] -- Symlinking: /home/ubuntu/robot_ws/install/msg_srv_action_interface_example/share/msg_srv_action_interface_example/cmake/ament_cmake_export_targets-extras.cmake
[17.893s] -- Symlinking: /home/ubuntu/robot_ws/install/msg_srv_action_interface_example/share/msg_srv_action_interface_example/cmake/rosidl_cmake_export_typesupport_targets-extras.cmake
[17.908s] -- Symlinking: /home/ubuntu/robot_ws/install/msg_srv_action_interface_example/share/msg_srv_action_interface_example/cmake/rosidl_cmake_export_typesupport_libraries-extras.cmake
[17.916s] -- Symlinking: /home/ubuntu/robot_ws/install/msg_srv_action_interface_example/share/msg_srv_action_interface_example/cmake/msg_srv_action_interface_exampleConfig.cmake
[17.924s] -- Symlinking: /home/ubuntu/robot_ws/install/msg_srv_action_interface_example/share/msg_srv_action_interface_example/cmake/msg_srv_action_interface_exampleConfig-version.cmake
[17.933s] -- Symlinking: /home/ubuntu/robot_ws/install/msg_srv_action_interface_example/share/msg_srv_action_interface_example/package.xml
[17.942s] -- Installing: /home/ubuntu/robot_ws/install/msg_srv_action_interface_example/lib/libmsg_srv_action_interface_example__rosidl_generator_c.so
[17.942s] -- Set runtime path of "/home/ubuntu/robot_ws/install/msg_srv_action_interface_example/lib/libmsg_srv_action_interface_example__rosidl_generator_c.so" to ""
[17.942s] -- Installing: /home/ubuntu/robot_ws/install/msg_srv_action_interface_example/lib/libmsg_srv_action_interface_example__rosidl_typesupport_fastrtps_c.so
[17.944s] -- Set runtime path of "/home/ubuntu/robot_ws/install/msg_srv_action_interface_example/lib/libmsg_srv_action_interface_example__rosidl_typesupport_fastrtps_c.so" to ""
[17.944s] -- Installing: /home/ubuntu/robot_ws/install/msg_srv_action_interface_example/lib/libmsg_srv_action_interface_example__rosidl_typesupport_fastrtps_cpp.so
[17.945s] -- Set runtime path of "/home/ubuntu/robot_ws/install/msg_srv_action_interface_example/lib/libmsg_srv_action_interface_example__rosidl_typesupport_fastrtps_cpp.so" to ""
[17.945s] -- Installing: /home/ubuntu/robot_ws/install/msg_srv_action_interface_example/lib/libmsg_srv_action_interface_example__rosidl_typesupport_introspection_c.so
[17.945s] -- Set runtime path of "/home/ubuntu/robot_ws/install/msg_srv_action_interface_example/lib/libmsg_srv_action_interface_example__rosidl_typesupport_introspection_c.so" to ""
[17.945s] -- Installing: /home/ubuntu/robot_ws/install/msg_srv_action_interface_example/lib/libmsg_srv_action_interface_example__rosidl_typesupport_c.so
[17.945s] -- Set runtime path of "/home/ubuntu/robot_ws/install/msg_srv_action_interface_example/lib/libmsg_srv_action_interface_example__rosidl_typesupport_c.so" to ""
[17.945s] -- Installing: /home/ubuntu/robot_ws/install/msg_srv_action_interface_example/lib/libmsg_srv_action_interface_example__rosidl_typesupport_introspection_cpp.so
[17.945s] -- Set runtime path of "/home/ubuntu/robot_ws/install/msg_srv_action_interface_example/lib/libmsg_srv_action_interface_example__rosidl_typesupport_introspection_cpp.so" to ""
[17.945s] -- Installing: /home/ubuntu/robot_ws/install/msg_srv_action_interface_example/lib/libmsg_srv_action_interface_example__rosidl_typesupport_cpp.so
[17.945s] -- Set runtime path of "/home/ubuntu/robot_ws/install/msg_srv_action_interface_example/lib/libmsg_srv_action_interface_example__rosidl_typesupport_cpp.so" to ""
[18.013s] Listing '/home/ubuntu/robot_ws/install/msg_srv_action_interface_example/local/lib/python3.10/dist-packages/msg_srv_action_interface_example'...
[18.014s] Compiling '/home/ubuntu/robot_ws/install/msg_srv_action_interface_example/local/lib/python3.10/dist-packages/msg_srv_action_interface_example/__init__.py'...
[18.014s] Listing '/home/ubuntu/robot_ws/install/msg_srv_action_interface_example/local/lib/python3.10/dist-packages/msg_srv_action_interface_example/action'...
[18.014s] Compiling '/home/ubuntu/robot_ws/install/msg_srv_action_interface_example/local/lib/python3.10/dist-packages/msg_srv_action_interface_example/action/__init__.py'...
[18.014s] Compiling '/home/ubuntu/robot_ws/install/msg_srv_action_interface_example/local/lib/python3.10/dist-packages/msg_srv_action_interface_example/action/_arithmetic_checker.py'...
[18.014s] Listing '/home/ubuntu/robot_ws/install/msg_srv_action_interface_example/local/lib/python3.10/dist-packages/msg_srv_action_interface_example/msg'...
[18.014s] Compiling '/home/ubuntu/robot_ws/install/msg_srv_action_interface_example/local/lib/python3.10/dist-packages/msg_srv_action_interface_example/msg/__init__.py'...
[18.014s] Compiling '/home/ubuntu/robot_ws/install/msg_srv_action_interface_example/local/lib/python3.10/dist-packages/msg_srv_action_interface_example/msg/_arithmetic_argument.py'...
[18.014s] Listing '/home/ubuntu/robot_ws/install/msg_srv_action_interface_example/local/lib/python3.10/dist-packages/msg_srv_action_interface_example/srv'...
[18.014s] Compiling '/home/ubuntu/robot_ws/install/msg_srv_action_interface_example/local/lib/python3.10/dist-packages/msg_srv_action_interface_example/srv/__init__.py'...
[18.014s] Compiling '/home/ubuntu/robot_ws/install/msg_srv_action_interface_example/local/lib/python3.10/dist-packages/msg_srv_action_interface_example/srv/_arithmetic_operator.py'...
[18.026s] -- Installing: /home/ubuntu/robot_ws/install/msg_srv_action_interface_example/lib/libmsg_srv_action_interface_example__rosidl_generator_py.so
[18.026s] -- Set runtime path of "/home/ubuntu/robot_ws/install/msg_srv_action_interface_example/lib/libmsg_srv_action_interface_example__rosidl_generator_py.so" to ""
[18.026s] -- Installing: /home/ubuntu/robot_ws/install/msg_srv_action_interface_example/share/msg_srv_action_interface_example/cmake/export_msg_srv_action_interface_example__rosidl_generator_cExport.cmake
[18.026s] -- Installing: /home/ubuntu/robot_ws/install/msg_srv_action_interface_example/share/msg_srv_action_interface_example/cmake/export_msg_srv_action_interface_example__rosidl_generator_cExport-noconfig.cmake
[18.029s] -- Installing: /home/ubuntu/robot_ws/install/msg_srv_action_interface_example/share/msg_srv_action_interface_example/cmake/export_msg_srv_action_interface_example__rosidl_typesupport_fastrtps_cExport.cmake
[18.030s] -- Installing: /home/ubuntu/robot_ws/install/msg_srv_action_interface_example/share/msg_srv_action_interface_example/cmake/export_msg_srv_action_interface_example__rosidl_typesupport_fastrtps_cExport-noconfig.cmake
[18.030s] -- Installing: /home/ubuntu/robot_ws/install/msg_srv_action_interface_example/share/msg_srv_action_interface_example/cmake/export_msg_srv_action_interface_example__rosidl_generator_cppExport.cmake
[18.030s] -- Installing: /home/ubuntu/robot_ws/install/msg_srv_action_interface_example/share/msg_srv_action_interface_example/cmake/export_msg_srv_action_interface_example__rosidl_typesupport_fastrtps_cppExport.cmake
[18.030s] -- Installing: /home/ubuntu/robot_ws/install/msg_srv_action_interface_example/share/msg_srv_action_interface_example/cmake/export_msg_srv_action_interface_example__rosidl_typesupport_fastrtps_cppExport-noconfig.cmake
[18.030s] -- Installing: /home/ubuntu/robot_ws/install/msg_srv_action_interface_example/share/msg_srv_action_interface_example/cmake/msg_srv_action_interface_example__rosidl_typesupport_introspection_cExport.cmake
[18.030s] -- Installing: /home/ubuntu/robot_ws/install/msg_srv_action_interface_example/share/msg_srv_action_interface_example/cmake/msg_srv_action_interface_example__rosidl_typesupport_introspection_cExport-noconfig.cmake
[18.030s] -- Installing: /home/ubuntu/robot_ws/install/msg_srv_action_interface_example/share/msg_srv_action_interface_example/cmake/msg_srv_action_interface_example__rosidl_typesupport_cExport.cmake
[18.030s] -- Installing: /home/ubuntu/robot_ws/install/msg_srv_action_interface_example/share/msg_srv_action_interface_example/cmake/msg_srv_action_interface_example__rosidl_typesupport_cExport-noconfig.cmake
[18.030s] -- Installing: /home/ubuntu/robot_ws/install/msg_srv_action_interface_example/share/msg_srv_action_interface_example/cmake/msg_srv_action_interface_example__rosidl_typesupport_introspection_cppExport.cmake
[18.031s] -- Installing: /home/ubuntu/robot_ws/install/msg_srv_action_interface_example/share/msg_srv_action_interface_example/cmake/msg_srv_action_interface_example__rosidl_typesupport_introspection_cppExport-noconfig.cmake
[18.031s] -- Installing: /home/ubuntu/robot_ws/install/msg_srv_action_interface_example/share/msg_srv_action_interface_example/cmake/msg_srv_action_interface_example__rosidl_typesupport_cppExport.cmake
[18.031s] -- Installing: /home/ubuntu/robot_ws/install/msg_srv_action_interface_example/share/msg_srv_action_interface_example/cmake/msg_srv_action_interface_example__rosidl_typesupport_cppExport-noconfig.cmake
[18.031s] -- Installing: /home/ubuntu/robot_ws/install/msg_srv_action_interface_example/share/msg_srv_action_interface_example/cmake/export_msg_srv_action_interface_example__rosidl_generator_pyExport.cmake
[18.031s] -- Installing: /home/ubuntu/robot_ws/install/msg_srv_action_interface_example/share/msg_srv_action_interface_example/cmake/export_msg_srv_action_interface_example__rosidl_generator_pyExport-noconfig.cmake
[18.035s] Invoked command in '/home/ubuntu/robot_ws/build/msg_srv_action_interface_example' returned '0': CMAKE_PREFIX_PATH=${CMAKE_PREFIX_PATH}:/home/ubuntu/turtlebot3_ws/install/turtlebot3_yolo_object_detection:/home/ubuntu/turtlebot3_ws/install/turtlebot3_teleop:/home/ubuntu/turtlebot3_ws/install/turtlebot3_example:/home/ubuntu/turtlebot3_ws/install/turtlebot3_dqn:/home/ubuntu/turtlebot3_ws/install/turtlebot3_autorace_mission:/home/ubuntu/turtlebot3_ws/install/turtlebot3_autorace_detect:/home/ubuntu/turtlebot3_ws/install/turtlebot3_autorace_camera:/home/ubuntu/turtlebot3_ws/install/turtlebot3_automatic_parking_vision:/home/ubuntu/turtlebot3_ws/install/turtlebot3_automatic_parking:/home/ubuntu/turtlebot3_ws/install/turtlebot3_aruco_tracker:/home/ubuntu/robot_ws/install/topic_service_action_rclpy_example:/home/ubuntu/robot_ws/install/my_turtlebot_pkg:/home/ubuntu/robot_ws/install/my_move_turtle_pkg:/home/ubuntu/robot_ws/install/my_first_ros_test_pkg:/home/ubuntu/robot_ws/install/my_first_ros_rclpy_pkg:/home/ubuntu/robot_ws/install/move_turtle_pkg:/opt/ros/humble /usr/bin/cmake --install /home/ubuntu/robot_ws/build/msg_srv_action_interface_example
