[0.089s] DEBUG:colcon:Command line arguments: ['/usr/bin/colcon', 'build', '--symlink-install']
[0.089s] DEBUG:colcon:Parsed command line arguments: Namespace(log_base=None, log_level=None, verb_name='build', build_base='build', install_base='install', merge_install=False, symlink_install=True, test_result_base=None, continue_on_error=False, executor='parallel', parallel_workers=2, event_handlers=None, ignore_user_meta=False, metas=['./colcon.meta'], base_paths=['.'], packages_ignore=None, packages_ignore_regex=None, paths=None, packages_up_to=None, packages_up_to_regex=None, packages_above=None, packages_above_and_dependencies=None, packages_above_depth=None, packages_select_by_dep=None, packages_skip_by_dep=None, packages_skip_up_to=None, packages_select_build_failed=False, packages_skip_build_finished=False, packages_select_test_failures=False, packages_skip_test_passed=False, packages_select=None, packages_skip=None, packages_select_regex=None, packages_skip_regex=None, packages_start=None, packages_end=None, allow_overriding=[], cmake_args=None, cmake_target=None, cmake_target_skip_unavailable=False, cmake_clean_cache=False, cmake_clean_first=False, cmake_force_configure=False, ament_cmake_args=None, catkin_cmake_args=None, catkin_skip_building_tests=False, verb_parser=<colcon_defaults.argument_parser.defaults.DefaultArgumentsDecorator object at 0x7e26619103a0>, verb_extension=<colcon_core.verb.build.BuildVerb object at 0x7e26618d3d90>, main=<bound method BuildVerb.main of <colcon_core.verb.build.BuildVerb object at 0x7e26618d3d90>>)
[0.266s] Level 1:colcon.colcon_core.package_discovery:discover_packages(colcon_meta) check parameters
[0.266s] Level 1:colcon.colcon_core.package_discovery:discover_packages(recursive) check parameters
[0.266s] Level 1:colcon.colcon_core.package_discovery:discover_packages(ignore) check parameters
[0.266s] Level 1:colcon.colcon_core.package_discovery:discover_packages(path) check parameters
[0.266s] Level 1:colcon.colcon_core.package_discovery:discover_packages(colcon_meta) discover
[0.266s] Level 1:colcon.colcon_core.package_discovery:discover_packages(recursive) discover
[0.266s] INFO:colcon.colcon_core.package_discovery:Crawling recursively for packages in '/home/ubuntu/robot_ws'
[0.266s] Level 1:colcon.colcon_core.package_identification:_identify(.) by extensions ['ignore', 'ignore_ament_install']
[0.266s] Level 1:colcon.colcon_core.package_identification:_identify(.) by extension 'ignore'
[0.266s] Level 1:colcon.colcon_core.package_identification:_identify(.) by extension 'ignore_ament_install'
[0.266s] Level 1:colcon.colcon_core.package_identification:_identify(.) by extensions ['colcon_pkg']
[0.266s] Level 1:colcon.colcon_core.package_identification:_identify(.) by extension 'colcon_pkg'
[0.266s] Level 1:colcon.colcon_core.package_identification:_identify(.) by extensions ['colcon_meta']
[0.266s] Level 1:colcon.colcon_core.package_identification:_identify(.) by extension 'colcon_meta'
[0.267s] Level 1:colcon.colcon_core.package_identification:_identify(.) by extensions ['ros']
[0.267s] Level 1:colcon.colcon_core.package_identification:_identify(.) by extension 'ros'
[0.275s] Level 1:colcon.colcon_core.package_identification:_identify(.) by extensions ['cmake', 'python']
[0.275s] Level 1:colcon.colcon_core.package_identification:_identify(.) by extension 'cmake'
[0.275s] Level 1:colcon.colcon_core.package_identification:_identify(.) by extension 'python'
[0.275s] Level 1:colcon.colcon_core.package_identification:_identify(.) by extensions ['python_setup_py']
[0.275s] Level 1:colcon.colcon_core.package_identification:_identify(.) by extension 'python_setup_py'
[0.275s] Level 1:colcon.colcon_core.package_identification:_identify(build) by extensions ['ignore', 'ignore_ament_install']
[0.275s] Level 1:colcon.colcon_core.package_identification:_identify(build) by extension 'ignore'
[0.275s] Level 1:colcon.colcon_core.package_identification:_identify(build) ignored
[0.275s] Level 1:colcon.colcon_core.package_identification:_identify(install) by extensions ['ignore', 'ignore_ament_install']
[0.275s] Level 1:colcon.colcon_core.package_identification:_identify(install) by extension 'ignore'
[0.275s] Level 1:colcon.colcon_core.package_identification:_identify(install) ignored
[0.275s] Level 1:colcon.colcon_core.package_identification:_identify(log) by extensions ['ignore', 'ignore_ament_install']
[0.276s] Level 1:colcon.colcon_core.package_identification:_identify(log) by extension 'ignore'
[0.276s] Level 1:colcon.colcon_core.package_identification:_identify(log) ignored
[0.276s] Level 1:colcon.colcon_core.package_identification:_identify(src) by extensions ['ignore', 'ignore_ament_install']
[0.276s] Level 1:colcon.colcon_core.package_identification:_identify(src) by extension 'ignore'
[0.276s] Level 1:colcon.colcon_core.package_identification:_identify(src) by extension 'ignore_ament_install'
[0.276s] Level 1:colcon.colcon_core.package_identification:_identify(src) by extensions ['colcon_pkg']
[0.276s] Level 1:colcon.colcon_core.package_identification:_identify(src) by extension 'colcon_pkg'
[0.276s] Level 1:colcon.colcon_core.package_identification:_identify(src) by extensions ['colcon_meta']
[0.276s] Level 1:colcon.colcon_core.package_identification:_identify(src) by extension 'colcon_meta'
[0.276s] Level 1:colcon.colcon_core.package_identification:_identify(src) by extensions ['ros']
[0.276s] Level 1:colcon.colcon_core.package_identification:_identify(src) by extension 'ros'
[0.276s] Level 1:colcon.colcon_core.package_identification:_identify(src) by extensions ['cmake', 'python']
[0.276s] Level 1:colcon.colcon_core.package_identification:_identify(src) by extension 'cmake'
[0.276s] Level 1:colcon.colcon_core.package_identification:_identify(src) by extension 'python'
[0.276s] Level 1:colcon.colcon_core.package_identification:_identify(src) by extensions ['python_setup_py']
[0.276s] Level 1:colcon.colcon_core.package_identification:_identify(src) by extension 'python_setup_py'
[0.276s] Level 1:colcon.colcon_core.package_identification:_identify(src/move_turtle_pkg) by extensions ['ignore', 'ignore_ament_install']
[0.276s] Level 1:colcon.colcon_core.package_identification:_identify(src/move_turtle_pkg) by extension 'ignore'
[0.276s] Level 1:colcon.colcon_core.package_identification:_identify(src/move_turtle_pkg) by extension 'ignore_ament_install'
[0.276s] Level 1:colcon.colcon_core.package_identification:_identify(src/move_turtle_pkg) by extensions ['colcon_pkg']
[0.276s] Level 1:colcon.colcon_core.package_identification:_identify(src/move_turtle_pkg) by extension 'colcon_pkg'
[0.276s] Level 1:colcon.colcon_core.package_identification:_identify(src/move_turtle_pkg) by extensions ['colcon_meta']
[0.276s] Level 1:colcon.colcon_core.package_identification:_identify(src/move_turtle_pkg) by extension 'colcon_meta'
[0.276s] Level 1:colcon.colcon_core.package_identification:_identify(src/move_turtle_pkg) by extensions ['ros']
[0.276s] Level 1:colcon.colcon_core.package_identification:_identify(src/move_turtle_pkg) by extension 'ros'
[0.278s] DEBUG:colcon.colcon_core.package_identification:Package 'src/move_turtle_pkg' with type 'ros.ament_python' and name 'move_turtle_pkg'
[0.278s] Level 1:colcon.colcon_core.package_identification:_identify(src/msg_srv_action_interface_example) by extensions ['ignore', 'ignore_ament_install']
[0.278s] Level 1:colcon.colcon_core.package_identification:_identify(src/msg_srv_action_interface_example) by extension 'ignore'
[0.278s] Level 1:colcon.colcon_core.package_identification:_identify(src/msg_srv_action_interface_example) by extension 'ignore_ament_install'
[0.278s] Level 1:colcon.colcon_core.package_identification:_identify(src/msg_srv_action_interface_example) by extensions ['colcon_pkg']
[0.278s] Level 1:colcon.colcon_core.package_identification:_identify(src/msg_srv_action_interface_example) by extension 'colcon_pkg'
[0.278s] Level 1:colcon.colcon_core.package_identification:_identify(src/msg_srv_action_interface_example) by extensions ['colcon_meta']
[0.278s] Level 1:colcon.colcon_core.package_identification:_identify(src/msg_srv_action_interface_example) by extension 'colcon_meta'
[0.279s] Level 1:colcon.colcon_core.package_identification:_identify(src/msg_srv_action_interface_example) by extensions ['ros']
[0.279s] Level 1:colcon.colcon_core.package_identification:_identify(src/msg_srv_action_interface_example) by extension 'ros'
[0.279s] DEBUG:colcon.colcon_core.package_identification:Package 'src/msg_srv_action_interface_example' with type 'ros.ament_cmake' and name 'msg_srv_action_interface_example'
[0.279s] Level 1:colcon.colcon_core.package_identification:_identify(src/my_first_package_msgs) by extensions ['ignore', 'ignore_ament_install']
[0.279s] Level 1:colcon.colcon_core.package_identification:_identify(src/my_first_package_msgs) by extension 'ignore'
[0.279s] Level 1:colcon.colcon_core.package_identification:_identify(src/my_first_package_msgs) by extension 'ignore_ament_install'
[0.279s] Level 1:colcon.colcon_core.package_identification:_identify(src/my_first_package_msgs) by extensions ['colcon_pkg']
[0.279s] Level 1:colcon.colcon_core.package_identification:_identify(src/my_first_package_msgs) by extension 'colcon_pkg'
[0.279s] Level 1:colcon.colcon_core.package_identification:_identify(src/my_first_package_msgs) by extensions ['colcon_meta']
[0.279s] Level 1:colcon.colcon_core.package_identification:_identify(src/my_first_package_msgs) by extension 'colcon_meta'
[0.279s] Level 1:colcon.colcon_core.package_identification:_identify(src/my_first_package_msgs) by extensions ['ros']
[0.279s] Level 1:colcon.colcon_core.package_identification:_identify(src/my_first_package_msgs) by extension 'ros'
[0.280s] DEBUG:colcon.colcon_core.package_identification:Package 'src/my_first_package_msgs' with type 'ros.ament_cmake' and name 'my_first_package_msgs'
[0.280s] Level 1:colcon.colcon_core.package_identification:_identify(src/my_first_ros_rclpy_pkg) by extensions ['ignore', 'ignore_ament_install']
[0.280s] Level 1:colcon.colcon_core.package_identification:_identify(src/my_first_ros_rclpy_pkg) by extension 'ignore'
[0.280s] Level 1:colcon.colcon_core.package_identification:_identify(src/my_first_ros_rclpy_pkg) by extension 'ignore_ament_install'
[0.280s] Level 1:colcon.colcon_core.package_identification:_identify(src/my_first_ros_rclpy_pkg) by extensions ['colcon_pkg']
[0.280s] Level 1:colcon.colcon_core.package_identification:_identify(src/my_first_ros_rclpy_pkg) by extension 'colcon_pkg'
[0.280s] Level 1:colcon.colcon_core.package_identification:_identify(src/my_first_ros_rclpy_pkg) by extensions ['colcon_meta']
[0.280s] Level 1:colcon.colcon_core.package_identification:_identify(src/my_first_ros_rclpy_pkg) by extension 'colcon_meta'
[0.280s] Level 1:colcon.colcon_core.package_identification:_identify(src/my_first_ros_rclpy_pkg) by extensions ['ros']
[0.280s] Level 1:colcon.colcon_core.package_identification:_identify(src/my_first_ros_rclpy_pkg) by extension 'ros'
[0.281s] DEBUG:colcon.colcon_core.package_identification:Package 'src/my_first_ros_rclpy_pkg' with type 'ros.ament_python' and name 'my_first_ros_rclpy_pkg'
[0.281s] Level 1:colcon.colcon_core.package_identification:_identify(src/my_first_ros_test_pkg) by extensions ['ignore', 'ignore_ament_install']
[0.281s] Level 1:colcon.colcon_core.package_identification:_identify(src/my_first_ros_test_pkg) by extension 'ignore'
[0.281s] Level 1:colcon.colcon_core.package_identification:_identify(src/my_first_ros_test_pkg) by extension 'ignore_ament_install'
[0.281s] Level 1:colcon.colcon_core.package_identification:_identify(src/my_first_ros_test_pkg) by extensions ['colcon_pkg']
[0.281s] Level 1:colcon.colcon_core.package_identification:_identify(src/my_first_ros_test_pkg) by extension 'colcon_pkg'
[0.281s] Level 1:colcon.colcon_core.package_identification:_identify(src/my_first_ros_test_pkg) by extensions ['colcon_meta']
[0.281s] Level 1:colcon.colcon_core.package_identification:_identify(src/my_first_ros_test_pkg) by extension 'colcon_meta'
[0.281s] Level 1:colcon.colcon_core.package_identification:_identify(src/my_first_ros_test_pkg) by extensions ['ros']
[0.281s] Level 1:colcon.colcon_core.package_identification:_identify(src/my_first_ros_test_pkg) by extension 'ros'
[0.281s] DEBUG:colcon.colcon_core.package_identification:Package 'src/my_first_ros_test_pkg' with type 'ros.ament_python' and name 'my_first_ros_test_pkg'
[0.281s] Level 1:colcon.colcon_core.package_identification:_identify(src/my_turtlebot_pkg) by extensions ['ignore', 'ignore_ament_install']
[0.282s] Level 1:colcon.colcon_core.package_identification:_identify(src/my_turtlebot_pkg) by extension 'ignore'
[0.282s] Level 1:colcon.colcon_core.package_identification:_identify(src/my_turtlebot_pkg) by extension 'ignore_ament_install'
[0.282s] Level 1:colcon.colcon_core.package_identification:_identify(src/my_turtlebot_pkg) by extensions ['colcon_pkg']
[0.282s] Level 1:colcon.colcon_core.package_identification:_identify(src/my_turtlebot_pkg) by extension 'colcon_pkg'
[0.282s] Level 1:colcon.colcon_core.package_identification:_identify(src/my_turtlebot_pkg) by extensions ['colcon_meta']
[0.282s] Level 1:colcon.colcon_core.package_identification:_identify(src/my_turtlebot_pkg) by extension 'colcon_meta'
[0.282s] Level 1:colcon.colcon_core.package_identification:_identify(src/my_turtlebot_pkg) by extensions ['ros']
[0.282s] Level 1:colcon.colcon_core.package_identification:_identify(src/my_turtlebot_pkg) by extension 'ros'
[0.283s] DEBUG:colcon.colcon_core.package_identification:Package 'src/my_turtlebot_pkg' with type 'ros.ament_python' and name 'my_turtlebot_pkg'
[0.283s] Level 1:colcon.colcon_core.package_identification:_identify(src/topic_service_action_rclpy_example) by extensions ['ignore', 'ignore_ament_install']
[0.283s] Level 1:colcon.colcon_core.package_identification:_identify(src/topic_service_action_rclpy_example) by extension 'ignore'
[0.283s] Level 1:colcon.colcon_core.package_identification:_identify(src/topic_service_action_rclpy_example) by extension 'ignore_ament_install'
[0.283s] Level 1:colcon.colcon_core.package_identification:_identify(src/topic_service_action_rclpy_example) by extensions ['colcon_pkg']
[0.283s] Level 1:colcon.colcon_core.package_identification:_identify(src/topic_service_action_rclpy_example) by extension 'colcon_pkg'
[0.283s] Level 1:colcon.colcon_core.package_identification:_identify(src/topic_service_action_rclpy_example) by extensions ['colcon_meta']
[0.283s] Level 1:colcon.colcon_core.package_identification:_identify(src/topic_service_action_rclpy_example) by extension 'colcon_meta'
[0.283s] Level 1:colcon.colcon_core.package_identification:_identify(src/topic_service_action_rclpy_example) by extensions ['ros']
[0.283s] Level 1:colcon.colcon_core.package_identification:_identify(src/topic_service_action_rclpy_example) by extension 'ros'
[0.284s] DEBUG:colcon.colcon_core.package_identification:Package 'src/topic_service_action_rclpy_example' with type 'ros.ament_python' and name 'topic_service_action_rclpy_example'
[0.284s] Level 1:colcon.colcon_core.package_discovery:discover_packages(recursive) using defaults
[0.284s] Level 1:colcon.colcon_core.package_discovery:discover_packages(ignore) discover
[0.284s] Level 1:colcon.colcon_core.package_discovery:discover_packages(ignore) using defaults
[0.284s] Level 1:colcon.colcon_core.package_discovery:discover_packages(path) discover
[0.284s] Level 1:colcon.colcon_core.package_discovery:discover_packages(path) using defaults
[0.301s] Level 1:colcon.colcon_core.package_discovery:discover_packages(prefix_path) check parameters
[0.301s] Level 1:colcon.colcon_core.package_discovery:discover_packages(prefix_path) discover
[0.302s] WARNING:colcon.colcon_ros.prefix_path.ament:The path '/home/ubuntu/robot_ws/install/topic_service_action_rclpy_example' in the environment variable AMENT_PREFIX_PATH doesn't exist
[0.302s] WARNING:colcon.colcon_ros.prefix_path.ament:The path '/home/ubuntu/robot_ws/install/my_turtlebot_pkg' in the environment variable AMENT_PREFIX_PATH doesn't exist
[0.302s] WARNING:colcon.colcon_ros.prefix_path.ament:The path '/home/ubuntu/robot_ws/install/my_move_turtle_pkg' in the environment variable AMENT_PREFIX_PATH doesn't exist
[0.302s] WARNING:colcon.colcon_ros.prefix_path.ament:The path '/home/ubuntu/robot_ws/install/my_first_ros_test_pkg' in the environment variable AMENT_PREFIX_PATH doesn't exist
[0.302s] WARNING:colcon.colcon_ros.prefix_path.ament:The path '/home/ubuntu/robot_ws/install/my_first_ros_rclpy_pkg' in the environment variable AMENT_PREFIX_PATH doesn't exist
[0.302s] WARNING:colcon.colcon_ros.prefix_path.ament:The path '/home/ubuntu/robot_ws/install/my_first_package_msgs' in the environment variable AMENT_PREFIX_PATH doesn't exist
[0.302s] WARNING:colcon.colcon_ros.prefix_path.ament:The path '/home/ubuntu/robot_ws/install/msg_srv_action_interface_example' in the environment variable AMENT_PREFIX_PATH doesn't exist
[0.302s] WARNING:colcon.colcon_ros.prefix_path.ament:The path '/home/ubuntu/robot_ws/install/move_turtle_pkg' in the environment variable AMENT_PREFIX_PATH doesn't exist
[0.302s] WARNING:colcon.colcon_ros.prefix_path.catkin:The path '/home/ubuntu/robot_ws/install/my_first_package_msgs' in the environment variable CMAKE_PREFIX_PATH doesn't exist
[0.302s] WARNING:colcon.colcon_ros.prefix_path.catkin:The path '/home/ubuntu/robot_ws/install/msg_srv_action_interface_example' in the environment variable CMAKE_PREFIX_PATH doesn't exist
[0.303s] DEBUG:colcon.colcon_installed_package_information.package_discovery:Found 0 installed packages in /home/ubuntu/robot_ws/install
[0.304s] DEBUG:colcon.colcon_installed_package_information.package_discovery:Found 26 installed packages in /home/ubuntu/turtlebot3_ws/install
[0.305s] DEBUG:colcon.colcon_installed_package_information.package_discovery:Found 406 installed packages in /opt/ros/humble
[0.307s] Level 1:colcon.colcon_core.package_discovery:discover_packages(prefix_path) using defaults
[0.347s] Level 5:colcon.colcon_core.verb:set package 'move_turtle_pkg' build argument 'cmake_args' from command line to 'None'
[0.347s] Level 5:colcon.colcon_core.verb:set package 'move_turtle_pkg' build argument 'cmake_target' from command line to 'None'
[0.347s] Level 5:colcon.colcon_core.verb:set package 'move_turtle_pkg' build argument 'cmake_target_skip_unavailable' from command line to 'False'
[0.348s] Level 5:colcon.colcon_core.verb:set package 'move_turtle_pkg' build argument 'cmake_clean_cache' from command line to 'False'
[0.348s] Level 5:colcon.colcon_core.verb:set package 'move_turtle_pkg' build argument 'cmake_clean_first' from command line to 'False'
[0.348s] Level 5:colcon.colcon_core.verb:set package 'move_turtle_pkg' build argument 'cmake_force_configure' from command line to 'False'
[0.348s] Level 5:colcon.colcon_core.verb:set package 'move_turtle_pkg' build argument 'ament_cmake_args' from command line to 'None'
[0.348s] Level 5:colcon.colcon_core.verb:set package 'move_turtle_pkg' build argument 'catkin_cmake_args' from command line to 'None'
[0.348s] Level 5:colcon.colcon_core.verb:set package 'move_turtle_pkg' build argument 'catkin_skip_building_tests' from command line to 'False'
[0.348s] DEBUG:colcon.colcon_core.verb:Building package 'move_turtle_pkg' with the following arguments: {'ament_cmake_args': None, 'build_base': '/home/ubuntu/robot_ws/build/move_turtle_pkg', 'catkin_cmake_args': None, 'catkin_skip_building_tests': False, 'cmake_args': None, 'cmake_clean_cache': False, 'cmake_clean_first': False, 'cmake_force_configure': False, 'cmake_target': None, 'cmake_target_skip_unavailable': False, 'install_base': '/home/ubuntu/robot_ws/install/move_turtle_pkg', 'merge_install': False, 'path': '/home/ubuntu/robot_ws/src/move_turtle_pkg', 'symlink_install': True, 'test_result_base': None}
[0.348s] Level 5:colcon.colcon_core.verb:set package 'msg_srv_action_interface_example' build argument 'cmake_args' from command line to 'None'
[0.348s] Level 5:colcon.colcon_core.verb:set package 'msg_srv_action_interface_example' build argument 'cmake_target' from command line to 'None'
[0.348s] Level 5:colcon.colcon_core.verb:set package 'msg_srv_action_interface_example' build argument 'cmake_target_skip_unavailable' from command line to 'False'
[0.348s] Level 5:colcon.colcon_core.verb:set package 'msg_srv_action_interface_example' build argument 'cmake_clean_cache' from command line to 'False'
[0.348s] Level 5:colcon.colcon_core.verb:set package 'msg_srv_action_interface_example' build argument 'cmake_clean_first' from command line to 'False'
[0.348s] Level 5:colcon.colcon_core.verb:set package 'msg_srv_action_interface_example' build argument 'cmake_force_configure' from command line to 'False'
[0.348s] Level 5:colcon.colcon_core.verb:set package 'msg_srv_action_interface_example' build argument 'ament_cmake_args' from command line to 'None'
[0.348s] Level 5:colcon.colcon_core.verb:set package 'msg_srv_action_interface_example' build argument 'catkin_cmake_args' from command line to 'None'
[0.348s] Level 5:colcon.colcon_core.verb:set package 'msg_srv_action_interface_example' build argument 'catkin_skip_building_tests' from command line to 'False'
[0.348s] DEBUG:colcon.colcon_core.verb:Building package 'msg_srv_action_interface_example' with the following arguments: {'ament_cmake_args': None, 'build_base': '/home/ubuntu/robot_ws/build/msg_srv_action_interface_example', 'catkin_cmake_args': None, 'catkin_skip_building_tests': False, 'cmake_args': None, 'cmake_clean_cache': False, 'cmake_clean_first': False, 'cmake_force_configure': False, 'cmake_target': None, 'cmake_target_skip_unavailable': False, 'install_base': '/home/ubuntu/robot_ws/install/msg_srv_action_interface_example', 'merge_install': False, 'path': '/home/ubuntu/robot_ws/src/msg_srv_action_interface_example', 'symlink_install': True, 'test_result_base': None}
[0.348s] Level 5:colcon.colcon_core.verb:set package 'my_first_package_msgs' build argument 'cmake_args' from command line to 'None'
[0.348s] Level 5:colcon.colcon_core.verb:set package 'my_first_package_msgs' build argument 'cmake_target' from command line to 'None'
[0.348s] Level 5:colcon.colcon_core.verb:set package 'my_first_package_msgs' build argument 'cmake_target_skip_unavailable' from command line to 'False'
[0.348s] Level 5:colcon.colcon_core.verb:set package 'my_first_package_msgs' build argument 'cmake_clean_cache' from command line to 'False'
[0.348s] Level 5:colcon.colcon_core.verb:set package 'my_first_package_msgs' build argument 'cmake_clean_first' from command line to 'False'
[0.348s] Level 5:colcon.colcon_core.verb:set package 'my_first_package_msgs' build argument 'cmake_force_configure' from command line to 'False'
[0.348s] Level 5:colcon.colcon_core.verb:set package 'my_first_package_msgs' build argument 'ament_cmake_args' from command line to 'None'
[0.348s] Level 5:colcon.colcon_core.verb:set package 'my_first_package_msgs' build argument 'catkin_cmake_args' from command line to 'None'
[0.348s] Level 5:colcon.colcon_core.verb:set package 'my_first_package_msgs' build argument 'catkin_skip_building_tests' from command line to 'False'
[0.349s] DEBUG:colcon.colcon_core.verb:Building package 'my_first_package_msgs' with the following arguments: {'ament_cmake_args': None, 'build_base': '/home/ubuntu/robot_ws/build/my_first_package_msgs', 'catkin_cmake_args': None, 'catkin_skip_building_tests': False, 'cmake_args': None, 'cmake_clean_cache': False, 'cmake_clean_first': False, 'cmake_force_configure': False, 'cmake_target': None, 'cmake_target_skip_unavailable': False, 'install_base': '/home/ubuntu/robot_ws/install/my_first_package_msgs', 'merge_install': False, 'path': '/home/ubuntu/robot_ws/src/my_first_package_msgs', 'symlink_install': True, 'test_result_base': None}
[0.349s] Level 5:colcon.colcon_core.verb:set package 'my_first_ros_rclpy_pkg' build argument 'cmake_args' from command line to 'None'
[0.349s] Level 5:colcon.colcon_core.verb:set package 'my_first_ros_rclpy_pkg' build argument 'cmake_target' from command line to 'None'
[0.349s] Level 5:colcon.colcon_core.verb:set package 'my_first_ros_rclpy_pkg' build argument 'cmake_target_skip_unavailable' from command line to 'False'
[0.349s] Level 5:colcon.colcon_core.verb:set package 'my_first_ros_rclpy_pkg' build argument 'cmake_clean_cache' from command line to 'False'
[0.349s] Level 5:colcon.colcon_core.verb:set package 'my_first_ros_rclpy_pkg' build argument 'cmake_clean_first' from command line to 'False'
[0.349s] Level 5:colcon.colcon_core.verb:set package 'my_first_ros_rclpy_pkg' build argument 'cmake_force_configure' from command line to 'False'
[0.349s] Level 5:colcon.colcon_core.verb:set package 'my_first_ros_rclpy_pkg' build argument 'ament_cmake_args' from command line to 'None'
[0.349s] Level 5:colcon.colcon_core.verb:set package 'my_first_ros_rclpy_pkg' build argument 'catkin_cmake_args' from command line to 'None'
[0.349s] Level 5:colcon.colcon_core.verb:set package 'my_first_ros_rclpy_pkg' build argument 'catkin_skip_building_tests' from command line to 'False'
[0.349s] DEBUG:colcon.colcon_core.verb:Building package 'my_first_ros_rclpy_pkg' with the following arguments: {'ament_cmake_args': None, 'build_base': '/home/ubuntu/robot_ws/build/my_first_ros_rclpy_pkg', 'catkin_cmake_args': None, 'catkin_skip_building_tests': False, 'cmake_args': None, 'cmake_clean_cache': False, 'cmake_clean_first': False, 'cmake_force_configure': False, 'cmake_target': None, 'cmake_target_skip_unavailable': False, 'install_base': '/home/ubuntu/robot_ws/install/my_first_ros_rclpy_pkg', 'merge_install': False, 'path': '/home/ubuntu/robot_ws/src/my_first_ros_rclpy_pkg', 'symlink_install': True, 'test_result_base': None}
[0.349s] Level 5:colcon.colcon_core.verb:set package 'my_first_ros_test_pkg' build argument 'cmake_args' from command line to 'None'
[0.349s] Level 5:colcon.colcon_core.verb:set package 'my_first_ros_test_pkg' build argument 'cmake_target' from command line to 'None'
[0.349s] Level 5:colcon.colcon_core.verb:set package 'my_first_ros_test_pkg' build argument 'cmake_target_skip_unavailable' from command line to 'False'
[0.349s] Level 5:colcon.colcon_core.verb:set package 'my_first_ros_test_pkg' build argument 'cmake_clean_cache' from command line to 'False'
[0.349s] Level 5:colcon.colcon_core.verb:set package 'my_first_ros_test_pkg' build argument 'cmake_clean_first' from command line to 'False'
[0.349s] Level 5:colcon.colcon_core.verb:set package 'my_first_ros_test_pkg' build argument 'cmake_force_configure' from command line to 'False'
[0.349s] Level 5:colcon.colcon_core.verb:set package 'my_first_ros_test_pkg' build argument 'ament_cmake_args' from command line to 'None'
[0.349s] Level 5:colcon.colcon_core.verb:set package 'my_first_ros_test_pkg' build argument 'catkin_cmake_args' from command line to 'None'
[0.349s] Level 5:colcon.colcon_core.verb:set package 'my_first_ros_test_pkg' build argument 'catkin_skip_building_tests' from command line to 'False'
[0.349s] DEBUG:colcon.colcon_core.verb:Building package 'my_first_ros_test_pkg' with the following arguments: {'ament_cmake_args': None, 'build_base': '/home/ubuntu/robot_ws/build/my_first_ros_test_pkg', 'catkin_cmake_args': None, 'catkin_skip_building_tests': False, 'cmake_args': None, 'cmake_clean_cache': False, 'cmake_clean_first': False, 'cmake_force_configure': False, 'cmake_target': None, 'cmake_target_skip_unavailable': False, 'install_base': '/home/ubuntu/robot_ws/install/my_first_ros_test_pkg', 'merge_install': False, 'path': '/home/ubuntu/robot_ws/src/my_first_ros_test_pkg', 'symlink_install': True, 'test_result_base': None}
[0.349s] Level 5:colcon.colcon_core.verb:set package 'my_turtlebot_pkg' build argument 'cmake_args' from command line to 'None'
[0.350s] Level 5:colcon.colcon_core.verb:set package 'my_turtlebot_pkg' build argument 'cmake_target' from command line to 'None'
[0.350s] Level 5:colcon.colcon_core.verb:set package 'my_turtlebot_pkg' build argument 'cmake_target_skip_unavailable' from command line to 'False'
[0.350s] Level 5:colcon.colcon_core.verb:set package 'my_turtlebot_pkg' build argument 'cmake_clean_cache' from command line to 'False'
[0.350s] Level 5:colcon.colcon_core.verb:set package 'my_turtlebot_pkg' build argument 'cmake_clean_first' from command line to 'False'
[0.350s] Level 5:colcon.colcon_core.verb:set package 'my_turtlebot_pkg' build argument 'cmake_force_configure' from command line to 'False'
[0.350s] Level 5:colcon.colcon_core.verb:set package 'my_turtlebot_pkg' build argument 'ament_cmake_args' from command line to 'None'
[0.350s] Level 5:colcon.colcon_core.verb:set package 'my_turtlebot_pkg' build argument 'catkin_cmake_args' from command line to 'None'
[0.350s] Level 5:colcon.colcon_core.verb:set package 'my_turtlebot_pkg' build argument 'catkin_skip_building_tests' from command line to 'False'
[0.350s] DEBUG:colcon.colcon_core.verb:Building package 'my_turtlebot_pkg' with the following arguments: {'ament_cmake_args': None, 'build_base': '/home/ubuntu/robot_ws/build/my_turtlebot_pkg', 'catkin_cmake_args': None, 'catkin_skip_building_tests': False, 'cmake_args': None, 'cmake_clean_cache': False, 'cmake_clean_first': False, 'cmake_force_configure': False, 'cmake_target': None, 'cmake_target_skip_unavailable': False, 'install_base': '/home/ubuntu/robot_ws/install/my_turtlebot_pkg', 'merge_install': False, 'path': '/home/ubuntu/robot_ws/src/my_turtlebot_pkg', 'symlink_install': True, 'test_result_base': None}
[0.350s] Level 5:colcon.colcon_core.verb:set package 'topic_service_action_rclpy_example' build argument 'cmake_args' from command line to 'None'
[0.350s] Level 5:colcon.colcon_core.verb:set package 'topic_service_action_rclpy_example' build argument 'cmake_target' from command line to 'None'
[0.350s] Level 5:colcon.colcon_core.verb:set package 'topic_service_action_rclpy_example' build argument 'cmake_target_skip_unavailable' from command line to 'False'
[0.350s] Level 5:colcon.colcon_core.verb:set package 'topic_service_action_rclpy_example' build argument 'cmake_clean_cache' from command line to 'False'
[0.350s] Level 5:colcon.colcon_core.verb:set package 'topic_service_action_rclpy_example' build argument 'cmake_clean_first' from command line to 'False'
[0.350s] Level 5:colcon.colcon_core.verb:set package 'topic_service_action_rclpy_example' build argument 'cmake_force_configure' from command line to 'False'
[0.350s] Level 5:colcon.colcon_core.verb:set package 'topic_service_action_rclpy_example' build argument 'ament_cmake_args' from command line to 'None'
[0.350s] Level 5:colcon.colcon_core.verb:set package 'topic_service_action_rclpy_example' build argument 'catkin_cmake_args' from command line to 'None'
[0.350s] Level 5:colcon.colcon_core.verb:set package 'topic_service_action_rclpy_example' build argument 'catkin_skip_building_tests' from command line to 'False'
[0.350s] DEBUG:colcon.colcon_core.verb:Building package 'topic_service_action_rclpy_example' with the following arguments: {'ament_cmake_args': None, 'build_base': '/home/ubuntu/robot_ws/build/topic_service_action_rclpy_example', 'catkin_cmake_args': None, 'catkin_skip_building_tests': False, 'cmake_args': None, 'cmake_clean_cache': False, 'cmake_clean_first': False, 'cmake_force_configure': False, 'cmake_target': None, 'cmake_target_skip_unavailable': False, 'install_base': '/home/ubuntu/robot_ws/install/topic_service_action_rclpy_example', 'merge_install': False, 'path': '/home/ubuntu/robot_ws/src/topic_service_action_rclpy_example', 'symlink_install': True, 'test_result_base': None}
[0.350s] INFO:colcon.colcon_core.executor:Executing jobs using 'parallel' executor
[0.351s] DEBUG:colcon.colcon_parallel_executor.executor.parallel:run_until_complete
[0.351s] INFO:colcon.colcon_ros.task.ament_cmake.build:Building ROS package in '/home/ubuntu/robot_ws/src/msg_srv_action_interface_example' with build type 'ament_cmake'
[0.352s] INFO:colcon.colcon_cmake.task.cmake.build:Building CMake package in '/home/ubuntu/robot_ws/src/msg_srv_action_interface_example'
[0.354s] INFO:colcon.colcon_core.plugin_system:Skipping extension 'colcon_core.shell.bat': Not used on non-Windows systems
[0.354s] INFO:colcon.colcon_core.shell:Skip shell extension 'powershell' for command environment: Not usable outside of PowerShell
[0.354s] DEBUG:colcon.colcon_core.shell:Skip shell extension 'dsv' for command environment
[0.358s] INFO:colcon.colcon_ros.task.ament_python.build:Building ROS package in '/home/ubuntu/robot_ws/src/move_turtle_pkg' with build type 'ament_python'
[0.359s] Level 1:colcon.colcon_core.shell:create_environment_hook('move_turtle_pkg', 'ament_prefix_path')
[0.359s] INFO:colcon.colcon_core.shell:Creating environment hook '/home/ubuntu/robot_ws/install/move_turtle_pkg/share/move_turtle_pkg/hook/ament_prefix_path.ps1'
[0.359s] INFO:colcon.colcon_core.shell:Creating environment descriptor '/home/ubuntu/robot_ws/install/move_turtle_pkg/share/move_turtle_pkg/hook/ament_prefix_path.dsv'
[0.359s] INFO:colcon.colcon_core.shell:Creating environment hook '/home/ubuntu/robot_ws/install/move_turtle_pkg/share/move_turtle_pkg/hook/ament_prefix_path.sh'
[0.360s] INFO:colcon.colcon_core.shell:Skip shell extension 'powershell' for command environment: Not usable outside of PowerShell
[0.360s] DEBUG:colcon.colcon_core.shell:Skip shell extension 'dsv' for command environment
[0.368s] DEBUG:colcon.colcon_core.event_handler.log_command:Invoking command in '/home/ubuntu/robot_ws/build/msg_srv_action_interface_example': CMAKE_PREFIX_PATH=${CMAKE_PREFIX_PATH}:/home/ubuntu/turtlebot3_ws/install/turtlebot3_yolo_object_detection:/home/ubuntu/turtlebot3_ws/install/turtlebot3_teleop:/home/ubuntu/turtlebot3_ws/install/turtlebot3_example:/home/ubuntu/turtlebot3_ws/install/turtlebot3_dqn:/home/ubuntu/turtlebot3_ws/install/turtlebot3_autorace_mission:/home/ubuntu/turtlebot3_ws/install/turtlebot3_autorace_detect:/home/ubuntu/turtlebot3_ws/install/turtlebot3_autorace_camera:/home/ubuntu/turtlebot3_ws/install/turtlebot3_automatic_parking_vision:/home/ubuntu/turtlebot3_ws/install/turtlebot3_automatic_parking:/home/ubuntu/turtlebot3_ws/install/turtlebot3_aruco_tracker:/home/ubuntu/robot_ws/install/topic_service_action_rclpy_example:/home/ubuntu/robot_ws/install/my_turtlebot_pkg:/home/ubuntu/robot_ws/install/my_move_turtle_pkg:/home/ubuntu/robot_ws/install/my_first_ros_test_pkg:/home/ubuntu/robot_ws/install/my_first_ros_rclpy_pkg:/home/ubuntu/robot_ws/install/move_turtle_pkg:/opt/ros/humble /usr/bin/cmake /home/ubuntu/robot_ws/src/msg_srv_action_interface_example -DAMENT_CMAKE_SYMLINK_INSTALL=1 -DCMAKE_INSTALL_PREFIX=/home/ubuntu/robot_ws/install/msg_srv_action_interface_example
[0.654s] INFO:colcon.colcon_core.task.python.build:Building Python package in '/home/ubuntu/robot_ws/src/move_turtle_pkg'
[0.655s] INFO:colcon.colcon_core.shell:Skip shell extension 'powershell' for command environment: Not usable outside of PowerShell
[0.655s] DEBUG:colcon.colcon_core.shell:Skip shell extension 'dsv' for command environment
[1.068s] DEBUG:colcon.colcon_core.event_handler.log_command:Invoking command in '/home/ubuntu/robot_ws/build/move_turtle_pkg': PYTHONPATH=/home/ubuntu/robot_ws/build/move_turtle_pkg/prefix_override:/usr/lib/python3/dist-packages/colcon_core/task/python/colcon_distutils_commands:/home/ubuntu/robot_ws/install/move_turtle_pkg/lib/python3.10/site-packages:${PYTHONPATH} /usr/bin/python3 -W ignore:setup.py install is deprecated -W ignore:easy_install command is deprecated setup.py develop --editable --build-directory /home/ubuntu/robot_ws/build/move_turtle_pkg/build --no-deps symlink_data
[1.714s] Level 1:colcon.colcon_core.shell:create_environment_hook('move_turtle_pkg', 'pythonpath_develop')
[1.714s] INFO:colcon.colcon_core.shell:Creating environment hook '/home/ubuntu/robot_ws/build/move_turtle_pkg/share/move_turtle_pkg/hook/pythonpath_develop.ps1'
[1.716s] DEBUG:colcon.colcon_core.event_handler.log_command:Invoked command in '/home/ubuntu/robot_ws/build/move_turtle_pkg' returned '0': PYTHONPATH=/home/ubuntu/robot_ws/build/move_turtle_pkg/prefix_override:/usr/lib/python3/dist-packages/colcon_core/task/python/colcon_distutils_commands:/home/ubuntu/robot_ws/install/move_turtle_pkg/lib/python3.10/site-packages:${PYTHONPATH} /usr/bin/python3 -W ignore:setup.py install is deprecated -W ignore:easy_install command is deprecated setup.py develop --editable --build-directory /home/ubuntu/robot_ws/build/move_turtle_pkg/build --no-deps symlink_data
[1.718s] INFO:colcon.colcon_core.shell:Creating environment descriptor '/home/ubuntu/robot_ws/build/move_turtle_pkg/share/move_turtle_pkg/hook/pythonpath_develop.dsv'
[1.719s] INFO:colcon.colcon_core.shell:Creating environment hook '/home/ubuntu/robot_ws/build/move_turtle_pkg/share/move_turtle_pkg/hook/pythonpath_develop.sh'
[1.725s] Level 1:colcon.colcon_core.environment:checking '/home/ubuntu/robot_ws/install/move_turtle_pkg' for CMake module files
[1.725s] Level 1:colcon.colcon_core.environment:checking '/home/ubuntu/robot_ws/install/move_turtle_pkg' for CMake config files
[1.726s] Level 1:colcon.colcon_core.environment:checking '/home/ubuntu/robot_ws/install/move_turtle_pkg/lib'
[1.726s] Level 1:colcon.colcon_core.environment:checking '/home/ubuntu/robot_ws/install/move_turtle_pkg/bin'
[1.726s] Level 1:colcon.colcon_core.environment:checking '/home/ubuntu/robot_ws/install/move_turtle_pkg/lib/pkgconfig/move_turtle_pkg.pc'
[1.726s] Level 1:colcon.colcon_core.environment:checking '/home/ubuntu/robot_ws/install/move_turtle_pkg/lib/python3.10/site-packages'
[1.727s] Level 1:colcon.colcon_core.shell:create_environment_hook('move_turtle_pkg', 'pythonpath')
[1.727s] INFO:colcon.colcon_core.shell:Creating environment hook '/home/ubuntu/robot_ws/install/move_turtle_pkg/share/move_turtle_pkg/hook/pythonpath.ps1'
[1.731s] INFO:colcon.colcon_core.shell:Creating environment descriptor '/home/ubuntu/robot_ws/install/move_turtle_pkg/share/move_turtle_pkg/hook/pythonpath.dsv'
[1.731s] INFO:colcon.colcon_core.shell:Creating environment hook '/home/ubuntu/robot_ws/install/move_turtle_pkg/share/move_turtle_pkg/hook/pythonpath.sh'
[1.731s] Level 1:colcon.colcon_core.environment:checking '/home/ubuntu/robot_ws/install/move_turtle_pkg/bin'
[1.732s] Level 1:colcon.colcon_core.environment:create_environment_scripts_only(move_turtle_pkg)
[1.732s] INFO:colcon.colcon_core.shell:Creating package script '/home/ubuntu/robot_ws/install/move_turtle_pkg/share/move_turtle_pkg/package.ps1'
[1.732s] INFO:colcon.colcon_core.shell:Creating package descriptor '/home/ubuntu/robot_ws/install/move_turtle_pkg/share/move_turtle_pkg/package.dsv'
[1.735s] INFO:colcon.colcon_core.shell:Creating package script '/home/ubuntu/robot_ws/install/move_turtle_pkg/share/move_turtle_pkg/package.sh'
[1.736s] INFO:colcon.colcon_core.shell:Creating package script '/home/ubuntu/robot_ws/install/move_turtle_pkg/share/move_turtle_pkg/package.bash'
[1.736s] INFO:colcon.colcon_core.shell:Creating package script '/home/ubuntu/robot_ws/install/move_turtle_pkg/share/move_turtle_pkg/package.zsh'
[1.740s] Level 1:colcon.colcon_core.environment:create_file_with_runtime_dependencies(/home/ubuntu/robot_ws/install/move_turtle_pkg/share/colcon-core/packages/move_turtle_pkg)
[1.740s] INFO:colcon.colcon_ros.task.ament_cmake.build:Building ROS package in '/home/ubuntu/robot_ws/src/my_first_package_msgs' with build type 'ament_cmake'
[1.740s] INFO:colcon.colcon_cmake.task.cmake.build:Building CMake package in '/home/ubuntu/robot_ws/src/my_first_package_msgs'
[1.741s] INFO:colcon.colcon_core.shell:Skip shell extension 'powershell' for command environment: Not usable outside of PowerShell
[1.741s] DEBUG:colcon.colcon_core.shell:Skip shell extension 'dsv' for command environment
[1.759s] DEBUG:colcon.colcon_core.event_handler.log_command:Invoking command in '/home/ubuntu/robot_ws/build/my_first_package_msgs': CMAKE_PREFIX_PATH=${CMAKE_PREFIX_PATH}:/home/ubuntu/turtlebot3_ws/install/turtlebot3_yolo_object_detection:/home/ubuntu/turtlebot3_ws/install/turtlebot3_teleop:/home/ubuntu/turtlebot3_ws/install/turtlebot3_example:/home/ubuntu/turtlebot3_ws/install/turtlebot3_dqn:/home/ubuntu/turtlebot3_ws/install/turtlebot3_autorace_mission:/home/ubuntu/turtlebot3_ws/install/turtlebot3_autorace_detect:/home/ubuntu/turtlebot3_ws/install/turtlebot3_autorace_camera:/home/ubuntu/turtlebot3_ws/install/turtlebot3_automatic_parking_vision:/home/ubuntu/turtlebot3_ws/install/turtlebot3_automatic_parking:/home/ubuntu/turtlebot3_ws/install/turtlebot3_aruco_tracker:/home/ubuntu/robot_ws/install/topic_service_action_rclpy_example:/home/ubuntu/robot_ws/install/my_turtlebot_pkg:/home/ubuntu/robot_ws/install/my_move_turtle_pkg:/home/ubuntu/robot_ws/install/my_first_ros_test_pkg:/home/ubuntu/robot_ws/install/my_first_ros_rclpy_pkg:/home/ubuntu/robot_ws/install/move_turtle_pkg:/opt/ros/humble /usr/bin/cmake /home/ubuntu/robot_ws/src/my_first_package_msgs -DAMENT_CMAKE_SYMLINK_INSTALL=1 -DCMAKE_INSTALL_PREFIX=/home/ubuntu/robot_ws/install/my_first_package_msgs
[2.950s] DEBUG:colcon.colcon_core.event_handler.log_command:Invoked command in '/home/ubuntu/robot_ws/build/msg_srv_action_interface_example' returned '0': CMAKE_PREFIX_PATH=${CMAKE_PREFIX_PATH}:/home/ubuntu/turtlebot3_ws/install/turtlebot3_yolo_object_detection:/home/ubuntu/turtlebot3_ws/install/turtlebot3_teleop:/home/ubuntu/turtlebot3_ws/install/turtlebot3_example:/home/ubuntu/turtlebot3_ws/install/turtlebot3_dqn:/home/ubuntu/turtlebot3_ws/install/turtlebot3_autorace_mission:/home/ubuntu/turtlebot3_ws/install/turtlebot3_autorace_detect:/home/ubuntu/turtlebot3_ws/install/turtlebot3_autorace_camera:/home/ubuntu/turtlebot3_ws/install/turtlebot3_automatic_parking_vision:/home/ubuntu/turtlebot3_ws/install/turtlebot3_automatic_parking:/home/ubuntu/turtlebot3_ws/install/turtlebot3_aruco_tracker:/home/ubuntu/robot_ws/install/topic_service_action_rclpy_example:/home/ubuntu/robot_ws/install/my_turtlebot_pkg:/home/ubuntu/robot_ws/install/my_move_turtle_pkg:/home/ubuntu/robot_ws/install/my_first_ros_test_pkg:/home/ubuntu/robot_ws/install/my_first_ros_rclpy_pkg:/home/ubuntu/robot_ws/install/move_turtle_pkg:/opt/ros/humble /usr/bin/cmake /home/ubuntu/robot_ws/src/msg_srv_action_interface_example -DAMENT_CMAKE_SYMLINK_INSTALL=1 -DCMAKE_INSTALL_PREFIX=/home/ubuntu/robot_ws/install/msg_srv_action_interface_example
[2.950s] DEBUG:colcon.colcon_core.event_handler.log_command:Invoking command in '/home/ubuntu/robot_ws/build/msg_srv_action_interface_example': CMAKE_PREFIX_PATH=${CMAKE_PREFIX_PATH}:/home/ubuntu/turtlebot3_ws/install/turtlebot3_yolo_object_detection:/home/ubuntu/turtlebot3_ws/install/turtlebot3_teleop:/home/ubuntu/turtlebot3_ws/install/turtlebot3_example:/home/ubuntu/turtlebot3_ws/install/turtlebot3_dqn:/home/ubuntu/turtlebot3_ws/install/turtlebot3_autorace_mission:/home/ubuntu/turtlebot3_ws/install/turtlebot3_autorace_detect:/home/ubuntu/turtlebot3_ws/install/turtlebot3_autorace_camera:/home/ubuntu/turtlebot3_ws/install/turtlebot3_automatic_parking_vision:/home/ubuntu/turtlebot3_ws/install/turtlebot3_automatic_parking:/home/ubuntu/turtlebot3_ws/install/turtlebot3_aruco_tracker:/home/ubuntu/robot_ws/install/topic_service_action_rclpy_example:/home/ubuntu/robot_ws/install/my_turtlebot_pkg:/home/ubuntu/robot_ws/install/my_move_turtle_pkg:/home/ubuntu/robot_ws/install/my_first_ros_test_pkg:/home/ubuntu/robot_ws/install/my_first_ros_rclpy_pkg:/home/ubuntu/robot_ws/install/move_turtle_pkg:/opt/ros/humble /usr/bin/cmake --build /home/ubuntu/robot_ws/build/msg_srv_action_interface_example -- -j2 -l2
[5.785s] DEBUG:colcon.colcon_core.event_handler.log_command:Invoked command in '/home/ubuntu/robot_ws/build/my_first_package_msgs' returned '0': CMAKE_PREFIX_PATH=${CMAKE_PREFIX_PATH}:/home/ubuntu/turtlebot3_ws/install/turtlebot3_yolo_object_detection:/home/ubuntu/turtlebot3_ws/install/turtlebot3_teleop:/home/ubuntu/turtlebot3_ws/install/turtlebot3_example:/home/ubuntu/turtlebot3_ws/install/turtlebot3_dqn:/home/ubuntu/turtlebot3_ws/install/turtlebot3_autorace_mission:/home/ubuntu/turtlebot3_ws/install/turtlebot3_autorace_detect:/home/ubuntu/turtlebot3_ws/install/turtlebot3_autorace_camera:/home/ubuntu/turtlebot3_ws/install/turtlebot3_automatic_parking_vision:/home/ubuntu/turtlebot3_ws/install/turtlebot3_automatic_parking:/home/ubuntu/turtlebot3_ws/install/turtlebot3_aruco_tracker:/home/ubuntu/robot_ws/install/topic_service_action_rclpy_example:/home/ubuntu/robot_ws/install/my_turtlebot_pkg:/home/ubuntu/robot_ws/install/my_move_turtle_pkg:/home/ubuntu/robot_ws/install/my_first_ros_test_pkg:/home/ubuntu/robot_ws/install/my_first_ros_rclpy_pkg:/home/ubuntu/robot_ws/install/move_turtle_pkg:/opt/ros/humble /usr/bin/cmake /home/ubuntu/robot_ws/src/my_first_package_msgs -DAMENT_CMAKE_SYMLINK_INSTALL=1 -DCMAKE_INSTALL_PREFIX=/home/ubuntu/robot_ws/install/my_first_package_msgs
[5.788s] DEBUG:colcon.colcon_core.event_handler.log_command:Invoking command in '/home/ubuntu/robot_ws/build/my_first_package_msgs': CMAKE_PREFIX_PATH=${CMAKE_PREFIX_PATH}:/home/ubuntu/turtlebot3_ws/install/turtlebot3_yolo_object_detection:/home/ubuntu/turtlebot3_ws/install/turtlebot3_teleop:/home/ubuntu/turtlebot3_ws/install/turtlebot3_example:/home/ubuntu/turtlebot3_ws/install/turtlebot3_dqn:/home/ubuntu/turtlebot3_ws/install/turtlebot3_autorace_mission:/home/ubuntu/turtlebot3_ws/install/turtlebot3_autorace_detect:/home/ubuntu/turtlebot3_ws/install/turtlebot3_autorace_camera:/home/ubuntu/turtlebot3_ws/install/turtlebot3_automatic_parking_vision:/home/ubuntu/turtlebot3_ws/install/turtlebot3_automatic_parking:/home/ubuntu/turtlebot3_ws/install/turtlebot3_aruco_tracker:/home/ubuntu/robot_ws/install/topic_service_action_rclpy_example:/home/ubuntu/robot_ws/install/my_turtlebot_pkg:/home/ubuntu/robot_ws/install/my_move_turtle_pkg:/home/ubuntu/robot_ws/install/my_first_ros_test_pkg:/home/ubuntu/robot_ws/install/my_first_ros_rclpy_pkg:/home/ubuntu/robot_ws/install/move_turtle_pkg:/opt/ros/humble /usr/bin/cmake --build /home/ubuntu/robot_ws/build/my_first_package_msgs -- -j2 -l2
[17.264s] DEBUG:colcon.colcon_core.event_handler.log_command:Invoked command in '/home/ubuntu/robot_ws/build/msg_srv_action_interface_example' returned '0': CMAKE_PREFIX_PATH=${CMAKE_PREFIX_PATH}:/home/ubuntu/turtlebot3_ws/install/turtlebot3_yolo_object_detection:/home/ubuntu/turtlebot3_ws/install/turtlebot3_teleop:/home/ubuntu/turtlebot3_ws/install/turtlebot3_example:/home/ubuntu/turtlebot3_ws/install/turtlebot3_dqn:/home/ubuntu/turtlebot3_ws/install/turtlebot3_autorace_mission:/home/ubuntu/turtlebot3_ws/install/turtlebot3_autorace_detect:/home/ubuntu/turtlebot3_ws/install/turtlebot3_autorace_camera:/home/ubuntu/turtlebot3_ws/install/turtlebot3_automatic_parking_vision:/home/ubuntu/turtlebot3_ws/install/turtlebot3_automatic_parking:/home/ubuntu/turtlebot3_ws/install/turtlebot3_aruco_tracker:/home/ubuntu/robot_ws/install/topic_service_action_rclpy_example:/home/ubuntu/robot_ws/install/my_turtlebot_pkg:/home/ubuntu/robot_ws/install/my_move_turtle_pkg:/home/ubuntu/robot_ws/install/my_first_ros_test_pkg:/home/ubuntu/robot_ws/install/my_first_ros_rclpy_pkg:/home/ubuntu/robot_ws/install/move_turtle_pkg:/opt/ros/humble /usr/bin/cmake --build /home/ubuntu/robot_ws/build/msg_srv_action_interface_example -- -j2 -l2
[17.275s] DEBUG:colcon.colcon_core.event_handler.log_command:Invoking command in '/home/ubuntu/robot_ws/build/msg_srv_action_interface_example': CMAKE_PREFIX_PATH=${CMAKE_PREFIX_PATH}:/home/ubuntu/turtlebot3_ws/install/turtlebot3_yolo_object_detection:/home/ubuntu/turtlebot3_ws/install/turtlebot3_teleop:/home/ubuntu/turtlebot3_ws/install/turtlebot3_example:/home/ubuntu/turtlebot3_ws/install/turtlebot3_dqn:/home/ubuntu/turtlebot3_ws/install/turtlebot3_autorace_mission:/home/ubuntu/turtlebot3_ws/install/turtlebot3_autorace_detect:/home/ubuntu/turtlebot3_ws/install/turtlebot3_autorace_camera:/home/ubuntu/turtlebot3_ws/install/turtlebot3_automatic_parking_vision:/home/ubuntu/turtlebot3_ws/install/turtlebot3_automatic_parking:/home/ubuntu/turtlebot3_ws/install/turtlebot3_aruco_tracker:/home/ubuntu/robot_ws/install/topic_service_action_rclpy_example:/home/ubuntu/robot_ws/install/my_turtlebot_pkg:/home/ubuntu/robot_ws/install/my_move_turtle_pkg:/home/ubuntu/robot_ws/install/my_first_ros_test_pkg:/home/ubuntu/robot_ws/install/my_first_ros_rclpy_pkg:/home/ubuntu/robot_ws/install/move_turtle_pkg:/opt/ros/humble /usr/bin/cmake --install /home/ubuntu/robot_ws/build/msg_srv_action_interface_example
[18.387s] Level 1:colcon.colcon_core.environment:create_environment_scripts_only(msg_srv_action_interface_example)
[18.387s] DEBUG:colcon.colcon_core.event_handler.log_command:Invoked command in '/home/ubuntu/robot_ws/build/msg_srv_action_interface_example' returned '0': CMAKE_PREFIX_PATH=${CMAKE_PREFIX_PATH}:/home/ubuntu/turtlebot3_ws/install/turtlebot3_yolo_object_detection:/home/ubuntu/turtlebot3_ws/install/turtlebot3_teleop:/home/ubuntu/turtlebot3_ws/install/turtlebot3_example:/home/ubuntu/turtlebot3_ws/install/turtlebot3_dqn:/home/ubuntu/turtlebot3_ws/install/turtlebot3_autorace_mission:/home/ubuntu/turtlebot3_ws/install/turtlebot3_autorace_detect:/home/ubuntu/turtlebot3_ws/install/turtlebot3_autorace_camera:/home/ubuntu/turtlebot3_ws/install/turtlebot3_automatic_parking_vision:/home/ubuntu/turtlebot3_ws/install/turtlebot3_automatic_parking:/home/ubuntu/turtlebot3_ws/install/turtlebot3_aruco_tracker:/home/ubuntu/robot_ws/install/topic_service_action_rclpy_example:/home/ubuntu/robot_ws/install/my_turtlebot_pkg:/home/ubuntu/robot_ws/install/my_move_turtle_pkg:/home/ubuntu/robot_ws/install/my_first_ros_test_pkg:/home/ubuntu/robot_ws/install/my_first_ros_rclpy_pkg:/home/ubuntu/robot_ws/install/move_turtle_pkg:/opt/ros/humble /usr/bin/cmake --install /home/ubuntu/robot_ws/build/msg_srv_action_interface_example
[18.389s] Level 1:colcon.colcon_core.environment:checking '/home/ubuntu/robot_ws/install/msg_srv_action_interface_example' for CMake module files
[18.390s] Level 1:colcon.colcon_core.environment:checking '/home/ubuntu/robot_ws/install/msg_srv_action_interface_example' for CMake config files
[18.391s] Level 1:colcon.colcon_core.shell:create_environment_hook('msg_srv_action_interface_example', 'cmake_prefix_path')
[18.393s] INFO:colcon.colcon_core.shell:Creating environment hook '/home/ubuntu/robot_ws/install/msg_srv_action_interface_example/share/msg_srv_action_interface_example/hook/cmake_prefix_path.ps1'
[18.393s] INFO:colcon.colcon_core.shell:Creating environment descriptor '/home/ubuntu/robot_ws/install/msg_srv_action_interface_example/share/msg_srv_action_interface_example/hook/cmake_prefix_path.dsv'
[18.394s] INFO:colcon.colcon_core.shell:Creating environment hook '/home/ubuntu/robot_ws/install/msg_srv_action_interface_example/share/msg_srv_action_interface_example/hook/cmake_prefix_path.sh'
[18.394s] Level 1:colcon.colcon_core.environment:checking '/home/ubuntu/robot_ws/install/msg_srv_action_interface_example/lib'
[18.394s] Level 1:colcon.colcon_core.shell:create_environment_hook('msg_srv_action_interface_example', 'ld_library_path_lib')
[18.394s] INFO:colcon.colcon_core.shell:Creating environment hook '/home/ubuntu/robot_ws/install/msg_srv_action_interface_example/share/msg_srv_action_interface_example/hook/ld_library_path_lib.ps1'
[18.395s] INFO:colcon.colcon_core.shell:Creating environment descriptor '/home/ubuntu/robot_ws/install/msg_srv_action_interface_example/share/msg_srv_action_interface_example/hook/ld_library_path_lib.dsv'
[18.397s] INFO:colcon.colcon_core.shell:Creating environment hook '/home/ubuntu/robot_ws/install/msg_srv_action_interface_example/share/msg_srv_action_interface_example/hook/ld_library_path_lib.sh'
[18.397s] Level 1:colcon.colcon_core.environment:checking '/home/ubuntu/robot_ws/install/msg_srv_action_interface_example/bin'
[18.397s] Level 1:colcon.colcon_core.environment:checking '/home/ubuntu/robot_ws/install/msg_srv_action_interface_example/lib/pkgconfig/msg_srv_action_interface_example.pc'
[18.398s] Level 1:colcon.colcon_core.environment:checking '/home/ubuntu/robot_ws/install/msg_srv_action_interface_example/lib/python3.10/site-packages'
[18.398s] Level 1:colcon.colcon_core.environment:checking '/home/ubuntu/robot_ws/install/msg_srv_action_interface_example/bin'
[18.398s] INFO:colcon.colcon_core.shell:Creating package script '/home/ubuntu/robot_ws/install/msg_srv_action_interface_example/share/msg_srv_action_interface_example/package.ps1'
[18.399s] INFO:colcon.colcon_core.shell:Creating package descriptor '/home/ubuntu/robot_ws/install/msg_srv_action_interface_example/share/msg_srv_action_interface_example/package.dsv'
[18.401s] INFO:colcon.colcon_core.shell:Creating package script '/home/ubuntu/robot_ws/install/msg_srv_action_interface_example/share/msg_srv_action_interface_example/package.sh'
[18.402s] INFO:colcon.colcon_core.shell:Creating package script '/home/ubuntu/robot_ws/install/msg_srv_action_interface_example/share/msg_srv_action_interface_example/package.bash'
[18.402s] INFO:colcon.colcon_core.shell:Creating package script '/home/ubuntu/robot_ws/install/msg_srv_action_interface_example/share/msg_srv_action_interface_example/package.zsh'
[18.402s] Level 1:colcon.colcon_core.environment:create_file_with_runtime_dependencies(/home/ubuntu/robot_ws/install/msg_srv_action_interface_example/share/colcon-core/packages/msg_srv_action_interface_example)
[18.405s] Level 1:colcon.colcon_core.environment:create_environment_scripts_only(msg_srv_action_interface_example)
[18.405s] Level 1:colcon.colcon_core.environment:checking '/home/ubuntu/robot_ws/install/msg_srv_action_interface_example' for CMake module files
[18.406s] Level 1:colcon.colcon_core.environment:checking '/home/ubuntu/robot_ws/install/msg_srv_action_interface_example' for CMake config files
[18.406s] Level 1:colcon.colcon_core.shell:create_environment_hook('msg_srv_action_interface_example', 'cmake_prefix_path')
[18.409s] INFO:colcon.colcon_core.shell:Creating environment hook '/home/ubuntu/robot_ws/install/msg_srv_action_interface_example/share/msg_srv_action_interface_example/hook/cmake_prefix_path.ps1'
[18.409s] INFO:colcon.colcon_core.shell:Creating environment descriptor '/home/ubuntu/robot_ws/install/msg_srv_action_interface_example/share/msg_srv_action_interface_example/hook/cmake_prefix_path.dsv'
[18.410s] INFO:colcon.colcon_core.shell:Creating environment hook '/home/ubuntu/robot_ws/install/msg_srv_action_interface_example/share/msg_srv_action_interface_example/hook/cmake_prefix_path.sh'
[18.410s] Level 1:colcon.colcon_core.environment:checking '/home/ubuntu/robot_ws/install/msg_srv_action_interface_example/lib'
[18.410s] Level 1:colcon.colcon_core.shell:create_environment_hook('msg_srv_action_interface_example', 'ld_library_path_lib')
[18.411s] INFO:colcon.colcon_core.shell:Creating environment hook '/home/ubuntu/robot_ws/install/msg_srv_action_interface_example/share/msg_srv_action_interface_example/hook/ld_library_path_lib.ps1'
[18.413s] INFO:colcon.colcon_core.shell:Creating environment descriptor '/home/ubuntu/robot_ws/install/msg_srv_action_interface_example/share/msg_srv_action_interface_example/hook/ld_library_path_lib.dsv'
[18.413s] INFO:colcon.colcon_core.shell:Creating environment hook '/home/ubuntu/robot_ws/install/msg_srv_action_interface_example/share/msg_srv_action_interface_example/hook/ld_library_path_lib.sh'
[18.414s] Level 1:colcon.colcon_core.environment:checking '/home/ubuntu/robot_ws/install/msg_srv_action_interface_example/bin'
[18.414s] Level 1:colcon.colcon_core.environment:checking '/home/ubuntu/robot_ws/install/msg_srv_action_interface_example/lib/pkgconfig/msg_srv_action_interface_example.pc'
[18.414s] Level 1:colcon.colcon_core.environment:checking '/home/ubuntu/robot_ws/install/msg_srv_action_interface_example/lib/python3.10/site-packages'
[18.414s] Level 1:colcon.colcon_core.environment:checking '/home/ubuntu/robot_ws/install/msg_srv_action_interface_example/bin'
[18.417s] INFO:colcon.colcon_core.shell:Creating package script '/home/ubuntu/robot_ws/install/msg_srv_action_interface_example/share/msg_srv_action_interface_example/package.ps1'
[18.417s] INFO:colcon.colcon_core.shell:Creating package descriptor '/home/ubuntu/robot_ws/install/msg_srv_action_interface_example/share/msg_srv_action_interface_example/package.dsv'
[18.418s] INFO:colcon.colcon_core.shell:Creating package script '/home/ubuntu/robot_ws/install/msg_srv_action_interface_example/share/msg_srv_action_interface_example/package.sh'
[18.418s] INFO:colcon.colcon_core.shell:Creating package script '/home/ubuntu/robot_ws/install/msg_srv_action_interface_example/share/msg_srv_action_interface_example/package.bash'
[18.419s] INFO:colcon.colcon_core.shell:Creating package script '/home/ubuntu/robot_ws/install/msg_srv_action_interface_example/share/msg_srv_action_interface_example/package.zsh'
[18.419s] Level 1:colcon.colcon_core.environment:create_file_with_runtime_dependencies(/home/ubuntu/robot_ws/install/msg_srv_action_interface_example/share/colcon-core/packages/msg_srv_action_interface_example)
[18.420s] INFO:colcon.colcon_ros.task.ament_python.build:Building ROS package in '/home/ubuntu/robot_ws/src/my_first_ros_rclpy_pkg' with build type 'ament_python'
[18.420s] Level 1:colcon.colcon_core.shell:create_environment_hook('my_first_ros_rclpy_pkg', 'ament_prefix_path')
[18.420s] INFO:colcon.colcon_core.shell:Creating environment hook '/home/ubuntu/robot_ws/install/my_first_ros_rclpy_pkg/share/my_first_ros_rclpy_pkg/hook/ament_prefix_path.ps1'
[18.420s] INFO:colcon.colcon_core.shell:Creating environment descriptor '/home/ubuntu/robot_ws/install/my_first_ros_rclpy_pkg/share/my_first_ros_rclpy_pkg/hook/ament_prefix_path.dsv'
[18.421s] INFO:colcon.colcon_core.shell:Creating environment hook '/home/ubuntu/robot_ws/install/my_first_ros_rclpy_pkg/share/my_first_ros_rclpy_pkg/hook/ament_prefix_path.sh'
[18.425s] INFO:colcon.colcon_core.shell:Skip shell extension 'powershell' for command environment: Not usable outside of PowerShell
[18.425s] DEBUG:colcon.colcon_core.shell:Skip shell extension 'dsv' for command environment
[18.776s] INFO:colcon.colcon_core.task.python.build:Building Python package in '/home/ubuntu/robot_ws/src/my_first_ros_rclpy_pkg'
[18.776s] INFO:colcon.colcon_core.shell:Skip shell extension 'powershell' for command environment: Not usable outside of PowerShell
[18.776s] DEBUG:colcon.colcon_core.shell:Skip shell extension 'dsv' for command environment
[18.782s] DEBUG:colcon.colcon_core.event_handler.log_command:Invoked command in '/home/ubuntu/robot_ws/build/my_first_package_msgs' returned '0': CMAKE_PREFIX_PATH=${CMAKE_PREFIX_PATH}:/home/ubuntu/turtlebot3_ws/install/turtlebot3_yolo_object_detection:/home/ubuntu/turtlebot3_ws/install/turtlebot3_teleop:/home/ubuntu/turtlebot3_ws/install/turtlebot3_example:/home/ubuntu/turtlebot3_ws/install/turtlebot3_dqn:/home/ubuntu/turtlebot3_ws/install/turtlebot3_autorace_mission:/home/ubuntu/turtlebot3_ws/install/turtlebot3_autorace_detect:/home/ubuntu/turtlebot3_ws/install/turtlebot3_autorace_camera:/home/ubuntu/turtlebot3_ws/install/turtlebot3_automatic_parking_vision:/home/ubuntu/turtlebot3_ws/install/turtlebot3_automatic_parking:/home/ubuntu/turtlebot3_ws/install/turtlebot3_aruco_tracker:/home/ubuntu/robot_ws/install/topic_service_action_rclpy_example:/home/ubuntu/robot_ws/install/my_turtlebot_pkg:/home/ubuntu/robot_ws/install/my_move_turtle_pkg:/home/ubuntu/robot_ws/install/my_first_ros_test_pkg:/home/ubuntu/robot_ws/install/my_first_ros_rclpy_pkg:/home/ubuntu/robot_ws/install/move_turtle_pkg:/opt/ros/humble /usr/bin/cmake --build /home/ubuntu/robot_ws/build/my_first_package_msgs -- -j2 -l2
[18.785s] DEBUG:colcon.colcon_core.event_handler.log_command:Invoking command in '/home/ubuntu/robot_ws/build/my_first_package_msgs': CMAKE_PREFIX_PATH=${CMAKE_PREFIX_PATH}:/home/ubuntu/turtlebot3_ws/install/turtlebot3_yolo_object_detection:/home/ubuntu/turtlebot3_ws/install/turtlebot3_teleop:/home/ubuntu/turtlebot3_ws/install/turtlebot3_example:/home/ubuntu/turtlebot3_ws/install/turtlebot3_dqn:/home/ubuntu/turtlebot3_ws/install/turtlebot3_autorace_mission:/home/ubuntu/turtlebot3_ws/install/turtlebot3_autorace_detect:/home/ubuntu/turtlebot3_ws/install/turtlebot3_autorace_camera:/home/ubuntu/turtlebot3_ws/install/turtlebot3_automatic_parking_vision:/home/ubuntu/turtlebot3_ws/install/turtlebot3_automatic_parking:/home/ubuntu/turtlebot3_ws/install/turtlebot3_aruco_tracker:/home/ubuntu/robot_ws/install/topic_service_action_rclpy_example:/home/ubuntu/robot_ws/install/my_turtlebot_pkg:/home/ubuntu/robot_ws/install/my_move_turtle_pkg:/home/ubuntu/robot_ws/install/my_first_ros_test_pkg:/home/ubuntu/robot_ws/install/my_first_ros_rclpy_pkg:/home/ubuntu/robot_ws/install/move_turtle_pkg:/opt/ros/humble /usr/bin/cmake --install /home/ubuntu/robot_ws/build/my_first_package_msgs
[19.219s] DEBUG:colcon.colcon_core.event_handler.log_command:Invoking command in '/home/ubuntu/robot_ws/build/my_first_ros_rclpy_pkg': PYTHONPATH=/home/ubuntu/robot_ws/build/my_first_ros_rclpy_pkg/prefix_override:/usr/lib/python3/dist-packages/colcon_core/task/python/colcon_distutils_commands:/home/ubuntu/robot_ws/install/my_first_ros_rclpy_pkg/lib/python3.10/site-packages:${PYTHONPATH} /usr/bin/python3 -W ignore:setup.py install is deprecated -W ignore:easy_install command is deprecated setup.py develop --editable --build-directory /home/ubuntu/robot_ws/build/my_first_ros_rclpy_pkg/build --no-deps symlink_data
[19.885s] Level 1:colcon.colcon_core.shell:create_environment_hook('my_first_ros_rclpy_pkg', 'pythonpath_develop')
[19.885s] DEBUG:colcon.colcon_core.event_handler.log_command:Invoked command in '/home/ubuntu/robot_ws/build/my_first_ros_rclpy_pkg' returned '0': PYTHONPATH=/home/ubuntu/robot_ws/build/my_first_ros_rclpy_pkg/prefix_override:/usr/lib/python3/dist-packages/colcon_core/task/python/colcon_distutils_commands:/home/ubuntu/robot_ws/install/my_first_ros_rclpy_pkg/lib/python3.10/site-packages:${PYTHONPATH} /usr/bin/python3 -W ignore:setup.py install is deprecated -W ignore:easy_install command is deprecated setup.py develop --editable --build-directory /home/ubuntu/robot_ws/build/my_first_ros_rclpy_pkg/build --no-deps symlink_data
[19.886s] INFO:colcon.colcon_core.shell:Creating environment hook '/home/ubuntu/robot_ws/build/my_first_ros_rclpy_pkg/share/my_first_ros_rclpy_pkg/hook/pythonpath_develop.ps1'
[19.886s] INFO:colcon.colcon_core.shell:Creating environment descriptor '/home/ubuntu/robot_ws/build/my_first_ros_rclpy_pkg/share/my_first_ros_rclpy_pkg/hook/pythonpath_develop.dsv'
[19.887s] INFO:colcon.colcon_core.shell:Creating environment hook '/home/ubuntu/robot_ws/build/my_first_ros_rclpy_pkg/share/my_first_ros_rclpy_pkg/hook/pythonpath_develop.sh'
[19.888s] Level 1:colcon.colcon_core.environment:checking '/home/ubuntu/robot_ws/install/my_first_ros_rclpy_pkg' for CMake module files
[19.888s] Level 1:colcon.colcon_core.environment:checking '/home/ubuntu/robot_ws/install/my_first_ros_rclpy_pkg' for CMake config files
[19.890s] Level 1:colcon.colcon_core.environment:checking '/home/ubuntu/robot_ws/install/my_first_ros_rclpy_pkg/lib'
[19.890s] Level 1:colcon.colcon_core.environment:checking '/home/ubuntu/robot_ws/install/my_first_ros_rclpy_pkg/bin'
[19.890s] Level 1:colcon.colcon_core.environment:checking '/home/ubuntu/robot_ws/install/my_first_ros_rclpy_pkg/lib/pkgconfig/my_first_ros_rclpy_pkg.pc'
[19.890s] Level 1:colcon.colcon_core.environment:checking '/home/ubuntu/robot_ws/install/my_first_ros_rclpy_pkg/lib/python3.10/site-packages'
[19.890s] Level 1:colcon.colcon_core.shell:create_environment_hook('my_first_ros_rclpy_pkg', 'pythonpath')
[19.890s] INFO:colcon.colcon_core.shell:Creating environment hook '/home/ubuntu/robot_ws/install/my_first_ros_rclpy_pkg/share/my_first_ros_rclpy_pkg/hook/pythonpath.ps1'
[19.891s] INFO:colcon.colcon_core.shell:Creating environment descriptor '/home/ubuntu/robot_ws/install/my_first_ros_rclpy_pkg/share/my_first_ros_rclpy_pkg/hook/pythonpath.dsv'
[19.891s] INFO:colcon.colcon_core.shell:Creating environment hook '/home/ubuntu/robot_ws/install/my_first_ros_rclpy_pkg/share/my_first_ros_rclpy_pkg/hook/pythonpath.sh'
[19.891s] Level 1:colcon.colcon_core.environment:checking '/home/ubuntu/robot_ws/install/my_first_ros_rclpy_pkg/bin'
[19.892s] Level 1:colcon.colcon_core.environment:create_environment_scripts_only(my_first_ros_rclpy_pkg)
[19.892s] INFO:colcon.colcon_core.shell:Creating package script '/home/ubuntu/robot_ws/install/my_first_ros_rclpy_pkg/share/my_first_ros_rclpy_pkg/package.ps1'
[19.892s] INFO:colcon.colcon_core.shell:Creating package descriptor '/home/ubuntu/robot_ws/install/my_first_ros_rclpy_pkg/share/my_first_ros_rclpy_pkg/package.dsv'
[19.893s] INFO:colcon.colcon_core.shell:Creating package script '/home/ubuntu/robot_ws/install/my_first_ros_rclpy_pkg/share/my_first_ros_rclpy_pkg/package.sh'
[19.893s] INFO:colcon.colcon_core.shell:Creating package script '/home/ubuntu/robot_ws/install/my_first_ros_rclpy_pkg/share/my_first_ros_rclpy_pkg/package.bash'
[19.893s] INFO:colcon.colcon_core.shell:Creating package script '/home/ubuntu/robot_ws/install/my_first_ros_rclpy_pkg/share/my_first_ros_rclpy_pkg/package.zsh'
[19.893s] Level 1:colcon.colcon_core.environment:create_file_with_runtime_dependencies(/home/ubuntu/robot_ws/install/my_first_ros_rclpy_pkg/share/colcon-core/packages/my_first_ros_rclpy_pkg)
[19.894s] INFO:colcon.colcon_ros.task.ament_python.build:Building ROS package in '/home/ubuntu/robot_ws/src/my_first_ros_test_pkg' with build type 'ament_python'
[19.894s] Level 1:colcon.colcon_core.shell:create_environment_hook('my_first_ros_test_pkg', 'ament_prefix_path')
[19.894s] INFO:colcon.colcon_core.shell:Creating environment hook '/home/ubuntu/robot_ws/install/my_first_ros_test_pkg/share/my_first_ros_test_pkg/hook/ament_prefix_path.ps1'
[19.895s] INFO:colcon.colcon_core.shell:Creating environment descriptor '/home/ubuntu/robot_ws/install/my_first_ros_test_pkg/share/my_first_ros_test_pkg/hook/ament_prefix_path.dsv'
[19.896s] INFO:colcon.colcon_core.shell:Creating environment hook '/home/ubuntu/robot_ws/install/my_first_ros_test_pkg/share/my_first_ros_test_pkg/hook/ament_prefix_path.sh'
[19.896s] INFO:colcon.colcon_core.shell:Skip shell extension 'powershell' for command environment: Not usable outside of PowerShell
[19.896s] DEBUG:colcon.colcon_core.shell:Skip shell extension 'dsv' for command environment
[20.192s] INFO:colcon.colcon_core.task.python.build:Building Python package in '/home/ubuntu/robot_ws/src/my_first_ros_test_pkg'
[20.192s] INFO:colcon.colcon_core.shell:Skip shell extension 'powershell' for command environment: Not usable outside of PowerShell
[20.192s] DEBUG:colcon.colcon_core.shell:Skip shell extension 'dsv' for command environment
[20.197s] Level 1:colcon.colcon_core.environment:create_environment_scripts_only(my_first_package_msgs)
[20.198s] DEBUG:colcon.colcon_core.event_handler.log_command:Invoked command in '/home/ubuntu/robot_ws/build/my_first_package_msgs' returned '0': CMAKE_PREFIX_PATH=${CMAKE_PREFIX_PATH}:/home/ubuntu/turtlebot3_ws/install/turtlebot3_yolo_object_detection:/home/ubuntu/turtlebot3_ws/install/turtlebot3_teleop:/home/ubuntu/turtlebot3_ws/install/turtlebot3_example:/home/ubuntu/turtlebot3_ws/install/turtlebot3_dqn:/home/ubuntu/turtlebot3_ws/install/turtlebot3_autorace_mission:/home/ubuntu/turtlebot3_ws/install/turtlebot3_autorace_detect:/home/ubuntu/turtlebot3_ws/install/turtlebot3_autorace_camera:/home/ubuntu/turtlebot3_ws/install/turtlebot3_automatic_parking_vision:/home/ubuntu/turtlebot3_ws/install/turtlebot3_automatic_parking:/home/ubuntu/turtlebot3_ws/install/turtlebot3_aruco_tracker:/home/ubuntu/robot_ws/install/topic_service_action_rclpy_example:/home/ubuntu/robot_ws/install/my_turtlebot_pkg:/home/ubuntu/robot_ws/install/my_move_turtle_pkg:/home/ubuntu/robot_ws/install/my_first_ros_test_pkg:/home/ubuntu/robot_ws/install/my_first_ros_rclpy_pkg:/home/ubuntu/robot_ws/install/move_turtle_pkg:/opt/ros/humble /usr/bin/cmake --install /home/ubuntu/robot_ws/build/my_first_package_msgs
[20.198s] Level 1:colcon.colcon_core.environment:checking '/home/ubuntu/robot_ws/install/my_first_package_msgs' for CMake module files
[20.198s] Level 1:colcon.colcon_core.environment:checking '/home/ubuntu/robot_ws/install/my_first_package_msgs' for CMake config files
[20.199s] Level 1:colcon.colcon_core.shell:create_environment_hook('my_first_package_msgs', 'cmake_prefix_path')
[20.199s] INFO:colcon.colcon_core.shell:Creating environment hook '/home/ubuntu/robot_ws/install/my_first_package_msgs/share/my_first_package_msgs/hook/cmake_prefix_path.ps1'
[20.200s] INFO:colcon.colcon_core.shell:Creating environment descriptor '/home/ubuntu/robot_ws/install/my_first_package_msgs/share/my_first_package_msgs/hook/cmake_prefix_path.dsv'
[20.200s] INFO:colcon.colcon_core.shell:Creating environment hook '/home/ubuntu/robot_ws/install/my_first_package_msgs/share/my_first_package_msgs/hook/cmake_prefix_path.sh'
[20.200s] Level 1:colcon.colcon_core.environment:checking '/home/ubuntu/robot_ws/install/my_first_package_msgs/lib'
[20.200s] Level 1:colcon.colcon_core.shell:create_environment_hook('my_first_package_msgs', 'ld_library_path_lib')
[20.200s] INFO:colcon.colcon_core.shell:Creating environment hook '/home/ubuntu/robot_ws/install/my_first_package_msgs/share/my_first_package_msgs/hook/ld_library_path_lib.ps1'
[20.201s] INFO:colcon.colcon_core.shell:Creating environment descriptor '/home/ubuntu/robot_ws/install/my_first_package_msgs/share/my_first_package_msgs/hook/ld_library_path_lib.dsv'
[20.201s] INFO:colcon.colcon_core.shell:Creating environment hook '/home/ubuntu/robot_ws/install/my_first_package_msgs/share/my_first_package_msgs/hook/ld_library_path_lib.sh'
[20.201s] Level 1:colcon.colcon_core.environment:checking '/home/ubuntu/robot_ws/install/my_first_package_msgs/bin'
[20.201s] Level 1:colcon.colcon_core.environment:checking '/home/ubuntu/robot_ws/install/my_first_package_msgs/lib/pkgconfig/my_first_package_msgs.pc'
[20.201s] Level 1:colcon.colcon_core.environment:checking '/home/ubuntu/robot_ws/install/my_first_package_msgs/lib/python3.10/site-packages'
[20.201s] Level 1:colcon.colcon_core.environment:checking '/home/ubuntu/robot_ws/install/my_first_package_msgs/bin'
[20.202s] INFO:colcon.colcon_core.shell:Creating package script '/home/ubuntu/robot_ws/install/my_first_package_msgs/share/my_first_package_msgs/package.ps1'
[20.203s] INFO:colcon.colcon_core.shell:Creating package descriptor '/home/ubuntu/robot_ws/install/my_first_package_msgs/share/my_first_package_msgs/package.dsv'
[20.203s] INFO:colcon.colcon_core.shell:Creating package script '/home/ubuntu/robot_ws/install/my_first_package_msgs/share/my_first_package_msgs/package.sh'
[20.203s] INFO:colcon.colcon_core.shell:Creating package script '/home/ubuntu/robot_ws/install/my_first_package_msgs/share/my_first_package_msgs/package.bash'
[20.203s] INFO:colcon.colcon_core.shell:Creating package script '/home/ubuntu/robot_ws/install/my_first_package_msgs/share/my_first_package_msgs/package.zsh'
[20.204s] Level 1:colcon.colcon_core.environment:create_file_with_runtime_dependencies(/home/ubuntu/robot_ws/install/my_first_package_msgs/share/colcon-core/packages/my_first_package_msgs)
[20.204s] Level 1:colcon.colcon_core.environment:create_environment_scripts_only(my_first_package_msgs)
[20.204s] Level 1:colcon.colcon_core.environment:checking '/home/ubuntu/robot_ws/install/my_first_package_msgs' for CMake module files
[20.205s] Level 1:colcon.colcon_core.environment:checking '/home/ubuntu/robot_ws/install/my_first_package_msgs' for CMake config files
[20.205s] Level 1:colcon.colcon_core.shell:create_environment_hook('my_first_package_msgs', 'cmake_prefix_path')
[20.206s] INFO:colcon.colcon_core.shell:Creating environment hook '/home/ubuntu/robot_ws/install/my_first_package_msgs/share/my_first_package_msgs/hook/cmake_prefix_path.ps1'
[20.206s] INFO:colcon.colcon_core.shell:Creating environment descriptor '/home/ubuntu/robot_ws/install/my_first_package_msgs/share/my_first_package_msgs/hook/cmake_prefix_path.dsv'
[20.206s] INFO:colcon.colcon_core.shell:Creating environment hook '/home/ubuntu/robot_ws/install/my_first_package_msgs/share/my_first_package_msgs/hook/cmake_prefix_path.sh'
[20.207s] Level 1:colcon.colcon_core.environment:checking '/home/ubuntu/robot_ws/install/my_first_package_msgs/lib'
[20.207s] Level 1:colcon.colcon_core.shell:create_environment_hook('my_first_package_msgs', 'ld_library_path_lib')
[20.207s] INFO:colcon.colcon_core.shell:Creating environment hook '/home/ubuntu/robot_ws/install/my_first_package_msgs/share/my_first_package_msgs/hook/ld_library_path_lib.ps1'
[20.208s] INFO:colcon.colcon_core.shell:Creating environment descriptor '/home/ubuntu/robot_ws/install/my_first_package_msgs/share/my_first_package_msgs/hook/ld_library_path_lib.dsv'
[20.208s] INFO:colcon.colcon_core.shell:Creating environment hook '/home/ubuntu/robot_ws/install/my_first_package_msgs/share/my_first_package_msgs/hook/ld_library_path_lib.sh'
[20.208s] Level 1:colcon.colcon_core.environment:checking '/home/ubuntu/robot_ws/install/my_first_package_msgs/bin'
[20.208s] Level 1:colcon.colcon_core.environment:checking '/home/ubuntu/robot_ws/install/my_first_package_msgs/lib/pkgconfig/my_first_package_msgs.pc'
[20.209s] Level 1:colcon.colcon_core.environment:checking '/home/ubuntu/robot_ws/install/my_first_package_msgs/lib/python3.10/site-packages'
[20.209s] Level 1:colcon.colcon_core.environment:checking '/home/ubuntu/robot_ws/install/my_first_package_msgs/bin'
[20.209s] INFO:colcon.colcon_core.shell:Creating package script '/home/ubuntu/robot_ws/install/my_first_package_msgs/share/my_first_package_msgs/package.ps1'
[20.210s] INFO:colcon.colcon_core.shell:Creating package descriptor '/home/ubuntu/robot_ws/install/my_first_package_msgs/share/my_first_package_msgs/package.dsv'
[20.211s] INFO:colcon.colcon_core.shell:Creating package script '/home/ubuntu/robot_ws/install/my_first_package_msgs/share/my_first_package_msgs/package.sh'
[20.211s] INFO:colcon.colcon_core.shell:Creating package script '/home/ubuntu/robot_ws/install/my_first_package_msgs/share/my_first_package_msgs/package.bash'
[20.212s] INFO:colcon.colcon_core.shell:Creating package script '/home/ubuntu/robot_ws/install/my_first_package_msgs/share/my_first_package_msgs/package.zsh'
[20.212s] Level 1:colcon.colcon_core.environment:create_file_with_runtime_dependencies(/home/ubuntu/robot_ws/install/my_first_package_msgs/share/colcon-core/packages/my_first_package_msgs)
[20.213s] INFO:colcon.colcon_ros.task.ament_python.build:Building ROS package in '/home/ubuntu/robot_ws/src/my_turtlebot_pkg' with build type 'ament_python'
[20.213s] Level 1:colcon.colcon_core.shell:create_environment_hook('my_turtlebot_pkg', 'ament_prefix_path')
[20.214s] INFO:colcon.colcon_core.shell:Creating environment hook '/home/ubuntu/robot_ws/install/my_turtlebot_pkg/share/my_turtlebot_pkg/hook/ament_prefix_path.ps1'
[20.214s] INFO:colcon.colcon_core.shell:Creating environment descriptor '/home/ubuntu/robot_ws/install/my_turtlebot_pkg/share/my_turtlebot_pkg/hook/ament_prefix_path.dsv'
[20.214s] INFO:colcon.colcon_core.shell:Creating environment hook '/home/ubuntu/robot_ws/install/my_turtlebot_pkg/share/my_turtlebot_pkg/hook/ament_prefix_path.sh'
[20.215s] INFO:colcon.colcon_core.shell:Skip shell extension 'powershell' for command environment: Not usable outside of PowerShell
[20.215s] DEBUG:colcon.colcon_core.shell:Skip shell extension 'dsv' for command environment
[20.536s] INFO:colcon.colcon_core.task.python.build:Building Python package in '/home/ubuntu/robot_ws/src/my_turtlebot_pkg'
[20.536s] INFO:colcon.colcon_core.shell:Skip shell extension 'powershell' for command environment: Not usable outside of PowerShell
[20.536s] DEBUG:colcon.colcon_core.shell:Skip shell extension 'dsv' for command environment
[20.639s] DEBUG:colcon.colcon_core.event_handler.log_command:Invoking command in '/home/ubuntu/robot_ws/build/my_first_ros_test_pkg': PYTHONPATH=/home/ubuntu/robot_ws/build/my_first_ros_test_pkg/prefix_override:/usr/lib/python3/dist-packages/colcon_core/task/python/colcon_distutils_commands:/home/ubuntu/robot_ws/install/my_first_ros_test_pkg/lib/python3.10/site-packages:${PYTHONPATH} /usr/bin/python3 -W ignore:setup.py install is deprecated -W ignore:easy_install command is deprecated setup.py develop --editable --build-directory /home/ubuntu/robot_ws/build/my_first_ros_test_pkg/build --no-deps symlink_data
[21.003s] DEBUG:colcon.colcon_core.event_handler.log_command:Invoking command in '/home/ubuntu/robot_ws/build/my_turtlebot_pkg': PYTHONPATH=/home/ubuntu/robot_ws/build/my_turtlebot_pkg/prefix_override:/usr/lib/python3/dist-packages/colcon_core/task/python/colcon_distutils_commands:/home/ubuntu/robot_ws/install/my_turtlebot_pkg/lib/python3.10/site-packages:${PYTHONPATH} /usr/bin/python3 -W ignore:setup.py install is deprecated -W ignore:easy_install command is deprecated setup.py develop --editable --build-directory /home/ubuntu/robot_ws/build/my_turtlebot_pkg/build --no-deps symlink_data
[21.243s] Level 1:colcon.colcon_core.shell:create_environment_hook('my_first_ros_test_pkg', 'pythonpath_develop')
[21.243s] INFO:colcon.colcon_core.shell:Creating environment hook '/home/ubuntu/robot_ws/build/my_first_ros_test_pkg/share/my_first_ros_test_pkg/hook/pythonpath_develop.ps1'
[21.244s] DEBUG:colcon.colcon_core.event_handler.log_command:Invoked command in '/home/ubuntu/robot_ws/build/my_first_ros_test_pkg' returned '0': PYTHONPATH=/home/ubuntu/robot_ws/build/my_first_ros_test_pkg/prefix_override:/usr/lib/python3/dist-packages/colcon_core/task/python/colcon_distutils_commands:/home/ubuntu/robot_ws/install/my_first_ros_test_pkg/lib/python3.10/site-packages:${PYTHONPATH} /usr/bin/python3 -W ignore:setup.py install is deprecated -W ignore:easy_install command is deprecated setup.py develop --editable --build-directory /home/ubuntu/robot_ws/build/my_first_ros_test_pkg/build --no-deps symlink_data
[21.245s] INFO:colcon.colcon_core.shell:Creating environment descriptor '/home/ubuntu/robot_ws/build/my_first_ros_test_pkg/share/my_first_ros_test_pkg/hook/pythonpath_develop.dsv'
[21.246s] INFO:colcon.colcon_core.shell:Creating environment hook '/home/ubuntu/robot_ws/build/my_first_ros_test_pkg/share/my_first_ros_test_pkg/hook/pythonpath_develop.sh'
[21.246s] Level 1:colcon.colcon_core.environment:checking '/home/ubuntu/robot_ws/install/my_first_ros_test_pkg' for CMake module files
[21.247s] Level 1:colcon.colcon_core.environment:checking '/home/ubuntu/robot_ws/install/my_first_ros_test_pkg' for CMake config files
[21.247s] Level 1:colcon.colcon_core.environment:checking '/home/ubuntu/robot_ws/install/my_first_ros_test_pkg/lib'
[21.247s] Level 1:colcon.colcon_core.environment:checking '/home/ubuntu/robot_ws/install/my_first_ros_test_pkg/bin'
[21.247s] Level 1:colcon.colcon_core.environment:checking '/home/ubuntu/robot_ws/install/my_first_ros_test_pkg/lib/pkgconfig/my_first_ros_test_pkg.pc'
[21.247s] Level 1:colcon.colcon_core.environment:checking '/home/ubuntu/robot_ws/install/my_first_ros_test_pkg/lib/python3.10/site-packages'
[21.247s] Level 1:colcon.colcon_core.shell:create_environment_hook('my_first_ros_test_pkg', 'pythonpath')
[21.248s] INFO:colcon.colcon_core.shell:Creating environment hook '/home/ubuntu/robot_ws/install/my_first_ros_test_pkg/share/my_first_ros_test_pkg/hook/pythonpath.ps1'
[21.248s] INFO:colcon.colcon_core.shell:Creating environment descriptor '/home/ubuntu/robot_ws/install/my_first_ros_test_pkg/share/my_first_ros_test_pkg/hook/pythonpath.dsv'
[21.248s] INFO:colcon.colcon_core.shell:Creating environment hook '/home/ubuntu/robot_ws/install/my_first_ros_test_pkg/share/my_first_ros_test_pkg/hook/pythonpath.sh'
[21.249s] Level 1:colcon.colcon_core.environment:checking '/home/ubuntu/robot_ws/install/my_first_ros_test_pkg/bin'
[21.249s] Level 1:colcon.colcon_core.environment:create_environment_scripts_only(my_first_ros_test_pkg)
[21.249s] INFO:colcon.colcon_core.shell:Creating package script '/home/ubuntu/robot_ws/install/my_first_ros_test_pkg/share/my_first_ros_test_pkg/package.ps1'
[21.249s] INFO:colcon.colcon_core.shell:Creating package descriptor '/home/ubuntu/robot_ws/install/my_first_ros_test_pkg/share/my_first_ros_test_pkg/package.dsv'
[21.250s] INFO:colcon.colcon_core.shell:Creating package script '/home/ubuntu/robot_ws/install/my_first_ros_test_pkg/share/my_first_ros_test_pkg/package.sh'
[21.250s] INFO:colcon.colcon_core.shell:Creating package script '/home/ubuntu/robot_ws/install/my_first_ros_test_pkg/share/my_first_ros_test_pkg/package.bash'
[21.250s] INFO:colcon.colcon_core.shell:Creating package script '/home/ubuntu/robot_ws/install/my_first_ros_test_pkg/share/my_first_ros_test_pkg/package.zsh'
[21.250s] Level 1:colcon.colcon_core.environment:create_file_with_runtime_dependencies(/home/ubuntu/robot_ws/install/my_first_ros_test_pkg/share/colcon-core/packages/my_first_ros_test_pkg)
[21.251s] INFO:colcon.colcon_ros.task.ament_python.build:Building ROS package in '/home/ubuntu/robot_ws/src/topic_service_action_rclpy_example' with build type 'ament_python'
[21.251s] Level 1:colcon.colcon_core.shell:create_environment_hook('topic_service_action_rclpy_example', 'ament_prefix_path')
[21.251s] INFO:colcon.colcon_core.shell:Creating environment hook '/home/ubuntu/robot_ws/install/topic_service_action_rclpy_example/share/topic_service_action_rclpy_example/hook/ament_prefix_path.ps1'
[21.251s] INFO:colcon.colcon_core.shell:Creating environment descriptor '/home/ubuntu/robot_ws/install/topic_service_action_rclpy_example/share/topic_service_action_rclpy_example/hook/ament_prefix_path.dsv'
[21.252s] INFO:colcon.colcon_core.shell:Creating environment hook '/home/ubuntu/robot_ws/install/topic_service_action_rclpy_example/share/topic_service_action_rclpy_example/hook/ament_prefix_path.sh'
[21.253s] INFO:colcon.colcon_core.shell:Skip shell extension 'powershell' for command environment: Not usable outside of PowerShell
[21.253s] DEBUG:colcon.colcon_core.shell:Skip shell extension 'dsv' for command environment
[21.592s] INFO:colcon.colcon_core.task.python.build:Building Python package in '/home/ubuntu/robot_ws/src/topic_service_action_rclpy_example'
[21.592s] INFO:colcon.colcon_core.shell:Skip shell extension 'powershell' for command environment: Not usable outside of PowerShell
[21.592s] DEBUG:colcon.colcon_core.shell:Skip shell extension 'dsv' for command environment
[21.598s] Level 1:colcon.colcon_core.shell:create_environment_hook('my_turtlebot_pkg', 'pythonpath_develop')
[21.598s] INFO:colcon.colcon_core.shell:Creating environment hook '/home/ubuntu/robot_ws/build/my_turtlebot_pkg/share/my_turtlebot_pkg/hook/pythonpath_develop.ps1'
[21.598s] DEBUG:colcon.colcon_core.event_handler.log_command:Invoked command in '/home/ubuntu/robot_ws/build/my_turtlebot_pkg' returned '0': PYTHONPATH=/home/ubuntu/robot_ws/build/my_turtlebot_pkg/prefix_override:/usr/lib/python3/dist-packages/colcon_core/task/python/colcon_distutils_commands:/home/ubuntu/robot_ws/install/my_turtlebot_pkg/lib/python3.10/site-packages:${PYTHONPATH} /usr/bin/python3 -W ignore:setup.py install is deprecated -W ignore:easy_install command is deprecated setup.py develop --editable --build-directory /home/ubuntu/robot_ws/build/my_turtlebot_pkg/build --no-deps symlink_data
[21.599s] INFO:colcon.colcon_core.shell:Creating environment descriptor '/home/ubuntu/robot_ws/build/my_turtlebot_pkg/share/my_turtlebot_pkg/hook/pythonpath_develop.dsv'
[21.600s] INFO:colcon.colcon_core.shell:Creating environment hook '/home/ubuntu/robot_ws/build/my_turtlebot_pkg/share/my_turtlebot_pkg/hook/pythonpath_develop.sh'
[21.600s] Level 1:colcon.colcon_core.environment:checking '/home/ubuntu/robot_ws/install/my_turtlebot_pkg' for CMake module files
[21.600s] Level 1:colcon.colcon_core.environment:checking '/home/ubuntu/robot_ws/install/my_turtlebot_pkg' for CMake config files
[21.601s] Level 1:colcon.colcon_core.environment:checking '/home/ubuntu/robot_ws/install/my_turtlebot_pkg/lib'
[21.601s] Level 1:colcon.colcon_core.environment:checking '/home/ubuntu/robot_ws/install/my_turtlebot_pkg/bin'
[21.601s] Level 1:colcon.colcon_core.environment:checking '/home/ubuntu/robot_ws/install/my_turtlebot_pkg/lib/pkgconfig/my_turtlebot_pkg.pc'
[21.601s] Level 1:colcon.colcon_core.environment:checking '/home/ubuntu/robot_ws/install/my_turtlebot_pkg/lib/python3.10/site-packages'
[21.601s] Level 1:colcon.colcon_core.shell:create_environment_hook('my_turtlebot_pkg', 'pythonpath')
[21.601s] INFO:colcon.colcon_core.shell:Creating environment hook '/home/ubuntu/robot_ws/install/my_turtlebot_pkg/share/my_turtlebot_pkg/hook/pythonpath.ps1'
[21.602s] INFO:colcon.colcon_core.shell:Creating environment descriptor '/home/ubuntu/robot_ws/install/my_turtlebot_pkg/share/my_turtlebot_pkg/hook/pythonpath.dsv'
[21.602s] INFO:colcon.colcon_core.shell:Creating environment hook '/home/ubuntu/robot_ws/install/my_turtlebot_pkg/share/my_turtlebot_pkg/hook/pythonpath.sh'
[21.602s] Level 1:colcon.colcon_core.environment:checking '/home/ubuntu/robot_ws/install/my_turtlebot_pkg/bin'
[21.602s] Level 1:colcon.colcon_core.environment:create_environment_scripts_only(my_turtlebot_pkg)
[21.603s] INFO:colcon.colcon_core.shell:Creating package script '/home/ubuntu/robot_ws/install/my_turtlebot_pkg/share/my_turtlebot_pkg/package.ps1'
[21.603s] INFO:colcon.colcon_core.shell:Creating package descriptor '/home/ubuntu/robot_ws/install/my_turtlebot_pkg/share/my_turtlebot_pkg/package.dsv'
[21.603s] INFO:colcon.colcon_core.shell:Creating package script '/home/ubuntu/robot_ws/install/my_turtlebot_pkg/share/my_turtlebot_pkg/package.sh'
[21.604s] INFO:colcon.colcon_core.shell:Creating package script '/home/ubuntu/robot_ws/install/my_turtlebot_pkg/share/my_turtlebot_pkg/package.bash'
[21.604s] INFO:colcon.colcon_core.shell:Creating package script '/home/ubuntu/robot_ws/install/my_turtlebot_pkg/share/my_turtlebot_pkg/package.zsh'
[21.604s] Level 1:colcon.colcon_core.environment:create_file_with_runtime_dependencies(/home/ubuntu/robot_ws/install/my_turtlebot_pkg/share/colcon-core/packages/my_turtlebot_pkg)
[21.966s] DEBUG:colcon.colcon_core.event_handler.log_command:Invoking command in '/home/ubuntu/robot_ws/build/topic_service_action_rclpy_example': CMAKE_PREFIX_PATH=/home/ubuntu/robot_ws/install/msg_srv_action_interface_example:/home/ubuntu/turtlebot3_ws/install/turtlebot3_applications:/home/ubuntu/turtlebot3_ws/install/turtlebot3:/home/ubuntu/turtlebot3_ws/install/turtlebot3_simulations:/home/ubuntu/turtlebot3_ws/install/turtlebot3_panorama:/home/ubuntu/turtlebot3_ws/install/turtlebot3_bringup:/home/ubuntu/turtlebot3_ws/install/turtlebot3_node:/home/ubuntu/turtlebot3_ws/install/turtlebot3_navigation2:/home/ubuntu/turtlebot3_ws/install/turtlebot3_machine_learning:/home/ubuntu/turtlebot3_ws/install/turtlebot3_fake_node:/home/ubuntu/turtlebot3_ws/install/turtlebot3_msgs:/home/ubuntu/turtlebot3_ws/install/turtlebot3_manipulation_gazebo:/home/ubuntu/turtlebot3_ws/install/turtlebot3_gazebo:/home/ubuntu/turtlebot3_ws/install/turtlebot3_follower:/home/ubuntu/turtlebot3_ws/install/turtlebot3_description:/home/ubuntu/turtlebot3_ws/install/turtlebot3_cartographer:/home/ubuntu/turtlebot3_ws/install/turtlebot3_autorace:/home/ubuntu/robot_ws/install/my_first_package_msgs LD_LIBRARY_PATH=/home/ubuntu/robot_ws/install/msg_srv_action_interface_example/lib:/home/ubuntu/turtlebot3_ws/install/turtlebot3_msgs/lib:/home/ubuntu/robot_ws/install/my_first_package_msgs/lib:/usr/lib/x86_64-linux-gnu/gazebo-11/plugins:/opt/ros/humble/opt/rviz_ogre_vendor/lib:/opt/ros/humble/lib/x86_64-linux-gnu:/opt/ros/humble/lib:/usr/lib/x86_64-linux-gnu/gazebo-11/plugins PYTHONPATH=/home/ubuntu/robot_ws/build/topic_service_action_rclpy_example/prefix_override:/usr/lib/python3/dist-packages/colcon_core/task/python/colcon_distutils_commands:/home/ubuntu/robot_ws/install/topic_service_action_rclpy_example/lib/python3.10/site-packages:${PYTHONPATH} /usr/bin/python3 -W ignore:setup.py install is deprecated -W ignore:easy_install command is deprecated setup.py develop --editable --build-directory /home/ubuntu/robot_ws/build/topic_service_action_rclpy_example/build --no-deps symlink_data
[22.444s] Level 1:colcon.colcon_core.shell:create_environment_hook('topic_service_action_rclpy_example', 'pythonpath_develop')
[22.444s] DEBUG:colcon.colcon_core.event_handler.log_command:Invoked command in '/home/ubuntu/robot_ws/build/topic_service_action_rclpy_example' returned '0': CMAKE_PREFIX_PATH=/home/ubuntu/robot_ws/install/msg_srv_action_interface_example:/home/ubuntu/turtlebot3_ws/install/turtlebot3_applications:/home/ubuntu/turtlebot3_ws/install/turtlebot3:/home/ubuntu/turtlebot3_ws/install/turtlebot3_simulations:/home/ubuntu/turtlebot3_ws/install/turtlebot3_panorama:/home/ubuntu/turtlebot3_ws/install/turtlebot3_bringup:/home/ubuntu/turtlebot3_ws/install/turtlebot3_node:/home/ubuntu/turtlebot3_ws/install/turtlebot3_navigation2:/home/ubuntu/turtlebot3_ws/install/turtlebot3_machine_learning:/home/ubuntu/turtlebot3_ws/install/turtlebot3_fake_node:/home/ubuntu/turtlebot3_ws/install/turtlebot3_msgs:/home/ubuntu/turtlebot3_ws/install/turtlebot3_manipulation_gazebo:/home/ubuntu/turtlebot3_ws/install/turtlebot3_gazebo:/home/ubuntu/turtlebot3_ws/install/turtlebot3_follower:/home/ubuntu/turtlebot3_ws/install/turtlebot3_description:/home/ubuntu/turtlebot3_ws/install/turtlebot3_cartographer:/home/ubuntu/turtlebot3_ws/install/turtlebot3_autorace:/home/ubuntu/robot_ws/install/my_first_package_msgs LD_LIBRARY_PATH=/home/ubuntu/robot_ws/install/msg_srv_action_interface_example/lib:/home/ubuntu/turtlebot3_ws/install/turtlebot3_msgs/lib:/home/ubuntu/robot_ws/install/my_first_package_msgs/lib:/usr/lib/x86_64-linux-gnu/gazebo-11/plugins:/opt/ros/humble/opt/rviz_ogre_vendor/lib:/opt/ros/humble/lib/x86_64-linux-gnu:/opt/ros/humble/lib:/usr/lib/x86_64-linux-gnu/gazebo-11/plugins PYTHONPATH=/home/ubuntu/robot_ws/build/topic_service_action_rclpy_example/prefix_override:/usr/lib/python3/dist-packages/colcon_core/task/python/colcon_distutils_commands:/home/ubuntu/robot_ws/install/topic_service_action_rclpy_example/lib/python3.10/site-packages:${PYTHONPATH} /usr/bin/python3 -W ignore:setup.py install is deprecated -W ignore:easy_install command is deprecated setup.py develop --editable --build-directory /home/ubuntu/robot_ws/build/topic_service_action_rclpy_example/build --no-deps symlink_data
[22.445s] INFO:colcon.colcon_core.shell:Creating environment hook '/home/ubuntu/robot_ws/build/topic_service_action_rclpy_example/share/topic_service_action_rclpy_example/hook/pythonpath_develop.ps1'
[22.445s] INFO:colcon.colcon_core.shell:Creating environment descriptor '/home/ubuntu/robot_ws/build/topic_service_action_rclpy_example/share/topic_service_action_rclpy_example/hook/pythonpath_develop.dsv'
[22.446s] INFO:colcon.colcon_core.shell:Creating environment hook '/home/ubuntu/robot_ws/build/topic_service_action_rclpy_example/share/topic_service_action_rclpy_example/hook/pythonpath_develop.sh'
[22.446s] Level 1:colcon.colcon_core.environment:checking '/home/ubuntu/robot_ws/install/topic_service_action_rclpy_example' for CMake module files
[22.447s] Level 1:colcon.colcon_core.environment:checking '/home/ubuntu/robot_ws/install/topic_service_action_rclpy_example' for CMake config files
[22.447s] Level 1:colcon.colcon_core.environment:checking '/home/ubuntu/robot_ws/install/topic_service_action_rclpy_example/lib'
[22.447s] Level 1:colcon.colcon_core.environment:checking '/home/ubuntu/robot_ws/install/topic_service_action_rclpy_example/bin'
[22.447s] Level 1:colcon.colcon_core.environment:checking '/home/ubuntu/robot_ws/install/topic_service_action_rclpy_example/lib/pkgconfig/topic_service_action_rclpy_example.pc'
[22.447s] Level 1:colcon.colcon_core.environment:checking '/home/ubuntu/robot_ws/install/topic_service_action_rclpy_example/lib/python3.10/site-packages'
[22.447s] Level 1:colcon.colcon_core.shell:create_environment_hook('topic_service_action_rclpy_example', 'pythonpath')
[22.448s] INFO:colcon.colcon_core.shell:Creating environment hook '/home/ubuntu/robot_ws/install/topic_service_action_rclpy_example/share/topic_service_action_rclpy_example/hook/pythonpath.ps1'
[22.448s] INFO:colcon.colcon_core.shell:Creating environment descriptor '/home/ubuntu/robot_ws/install/topic_service_action_rclpy_example/share/topic_service_action_rclpy_example/hook/pythonpath.dsv'
[22.448s] INFO:colcon.colcon_core.shell:Creating environment hook '/home/ubuntu/robot_ws/install/topic_service_action_rclpy_example/share/topic_service_action_rclpy_example/hook/pythonpath.sh'
[22.449s] Level 1:colcon.colcon_core.environment:checking '/home/ubuntu/robot_ws/install/topic_service_action_rclpy_example/bin'
[22.449s] Level 1:colcon.colcon_core.environment:create_environment_scripts_only(topic_service_action_rclpy_example)
[22.449s] INFO:colcon.colcon_core.shell:Creating package script '/home/ubuntu/robot_ws/install/topic_service_action_rclpy_example/share/topic_service_action_rclpy_example/package.ps1'
[22.449s] INFO:colcon.colcon_core.shell:Creating package descriptor '/home/ubuntu/robot_ws/install/topic_service_action_rclpy_example/share/topic_service_action_rclpy_example/package.dsv'
[22.450s] INFO:colcon.colcon_core.shell:Creating package script '/home/ubuntu/robot_ws/install/topic_service_action_rclpy_example/share/topic_service_action_rclpy_example/package.sh'
[22.450s] INFO:colcon.colcon_core.shell:Creating package script '/home/ubuntu/robot_ws/install/topic_service_action_rclpy_example/share/topic_service_action_rclpy_example/package.bash'
[22.450s] INFO:colcon.colcon_core.shell:Creating package script '/home/ubuntu/robot_ws/install/topic_service_action_rclpy_example/share/topic_service_action_rclpy_example/package.zsh'
[22.450s] Level 1:colcon.colcon_core.environment:create_file_with_runtime_dependencies(/home/ubuntu/robot_ws/install/topic_service_action_rclpy_example/share/colcon-core/packages/topic_service_action_rclpy_example)
[22.451s] DEBUG:colcon.colcon_parallel_executor.executor.parallel:closing loop
[22.451s] DEBUG:colcon.colcon_parallel_executor.executor.parallel:loop closed
[22.451s] DEBUG:colcon.colcon_parallel_executor.executor.parallel:run_until_complete finished with '0'
[22.451s] DEBUG:colcon.colcon_core.event_reactor:joining thread
[22.457s] INFO:colcon.colcon_core.plugin_system:Skipping extension 'colcon_notification.desktop_notification.terminal_notifier': Not used on non-Darwin systems
[22.457s] INFO:colcon.colcon_core.plugin_system:Skipping extension 'colcon_notification.desktop_notification.win32': Not used on non-Windows systems
[22.457s] INFO:colcon.colcon_notification.desktop_notification:Sending desktop notification using 'notify2'
[22.466s] DEBUG:colcon.colcon_core.event_reactor:joined thread
[22.466s] INFO:colcon.colcon_core.shell:Creating prefix script '/home/ubuntu/robot_ws/install/local_setup.ps1'
[22.467s] INFO:colcon.colcon_core.shell:Creating prefix util module '/home/ubuntu/robot_ws/install/_local_setup_util_ps1.py'
[22.468s] INFO:colcon.colcon_core.shell:Creating prefix chain script '/home/ubuntu/robot_ws/install/setup.ps1'
[22.470s] INFO:colcon.colcon_core.shell:Creating prefix script '/home/ubuntu/robot_ws/install/local_setup.sh'
[22.471s] INFO:colcon.colcon_core.shell:Creating prefix util module '/home/ubuntu/robot_ws/install/_local_setup_util_sh.py'
[22.472s] INFO:colcon.colcon_core.shell:Creating prefix chain script '/home/ubuntu/robot_ws/install/setup.sh'
[22.473s] INFO:colcon.colcon_core.shell:Creating prefix script '/home/ubuntu/robot_ws/install/local_setup.bash'
[22.473s] INFO:colcon.colcon_core.shell:Creating prefix chain script '/home/ubuntu/robot_ws/install/setup.bash'
[22.475s] INFO:colcon.colcon_core.shell:Creating prefix script '/home/ubuntu/robot_ws/install/local_setup.zsh'
[22.475s] INFO:colcon.colcon_core.shell:Creating prefix chain script '/home/ubuntu/robot_ws/install/setup.zsh'
