running develop
running egg_info
creating topic_service_action_rclpy_example.egg-info
writing topic_service_action_rclpy_example.egg-info/PKG-INFO
writing dependency_links to topic_service_action_rclpy_example.egg-info/dependency_links.txt
writing entry points to topic_service_action_rclpy_example.egg-info/entry_points.txt
writing requirements to topic_service_action_rclpy_example.egg-info/requires.txt
writing top-level names to topic_service_action_rclpy_example.egg-info/top_level.txt
writing manifest file 'topic_service_action_rclpy_example.egg-info/SOURCES.txt'
reading manifest file 'topic_service_action_rclpy_example.egg-info/SOURCES.txt'
writing manifest file 'topic_service_action_rclpy_example.egg-info/SOURCES.txt'
running build_ext
Creating /home/ubuntu/robot_ws/install/topic_service_action_rclpy_example/lib/python3.10/site-packages/topic-service-action-rclpy-example.egg-link (link to .)
Installing argument script to /home/ubuntu/robot_ws/install/topic_service_action_rclpy_example/lib/topic_service_action_rclpy_example
Installing calculator script to /home/ubuntu/robot_ws/install/topic_service_action_rclpy_example/lib/topic_service_action_rclpy_example
Installing checker script to /home/ubuntu/robot_ws/install/topic_service_action_rclpy_example/lib/topic_service_action_rclpy_example
Installing operator script to /home/ubuntu/robot_ws/install/topic_service_action_rclpy_example/lib/topic_service_action_rclpy_example

Installed /home/ubuntu/robot_ws/build/topic_service_action_rclpy_example
running symlink_data
creating /home/ubuntu/robot_ws/install/topic_service_action_rclpy_example/share/ament_index
creating /home/ubuntu/robot_ws/install/topic_service_action_rclpy_example/share/ament_index/resource_index
creating /home/ubuntu/robot_ws/install/topic_service_action_rclpy_example/share/ament_index/resource_index/packages
symbolically linking /home/ubuntu/robot_ws/build/topic_service_action_rclpy_example/resource/topic_service_action_rclpy_example -> /home/ubuntu/robot_ws/install/topic_service_action_rclpy_example/share/ament_index/resource_index/packages
symbolically linking /home/ubuntu/robot_ws/build/topic_service_action_rclpy_example/package.xml -> /home/ubuntu/robot_ws/install/topic_service_action_rclpy_example/share/topic_service_action_rclpy_example
creating /home/ubuntu/robot_ws/install/topic_service_action_rclpy_example/share/topic_service_action_rclpy_example/launch
symbolically linking /home/ubuntu/robot_ws/build/topic_service_action_rclpy_example/launch/arithmetic.launch.py -> /home/ubuntu/robot_ws/install/topic_service_action_rclpy_example/share/topic_service_action_rclpy_example/launch
creating /home/ubuntu/robot_ws/install/topic_service_action_rclpy_example/share/topic_service_action_rclpy_example/param
