[0.713s] Invoking command in '/home/ubuntu/robot_ws/build/topic_service_action_rclpy_example': CMAKE_PREFIX_PATH=/home/ubuntu/robot_ws/install/msg_srv_action_interface_example:/home/ubuntu/turtlebot3_ws/install/turtlebot3_applications:/home/ubuntu/turtlebot3_ws/install/turtlebot3:/home/ubuntu/turtlebot3_ws/install/turtlebot3_simulations:/home/ubuntu/turtlebot3_ws/install/turtlebot3_panorama:/home/ubuntu/turtlebot3_ws/install/turtlebot3_bringup:/home/ubuntu/turtlebot3_ws/install/turtlebot3_node:/home/ubuntu/turtlebot3_ws/install/turtlebot3_navigation2:/home/ubuntu/turtlebot3_ws/install/turtlebot3_machine_learning:/home/ubuntu/turtlebot3_ws/install/turtlebot3_fake_node:/home/ubuntu/turtlebot3_ws/install/turtlebot3_msgs:/home/ubuntu/turtlebot3_ws/install/turtlebot3_manipulation_gazebo:/home/ubuntu/turtlebot3_ws/install/turtlebot3_gazebo:/home/ubuntu/turtlebot3_ws/install/turtlebot3_follower:/home/ubuntu/turtlebot3_ws/install/turtlebot3_description:/home/ubuntu/turtlebot3_ws/install/turtlebot3_cartographer:/home/ubuntu/turtlebot3_ws/install/turtlebot3_autorace:/home/ubuntu/robot_ws/install/my_first_package_msgs LD_LIBRARY_PATH=/home/ubuntu/robot_ws/install/msg_srv_action_interface_example/lib:/home/ubuntu/turtlebot3_ws/install/turtlebot3_msgs/lib:/home/ubuntu/robot_ws/install/my_first_package_msgs/lib:/usr/lib/x86_64-linux-gnu/gazebo-11/plugins:/opt/ros/humble/opt/rviz_ogre_vendor/lib:/opt/ros/humble/lib/x86_64-linux-gnu:/opt/ros/humble/lib:/usr/lib/x86_64-linux-gnu/gazebo-11/plugins PYTHONPATH=/home/ubuntu/robot_ws/build/topic_service_action_rclpy_example/prefix_override:/usr/lib/python3/dist-packages/colcon_core/task/python/colcon_distutils_commands:/home/ubuntu/robot_ws/install/topic_service_action_rclpy_example/lib/python3.10/site-packages:${PYTHONPATH} /usr/bin/python3 -W ignore:setup.py install is deprecated -W ignore:easy_install command is deprecated setup.py develop --editable --build-directory /home/ubuntu/robot_ws/build/topic_service_action_rclpy_example/build --no-deps symlink_data
[0.995s] running develop
[1.158s] running egg_info
[1.159s] creating topic_service_action_rclpy_example.egg-info
[1.159s] writing topic_service_action_rclpy_example.egg-info/PKG-INFO
[1.159s] writing dependency_links to topic_service_action_rclpy_example.egg-info/dependency_links.txt
[1.159s] writing entry points to topic_service_action_rclpy_example.egg-info/entry_points.txt
[1.159s] writing requirements to topic_service_action_rclpy_example.egg-info/requires.txt
[1.159s] writing top-level names to topic_service_action_rclpy_example.egg-info/top_level.txt
[1.159s] writing manifest file 'topic_service_action_rclpy_example.egg-info/SOURCES.txt'
[1.161s] reading manifest file 'topic_service_action_rclpy_example.egg-info/SOURCES.txt'
[1.162s] writing manifest file 'topic_service_action_rclpy_example.egg-info/SOURCES.txt'
[1.163s] running build_ext
[1.163s] Creating /home/ubuntu/robot_ws/install/topic_service_action_rclpy_example/lib/python3.10/site-packages/topic-service-action-rclpy-example.egg-link (link to .)
[1.164s] Installing argument script to /home/ubuntu/robot_ws/install/topic_service_action_rclpy_example/lib/topic_service_action_rclpy_example
[1.164s] Installing calculator script to /home/ubuntu/robot_ws/install/topic_service_action_rclpy_example/lib/topic_service_action_rclpy_example
[1.164s] Installing checker script to /home/ubuntu/robot_ws/install/topic_service_action_rclpy_example/lib/topic_service_action_rclpy_example
[1.164s] Installing operator script to /home/ubuntu/robot_ws/install/topic_service_action_rclpy_example/lib/topic_service_action_rclpy_example
[1.165s] 
[1.165s] Installed /home/ubuntu/robot_ws/build/topic_service_action_rclpy_example
[1.165s] running symlink_data
[1.165s] creating /home/ubuntu/robot_ws/install/topic_service_action_rclpy_example/share/ament_index
[1.165s] creating /home/ubuntu/robot_ws/install/topic_service_action_rclpy_example/share/ament_index/resource_index
[1.165s] creating /home/ubuntu/robot_ws/install/topic_service_action_rclpy_example/share/ament_index/resource_index/packages
[1.165s] symbolically linking /home/ubuntu/robot_ws/build/topic_service_action_rclpy_example/resource/topic_service_action_rclpy_example -> /home/ubuntu/robot_ws/install/topic_service_action_rclpy_example/share/ament_index/resource_index/packages
[1.165s] symbolically linking /home/ubuntu/robot_ws/build/topic_service_action_rclpy_example/package.xml -> /home/ubuntu/robot_ws/install/topic_service_action_rclpy_example/share/topic_service_action_rclpy_example
[1.165s] creating /home/ubuntu/robot_ws/install/topic_service_action_rclpy_example/share/topic_service_action_rclpy_example/launch
[1.165s] symbolically linking /home/ubuntu/robot_ws/build/topic_service_action_rclpy_example/launch/arithmetic.launch.py -> /home/ubuntu/robot_ws/install/topic_service_action_rclpy_example/share/topic_service_action_rclpy_example/launch
[1.165s] creating /home/ubuntu/robot_ws/install/topic_service_action_rclpy_example/share/topic_service_action_rclpy_example/param
[1.192s] Invoked command in '/home/ubuntu/robot_ws/build/topic_service_action_rclpy_example' returned '0': CMAKE_PREFIX_PATH=/home/ubuntu/robot_ws/install/msg_srv_action_interface_example:/home/ubuntu/turtlebot3_ws/install/turtlebot3_applications:/home/ubuntu/turtlebot3_ws/install/turtlebot3:/home/ubuntu/turtlebot3_ws/install/turtlebot3_simulations:/home/ubuntu/turtlebot3_ws/install/turtlebot3_panorama:/home/ubuntu/turtlebot3_ws/install/turtlebot3_bringup:/home/ubuntu/turtlebot3_ws/install/turtlebot3_node:/home/ubuntu/turtlebot3_ws/install/turtlebot3_navigation2:/home/ubuntu/turtlebot3_ws/install/turtlebot3_machine_learning:/home/ubuntu/turtlebot3_ws/install/turtlebot3_fake_node:/home/ubuntu/turtlebot3_ws/install/turtlebot3_msgs:/home/ubuntu/turtlebot3_ws/install/turtlebot3_manipulation_gazebo:/home/ubuntu/turtlebot3_ws/install/turtlebot3_gazebo:/home/ubuntu/turtlebot3_ws/install/turtlebot3_follower:/home/ubuntu/turtlebot3_ws/install/turtlebot3_description:/home/ubuntu/turtlebot3_ws/install/turtlebot3_cartographer:/home/ubuntu/turtlebot3_ws/install/turtlebot3_autorace:/home/ubuntu/robot_ws/install/my_first_package_msgs LD_LIBRARY_PATH=/home/ubuntu/robot_ws/install/msg_srv_action_interface_example/lib:/home/ubuntu/turtlebot3_ws/install/turtlebot3_msgs/lib:/home/ubuntu/robot_ws/install/my_first_package_msgs/lib:/usr/lib/x86_64-linux-gnu/gazebo-11/plugins:/opt/ros/humble/opt/rviz_ogre_vendor/lib:/opt/ros/humble/lib/x86_64-linux-gnu:/opt/ros/humble/lib:/usr/lib/x86_64-linux-gnu/gazebo-11/plugins PYTHONPATH=/home/ubuntu/robot_ws/build/topic_service_action_rclpy_example/prefix_override:/usr/lib/python3/dist-packages/colcon_core/task/python/colcon_distutils_commands:/home/ubuntu/robot_ws/install/topic_service_action_rclpy_example/lib/python3.10/site-packages:${PYTHONPATH} /usr/bin/python3 -W ignore:setup.py install is deprecated -W ignore:easy_install command is deprecated setup.py develop --editable --build-directory /home/ubuntu/robot_ws/build/topic_service_action_rclpy_example/build --no-deps symlink_data
