[0.126s] DEBUG:colcon:Command line arguments: ['/usr/bin/colcon', 'build', '--symlink-install']
[0.127s] DEBUG:colcon:Parsed command line arguments: Namespace(log_base=None, log_level=None, verb_name='build', build_base='build', install_base='install', merge_install=False, symlink_install=True, test_result_base=None, continue_on_error=False, executor='parallel', parallel_workers=2, event_handlers=None, ignore_user_meta=False, metas=['./colcon.meta'], base_paths=['.'], packages_ignore=None, packages_ignore_regex=None, paths=None, packages_up_to=None, packages_up_to_regex=None, packages_above=None, packages_above_and_dependencies=None, packages_above_depth=None, packages_select_by_dep=None, packages_skip_by_dep=None, packages_skip_up_to=None, packages_select_build_failed=False, packages_skip_build_finished=False, packages_select_test_failures=False, packages_skip_test_passed=False, packages_select=None, packages_skip=None, packages_select_regex=None, packages_skip_regex=None, packages_start=None, packages_end=None, allow_overriding=[], cmake_args=None, cmake_target=None, cmake_target_skip_unavailable=False, cmake_clean_cache=False, cmake_clean_first=False, cmake_force_configure=False, ament_cmake_args=None, catkin_cmake_args=None, catkin_skip_building_tests=False, verb_parser=<colcon_defaults.argument_parser.defaults.DefaultArgumentsDecorator object at 0x7dff83573910>, verb_extension=<colcon_core.verb.build.BuildVerb object at 0x7dff83573340>, main=<bound method BuildVerb.main of <colcon_core.verb.build.BuildVerb object at 0x7dff83573340>>)
[0.348s] Level 1:colcon.colcon_core.package_discovery:discover_packages(colcon_meta) check parameters
[0.348s] Level 1:colcon.colcon_core.package_discovery:discover_packages(recursive) check parameters
[0.348s] Level 1:colcon.colcon_core.package_discovery:discover_packages(ignore) check parameters
[0.348s] Level 1:colcon.colcon_core.package_discovery:discover_packages(path) check parameters
[0.348s] Level 1:colcon.colcon_core.package_discovery:discover_packages(colcon_meta) discover
[0.348s] Level 1:colcon.colcon_core.package_discovery:discover_packages(recursive) discover
[0.348s] INFO:colcon.colcon_core.package_discovery:Crawling recursively for packages in '/home/ubuntu/robot_ws'
[0.349s] Level 1:colcon.colcon_core.package_identification:_identify(.) by extensions ['ignore', 'ignore_ament_install']
[0.349s] Level 1:colcon.colcon_core.package_identification:_identify(.) by extension 'ignore'
[0.349s] Level 1:colcon.colcon_core.package_identification:_identify(.) by extension 'ignore_ament_install'
[0.349s] Level 1:colcon.colcon_core.package_identification:_identify(.) by extensions ['colcon_pkg']
[0.349s] Level 1:colcon.colcon_core.package_identification:_identify(.) by extension 'colcon_pkg'
[0.349s] Level 1:colcon.colcon_core.package_identification:_identify(.) by extensions ['colcon_meta']
[0.349s] Level 1:colcon.colcon_core.package_identification:_identify(.) by extension 'colcon_meta'
[0.349s] Level 1:colcon.colcon_core.package_identification:_identify(.) by extensions ['ros']
[0.349s] Level 1:colcon.colcon_core.package_identification:_identify(.) by extension 'ros'
[0.364s] Level 1:colcon.colcon_core.package_identification:_identify(.) by extensions ['cmake', 'python']
[0.364s] Level 1:colcon.colcon_core.package_identification:_identify(.) by extension 'cmake'
[0.364s] Level 1:colcon.colcon_core.package_identification:_identify(.) by extension 'python'
[0.364s] Level 1:colcon.colcon_core.package_identification:_identify(.) by extensions ['python_setup_py']
[0.364s] Level 1:colcon.colcon_core.package_identification:_identify(.) by extension 'python_setup_py'
[0.365s] Level 1:colcon.colcon_core.package_identification:_identify(build) by extensions ['ignore', 'ignore_ament_install']
[0.365s] Level 1:colcon.colcon_core.package_identification:_identify(build) by extension 'ignore'
[0.365s] Level 1:colcon.colcon_core.package_identification:_identify(build) ignored
[0.365s] Level 1:colcon.colcon_core.package_identification:_identify(install) by extensions ['ignore', 'ignore_ament_install']
[0.365s] Level 1:colcon.colcon_core.package_identification:_identify(install) by extension 'ignore'
[0.365s] Level 1:colcon.colcon_core.package_identification:_identify(install) ignored
[0.365s] Level 1:colcon.colcon_core.package_identification:_identify(log) by extensions ['ignore', 'ignore_ament_install']
[0.365s] Level 1:colcon.colcon_core.package_identification:_identify(log) by extension 'ignore'
[0.365s] Level 1:colcon.colcon_core.package_identification:_identify(log) ignored
[0.365s] Level 1:colcon.colcon_core.package_identification:_identify(src) by extensions ['ignore', 'ignore_ament_install']
[0.366s] Level 1:colcon.colcon_core.package_identification:_identify(src) by extension 'ignore'
[0.366s] Level 1:colcon.colcon_core.package_identification:_identify(src) by extension 'ignore_ament_install'
[0.366s] Level 1:colcon.colcon_core.package_identification:_identify(src) by extensions ['colcon_pkg']
[0.366s] Level 1:colcon.colcon_core.package_identification:_identify(src) by extension 'colcon_pkg'
[0.366s] Level 1:colcon.colcon_core.package_identification:_identify(src) by extensions ['colcon_meta']
[0.366s] Level 1:colcon.colcon_core.package_identification:_identify(src) by extension 'colcon_meta'
[0.366s] Level 1:colcon.colcon_core.package_identification:_identify(src) by extensions ['ros']
[0.366s] Level 1:colcon.colcon_core.package_identification:_identify(src) by extension 'ros'
[0.366s] Level 1:colcon.colcon_core.package_identification:_identify(src) by extensions ['cmake', 'python']
[0.366s] Level 1:colcon.colcon_core.package_identification:_identify(src) by extension 'cmake'
[0.366s] Level 1:colcon.colcon_core.package_identification:_identify(src) by extension 'python'
[0.366s] Level 1:colcon.colcon_core.package_identification:_identify(src) by extensions ['python_setup_py']
[0.366s] Level 1:colcon.colcon_core.package_identification:_identify(src) by extension 'python_setup_py'
[0.366s] Level 1:colcon.colcon_core.package_identification:_identify(src/move_turtle_pkg) by extensions ['ignore', 'ignore_ament_install']
[0.366s] Level 1:colcon.colcon_core.package_identification:_identify(src/move_turtle_pkg) by extension 'ignore'
[0.366s] Level 1:colcon.colcon_core.package_identification:_identify(src/move_turtle_pkg) by extension 'ignore_ament_install'
[0.366s] Level 1:colcon.colcon_core.package_identification:_identify(src/move_turtle_pkg) by extensions ['colcon_pkg']
[0.366s] Level 1:colcon.colcon_core.package_identification:_identify(src/move_turtle_pkg) by extension 'colcon_pkg'
[0.366s] Level 1:colcon.colcon_core.package_identification:_identify(src/move_turtle_pkg) by extensions ['colcon_meta']
[0.366s] Level 1:colcon.colcon_core.package_identification:_identify(src/move_turtle_pkg) by extension 'colcon_meta'
[0.366s] Level 1:colcon.colcon_core.package_identification:_identify(src/move_turtle_pkg) by extensions ['ros']
[0.366s] Level 1:colcon.colcon_core.package_identification:_identify(src/move_turtle_pkg) by extension 'ros'
[0.369s] DEBUG:colcon.colcon_core.package_identification:Package 'src/move_turtle_pkg' with type 'ros.ament_python' and name 'move_turtle_pkg'
[0.369s] Level 1:colcon.colcon_core.package_identification:_identify(src/msg_srv_action_interface_example) by extensions ['ignore', 'ignore_ament_install']
[0.369s] Level 1:colcon.colcon_core.package_identification:_identify(src/msg_srv_action_interface_example) by extension 'ignore'
[0.369s] Level 1:colcon.colcon_core.package_identification:_identify(src/msg_srv_action_interface_example) by extension 'ignore_ament_install'
[0.369s] Level 1:colcon.colcon_core.package_identification:_identify(src/msg_srv_action_interface_example) by extensions ['colcon_pkg']
[0.369s] Level 1:colcon.colcon_core.package_identification:_identify(src/msg_srv_action_interface_example) by extension 'colcon_pkg'
[0.369s] Level 1:colcon.colcon_core.package_identification:_identify(src/msg_srv_action_interface_example) by extensions ['colcon_meta']
[0.369s] Level 1:colcon.colcon_core.package_identification:_identify(src/msg_srv_action_interface_example) by extension 'colcon_meta'
[0.369s] Level 1:colcon.colcon_core.package_identification:_identify(src/msg_srv_action_interface_example) by extensions ['ros']
[0.369s] Level 1:colcon.colcon_core.package_identification:_identify(src/msg_srv_action_interface_example) by extension 'ros'
[0.370s] DEBUG:colcon.colcon_core.package_identification:Package 'src/msg_srv_action_interface_example' with type 'ros.ament_cmake' and name 'msg_srv_action_interface_example'
[0.370s] Level 1:colcon.colcon_core.package_identification:_identify(src/my_first_package_msgs) by extensions ['ignore', 'ignore_ament_install']
[0.370s] Level 1:colcon.colcon_core.package_identification:_identify(src/my_first_package_msgs) by extension 'ignore'
[0.370s] Level 1:colcon.colcon_core.package_identification:_identify(src/my_first_package_msgs) by extension 'ignore_ament_install'
[0.370s] Level 1:colcon.colcon_core.package_identification:_identify(src/my_first_package_msgs) by extensions ['colcon_pkg']
[0.370s] Level 1:colcon.colcon_core.package_identification:_identify(src/my_first_package_msgs) by extension 'colcon_pkg'
[0.370s] Level 1:colcon.colcon_core.package_identification:_identify(src/my_first_package_msgs) by extensions ['colcon_meta']
[0.370s] Level 1:colcon.colcon_core.package_identification:_identify(src/my_first_package_msgs) by extension 'colcon_meta'
[0.370s] Level 1:colcon.colcon_core.package_identification:_identify(src/my_first_package_msgs) by extensions ['ros']
[0.370s] Level 1:colcon.colcon_core.package_identification:_identify(src/my_first_package_msgs) by extension 'ros'
[0.371s] DEBUG:colcon.colcon_core.package_identification:Package 'src/my_first_package_msgs' with type 'ros.ament_cmake' and name 'my_first_package_msgs'
[0.371s] Level 1:colcon.colcon_core.package_identification:_identify(src/my_first_ros_rclpy_pkg) by extensions ['ignore', 'ignore_ament_install']
[0.371s] Level 1:colcon.colcon_core.package_identification:_identify(src/my_first_ros_rclpy_pkg) by extension 'ignore'
[0.371s] Level 1:colcon.colcon_core.package_identification:_identify(src/my_first_ros_rclpy_pkg) by extension 'ignore_ament_install'
[0.371s] Level 1:colcon.colcon_core.package_identification:_identify(src/my_first_ros_rclpy_pkg) by extensions ['colcon_pkg']
[0.371s] Level 1:colcon.colcon_core.package_identification:_identify(src/my_first_ros_rclpy_pkg) by extension 'colcon_pkg'
[0.371s] Level 1:colcon.colcon_core.package_identification:_identify(src/my_first_ros_rclpy_pkg) by extensions ['colcon_meta']
[0.371s] Level 1:colcon.colcon_core.package_identification:_identify(src/my_first_ros_rclpy_pkg) by extension 'colcon_meta'
[0.371s] Level 1:colcon.colcon_core.package_identification:_identify(src/my_first_ros_rclpy_pkg) by extensions ['ros']
[0.371s] Level 1:colcon.colcon_core.package_identification:_identify(src/my_first_ros_rclpy_pkg) by extension 'ros'
[0.372s] DEBUG:colcon.colcon_core.package_identification:Package 'src/my_first_ros_rclpy_pkg' with type 'ros.ament_python' and name 'my_first_ros_rclpy_pkg'
[0.372s] Level 1:colcon.colcon_core.package_identification:_identify(src/my_first_ros_test_pkg) by extensions ['ignore', 'ignore_ament_install']
[0.372s] Level 1:colcon.colcon_core.package_identification:_identify(src/my_first_ros_test_pkg) by extension 'ignore'
[0.372s] Level 1:colcon.colcon_core.package_identification:_identify(src/my_first_ros_test_pkg) by extension 'ignore_ament_install'
[0.372s] Level 1:colcon.colcon_core.package_identification:_identify(src/my_first_ros_test_pkg) by extensions ['colcon_pkg']
[0.372s] Level 1:colcon.colcon_core.package_identification:_identify(src/my_first_ros_test_pkg) by extension 'colcon_pkg'
[0.372s] Level 1:colcon.colcon_core.package_identification:_identify(src/my_first_ros_test_pkg) by extensions ['colcon_meta']
[0.372s] Level 1:colcon.colcon_core.package_identification:_identify(src/my_first_ros_test_pkg) by extension 'colcon_meta'
[0.372s] Level 1:colcon.colcon_core.package_identification:_identify(src/my_first_ros_test_pkg) by extensions ['ros']
[0.372s] Level 1:colcon.colcon_core.package_identification:_identify(src/my_first_ros_test_pkg) by extension 'ros'
[0.373s] DEBUG:colcon.colcon_core.package_identification:Package 'src/my_first_ros_test_pkg' with type 'ros.ament_python' and name 'my_first_ros_test_pkg'
[0.373s] Level 1:colcon.colcon_core.package_identification:_identify(src/my_turtlebot_pkg) by extensions ['ignore', 'ignore_ament_install']
[0.373s] Level 1:colcon.colcon_core.package_identification:_identify(src/my_turtlebot_pkg) by extension 'ignore'
[0.373s] Level 1:colcon.colcon_core.package_identification:_identify(src/my_turtlebot_pkg) by extension 'ignore_ament_install'
[0.373s] Level 1:colcon.colcon_core.package_identification:_identify(src/my_turtlebot_pkg) by extensions ['colcon_pkg']
[0.373s] Level 1:colcon.colcon_core.package_identification:_identify(src/my_turtlebot_pkg) by extension 'colcon_pkg'
[0.373s] Level 1:colcon.colcon_core.package_identification:_identify(src/my_turtlebot_pkg) by extensions ['colcon_meta']
[0.373s] Level 1:colcon.colcon_core.package_identification:_identify(src/my_turtlebot_pkg) by extension 'colcon_meta'
[0.373s] Level 1:colcon.colcon_core.package_identification:_identify(src/my_turtlebot_pkg) by extensions ['ros']
[0.373s] Level 1:colcon.colcon_core.package_identification:_identify(src/my_turtlebot_pkg) by extension 'ros'
[0.375s] DEBUG:colcon.colcon_core.package_identification:Package 'src/my_turtlebot_pkg' with type 'ros.ament_python' and name 'my_turtlebot_pkg'
[0.375s] Level 1:colcon.colcon_core.package_identification:_identify(src/topic_service_action_rclpy_example) by extensions ['ignore', 'ignore_ament_install']
[0.375s] Level 1:colcon.colcon_core.package_identification:_identify(src/topic_service_action_rclpy_example) by extension 'ignore'
[0.375s] Level 1:colcon.colcon_core.package_identification:_identify(src/topic_service_action_rclpy_example) by extension 'ignore_ament_install'
[0.375s] Level 1:colcon.colcon_core.package_identification:_identify(src/topic_service_action_rclpy_example) by extensions ['colcon_pkg']
[0.375s] Level 1:colcon.colcon_core.package_identification:_identify(src/topic_service_action_rclpy_example) by extension 'colcon_pkg'
[0.375s] Level 1:colcon.colcon_core.package_identification:_identify(src/topic_service_action_rclpy_example) by extensions ['colcon_meta']
[0.375s] Level 1:colcon.colcon_core.package_identification:_identify(src/topic_service_action_rclpy_example) by extension 'colcon_meta'
[0.375s] Level 1:colcon.colcon_core.package_identification:_identify(src/topic_service_action_rclpy_example) by extensions ['ros']
[0.375s] Level 1:colcon.colcon_core.package_identification:_identify(src/topic_service_action_rclpy_example) by extension 'ros'
[0.376s] DEBUG:colcon.colcon_core.package_identification:Package 'src/topic_service_action_rclpy_example' with type 'ros.ament_python' and name 'topic_service_action_rclpy_example'
[0.376s] Level 1:colcon.colcon_core.package_discovery:discover_packages(recursive) using defaults
[0.376s] Level 1:colcon.colcon_core.package_discovery:discover_packages(ignore) discover
[0.376s] Level 1:colcon.colcon_core.package_discovery:discover_packages(ignore) using defaults
[0.376s] Level 1:colcon.colcon_core.package_discovery:discover_packages(path) discover
[0.376s] Level 1:colcon.colcon_core.package_discovery:discover_packages(path) using defaults
[0.406s] Level 1:colcon.colcon_core.package_discovery:discover_packages(prefix_path) check parameters
[0.406s] Level 1:colcon.colcon_core.package_discovery:discover_packages(prefix_path) discover
[0.418s] DEBUG:colcon.colcon_installed_package_information.package_discovery:Found 7 installed packages in /home/ubuntu/robot_ws/install
[0.419s] DEBUG:colcon.colcon_installed_package_information.package_discovery:Found 26 installed packages in /home/ubuntu/turtlebot3_ws/install
[0.421s] DEBUG:colcon.colcon_installed_package_information.package_discovery:Found 406 installed packages in /opt/ros/humble
[0.424s] Level 1:colcon.colcon_core.package_discovery:discover_packages(prefix_path) using defaults
[0.507s] Level 5:colcon.colcon_core.verb:set package 'move_turtle_pkg' build argument 'cmake_args' from command line to 'None'
[0.507s] Level 5:colcon.colcon_core.verb:set package 'move_turtle_pkg' build argument 'cmake_target' from command line to 'None'
[0.507s] Level 5:colcon.colcon_core.verb:set package 'move_turtle_pkg' build argument 'cmake_target_skip_unavailable' from command line to 'False'
[0.507s] Level 5:colcon.colcon_core.verb:set package 'move_turtle_pkg' build argument 'cmake_clean_cache' from command line to 'False'
[0.507s] Level 5:colcon.colcon_core.verb:set package 'move_turtle_pkg' build argument 'cmake_clean_first' from command line to 'False'
[0.507s] Level 5:colcon.colcon_core.verb:set package 'move_turtle_pkg' build argument 'cmake_force_configure' from command line to 'False'
[0.507s] Level 5:colcon.colcon_core.verb:set package 'move_turtle_pkg' build argument 'ament_cmake_args' from command line to 'None'
[0.507s] Level 5:colcon.colcon_core.verb:set package 'move_turtle_pkg' build argument 'catkin_cmake_args' from command line to 'None'
[0.507s] Level 5:colcon.colcon_core.verb:set package 'move_turtle_pkg' build argument 'catkin_skip_building_tests' from command line to 'False'
[0.507s] DEBUG:colcon.colcon_core.verb:Building package 'move_turtle_pkg' with the following arguments: {'ament_cmake_args': None, 'build_base': '/home/ubuntu/robot_ws/build/move_turtle_pkg', 'catkin_cmake_args': None, 'catkin_skip_building_tests': False, 'cmake_args': None, 'cmake_clean_cache': False, 'cmake_clean_first': False, 'cmake_force_configure': False, 'cmake_target': None, 'cmake_target_skip_unavailable': False, 'install_base': '/home/ubuntu/robot_ws/install/move_turtle_pkg', 'merge_install': False, 'path': '/home/ubuntu/robot_ws/src/move_turtle_pkg', 'symlink_install': True, 'test_result_base': None}
[0.507s] Level 5:colcon.colcon_core.verb:set package 'msg_srv_action_interface_example' build argument 'cmake_args' from command line to 'None'
[0.507s] Level 5:colcon.colcon_core.verb:set package 'msg_srv_action_interface_example' build argument 'cmake_target' from command line to 'None'
[0.507s] Level 5:colcon.colcon_core.verb:set package 'msg_srv_action_interface_example' build argument 'cmake_target_skip_unavailable' from command line to 'False'
[0.507s] Level 5:colcon.colcon_core.verb:set package 'msg_srv_action_interface_example' build argument 'cmake_clean_cache' from command line to 'False'
[0.507s] Level 5:colcon.colcon_core.verb:set package 'msg_srv_action_interface_example' build argument 'cmake_clean_first' from command line to 'False'
[0.508s] Level 5:colcon.colcon_core.verb:set package 'msg_srv_action_interface_example' build argument 'cmake_force_configure' from command line to 'False'
[0.508s] Level 5:colcon.colcon_core.verb:set package 'msg_srv_action_interface_example' build argument 'ament_cmake_args' from command line to 'None'
[0.508s] Level 5:colcon.colcon_core.verb:set package 'msg_srv_action_interface_example' build argument 'catkin_cmake_args' from command line to 'None'
[0.508s] Level 5:colcon.colcon_core.verb:set package 'msg_srv_action_interface_example' build argument 'catkin_skip_building_tests' from command line to 'False'
[0.508s] DEBUG:colcon.colcon_core.verb:Building package 'msg_srv_action_interface_example' with the following arguments: {'ament_cmake_args': None, 'build_base': '/home/ubuntu/robot_ws/build/msg_srv_action_interface_example', 'catkin_cmake_args': None, 'catkin_skip_building_tests': False, 'cmake_args': None, 'cmake_clean_cache': False, 'cmake_clean_first': False, 'cmake_force_configure': False, 'cmake_target': None, 'cmake_target_skip_unavailable': False, 'install_base': '/home/ubuntu/robot_ws/install/msg_srv_action_interface_example', 'merge_install': False, 'path': '/home/ubuntu/robot_ws/src/msg_srv_action_interface_example', 'symlink_install': True, 'test_result_base': None}
[0.508s] Level 5:colcon.colcon_core.verb:set package 'my_first_package_msgs' build argument 'cmake_args' from command line to 'None'
[0.508s] Level 5:colcon.colcon_core.verb:set package 'my_first_package_msgs' build argument 'cmake_target' from command line to 'None'
[0.508s] Level 5:colcon.colcon_core.verb:set package 'my_first_package_msgs' build argument 'cmake_target_skip_unavailable' from command line to 'False'
[0.508s] Level 5:colcon.colcon_core.verb:set package 'my_first_package_msgs' build argument 'cmake_clean_cache' from command line to 'False'
[0.508s] Level 5:colcon.colcon_core.verb:set package 'my_first_package_msgs' build argument 'cmake_clean_first' from command line to 'False'
[0.508s] Level 5:colcon.colcon_core.verb:set package 'my_first_package_msgs' build argument 'cmake_force_configure' from command line to 'False'
[0.508s] Level 5:colcon.colcon_core.verb:set package 'my_first_package_msgs' build argument 'ament_cmake_args' from command line to 'None'
[0.508s] Level 5:colcon.colcon_core.verb:set package 'my_first_package_msgs' build argument 'catkin_cmake_args' from command line to 'None'
[0.508s] Level 5:colcon.colcon_core.verb:set package 'my_first_package_msgs' build argument 'catkin_skip_building_tests' from command line to 'False'
[0.508s] DEBUG:colcon.colcon_core.verb:Building package 'my_first_package_msgs' with the following arguments: {'ament_cmake_args': None, 'build_base': '/home/ubuntu/robot_ws/build/my_first_package_msgs', 'catkin_cmake_args': None, 'catkin_skip_building_tests': False, 'cmake_args': None, 'cmake_clean_cache': False, 'cmake_clean_first': False, 'cmake_force_configure': False, 'cmake_target': None, 'cmake_target_skip_unavailable': False, 'install_base': '/home/ubuntu/robot_ws/install/my_first_package_msgs', 'merge_install': False, 'path': '/home/ubuntu/robot_ws/src/my_first_package_msgs', 'symlink_install': True, 'test_result_base': None}
[0.508s] Level 5:colcon.colcon_core.verb:set package 'my_first_ros_rclpy_pkg' build argument 'cmake_args' from command line to 'None'
[0.508s] Level 5:colcon.colcon_core.verb:set package 'my_first_ros_rclpy_pkg' build argument 'cmake_target' from command line to 'None'
[0.508s] Level 5:colcon.colcon_core.verb:set package 'my_first_ros_rclpy_pkg' build argument 'cmake_target_skip_unavailable' from command line to 'False'
[0.508s] Level 5:colcon.colcon_core.verb:set package 'my_first_ros_rclpy_pkg' build argument 'cmake_clean_cache' from command line to 'False'
[0.508s] Level 5:colcon.colcon_core.verb:set package 'my_first_ros_rclpy_pkg' build argument 'cmake_clean_first' from command line to 'False'
[0.508s] Level 5:colcon.colcon_core.verb:set package 'my_first_ros_rclpy_pkg' build argument 'cmake_force_configure' from command line to 'False'
[0.508s] Level 5:colcon.colcon_core.verb:set package 'my_first_ros_rclpy_pkg' build argument 'ament_cmake_args' from command line to 'None'
[0.508s] Level 5:colcon.colcon_core.verb:set package 'my_first_ros_rclpy_pkg' build argument 'catkin_cmake_args' from command line to 'None'
[0.508s] Level 5:colcon.colcon_core.verb:set package 'my_first_ros_rclpy_pkg' build argument 'catkin_skip_building_tests' from command line to 'False'
[0.509s] DEBUG:colcon.colcon_core.verb:Building package 'my_first_ros_rclpy_pkg' with the following arguments: {'ament_cmake_args': None, 'build_base': '/home/ubuntu/robot_ws/build/my_first_ros_rclpy_pkg', 'catkin_cmake_args': None, 'catkin_skip_building_tests': False, 'cmake_args': None, 'cmake_clean_cache': False, 'cmake_clean_first': False, 'cmake_force_configure': False, 'cmake_target': None, 'cmake_target_skip_unavailable': False, 'install_base': '/home/ubuntu/robot_ws/install/my_first_ros_rclpy_pkg', 'merge_install': False, 'path': '/home/ubuntu/robot_ws/src/my_first_ros_rclpy_pkg', 'symlink_install': True, 'test_result_base': None}
[0.509s] Level 5:colcon.colcon_core.verb:set package 'my_first_ros_test_pkg' build argument 'cmake_args' from command line to 'None'
[0.509s] Level 5:colcon.colcon_core.verb:set package 'my_first_ros_test_pkg' build argument 'cmake_target' from command line to 'None'
[0.509s] Level 5:colcon.colcon_core.verb:set package 'my_first_ros_test_pkg' build argument 'cmake_target_skip_unavailable' from command line to 'False'
[0.509s] Level 5:colcon.colcon_core.verb:set package 'my_first_ros_test_pkg' build argument 'cmake_clean_cache' from command line to 'False'
[0.509s] Level 5:colcon.colcon_core.verb:set package 'my_first_ros_test_pkg' build argument 'cmake_clean_first' from command line to 'False'
[0.509s] Level 5:colcon.colcon_core.verb:set package 'my_first_ros_test_pkg' build argument 'cmake_force_configure' from command line to 'False'
[0.509s] Level 5:colcon.colcon_core.verb:set package 'my_first_ros_test_pkg' build argument 'ament_cmake_args' from command line to 'None'
[0.509s] Level 5:colcon.colcon_core.verb:set package 'my_first_ros_test_pkg' build argument 'catkin_cmake_args' from command line to 'None'
[0.509s] Level 5:colcon.colcon_core.verb:set package 'my_first_ros_test_pkg' build argument 'catkin_skip_building_tests' from command line to 'False'
[0.509s] DEBUG:colcon.colcon_core.verb:Building package 'my_first_ros_test_pkg' with the following arguments: {'ament_cmake_args': None, 'build_base': '/home/ubuntu/robot_ws/build/my_first_ros_test_pkg', 'catkin_cmake_args': None, 'catkin_skip_building_tests': False, 'cmake_args': None, 'cmake_clean_cache': False, 'cmake_clean_first': False, 'cmake_force_configure': False, 'cmake_target': None, 'cmake_target_skip_unavailable': False, 'install_base': '/home/ubuntu/robot_ws/install/my_first_ros_test_pkg', 'merge_install': False, 'path': '/home/ubuntu/robot_ws/src/my_first_ros_test_pkg', 'symlink_install': True, 'test_result_base': None}
[0.509s] Level 5:colcon.colcon_core.verb:set package 'my_turtlebot_pkg' build argument 'cmake_args' from command line to 'None'
[0.509s] Level 5:colcon.colcon_core.verb:set package 'my_turtlebot_pkg' build argument 'cmake_target' from command line to 'None'
[0.509s] Level 5:colcon.colcon_core.verb:set package 'my_turtlebot_pkg' build argument 'cmake_target_skip_unavailable' from command line to 'False'
[0.510s] Level 5:colcon.colcon_core.verb:set package 'my_turtlebot_pkg' build argument 'cmake_clean_cache' from command line to 'False'
[0.510s] Level 5:colcon.colcon_core.verb:set package 'my_turtlebot_pkg' build argument 'cmake_clean_first' from command line to 'False'
[0.510s] Level 5:colcon.colcon_core.verb:set package 'my_turtlebot_pkg' build argument 'cmake_force_configure' from command line to 'False'
[0.510s] Level 5:colcon.colcon_core.verb:set package 'my_turtlebot_pkg' build argument 'ament_cmake_args' from command line to 'None'
[0.510s] Level 5:colcon.colcon_core.verb:set package 'my_turtlebot_pkg' build argument 'catkin_cmake_args' from command line to 'None'
[0.510s] Level 5:colcon.colcon_core.verb:set package 'my_turtlebot_pkg' build argument 'catkin_skip_building_tests' from command line to 'False'
[0.510s] DEBUG:colcon.colcon_core.verb:Building package 'my_turtlebot_pkg' with the following arguments: {'ament_cmake_args': None, 'build_base': '/home/ubuntu/robot_ws/build/my_turtlebot_pkg', 'catkin_cmake_args': None, 'catkin_skip_building_tests': False, 'cmake_args': None, 'cmake_clean_cache': False, 'cmake_clean_first': False, 'cmake_force_configure': False, 'cmake_target': None, 'cmake_target_skip_unavailable': False, 'install_base': '/home/ubuntu/robot_ws/install/my_turtlebot_pkg', 'merge_install': False, 'path': '/home/ubuntu/robot_ws/src/my_turtlebot_pkg', 'symlink_install': True, 'test_result_base': None}
[0.510s] Level 5:colcon.colcon_core.verb:set package 'topic_service_action_rclpy_example' build argument 'cmake_args' from command line to 'None'
[0.510s] Level 5:colcon.colcon_core.verb:set package 'topic_service_action_rclpy_example' build argument 'cmake_target' from command line to 'None'
[0.510s] Level 5:colcon.colcon_core.verb:set package 'topic_service_action_rclpy_example' build argument 'cmake_target_skip_unavailable' from command line to 'False'
[0.510s] Level 5:colcon.colcon_core.verb:set package 'topic_service_action_rclpy_example' build argument 'cmake_clean_cache' from command line to 'False'
[0.510s] Level 5:colcon.colcon_core.verb:set package 'topic_service_action_rclpy_example' build argument 'cmake_clean_first' from command line to 'False'
[0.510s] Level 5:colcon.colcon_core.verb:set package 'topic_service_action_rclpy_example' build argument 'cmake_force_configure' from command line to 'False'
[0.510s] Level 5:colcon.colcon_core.verb:set package 'topic_service_action_rclpy_example' build argument 'ament_cmake_args' from command line to 'None'
[0.510s] Level 5:colcon.colcon_core.verb:set package 'topic_service_action_rclpy_example' build argument 'catkin_cmake_args' from command line to 'None'
[0.510s] Level 5:colcon.colcon_core.verb:set package 'topic_service_action_rclpy_example' build argument 'catkin_skip_building_tests' from command line to 'False'
[0.510s] DEBUG:colcon.colcon_core.verb:Building package 'topic_service_action_rclpy_example' with the following arguments: {'ament_cmake_args': None, 'build_base': '/home/ubuntu/robot_ws/build/topic_service_action_rclpy_example', 'catkin_cmake_args': None, 'catkin_skip_building_tests': False, 'cmake_args': None, 'cmake_clean_cache': False, 'cmake_clean_first': False, 'cmake_force_configure': False, 'cmake_target': None, 'cmake_target_skip_unavailable': False, 'install_base': '/home/ubuntu/robot_ws/install/topic_service_action_rclpy_example', 'merge_install': False, 'path': '/home/ubuntu/robot_ws/src/topic_service_action_rclpy_example', 'symlink_install': True, 'test_result_base': None}
[0.510s] INFO:colcon.colcon_core.executor:Executing jobs using 'parallel' executor
[0.512s] DEBUG:colcon.colcon_parallel_executor.executor.parallel:run_until_complete
[0.512s] INFO:colcon.colcon_ros.task.ament_cmake.build:Building ROS package in '/home/ubuntu/robot_ws/src/msg_srv_action_interface_example' with build type 'ament_cmake'
[0.512s] INFO:colcon.colcon_cmake.task.cmake.build:Building CMake package in '/home/ubuntu/robot_ws/src/msg_srv_action_interface_example'
[0.516s] INFO:colcon.colcon_core.plugin_system:Skipping extension 'colcon_core.shell.bat': Not used on non-Windows systems
[0.517s] INFO:colcon.colcon_core.shell:Skip shell extension 'powershell' for command environment: Not usable outside of PowerShell
[0.517s] DEBUG:colcon.colcon_core.shell:Skip shell extension 'dsv' for command environment
[0.524s] INFO:colcon.colcon_ros.task.ament_python.build:Building ROS package in '/home/ubuntu/robot_ws/src/move_turtle_pkg' with build type 'ament_python'
[0.524s] Level 1:colcon.colcon_core.shell:create_environment_hook('move_turtle_pkg', 'ament_prefix_path')
[0.524s] INFO:colcon.colcon_core.shell:Creating environment hook '/home/ubuntu/robot_ws/install/move_turtle_pkg/share/move_turtle_pkg/hook/ament_prefix_path.ps1'
[0.525s] INFO:colcon.colcon_core.shell:Creating environment descriptor '/home/ubuntu/robot_ws/install/move_turtle_pkg/share/move_turtle_pkg/hook/ament_prefix_path.dsv'
[0.526s] INFO:colcon.colcon_core.shell:Creating environment hook '/home/ubuntu/robot_ws/install/move_turtle_pkg/share/move_turtle_pkg/hook/ament_prefix_path.sh'
[0.527s] INFO:colcon.colcon_core.shell:Skip shell extension 'powershell' for command environment: Not usable outside of PowerShell
[0.527s] DEBUG:colcon.colcon_core.shell:Skip shell extension 'dsv' for command environment
[0.541s] DEBUG:colcon.colcon_core.event_handler.log_command:Invoking command in '/home/ubuntu/robot_ws/build/msg_srv_action_interface_example': CMAKE_PREFIX_PATH=${CMAKE_PREFIX_PATH}:/home/ubuntu/turtlebot3_ws/install/turtlebot3_yolo_object_detection:/home/ubuntu/turtlebot3_ws/install/turtlebot3_teleop:/home/ubuntu/turtlebot3_ws/install/turtlebot3_example:/home/ubuntu/turtlebot3_ws/install/turtlebot3_dqn:/home/ubuntu/turtlebot3_ws/install/turtlebot3_autorace_mission:/home/ubuntu/turtlebot3_ws/install/turtlebot3_autorace_detect:/home/ubuntu/turtlebot3_ws/install/turtlebot3_autorace_camera:/home/ubuntu/turtlebot3_ws/install/turtlebot3_automatic_parking_vision:/home/ubuntu/turtlebot3_ws/install/turtlebot3_automatic_parking:/home/ubuntu/turtlebot3_ws/install/turtlebot3_aruco_tracker:/home/ubuntu/robot_ws/install/topic_service_action_rclpy_example:/home/ubuntu/robot_ws/install/my_turtlebot_pkg:/home/ubuntu/robot_ws/install/my_first_ros_test_pkg:/home/ubuntu/robot_ws/install/my_first_ros_rclpy_pkg:/home/ubuntu/robot_ws/install/move_turtle_pkg:/opt/ros/humble /usr/bin/cmake --build /home/ubuntu/robot_ws/build/msg_srv_action_interface_example -- -j2 -l2
[1.367s] INFO:colcon.colcon_core.task.python.build:Building Python package in '/home/ubuntu/robot_ws/src/move_turtle_pkg'
[1.367s] INFO:colcon.colcon_core.shell:Skip shell extension 'powershell' for command environment: Not usable outside of PowerShell
[1.368s] DEBUG:colcon.colcon_core.shell:Skip shell extension 'dsv' for command environment
[1.811s] DEBUG:colcon.colcon_core.event_handler.log_command:Invoked command in '/home/ubuntu/robot_ws/build/msg_srv_action_interface_example' returned '0': CMAKE_PREFIX_PATH=${CMAKE_PREFIX_PATH}:/home/ubuntu/turtlebot3_ws/install/turtlebot3_yolo_object_detection:/home/ubuntu/turtlebot3_ws/install/turtlebot3_teleop:/home/ubuntu/turtlebot3_ws/install/turtlebot3_example:/home/ubuntu/turtlebot3_ws/install/turtlebot3_dqn:/home/ubuntu/turtlebot3_ws/install/turtlebot3_autorace_mission:/home/ubuntu/turtlebot3_ws/install/turtlebot3_autorace_detect:/home/ubuntu/turtlebot3_ws/install/turtlebot3_autorace_camera:/home/ubuntu/turtlebot3_ws/install/turtlebot3_automatic_parking_vision:/home/ubuntu/turtlebot3_ws/install/turtlebot3_automatic_parking:/home/ubuntu/turtlebot3_ws/install/turtlebot3_aruco_tracker:/home/ubuntu/robot_ws/install/topic_service_action_rclpy_example:/home/ubuntu/robot_ws/install/my_turtlebot_pkg:/home/ubuntu/robot_ws/install/my_first_ros_test_pkg:/home/ubuntu/robot_ws/install/my_first_ros_rclpy_pkg:/home/ubuntu/robot_ws/install/move_turtle_pkg:/opt/ros/humble /usr/bin/cmake --build /home/ubuntu/robot_ws/build/msg_srv_action_interface_example -- -j2 -l2
[1.839s] DEBUG:colcon.colcon_core.event_handler.log_command:Invoking command in '/home/ubuntu/robot_ws/build/msg_srv_action_interface_example': CMAKE_PREFIX_PATH=${CMAKE_PREFIX_PATH}:/home/ubuntu/turtlebot3_ws/install/turtlebot3_yolo_object_detection:/home/ubuntu/turtlebot3_ws/install/turtlebot3_teleop:/home/ubuntu/turtlebot3_ws/install/turtlebot3_example:/home/ubuntu/turtlebot3_ws/install/turtlebot3_dqn:/home/ubuntu/turtlebot3_ws/install/turtlebot3_autorace_mission:/home/ubuntu/turtlebot3_ws/install/turtlebot3_autorace_detect:/home/ubuntu/turtlebot3_ws/install/turtlebot3_autorace_camera:/home/ubuntu/turtlebot3_ws/install/turtlebot3_automatic_parking_vision:/home/ubuntu/turtlebot3_ws/install/turtlebot3_automatic_parking:/home/ubuntu/turtlebot3_ws/install/turtlebot3_aruco_tracker:/home/ubuntu/robot_ws/install/topic_service_action_rclpy_example:/home/ubuntu/robot_ws/install/my_turtlebot_pkg:/home/ubuntu/robot_ws/install/my_first_ros_test_pkg:/home/ubuntu/robot_ws/install/my_first_ros_rclpy_pkg:/home/ubuntu/robot_ws/install/move_turtle_pkg:/opt/ros/humble /usr/bin/cmake --install /home/ubuntu/robot_ws/build/msg_srv_action_interface_example
[2.044s] Level 1:colcon.colcon_core.environment:create_environment_scripts_only(msg_srv_action_interface_example)
[2.045s] DEBUG:colcon.colcon_core.event_handler.log_command:Invoked command in '/home/ubuntu/robot_ws/build/msg_srv_action_interface_example' returned '0': CMAKE_PREFIX_PATH=${CMAKE_PREFIX_PATH}:/home/ubuntu/turtlebot3_ws/install/turtlebot3_yolo_object_detection:/home/ubuntu/turtlebot3_ws/install/turtlebot3_teleop:/home/ubuntu/turtlebot3_ws/install/turtlebot3_example:/home/ubuntu/turtlebot3_ws/install/turtlebot3_dqn:/home/ubuntu/turtlebot3_ws/install/turtlebot3_autorace_mission:/home/ubuntu/turtlebot3_ws/install/turtlebot3_autorace_detect:/home/ubuntu/turtlebot3_ws/install/turtlebot3_autorace_camera:/home/ubuntu/turtlebot3_ws/install/turtlebot3_automatic_parking_vision:/home/ubuntu/turtlebot3_ws/install/turtlebot3_automatic_parking:/home/ubuntu/turtlebot3_ws/install/turtlebot3_aruco_tracker:/home/ubuntu/robot_ws/install/topic_service_action_rclpy_example:/home/ubuntu/robot_ws/install/my_turtlebot_pkg:/home/ubuntu/robot_ws/install/my_first_ros_test_pkg:/home/ubuntu/robot_ws/install/my_first_ros_rclpy_pkg:/home/ubuntu/robot_ws/install/move_turtle_pkg:/opt/ros/humble /usr/bin/cmake --install /home/ubuntu/robot_ws/build/msg_srv_action_interface_example
[2.053s] Level 1:colcon.colcon_core.environment:checking '/home/ubuntu/robot_ws/install/msg_srv_action_interface_example' for CMake module files
[2.054s] Level 1:colcon.colcon_core.environment:checking '/home/ubuntu/robot_ws/install/msg_srv_action_interface_example' for CMake config files
[2.055s] Level 1:colcon.colcon_core.shell:create_environment_hook('msg_srv_action_interface_example', 'cmake_prefix_path')
[2.056s] INFO:colcon.colcon_core.shell:Creating environment hook '/home/ubuntu/robot_ws/install/msg_srv_action_interface_example/share/msg_srv_action_interface_example/hook/cmake_prefix_path.ps1'
[2.057s] INFO:colcon.colcon_core.shell:Creating environment descriptor '/home/ubuntu/robot_ws/install/msg_srv_action_interface_example/share/msg_srv_action_interface_example/hook/cmake_prefix_path.dsv'
[2.057s] INFO:colcon.colcon_core.shell:Creating environment hook '/home/ubuntu/robot_ws/install/msg_srv_action_interface_example/share/msg_srv_action_interface_example/hook/cmake_prefix_path.sh'
[2.058s] Level 1:colcon.colcon_core.environment:checking '/home/ubuntu/robot_ws/install/msg_srv_action_interface_example/lib'
[2.058s] Level 1:colcon.colcon_core.shell:create_environment_hook('msg_srv_action_interface_example', 'ld_library_path_lib')
[2.058s] INFO:colcon.colcon_core.shell:Creating environment hook '/home/ubuntu/robot_ws/install/msg_srv_action_interface_example/share/msg_srv_action_interface_example/hook/ld_library_path_lib.ps1'
[2.059s] INFO:colcon.colcon_core.shell:Creating environment descriptor '/home/ubuntu/robot_ws/install/msg_srv_action_interface_example/share/msg_srv_action_interface_example/hook/ld_library_path_lib.dsv'
[2.059s] INFO:colcon.colcon_core.shell:Creating environment hook '/home/ubuntu/robot_ws/install/msg_srv_action_interface_example/share/msg_srv_action_interface_example/hook/ld_library_path_lib.sh'
[2.060s] Level 1:colcon.colcon_core.environment:checking '/home/ubuntu/robot_ws/install/msg_srv_action_interface_example/bin'
[2.060s] Level 1:colcon.colcon_core.environment:checking '/home/ubuntu/robot_ws/install/msg_srv_action_interface_example/lib/pkgconfig/msg_srv_action_interface_example.pc'
[2.060s] Level 1:colcon.colcon_core.environment:checking '/home/ubuntu/robot_ws/install/msg_srv_action_interface_example/lib/python3.10/site-packages'
[2.060s] Level 1:colcon.colcon_core.environment:checking '/home/ubuntu/robot_ws/install/msg_srv_action_interface_example/bin'
[2.061s] INFO:colcon.colcon_core.shell:Creating package script '/home/ubuntu/robot_ws/install/msg_srv_action_interface_example/share/msg_srv_action_interface_example/package.ps1'
[2.063s] INFO:colcon.colcon_core.shell:Creating package descriptor '/home/ubuntu/robot_ws/install/msg_srv_action_interface_example/share/msg_srv_action_interface_example/package.dsv'
[2.064s] INFO:colcon.colcon_core.shell:Creating package script '/home/ubuntu/robot_ws/install/msg_srv_action_interface_example/share/msg_srv_action_interface_example/package.sh'
[2.066s] INFO:colcon.colcon_core.shell:Creating package script '/home/ubuntu/robot_ws/install/msg_srv_action_interface_example/share/msg_srv_action_interface_example/package.bash'
[2.067s] INFO:colcon.colcon_core.shell:Creating package script '/home/ubuntu/robot_ws/install/msg_srv_action_interface_example/share/msg_srv_action_interface_example/package.zsh'
[2.069s] Level 1:colcon.colcon_core.environment:create_file_with_runtime_dependencies(/home/ubuntu/robot_ws/install/msg_srv_action_interface_example/share/colcon-core/packages/msg_srv_action_interface_example)
[2.069s] Level 1:colcon.colcon_core.environment:create_environment_scripts_only(msg_srv_action_interface_example)
[2.070s] Level 1:colcon.colcon_core.environment:checking '/home/ubuntu/robot_ws/install/msg_srv_action_interface_example' for CMake module files
[2.070s] Level 1:colcon.colcon_core.environment:checking '/home/ubuntu/robot_ws/install/msg_srv_action_interface_example' for CMake config files
[2.072s] Level 1:colcon.colcon_core.shell:create_environment_hook('msg_srv_action_interface_example', 'cmake_prefix_path')
[2.072s] INFO:colcon.colcon_core.shell:Creating environment hook '/home/ubuntu/robot_ws/install/msg_srv_action_interface_example/share/msg_srv_action_interface_example/hook/cmake_prefix_path.ps1'
[2.072s] INFO:colcon.colcon_core.shell:Creating environment descriptor '/home/ubuntu/robot_ws/install/msg_srv_action_interface_example/share/msg_srv_action_interface_example/hook/cmake_prefix_path.dsv'
[2.073s] INFO:colcon.colcon_core.shell:Creating environment hook '/home/ubuntu/robot_ws/install/msg_srv_action_interface_example/share/msg_srv_action_interface_example/hook/cmake_prefix_path.sh'
[2.074s] Level 1:colcon.colcon_core.environment:checking '/home/ubuntu/robot_ws/install/msg_srv_action_interface_example/lib'
[2.074s] Level 1:colcon.colcon_core.shell:create_environment_hook('msg_srv_action_interface_example', 'ld_library_path_lib')
[2.074s] INFO:colcon.colcon_core.shell:Creating environment hook '/home/ubuntu/robot_ws/install/msg_srv_action_interface_example/share/msg_srv_action_interface_example/hook/ld_library_path_lib.ps1'
[2.075s] INFO:colcon.colcon_core.shell:Creating environment descriptor '/home/ubuntu/robot_ws/install/msg_srv_action_interface_example/share/msg_srv_action_interface_example/hook/ld_library_path_lib.dsv'
[2.075s] INFO:colcon.colcon_core.shell:Creating environment hook '/home/ubuntu/robot_ws/install/msg_srv_action_interface_example/share/msg_srv_action_interface_example/hook/ld_library_path_lib.sh'
[2.076s] Level 1:colcon.colcon_core.environment:checking '/home/ubuntu/robot_ws/install/msg_srv_action_interface_example/bin'
[2.076s] Level 1:colcon.colcon_core.environment:checking '/home/ubuntu/robot_ws/install/msg_srv_action_interface_example/lib/pkgconfig/msg_srv_action_interface_example.pc'
[2.076s] Level 1:colcon.colcon_core.environment:checking '/home/ubuntu/robot_ws/install/msg_srv_action_interface_example/lib/python3.10/site-packages'
[2.076s] Level 1:colcon.colcon_core.environment:checking '/home/ubuntu/robot_ws/install/msg_srv_action_interface_example/bin'
[2.077s] INFO:colcon.colcon_core.shell:Creating package script '/home/ubuntu/robot_ws/install/msg_srv_action_interface_example/share/msg_srv_action_interface_example/package.ps1'
[2.078s] INFO:colcon.colcon_core.shell:Creating package descriptor '/home/ubuntu/robot_ws/install/msg_srv_action_interface_example/share/msg_srv_action_interface_example/package.dsv'
[2.079s] INFO:colcon.colcon_core.shell:Creating package script '/home/ubuntu/robot_ws/install/msg_srv_action_interface_example/share/msg_srv_action_interface_example/package.sh'
[2.079s] INFO:colcon.colcon_core.shell:Creating package script '/home/ubuntu/robot_ws/install/msg_srv_action_interface_example/share/msg_srv_action_interface_example/package.bash'
[2.080s] INFO:colcon.colcon_core.shell:Creating package script '/home/ubuntu/robot_ws/install/msg_srv_action_interface_example/share/msg_srv_action_interface_example/package.zsh'
[2.081s] Level 1:colcon.colcon_core.environment:create_file_with_runtime_dependencies(/home/ubuntu/robot_ws/install/msg_srv_action_interface_example/share/colcon-core/packages/msg_srv_action_interface_example)
[2.082s] INFO:colcon.colcon_ros.task.ament_cmake.build:Building ROS package in '/home/ubuntu/robot_ws/src/my_first_package_msgs' with build type 'ament_cmake'
[2.082s] INFO:colcon.colcon_cmake.task.cmake.build:Building CMake package in '/home/ubuntu/robot_ws/src/my_first_package_msgs'
[2.082s] INFO:colcon.colcon_core.shell:Skip shell extension 'powershell' for command environment: Not usable outside of PowerShell
[2.082s] DEBUG:colcon.colcon_core.shell:Skip shell extension 'dsv' for command environment
[2.098s] DEBUG:colcon.colcon_core.event_handler.log_command:Invoking command in '/home/ubuntu/robot_ws/build/my_first_package_msgs': CMAKE_PREFIX_PATH=${CMAKE_PREFIX_PATH}:/home/ubuntu/turtlebot3_ws/install/turtlebot3_yolo_object_detection:/home/ubuntu/turtlebot3_ws/install/turtlebot3_teleop:/home/ubuntu/turtlebot3_ws/install/turtlebot3_example:/home/ubuntu/turtlebot3_ws/install/turtlebot3_dqn:/home/ubuntu/turtlebot3_ws/install/turtlebot3_autorace_mission:/home/ubuntu/turtlebot3_ws/install/turtlebot3_autorace_detect:/home/ubuntu/turtlebot3_ws/install/turtlebot3_autorace_camera:/home/ubuntu/turtlebot3_ws/install/turtlebot3_automatic_parking_vision:/home/ubuntu/turtlebot3_ws/install/turtlebot3_automatic_parking:/home/ubuntu/turtlebot3_ws/install/turtlebot3_aruco_tracker:/home/ubuntu/robot_ws/install/topic_service_action_rclpy_example:/home/ubuntu/robot_ws/install/my_turtlebot_pkg:/home/ubuntu/robot_ws/install/my_first_ros_test_pkg:/home/ubuntu/robot_ws/install/my_first_ros_rclpy_pkg:/home/ubuntu/robot_ws/install/move_turtle_pkg:/opt/ros/humble /usr/bin/cmake --build /home/ubuntu/robot_ws/build/my_first_package_msgs -- -j2 -l2
[2.356s] DEBUG:colcon.colcon_core.event_handler.log_command:Invoking command in '/home/ubuntu/robot_ws/build/move_turtle_pkg': PYTHONPATH=/home/ubuntu/robot_ws/build/move_turtle_pkg/prefix_override:/usr/lib/python3/dist-packages/colcon_core/task/python/colcon_distutils_commands:/home/ubuntu/robot_ws/install/move_turtle_pkg/lib/python3.10/site-packages:${PYTHONPATH} /usr/bin/python3 -W ignore:setup.py install is deprecated -W ignore:easy_install command is deprecated setup.py develop --editable --build-directory /home/ubuntu/robot_ws/build/move_turtle_pkg/build --no-deps symlink_data
[3.630s] DEBUG:colcon.colcon_core.event_handler.log_command:Invoked command in '/home/ubuntu/robot_ws/build/my_first_package_msgs' returned '0': CMAKE_PREFIX_PATH=${CMAKE_PREFIX_PATH}:/home/ubuntu/turtlebot3_ws/install/turtlebot3_yolo_object_detection:/home/ubuntu/turtlebot3_ws/install/turtlebot3_teleop:/home/ubuntu/turtlebot3_ws/install/turtlebot3_example:/home/ubuntu/turtlebot3_ws/install/turtlebot3_dqn:/home/ubuntu/turtlebot3_ws/install/turtlebot3_autorace_mission:/home/ubuntu/turtlebot3_ws/install/turtlebot3_autorace_detect:/home/ubuntu/turtlebot3_ws/install/turtlebot3_autorace_camera:/home/ubuntu/turtlebot3_ws/install/turtlebot3_automatic_parking_vision:/home/ubuntu/turtlebot3_ws/install/turtlebot3_automatic_parking:/home/ubuntu/turtlebot3_ws/install/turtlebot3_aruco_tracker:/home/ubuntu/robot_ws/install/topic_service_action_rclpy_example:/home/ubuntu/robot_ws/install/my_turtlebot_pkg:/home/ubuntu/robot_ws/install/my_first_ros_test_pkg:/home/ubuntu/robot_ws/install/my_first_ros_rclpy_pkg:/home/ubuntu/robot_ws/install/move_turtle_pkg:/opt/ros/humble /usr/bin/cmake --build /home/ubuntu/robot_ws/build/my_first_package_msgs -- -j2 -l2
[3.642s] DEBUG:colcon.colcon_core.event_handler.log_command:Invoking command in '/home/ubuntu/robot_ws/build/my_first_package_msgs': CMAKE_PREFIX_PATH=${CMAKE_PREFIX_PATH}:/home/ubuntu/turtlebot3_ws/install/turtlebot3_yolo_object_detection:/home/ubuntu/turtlebot3_ws/install/turtlebot3_teleop:/home/ubuntu/turtlebot3_ws/install/turtlebot3_example:/home/ubuntu/turtlebot3_ws/install/turtlebot3_dqn:/home/ubuntu/turtlebot3_ws/install/turtlebot3_autorace_mission:/home/ubuntu/turtlebot3_ws/install/turtlebot3_autorace_detect:/home/ubuntu/turtlebot3_ws/install/turtlebot3_autorace_camera:/home/ubuntu/turtlebot3_ws/install/turtlebot3_automatic_parking_vision:/home/ubuntu/turtlebot3_ws/install/turtlebot3_automatic_parking:/home/ubuntu/turtlebot3_ws/install/turtlebot3_aruco_tracker:/home/ubuntu/robot_ws/install/topic_service_action_rclpy_example:/home/ubuntu/robot_ws/install/my_turtlebot_pkg:/home/ubuntu/robot_ws/install/my_first_ros_test_pkg:/home/ubuntu/robot_ws/install/my_first_ros_rclpy_pkg:/home/ubuntu/robot_ws/install/move_turtle_pkg:/opt/ros/humble /usr/bin/cmake --install /home/ubuntu/robot_ws/build/my_first_package_msgs
[3.746s] Level 1:colcon.colcon_core.shell:create_environment_hook('move_turtle_pkg', 'pythonpath_develop')
[3.746s] DEBUG:colcon.colcon_core.event_handler.log_command:Invoked command in '/home/ubuntu/robot_ws/build/move_turtle_pkg' returned '0': PYTHONPATH=/home/ubuntu/robot_ws/build/move_turtle_pkg/prefix_override:/usr/lib/python3/dist-packages/colcon_core/task/python/colcon_distutils_commands:/home/ubuntu/robot_ws/install/move_turtle_pkg/lib/python3.10/site-packages:${PYTHONPATH} /usr/bin/python3 -W ignore:setup.py install is deprecated -W ignore:easy_install command is deprecated setup.py develop --editable --build-directory /home/ubuntu/robot_ws/build/move_turtle_pkg/build --no-deps symlink_data
[3.747s] INFO:colcon.colcon_core.shell:Creating environment hook '/home/ubuntu/robot_ws/build/move_turtle_pkg/share/move_turtle_pkg/hook/pythonpath_develop.ps1'
[3.749s] INFO:colcon.colcon_core.shell:Creating environment descriptor '/home/ubuntu/robot_ws/build/move_turtle_pkg/share/move_turtle_pkg/hook/pythonpath_develop.dsv'
[3.750s] INFO:colcon.colcon_core.shell:Creating environment hook '/home/ubuntu/robot_ws/build/move_turtle_pkg/share/move_turtle_pkg/hook/pythonpath_develop.sh'
[3.750s] Level 1:colcon.colcon_core.environment:checking '/home/ubuntu/robot_ws/install/move_turtle_pkg' for CMake module files
[3.751s] Level 1:colcon.colcon_core.environment:checking '/home/ubuntu/robot_ws/install/move_turtle_pkg' for CMake config files
[3.751s] Level 1:colcon.colcon_core.environment:checking '/home/ubuntu/robot_ws/install/move_turtle_pkg/lib'
[3.752s] Level 1:colcon.colcon_core.environment:checking '/home/ubuntu/robot_ws/install/move_turtle_pkg/bin'
[3.752s] Level 1:colcon.colcon_core.environment:checking '/home/ubuntu/robot_ws/install/move_turtle_pkg/lib/pkgconfig/move_turtle_pkg.pc'
[3.752s] Level 1:colcon.colcon_core.environment:checking '/home/ubuntu/robot_ws/install/move_turtle_pkg/lib/python3.10/site-packages'
[3.752s] Level 1:colcon.colcon_core.shell:create_environment_hook('move_turtle_pkg', 'pythonpath')
[3.752s] INFO:colcon.colcon_core.shell:Creating environment hook '/home/ubuntu/robot_ws/install/move_turtle_pkg/share/move_turtle_pkg/hook/pythonpath.ps1'
[3.753s] INFO:colcon.colcon_core.shell:Creating environment descriptor '/home/ubuntu/robot_ws/install/move_turtle_pkg/share/move_turtle_pkg/hook/pythonpath.dsv'
[3.753s] INFO:colcon.colcon_core.shell:Creating environment hook '/home/ubuntu/robot_ws/install/move_turtle_pkg/share/move_turtle_pkg/hook/pythonpath.sh'
[3.754s] Level 1:colcon.colcon_core.environment:checking '/home/ubuntu/robot_ws/install/move_turtle_pkg/bin'
[3.754s] Level 1:colcon.colcon_core.environment:create_environment_scripts_only(move_turtle_pkg)
[3.755s] INFO:colcon.colcon_core.shell:Creating package script '/home/ubuntu/robot_ws/install/move_turtle_pkg/share/move_turtle_pkg/package.ps1'
[3.756s] INFO:colcon.colcon_core.shell:Creating package descriptor '/home/ubuntu/robot_ws/install/move_turtle_pkg/share/move_turtle_pkg/package.dsv'
[3.756s] INFO:colcon.colcon_core.shell:Creating package script '/home/ubuntu/robot_ws/install/move_turtle_pkg/share/move_turtle_pkg/package.sh'
[3.758s] INFO:colcon.colcon_core.shell:Creating package script '/home/ubuntu/robot_ws/install/move_turtle_pkg/share/move_turtle_pkg/package.bash'
[3.758s] INFO:colcon.colcon_core.shell:Creating package script '/home/ubuntu/robot_ws/install/move_turtle_pkg/share/move_turtle_pkg/package.zsh'
[3.759s] Level 1:colcon.colcon_core.environment:create_file_with_runtime_dependencies(/home/ubuntu/robot_ws/install/move_turtle_pkg/share/colcon-core/packages/move_turtle_pkg)
[3.759s] INFO:colcon.colcon_ros.task.ament_python.build:Building ROS package in '/home/ubuntu/robot_ws/src/my_first_ros_rclpy_pkg' with build type 'ament_python'
[3.760s] Level 1:colcon.colcon_core.shell:create_environment_hook('my_first_ros_rclpy_pkg', 'ament_prefix_path')
[3.760s] INFO:colcon.colcon_core.shell:Creating environment hook '/home/ubuntu/robot_ws/install/my_first_ros_rclpy_pkg/share/my_first_ros_rclpy_pkg/hook/ament_prefix_path.ps1'
[3.760s] INFO:colcon.colcon_core.shell:Creating environment descriptor '/home/ubuntu/robot_ws/install/my_first_ros_rclpy_pkg/share/my_first_ros_rclpy_pkg/hook/ament_prefix_path.dsv'
[3.761s] INFO:colcon.colcon_core.shell:Creating environment hook '/home/ubuntu/robot_ws/install/my_first_ros_rclpy_pkg/share/my_first_ros_rclpy_pkg/hook/ament_prefix_path.sh'
[3.762s] INFO:colcon.colcon_core.shell:Skip shell extension 'powershell' for command environment: Not usable outside of PowerShell
[3.762s] DEBUG:colcon.colcon_core.shell:Skip shell extension 'dsv' for command environment
[4.100s] INFO:colcon.colcon_core.task.python.build:Building Python package in '/home/ubuntu/robot_ws/src/my_first_ros_rclpy_pkg'
[4.101s] INFO:colcon.colcon_core.shell:Skip shell extension 'powershell' for command environment: Not usable outside of PowerShell
[4.101s] DEBUG:colcon.colcon_core.shell:Skip shell extension 'dsv' for command environment
[4.111s] Level 1:colcon.colcon_core.environment:create_environment_scripts_only(my_first_package_msgs)
[4.112s] DEBUG:colcon.colcon_core.event_handler.log_command:Invoked command in '/home/ubuntu/robot_ws/build/my_first_package_msgs' returned '0': CMAKE_PREFIX_PATH=${CMAKE_PREFIX_PATH}:/home/ubuntu/turtlebot3_ws/install/turtlebot3_yolo_object_detection:/home/ubuntu/turtlebot3_ws/install/turtlebot3_teleop:/home/ubuntu/turtlebot3_ws/install/turtlebot3_example:/home/ubuntu/turtlebot3_ws/install/turtlebot3_dqn:/home/ubuntu/turtlebot3_ws/install/turtlebot3_autorace_mission:/home/ubuntu/turtlebot3_ws/install/turtlebot3_autorace_detect:/home/ubuntu/turtlebot3_ws/install/turtlebot3_autorace_camera:/home/ubuntu/turtlebot3_ws/install/turtlebot3_automatic_parking_vision:/home/ubuntu/turtlebot3_ws/install/turtlebot3_automatic_parking:/home/ubuntu/turtlebot3_ws/install/turtlebot3_aruco_tracker:/home/ubuntu/robot_ws/install/topic_service_action_rclpy_example:/home/ubuntu/robot_ws/install/my_turtlebot_pkg:/home/ubuntu/robot_ws/install/my_first_ros_test_pkg:/home/ubuntu/robot_ws/install/my_first_ros_rclpy_pkg:/home/ubuntu/robot_ws/install/move_turtle_pkg:/opt/ros/humble /usr/bin/cmake --install /home/ubuntu/robot_ws/build/my_first_package_msgs
[4.112s] Level 1:colcon.colcon_core.environment:checking '/home/ubuntu/robot_ws/install/my_first_package_msgs' for CMake module files
[4.113s] Level 1:colcon.colcon_core.environment:checking '/home/ubuntu/robot_ws/install/my_first_package_msgs' for CMake config files
[4.114s] Level 1:colcon.colcon_core.shell:create_environment_hook('my_first_package_msgs', 'cmake_prefix_path')
[4.114s] INFO:colcon.colcon_core.shell:Creating environment hook '/home/ubuntu/robot_ws/install/my_first_package_msgs/share/my_first_package_msgs/hook/cmake_prefix_path.ps1'
[4.115s] INFO:colcon.colcon_core.shell:Creating environment descriptor '/home/ubuntu/robot_ws/install/my_first_package_msgs/share/my_first_package_msgs/hook/cmake_prefix_path.dsv'
[4.115s] INFO:colcon.colcon_core.shell:Creating environment hook '/home/ubuntu/robot_ws/install/my_first_package_msgs/share/my_first_package_msgs/hook/cmake_prefix_path.sh'
[4.116s] Level 1:colcon.colcon_core.environment:checking '/home/ubuntu/robot_ws/install/my_first_package_msgs/lib'
[4.116s] Level 1:colcon.colcon_core.shell:create_environment_hook('my_first_package_msgs', 'ld_library_path_lib')
[4.116s] INFO:colcon.colcon_core.shell:Creating environment hook '/home/ubuntu/robot_ws/install/my_first_package_msgs/share/my_first_package_msgs/hook/ld_library_path_lib.ps1'
[4.117s] INFO:colcon.colcon_core.shell:Creating environment descriptor '/home/ubuntu/robot_ws/install/my_first_package_msgs/share/my_first_package_msgs/hook/ld_library_path_lib.dsv'
[4.117s] INFO:colcon.colcon_core.shell:Creating environment hook '/home/ubuntu/robot_ws/install/my_first_package_msgs/share/my_first_package_msgs/hook/ld_library_path_lib.sh'
[4.117s] Level 1:colcon.colcon_core.environment:checking '/home/ubuntu/robot_ws/install/my_first_package_msgs/bin'
[4.117s] Level 1:colcon.colcon_core.environment:checking '/home/ubuntu/robot_ws/install/my_first_package_msgs/lib/pkgconfig/my_first_package_msgs.pc'
[4.117s] Level 1:colcon.colcon_core.environment:checking '/home/ubuntu/robot_ws/install/my_first_package_msgs/lib/python3.10/site-packages'
[4.118s] Level 1:colcon.colcon_core.environment:checking '/home/ubuntu/robot_ws/install/my_first_package_msgs/bin'
[4.118s] INFO:colcon.colcon_core.shell:Creating package script '/home/ubuntu/robot_ws/install/my_first_package_msgs/share/my_first_package_msgs/package.ps1'
[4.119s] INFO:colcon.colcon_core.shell:Creating package descriptor '/home/ubuntu/robot_ws/install/my_first_package_msgs/share/my_first_package_msgs/package.dsv'
[4.119s] INFO:colcon.colcon_core.shell:Creating package script '/home/ubuntu/robot_ws/install/my_first_package_msgs/share/my_first_package_msgs/package.sh'
[4.119s] INFO:colcon.colcon_core.shell:Creating package script '/home/ubuntu/robot_ws/install/my_first_package_msgs/share/my_first_package_msgs/package.bash'
[4.120s] INFO:colcon.colcon_core.shell:Creating package script '/home/ubuntu/robot_ws/install/my_first_package_msgs/share/my_first_package_msgs/package.zsh'
[4.121s] Level 1:colcon.colcon_core.environment:create_file_with_runtime_dependencies(/home/ubuntu/robot_ws/install/my_first_package_msgs/share/colcon-core/packages/my_first_package_msgs)
[4.121s] Level 1:colcon.colcon_core.environment:create_environment_scripts_only(my_first_package_msgs)
[4.122s] Level 1:colcon.colcon_core.environment:checking '/home/ubuntu/robot_ws/install/my_first_package_msgs' for CMake module files
[4.122s] Level 1:colcon.colcon_core.environment:checking '/home/ubuntu/robot_ws/install/my_first_package_msgs' for CMake config files
[4.123s] Level 1:colcon.colcon_core.shell:create_environment_hook('my_first_package_msgs', 'cmake_prefix_path')
[4.123s] INFO:colcon.colcon_core.shell:Creating environment hook '/home/ubuntu/robot_ws/install/my_first_package_msgs/share/my_first_package_msgs/hook/cmake_prefix_path.ps1'
[4.124s] INFO:colcon.colcon_core.shell:Creating environment descriptor '/home/ubuntu/robot_ws/install/my_first_package_msgs/share/my_first_package_msgs/hook/cmake_prefix_path.dsv'
[4.124s] INFO:colcon.colcon_core.shell:Creating environment hook '/home/ubuntu/robot_ws/install/my_first_package_msgs/share/my_first_package_msgs/hook/cmake_prefix_path.sh'
[4.125s] Level 1:colcon.colcon_core.environment:checking '/home/ubuntu/robot_ws/install/my_first_package_msgs/lib'
[4.125s] Level 1:colcon.colcon_core.shell:create_environment_hook('my_first_package_msgs', 'ld_library_path_lib')
[4.125s] INFO:colcon.colcon_core.shell:Creating environment hook '/home/ubuntu/robot_ws/install/my_first_package_msgs/share/my_first_package_msgs/hook/ld_library_path_lib.ps1'
[4.127s] INFO:colcon.colcon_core.shell:Creating environment descriptor '/home/ubuntu/robot_ws/install/my_first_package_msgs/share/my_first_package_msgs/hook/ld_library_path_lib.dsv'
[4.127s] INFO:colcon.colcon_core.shell:Creating environment hook '/home/ubuntu/robot_ws/install/my_first_package_msgs/share/my_first_package_msgs/hook/ld_library_path_lib.sh'
[4.128s] Level 1:colcon.colcon_core.environment:checking '/home/ubuntu/robot_ws/install/my_first_package_msgs/bin'
[4.128s] Level 1:colcon.colcon_core.environment:checking '/home/ubuntu/robot_ws/install/my_first_package_msgs/lib/pkgconfig/my_first_package_msgs.pc'
[4.128s] Level 1:colcon.colcon_core.environment:checking '/home/ubuntu/robot_ws/install/my_first_package_msgs/lib/python3.10/site-packages'
[4.128s] Level 1:colcon.colcon_core.environment:checking '/home/ubuntu/robot_ws/install/my_first_package_msgs/bin'
[4.128s] INFO:colcon.colcon_core.shell:Creating package script '/home/ubuntu/robot_ws/install/my_first_package_msgs/share/my_first_package_msgs/package.ps1'
[4.129s] INFO:colcon.colcon_core.shell:Creating package descriptor '/home/ubuntu/robot_ws/install/my_first_package_msgs/share/my_first_package_msgs/package.dsv'
[4.129s] INFO:colcon.colcon_core.shell:Creating package script '/home/ubuntu/robot_ws/install/my_first_package_msgs/share/my_first_package_msgs/package.sh'
[4.130s] INFO:colcon.colcon_core.shell:Creating package script '/home/ubuntu/robot_ws/install/my_first_package_msgs/share/my_first_package_msgs/package.bash'
[4.130s] INFO:colcon.colcon_core.shell:Creating package script '/home/ubuntu/robot_ws/install/my_first_package_msgs/share/my_first_package_msgs/package.zsh'
[4.130s] Level 1:colcon.colcon_core.environment:create_file_with_runtime_dependencies(/home/ubuntu/robot_ws/install/my_first_package_msgs/share/colcon-core/packages/my_first_package_msgs)
[4.131s] INFO:colcon.colcon_ros.task.ament_python.build:Building ROS package in '/home/ubuntu/robot_ws/src/my_first_ros_test_pkg' with build type 'ament_python'
[4.131s] Level 1:colcon.colcon_core.shell:create_environment_hook('my_first_ros_test_pkg', 'ament_prefix_path')
[4.131s] INFO:colcon.colcon_core.shell:Creating environment hook '/home/ubuntu/robot_ws/install/my_first_ros_test_pkg/share/my_first_ros_test_pkg/hook/ament_prefix_path.ps1'
[4.132s] INFO:colcon.colcon_core.shell:Creating environment descriptor '/home/ubuntu/robot_ws/install/my_first_ros_test_pkg/share/my_first_ros_test_pkg/hook/ament_prefix_path.dsv'
[4.132s] INFO:colcon.colcon_core.shell:Creating environment hook '/home/ubuntu/robot_ws/install/my_first_ros_test_pkg/share/my_first_ros_test_pkg/hook/ament_prefix_path.sh'
[4.133s] INFO:colcon.colcon_core.shell:Skip shell extension 'powershell' for command environment: Not usable outside of PowerShell
[4.133s] DEBUG:colcon.colcon_core.shell:Skip shell extension 'dsv' for command environment
[4.708s] INFO:colcon.colcon_core.task.python.build:Building Python package in '/home/ubuntu/robot_ws/src/my_first_ros_test_pkg'
[4.709s] INFO:colcon.colcon_core.shell:Skip shell extension 'powershell' for command environment: Not usable outside of PowerShell
[4.709s] DEBUG:colcon.colcon_core.shell:Skip shell extension 'dsv' for command environment
[4.716s] DEBUG:colcon.colcon_core.event_handler.log_command:Invoking command in '/home/ubuntu/robot_ws/build/my_first_ros_rclpy_pkg': PYTHONPATH=/home/ubuntu/robot_ws/build/my_first_ros_rclpy_pkg/prefix_override:/usr/lib/python3/dist-packages/colcon_core/task/python/colcon_distutils_commands:/home/ubuntu/robot_ws/install/my_first_ros_rclpy_pkg/lib/python3.10/site-packages:${PYTHONPATH} /usr/bin/python3 -W ignore:setup.py install is deprecated -W ignore:easy_install command is deprecated setup.py develop --editable --build-directory /home/ubuntu/robot_ws/build/my_first_ros_rclpy_pkg/build --no-deps symlink_data
[5.412s] DEBUG:colcon.colcon_core.event_handler.log_command:Invoking command in '/home/ubuntu/robot_ws/build/my_first_ros_test_pkg': PYTHONPATH=/home/ubuntu/robot_ws/build/my_first_ros_test_pkg/prefix_override:/usr/lib/python3/dist-packages/colcon_core/task/python/colcon_distutils_commands:/home/ubuntu/robot_ws/install/my_first_ros_test_pkg/lib/python3.10/site-packages:${PYTHONPATH} /usr/bin/python3 -W ignore:setup.py install is deprecated -W ignore:easy_install command is deprecated setup.py develop --editable --build-directory /home/ubuntu/robot_ws/build/my_first_ros_test_pkg/build --no-deps symlink_data
[5.717s] Level 1:colcon.colcon_core.shell:create_environment_hook('my_first_ros_rclpy_pkg', 'pythonpath_develop')
[5.718s] DEBUG:colcon.colcon_core.event_handler.log_command:Invoked command in '/home/ubuntu/robot_ws/build/my_first_ros_rclpy_pkg' returned '0': PYTHONPATH=/home/ubuntu/robot_ws/build/my_first_ros_rclpy_pkg/prefix_override:/usr/lib/python3/dist-packages/colcon_core/task/python/colcon_distutils_commands:/home/ubuntu/robot_ws/install/my_first_ros_rclpy_pkg/lib/python3.10/site-packages:${PYTHONPATH} /usr/bin/python3 -W ignore:setup.py install is deprecated -W ignore:easy_install command is deprecated setup.py develop --editable --build-directory /home/ubuntu/robot_ws/build/my_first_ros_rclpy_pkg/build --no-deps symlink_data
[5.718s] INFO:colcon.colcon_core.shell:Creating environment hook '/home/ubuntu/robot_ws/build/my_first_ros_rclpy_pkg/share/my_first_ros_rclpy_pkg/hook/pythonpath_develop.ps1'
[5.719s] INFO:colcon.colcon_core.shell:Creating environment descriptor '/home/ubuntu/robot_ws/build/my_first_ros_rclpy_pkg/share/my_first_ros_rclpy_pkg/hook/pythonpath_develop.dsv'
[5.720s] INFO:colcon.colcon_core.shell:Creating environment hook '/home/ubuntu/robot_ws/build/my_first_ros_rclpy_pkg/share/my_first_ros_rclpy_pkg/hook/pythonpath_develop.sh'
[5.721s] Level 1:colcon.colcon_core.environment:checking '/home/ubuntu/robot_ws/install/my_first_ros_rclpy_pkg' for CMake module files
[5.722s] Level 1:colcon.colcon_core.environment:checking '/home/ubuntu/robot_ws/install/my_first_ros_rclpy_pkg' for CMake config files
[5.722s] Level 1:colcon.colcon_core.environment:checking '/home/ubuntu/robot_ws/install/my_first_ros_rclpy_pkg/lib'
[5.722s] Level 1:colcon.colcon_core.environment:checking '/home/ubuntu/robot_ws/install/my_first_ros_rclpy_pkg/bin'
[5.722s] Level 1:colcon.colcon_core.environment:checking '/home/ubuntu/robot_ws/install/my_first_ros_rclpy_pkg/lib/pkgconfig/my_first_ros_rclpy_pkg.pc'
[5.723s] Level 1:colcon.colcon_core.environment:checking '/home/ubuntu/robot_ws/install/my_first_ros_rclpy_pkg/lib/python3.10/site-packages'
[5.723s] Level 1:colcon.colcon_core.shell:create_environment_hook('my_first_ros_rclpy_pkg', 'pythonpath')
[5.723s] INFO:colcon.colcon_core.shell:Creating environment hook '/home/ubuntu/robot_ws/install/my_first_ros_rclpy_pkg/share/my_first_ros_rclpy_pkg/hook/pythonpath.ps1'
[5.724s] INFO:colcon.colcon_core.shell:Creating environment descriptor '/home/ubuntu/robot_ws/install/my_first_ros_rclpy_pkg/share/my_first_ros_rclpy_pkg/hook/pythonpath.dsv'
[5.724s] INFO:colcon.colcon_core.shell:Creating environment hook '/home/ubuntu/robot_ws/install/my_first_ros_rclpy_pkg/share/my_first_ros_rclpy_pkg/hook/pythonpath.sh'
[5.725s] Level 1:colcon.colcon_core.environment:checking '/home/ubuntu/robot_ws/install/my_first_ros_rclpy_pkg/bin'
[5.725s] Level 1:colcon.colcon_core.environment:create_environment_scripts_only(my_first_ros_rclpy_pkg)
[5.725s] INFO:colcon.colcon_core.shell:Creating package script '/home/ubuntu/robot_ws/install/my_first_ros_rclpy_pkg/share/my_first_ros_rclpy_pkg/package.ps1'
[5.726s] INFO:colcon.colcon_core.shell:Creating package descriptor '/home/ubuntu/robot_ws/install/my_first_ros_rclpy_pkg/share/my_first_ros_rclpy_pkg/package.dsv'
[5.728s] INFO:colcon.colcon_core.shell:Creating package script '/home/ubuntu/robot_ws/install/my_first_ros_rclpy_pkg/share/my_first_ros_rclpy_pkg/package.sh'
[5.728s] INFO:colcon.colcon_core.shell:Creating package script '/home/ubuntu/robot_ws/install/my_first_ros_rclpy_pkg/share/my_first_ros_rclpy_pkg/package.bash'
[5.729s] INFO:colcon.colcon_core.shell:Creating package script '/home/ubuntu/robot_ws/install/my_first_ros_rclpy_pkg/share/my_first_ros_rclpy_pkg/package.zsh'
[5.729s] Level 1:colcon.colcon_core.environment:create_file_with_runtime_dependencies(/home/ubuntu/robot_ws/install/my_first_ros_rclpy_pkg/share/colcon-core/packages/my_first_ros_rclpy_pkg)
[5.730s] INFO:colcon.colcon_ros.task.ament_python.build:Building ROS package in '/home/ubuntu/robot_ws/src/my_turtlebot_pkg' with build type 'ament_python'
[5.730s] Level 1:colcon.colcon_core.shell:create_environment_hook('my_turtlebot_pkg', 'ament_prefix_path')
[5.730s] INFO:colcon.colcon_core.shell:Creating environment hook '/home/ubuntu/robot_ws/install/my_turtlebot_pkg/share/my_turtlebot_pkg/hook/ament_prefix_path.ps1'
[5.731s] INFO:colcon.colcon_core.shell:Creating environment descriptor '/home/ubuntu/robot_ws/install/my_turtlebot_pkg/share/my_turtlebot_pkg/hook/ament_prefix_path.dsv'
[5.731s] INFO:colcon.colcon_core.shell:Creating environment hook '/home/ubuntu/robot_ws/install/my_turtlebot_pkg/share/my_turtlebot_pkg/hook/ament_prefix_path.sh'
[5.732s] INFO:colcon.colcon_core.shell:Skip shell extension 'powershell' for command environment: Not usable outside of PowerShell
[5.732s] DEBUG:colcon.colcon_core.shell:Skip shell extension 'dsv' for command environment
[6.385s] INFO:colcon.colcon_core.task.python.build:Building Python package in '/home/ubuntu/robot_ws/src/my_turtlebot_pkg'
[6.385s] INFO:colcon.colcon_core.shell:Skip shell extension 'powershell' for command environment: Not usable outside of PowerShell
[6.386s] DEBUG:colcon.colcon_core.shell:Skip shell extension 'dsv' for command environment
[6.467s] Level 1:colcon.colcon_core.shell:create_environment_hook('my_first_ros_test_pkg', 'pythonpath_develop')
[6.467s] INFO:colcon.colcon_core.shell:Creating environment hook '/home/ubuntu/robot_ws/build/my_first_ros_test_pkg/share/my_first_ros_test_pkg/hook/pythonpath_develop.ps1'
[6.469s] DEBUG:colcon.colcon_core.event_handler.log_command:Invoked command in '/home/ubuntu/robot_ws/build/my_first_ros_test_pkg' returned '0': PYTHONPATH=/home/ubuntu/robot_ws/build/my_first_ros_test_pkg/prefix_override:/usr/lib/python3/dist-packages/colcon_core/task/python/colcon_distutils_commands:/home/ubuntu/robot_ws/install/my_first_ros_test_pkg/lib/python3.10/site-packages:${PYTHONPATH} /usr/bin/python3 -W ignore:setup.py install is deprecated -W ignore:easy_install command is deprecated setup.py develop --editable --build-directory /home/ubuntu/robot_ws/build/my_first_ros_test_pkg/build --no-deps symlink_data
[6.470s] INFO:colcon.colcon_core.shell:Creating environment descriptor '/home/ubuntu/robot_ws/build/my_first_ros_test_pkg/share/my_first_ros_test_pkg/hook/pythonpath_develop.dsv'
[6.470s] INFO:colcon.colcon_core.shell:Creating environment hook '/home/ubuntu/robot_ws/build/my_first_ros_test_pkg/share/my_first_ros_test_pkg/hook/pythonpath_develop.sh'
[6.473s] Level 1:colcon.colcon_core.environment:checking '/home/ubuntu/robot_ws/install/my_first_ros_test_pkg' for CMake module files
[6.473s] Level 1:colcon.colcon_core.environment:checking '/home/ubuntu/robot_ws/install/my_first_ros_test_pkg' for CMake config files
[6.476s] Level 1:colcon.colcon_core.environment:checking '/home/ubuntu/robot_ws/install/my_first_ros_test_pkg/lib'
[6.476s] Level 1:colcon.colcon_core.environment:checking '/home/ubuntu/robot_ws/install/my_first_ros_test_pkg/bin'
[6.476s] Level 1:colcon.colcon_core.environment:checking '/home/ubuntu/robot_ws/install/my_first_ros_test_pkg/lib/pkgconfig/my_first_ros_test_pkg.pc'
[6.476s] Level 1:colcon.colcon_core.environment:checking '/home/ubuntu/robot_ws/install/my_first_ros_test_pkg/lib/python3.10/site-packages'
[6.476s] Level 1:colcon.colcon_core.shell:create_environment_hook('my_first_ros_test_pkg', 'pythonpath')
[6.477s] INFO:colcon.colcon_core.shell:Creating environment hook '/home/ubuntu/robot_ws/install/my_first_ros_test_pkg/share/my_first_ros_test_pkg/hook/pythonpath.ps1'
[6.477s] INFO:colcon.colcon_core.shell:Creating environment descriptor '/home/ubuntu/robot_ws/install/my_first_ros_test_pkg/share/my_first_ros_test_pkg/hook/pythonpath.dsv'
[6.478s] INFO:colcon.colcon_core.shell:Creating environment hook '/home/ubuntu/robot_ws/install/my_first_ros_test_pkg/share/my_first_ros_test_pkg/hook/pythonpath.sh'
[6.479s] Level 1:colcon.colcon_core.environment:checking '/home/ubuntu/robot_ws/install/my_first_ros_test_pkg/bin'
[6.479s] Level 1:colcon.colcon_core.environment:create_environment_scripts_only(my_first_ros_test_pkg)
[6.480s] INFO:colcon.colcon_core.shell:Creating package script '/home/ubuntu/robot_ws/install/my_first_ros_test_pkg/share/my_first_ros_test_pkg/package.ps1'
[6.482s] INFO:colcon.colcon_core.shell:Creating package descriptor '/home/ubuntu/robot_ws/install/my_first_ros_test_pkg/share/my_first_ros_test_pkg/package.dsv'
[6.482s] INFO:colcon.colcon_core.shell:Creating package script '/home/ubuntu/robot_ws/install/my_first_ros_test_pkg/share/my_first_ros_test_pkg/package.sh'
[6.483s] INFO:colcon.colcon_core.shell:Creating package script '/home/ubuntu/robot_ws/install/my_first_ros_test_pkg/share/my_first_ros_test_pkg/package.bash'
[6.484s] INFO:colcon.colcon_core.shell:Creating package script '/home/ubuntu/robot_ws/install/my_first_ros_test_pkg/share/my_first_ros_test_pkg/package.zsh'
[6.484s] Level 1:colcon.colcon_core.environment:create_file_with_runtime_dependencies(/home/ubuntu/robot_ws/install/my_first_ros_test_pkg/share/colcon-core/packages/my_first_ros_test_pkg)
[6.485s] INFO:colcon.colcon_ros.task.ament_python.build:Building ROS package in '/home/ubuntu/robot_ws/src/topic_service_action_rclpy_example' with build type 'ament_python'
[6.485s] Level 1:colcon.colcon_core.shell:create_environment_hook('topic_service_action_rclpy_example', 'ament_prefix_path')
[6.485s] INFO:colcon.colcon_core.shell:Creating environment hook '/home/ubuntu/robot_ws/install/topic_service_action_rclpy_example/share/topic_service_action_rclpy_example/hook/ament_prefix_path.ps1'
[6.486s] INFO:colcon.colcon_core.shell:Creating environment descriptor '/home/ubuntu/robot_ws/install/topic_service_action_rclpy_example/share/topic_service_action_rclpy_example/hook/ament_prefix_path.dsv'
[6.487s] INFO:colcon.colcon_core.shell:Creating environment hook '/home/ubuntu/robot_ws/install/topic_service_action_rclpy_example/share/topic_service_action_rclpy_example/hook/ament_prefix_path.sh'
[6.488s] INFO:colcon.colcon_core.shell:Skip shell extension 'powershell' for command environment: Not usable outside of PowerShell
[6.489s] DEBUG:colcon.colcon_core.shell:Skip shell extension 'dsv' for command environment
[7.027s] INFO:colcon.colcon_core.task.python.build:Building Python package in '/home/ubuntu/robot_ws/src/topic_service_action_rclpy_example'
[7.027s] INFO:colcon.colcon_core.shell:Skip shell extension 'powershell' for command environment: Not usable outside of PowerShell
[7.027s] DEBUG:colcon.colcon_core.shell:Skip shell extension 'dsv' for command environment
[7.121s] DEBUG:colcon.colcon_core.event_handler.log_command:Invoking command in '/home/ubuntu/robot_ws/build/my_turtlebot_pkg': PYTHONPATH=/home/ubuntu/robot_ws/build/my_turtlebot_pkg/prefix_override:/usr/lib/python3/dist-packages/colcon_core/task/python/colcon_distutils_commands:/home/ubuntu/robot_ws/install/my_turtlebot_pkg/lib/python3.10/site-packages:${PYTHONPATH} /usr/bin/python3 -W ignore:setup.py install is deprecated -W ignore:easy_install command is deprecated setup.py develop --editable --build-directory /home/ubuntu/robot_ws/build/my_turtlebot_pkg/build --no-deps symlink_data
[7.743s] DEBUG:colcon.colcon_core.event_handler.log_command:Invoking command in '/home/ubuntu/robot_ws/build/topic_service_action_rclpy_example': CMAKE_PREFIX_PATH=/home/ubuntu/robot_ws/install/msg_srv_action_interface_example:/home/ubuntu/turtlebot3_ws/install/turtlebot3_applications:/home/ubuntu/turtlebot3_ws/install/turtlebot3:/home/ubuntu/turtlebot3_ws/install/turtlebot3_simulations:/home/ubuntu/turtlebot3_ws/install/turtlebot3_panorama:/home/ubuntu/turtlebot3_ws/install/turtlebot3_bringup:/home/ubuntu/turtlebot3_ws/install/turtlebot3_node:/home/ubuntu/turtlebot3_ws/install/turtlebot3_navigation2:/home/ubuntu/turtlebot3_ws/install/turtlebot3_machine_learning:/home/ubuntu/turtlebot3_ws/install/turtlebot3_fake_node:/home/ubuntu/turtlebot3_ws/install/turtlebot3_msgs:/home/ubuntu/turtlebot3_ws/install/turtlebot3_manipulation_gazebo:/home/ubuntu/turtlebot3_ws/install/turtlebot3_gazebo:/home/ubuntu/turtlebot3_ws/install/turtlebot3_follower:/home/ubuntu/turtlebot3_ws/install/turtlebot3_description:/home/ubuntu/turtlebot3_ws/install/turtlebot3_cartographer:/home/ubuntu/turtlebot3_ws/install/turtlebot3_autorace:/home/ubuntu/robot_ws/install/my_first_package_msgs LD_LIBRARY_PATH=/home/ubuntu/robot_ws/install/msg_srv_action_interface_example/lib:/home/ubuntu/turtlebot3_ws/install/turtlebot3_msgs/lib:/home/ubuntu/robot_ws/install/my_first_package_msgs/lib:/usr/lib/x86_64-linux-gnu/gazebo-11/plugins:/opt/ros/humble/opt/rviz_ogre_vendor/lib:/opt/ros/humble/lib/x86_64-linux-gnu:/opt/ros/humble/lib:/usr/lib/x86_64-linux-gnu/gazebo-11/plugins PYTHONPATH=/home/ubuntu/robot_ws/build/topic_service_action_rclpy_example/prefix_override:/usr/lib/python3/dist-packages/colcon_core/task/python/colcon_distutils_commands:/home/ubuntu/robot_ws/install/topic_service_action_rclpy_example/lib/python3.10/site-packages:${PYTHONPATH} /usr/bin/python3 -W ignore:setup.py install is deprecated -W ignore:easy_install command is deprecated setup.py develop --editable --build-directory /home/ubuntu/robot_ws/build/topic_service_action_rclpy_example/build --no-deps symlink_data
[8.066s] Level 1:colcon.colcon_core.shell:create_environment_hook('my_turtlebot_pkg', 'pythonpath_develop')
[8.067s] INFO:colcon.colcon_core.shell:Creating environment hook '/home/ubuntu/robot_ws/build/my_turtlebot_pkg/share/my_turtlebot_pkg/hook/pythonpath_develop.ps1'
[8.067s] DEBUG:colcon.colcon_core.event_handler.log_command:Invoked command in '/home/ubuntu/robot_ws/build/my_turtlebot_pkg' returned '0': PYTHONPATH=/home/ubuntu/robot_ws/build/my_turtlebot_pkg/prefix_override:/usr/lib/python3/dist-packages/colcon_core/task/python/colcon_distutils_commands:/home/ubuntu/robot_ws/install/my_turtlebot_pkg/lib/python3.10/site-packages:${PYTHONPATH} /usr/bin/python3 -W ignore:setup.py install is deprecated -W ignore:easy_install command is deprecated setup.py develop --editable --build-directory /home/ubuntu/robot_ws/build/my_turtlebot_pkg/build --no-deps symlink_data
[8.068s] INFO:colcon.colcon_core.shell:Creating environment descriptor '/home/ubuntu/robot_ws/build/my_turtlebot_pkg/share/my_turtlebot_pkg/hook/pythonpath_develop.dsv'
[8.070s] INFO:colcon.colcon_core.shell:Creating environment hook '/home/ubuntu/robot_ws/build/my_turtlebot_pkg/share/my_turtlebot_pkg/hook/pythonpath_develop.sh'
[8.071s] Level 1:colcon.colcon_core.environment:checking '/home/ubuntu/robot_ws/install/my_turtlebot_pkg' for CMake module files
[8.071s] Level 1:colcon.colcon_core.environment:checking '/home/ubuntu/robot_ws/install/my_turtlebot_pkg' for CMake config files
[8.072s] Level 1:colcon.colcon_core.environment:checking '/home/ubuntu/robot_ws/install/my_turtlebot_pkg/lib'
[8.072s] Level 1:colcon.colcon_core.environment:checking '/home/ubuntu/robot_ws/install/my_turtlebot_pkg/bin'
[8.072s] Level 1:colcon.colcon_core.environment:checking '/home/ubuntu/robot_ws/install/my_turtlebot_pkg/lib/pkgconfig/my_turtlebot_pkg.pc'
[8.073s] Level 1:colcon.colcon_core.environment:checking '/home/ubuntu/robot_ws/install/my_turtlebot_pkg/lib/python3.10/site-packages'
[8.073s] Level 1:colcon.colcon_core.shell:create_environment_hook('my_turtlebot_pkg', 'pythonpath')
[8.074s] INFO:colcon.colcon_core.shell:Creating environment hook '/home/ubuntu/robot_ws/install/my_turtlebot_pkg/share/my_turtlebot_pkg/hook/pythonpath.ps1'
[8.074s] INFO:colcon.colcon_core.shell:Creating environment descriptor '/home/ubuntu/robot_ws/install/my_turtlebot_pkg/share/my_turtlebot_pkg/hook/pythonpath.dsv'
[8.075s] INFO:colcon.colcon_core.shell:Creating environment hook '/home/ubuntu/robot_ws/install/my_turtlebot_pkg/share/my_turtlebot_pkg/hook/pythonpath.sh'
[8.075s] Level 1:colcon.colcon_core.environment:checking '/home/ubuntu/robot_ws/install/my_turtlebot_pkg/bin'
[8.075s] Level 1:colcon.colcon_core.environment:create_environment_scripts_only(my_turtlebot_pkg)
[8.075s] INFO:colcon.colcon_core.shell:Creating package script '/home/ubuntu/robot_ws/install/my_turtlebot_pkg/share/my_turtlebot_pkg/package.ps1'
[8.077s] INFO:colcon.colcon_core.shell:Creating package descriptor '/home/ubuntu/robot_ws/install/my_turtlebot_pkg/share/my_turtlebot_pkg/package.dsv'
[8.078s] INFO:colcon.colcon_core.shell:Creating package script '/home/ubuntu/robot_ws/install/my_turtlebot_pkg/share/my_turtlebot_pkg/package.sh'
[8.079s] INFO:colcon.colcon_core.shell:Creating package script '/home/ubuntu/robot_ws/install/my_turtlebot_pkg/share/my_turtlebot_pkg/package.bash'
[8.081s] INFO:colcon.colcon_core.shell:Creating package script '/home/ubuntu/robot_ws/install/my_turtlebot_pkg/share/my_turtlebot_pkg/package.zsh'
[8.081s] Level 1:colcon.colcon_core.environment:create_file_with_runtime_dependencies(/home/ubuntu/robot_ws/install/my_turtlebot_pkg/share/colcon-core/packages/my_turtlebot_pkg)
[8.399s] Level 1:colcon.colcon_core.shell:create_environment_hook('topic_service_action_rclpy_example', 'pythonpath_develop')
[8.399s] INFO:colcon.colcon_core.shell:Creating environment hook '/home/ubuntu/robot_ws/build/topic_service_action_rclpy_example/share/topic_service_action_rclpy_example/hook/pythonpath_develop.ps1'
[8.400s] DEBUG:colcon.colcon_core.event_handler.log_command:Invoked command in '/home/ubuntu/robot_ws/build/topic_service_action_rclpy_example' returned '0': CMAKE_PREFIX_PATH=/home/ubuntu/robot_ws/install/msg_srv_action_interface_example:/home/ubuntu/turtlebot3_ws/install/turtlebot3_applications:/home/ubuntu/turtlebot3_ws/install/turtlebot3:/home/ubuntu/turtlebot3_ws/install/turtlebot3_simulations:/home/ubuntu/turtlebot3_ws/install/turtlebot3_panorama:/home/ubuntu/turtlebot3_ws/install/turtlebot3_bringup:/home/ubuntu/turtlebot3_ws/install/turtlebot3_node:/home/ubuntu/turtlebot3_ws/install/turtlebot3_navigation2:/home/ubuntu/turtlebot3_ws/install/turtlebot3_machine_learning:/home/ubuntu/turtlebot3_ws/install/turtlebot3_fake_node:/home/ubuntu/turtlebot3_ws/install/turtlebot3_msgs:/home/ubuntu/turtlebot3_ws/install/turtlebot3_manipulation_gazebo:/home/ubuntu/turtlebot3_ws/install/turtlebot3_gazebo:/home/ubuntu/turtlebot3_ws/install/turtlebot3_follower:/home/ubuntu/turtlebot3_ws/install/turtlebot3_description:/home/ubuntu/turtlebot3_ws/install/turtlebot3_cartographer:/home/ubuntu/turtlebot3_ws/install/turtlebot3_autorace:/home/ubuntu/robot_ws/install/my_first_package_msgs LD_LIBRARY_PATH=/home/ubuntu/robot_ws/install/msg_srv_action_interface_example/lib:/home/ubuntu/turtlebot3_ws/install/turtlebot3_msgs/lib:/home/ubuntu/robot_ws/install/my_first_package_msgs/lib:/usr/lib/x86_64-linux-gnu/gazebo-11/plugins:/opt/ros/humble/opt/rviz_ogre_vendor/lib:/opt/ros/humble/lib/x86_64-linux-gnu:/opt/ros/humble/lib:/usr/lib/x86_64-linux-gnu/gazebo-11/plugins PYTHONPATH=/home/ubuntu/robot_ws/build/topic_service_action_rclpy_example/prefix_override:/usr/lib/python3/dist-packages/colcon_core/task/python/colcon_distutils_commands:/home/ubuntu/robot_ws/install/topic_service_action_rclpy_example/lib/python3.10/site-packages:${PYTHONPATH} /usr/bin/python3 -W ignore:setup.py install is deprecated -W ignore:easy_install command is deprecated setup.py develop --editable --build-directory /home/ubuntu/robot_ws/build/topic_service_action_rclpy_example/build --no-deps symlink_data
[8.401s] INFO:colcon.colcon_core.shell:Creating environment descriptor '/home/ubuntu/robot_ws/build/topic_service_action_rclpy_example/share/topic_service_action_rclpy_example/hook/pythonpath_develop.dsv'
[8.402s] INFO:colcon.colcon_core.shell:Creating environment hook '/home/ubuntu/robot_ws/build/topic_service_action_rclpy_example/share/topic_service_action_rclpy_example/hook/pythonpath_develop.sh'
[8.403s] Level 1:colcon.colcon_core.environment:checking '/home/ubuntu/robot_ws/install/topic_service_action_rclpy_example' for CMake module files
[8.404s] Level 1:colcon.colcon_core.environment:checking '/home/ubuntu/robot_ws/install/topic_service_action_rclpy_example' for CMake config files
[8.405s] Level 1:colcon.colcon_core.environment:checking '/home/ubuntu/robot_ws/install/topic_service_action_rclpy_example/lib'
[8.405s] Level 1:colcon.colcon_core.environment:checking '/home/ubuntu/robot_ws/install/topic_service_action_rclpy_example/bin'
[8.405s] Level 1:colcon.colcon_core.environment:checking '/home/ubuntu/robot_ws/install/topic_service_action_rclpy_example/lib/pkgconfig/topic_service_action_rclpy_example.pc'
[8.406s] Level 1:colcon.colcon_core.environment:checking '/home/ubuntu/robot_ws/install/topic_service_action_rclpy_example/lib/python3.10/site-packages'
[8.406s] Level 1:colcon.colcon_core.shell:create_environment_hook('topic_service_action_rclpy_example', 'pythonpath')
[8.406s] INFO:colcon.colcon_core.shell:Creating environment hook '/home/ubuntu/robot_ws/install/topic_service_action_rclpy_example/share/topic_service_action_rclpy_example/hook/pythonpath.ps1'
[8.408s] INFO:colcon.colcon_core.shell:Creating environment descriptor '/home/ubuntu/robot_ws/install/topic_service_action_rclpy_example/share/topic_service_action_rclpy_example/hook/pythonpath.dsv'
[8.408s] INFO:colcon.colcon_core.shell:Creating environment hook '/home/ubuntu/robot_ws/install/topic_service_action_rclpy_example/share/topic_service_action_rclpy_example/hook/pythonpath.sh'
[8.409s] Level 1:colcon.colcon_core.environment:checking '/home/ubuntu/robot_ws/install/topic_service_action_rclpy_example/bin'
[8.409s] Level 1:colcon.colcon_core.environment:create_environment_scripts_only(topic_service_action_rclpy_example)
[8.409s] INFO:colcon.colcon_core.shell:Creating package script '/home/ubuntu/robot_ws/install/topic_service_action_rclpy_example/share/topic_service_action_rclpy_example/package.ps1'
[8.410s] INFO:colcon.colcon_core.shell:Creating package descriptor '/home/ubuntu/robot_ws/install/topic_service_action_rclpy_example/share/topic_service_action_rclpy_example/package.dsv'
[8.410s] INFO:colcon.colcon_core.shell:Creating package script '/home/ubuntu/robot_ws/install/topic_service_action_rclpy_example/share/topic_service_action_rclpy_example/package.sh'
[8.411s] INFO:colcon.colcon_core.shell:Creating package script '/home/ubuntu/robot_ws/install/topic_service_action_rclpy_example/share/topic_service_action_rclpy_example/package.bash'
[8.411s] INFO:colcon.colcon_core.shell:Creating package script '/home/ubuntu/robot_ws/install/topic_service_action_rclpy_example/share/topic_service_action_rclpy_example/package.zsh'
[8.412s] Level 1:colcon.colcon_core.environment:create_file_with_runtime_dependencies(/home/ubuntu/robot_ws/install/topic_service_action_rclpy_example/share/colcon-core/packages/topic_service_action_rclpy_example)
[8.413s] DEBUG:colcon.colcon_parallel_executor.executor.parallel:closing loop
[8.413s] DEBUG:colcon.colcon_parallel_executor.executor.parallel:loop closed
[8.413s] DEBUG:colcon.colcon_parallel_executor.executor.parallel:run_until_complete finished with '0'
[8.413s] DEBUG:colcon.colcon_core.event_reactor:joining thread
[8.421s] INFO:colcon.colcon_core.plugin_system:Skipping extension 'colcon_notification.desktop_notification.terminal_notifier': Not used on non-Darwin systems
[8.421s] INFO:colcon.colcon_core.plugin_system:Skipping extension 'colcon_notification.desktop_notification.win32': Not used on non-Windows systems
[8.422s] INFO:colcon.colcon_notification.desktop_notification:Sending desktop notification using 'notify2'
[8.453s] DEBUG:colcon.colcon_core.event_reactor:joined thread
[8.454s] INFO:colcon.colcon_core.shell:Creating prefix script '/home/ubuntu/robot_ws/install/local_setup.ps1'
[8.458s] INFO:colcon.colcon_core.shell:Creating prefix util module '/home/ubuntu/robot_ws/install/_local_setup_util_ps1.py'
[8.461s] INFO:colcon.colcon_core.shell:Creating prefix chain script '/home/ubuntu/robot_ws/install/setup.ps1'
[8.466s] INFO:colcon.colcon_core.shell:Creating prefix script '/home/ubuntu/robot_ws/install/local_setup.sh'
[8.467s] INFO:colcon.colcon_core.shell:Creating prefix util module '/home/ubuntu/robot_ws/install/_local_setup_util_sh.py'
[8.468s] INFO:colcon.colcon_core.shell:Creating prefix chain script '/home/ubuntu/robot_ws/install/setup.sh'
[8.470s] INFO:colcon.colcon_core.shell:Creating prefix script '/home/ubuntu/robot_ws/install/local_setup.bash'
[8.471s] INFO:colcon.colcon_core.shell:Creating prefix chain script '/home/ubuntu/robot_ws/install/setup.bash'
[8.473s] INFO:colcon.colcon_core.shell:Creating prefix script '/home/ubuntu/robot_ws/install/local_setup.zsh'
[8.474s] INFO:colcon.colcon_core.shell:Creating prefix chain script '/home/ubuntu/robot_ws/install/setup.zsh'
