[0.795s] Invoking command in '/home/ubuntu/robot_ws/build/my_first_ros_rclpy_pkg': PYTHONPATH=/home/ubuntu/robot_ws/build/my_first_ros_rclpy_pkg/prefix_override:/usr/lib/python3/dist-packages/colcon_core/task/python/colcon_distutils_commands:/home/ubuntu/robot_ws/install/my_first_ros_rclpy_pkg/lib/python3.10/site-packages:${PYTHONPATH} /usr/bin/python3 -W ignore:setup.py install is deprecated -W ignore:easy_install command is deprecated setup.py develop --editable --build-directory /home/ubuntu/robot_ws/build/my_first_ros_rclpy_pkg/build --no-deps symlink_data
[1.147s] running develop
[1.428s] running egg_info
[1.428s] creating my_first_ros_rclpy_pkg.egg-info
[1.428s] writing my_first_ros_rclpy_pkg.egg-info/PKG-INFO
[1.428s] writing dependency_links to my_first_ros_rclpy_pkg.egg-info/dependency_links.txt
[1.428s] writing entry points to my_first_ros_rclpy_pkg.egg-info/entry_points.txt
[1.428s] writing requirements to my_first_ros_rclpy_pkg.egg-info/requires.txt
[1.428s] writing top-level names to my_first_ros_rclpy_pkg.egg-info/top_level.txt
[1.429s] writing manifest file 'my_first_ros_rclpy_pkg.egg-info/SOURCES.txt'
[1.430s] reading manifest file 'my_first_ros_rclpy_pkg.egg-info/SOURCES.txt'
[1.431s] writing manifest file 'my_first_ros_rclpy_pkg.egg-info/SOURCES.txt'
[1.432s] running build_ext
[1.433s] Creating /home/ubuntu/robot_ws/install/my_first_ros_rclpy_pkg/lib/python3.10/site-packages/my-first-ros-rclpy-pkg.egg-link (link to .)
[1.433s] Installing helloworld_publisher script to /home/ubuntu/robot_ws/install/my_first_ros_rclpy_pkg/lib/my_first_ros_rclpy_pkg
[1.433s] Installing helloworld_subscriber script to /home/ubuntu/robot_ws/install/my_first_ros_rclpy_pkg/lib/my_first_ros_rclpy_pkg
[1.433s] Installing turtlesim_node script to /home/ubuntu/robot_ws/install/my_first_ros_rclpy_pkg/lib/my_first_ros_rclpy_pkg
[1.434s] 
[1.434s] Installed /home/ubuntu/robot_ws/build/my_first_ros_rclpy_pkg
[1.435s] running symlink_data
[1.435s] creating /home/ubuntu/robot_ws/install/my_first_ros_rclpy_pkg/share/ament_index
[1.435s] creating /home/ubuntu/robot_ws/install/my_first_ros_rclpy_pkg/share/ament_index/resource_index
[1.435s] creating /home/ubuntu/robot_ws/install/my_first_ros_rclpy_pkg/share/ament_index/resource_index/packages
[1.435s] symbolically linking /home/ubuntu/robot_ws/build/my_first_ros_rclpy_pkg/resource/my_first_ros_rclpy_pkg -> /home/ubuntu/robot_ws/install/my_first_ros_rclpy_pkg/share/ament_index/resource_index/packages
[1.435s] symbolically linking /home/ubuntu/robot_ws/build/my_first_ros_rclpy_pkg/package.xml -> /home/ubuntu/robot_ws/install/my_first_ros_rclpy_pkg/share/my_first_ros_rclpy_pkg
[1.462s] Invoked command in '/home/ubuntu/robot_ws/build/my_first_ros_rclpy_pkg' returned '0': PYTHONPATH=/home/ubuntu/robot_ws/build/my_first_ros_rclpy_pkg/prefix_override:/usr/lib/python3/dist-packages/colcon_core/task/python/colcon_distutils_commands:/home/ubuntu/robot_ws/install/my_first_ros_rclpy_pkg/lib/python3.10/site-packages:${PYTHONPATH} /usr/bin/python3 -W ignore:setup.py install is deprecated -W ignore:easy_install command is deprecated setup.py develop --editable --build-directory /home/ubuntu/robot_ws/build/my_first_ros_rclpy_pkg/build --no-deps symlink_data
