[1.831s] Invoking command in '/home/ubuntu/robot_ws/build/move_turtle_pkg': PYTHONPATH=/home/ubuntu/robot_ws/build/move_turtle_pkg/prefix_override:/usr/lib/python3/dist-packages/colcon_core/task/python/colcon_distutils_commands:/home/ubuntu/robot_ws/install/move_turtle_pkg/lib/python3.10/site-packages:${PYTHONPATH} /usr/bin/python3 -W ignore:setup.py install is deprecated -W ignore:easy_install command is deprecated setup.py develop --editable --build-directory /home/ubuntu/robot_ws/build/move_turtle_pkg/build --no-deps symlink_data
[2.698s] running develop
[3.118s] running egg_info
[3.119s] writing move_turtle_pkg.egg-info/PKG-INFO
[3.120s] writing dependency_links to move_turtle_pkg.egg-info/dependency_links.txt
[3.121s] writing entry points to move_turtle_pkg.egg-info/entry_points.txt
[3.123s] writing requirements to move_turtle_pkg.egg-info/requires.txt
[3.123s] writing top-level names to move_turtle_pkg.egg-info/top_level.txt
[3.125s] reading manifest file 'move_turtle_pkg.egg-info/SOURCES.txt'
[3.126s] writing manifest file 'move_turtle_pkg.egg-info/SOURCES.txt'
[3.129s] running build_ext
[3.129s] Creating /home/ubuntu/robot_ws/install/move_turtle_pkg/lib/python3.10/site-packages/move-turtle-pkg.egg-link (link to .)
[3.133s] Installing dist_turtle_action_server script to /home/ubuntu/robot_ws/install/move_turtle_pkg/lib/move_turtle_pkg
[3.135s] Installing move_turtle_pub script to /home/ubuntu/robot_ws/install/move_turtle_pkg/lib/move_turtle_pkg
[3.135s] Installing my_multi_thread script to /home/ubuntu/robot_ws/install/move_turtle_pkg/lib/move_turtle_pkg
[3.135s] Installing my_service_server script to /home/ubuntu/robot_ws/install/move_turtle_pkg/lib/move_turtle_pkg
[3.136s] Installing my_subscriber script to /home/ubuntu/robot_ws/install/move_turtle_pkg/lib/move_turtle_pkg
[3.136s] Installing turtle_cmd_and_pose script to /home/ubuntu/robot_ws/install/move_turtle_pkg/lib/move_turtle_pkg
[3.136s] Installing turtlesim_node script to /home/ubuntu/robot_ws/install/move_turtle_pkg/lib/move_turtle_pkg
[3.137s] 
[3.138s] Installed /home/ubuntu/robot_ws/build/move_turtle_pkg
[3.138s] running symlink_data
[3.222s] Invoked command in '/home/ubuntu/robot_ws/build/move_turtle_pkg' returned '0': PYTHONPATH=/home/ubuntu/robot_ws/build/move_turtle_pkg/prefix_override:/usr/lib/python3/dist-packages/colcon_core/task/python/colcon_distutils_commands:/home/ubuntu/robot_ws/install/move_turtle_pkg/lib/python3.10/site-packages:${PYTHONPATH} /usr/bin/python3 -W ignore:setup.py install is deprecated -W ignore:easy_install command is deprecated setup.py develop --editable --build-directory /home/ubuntu/robot_ws/build/move_turtle_pkg/build --no-deps symlink_data
