[1.956s] Invoking command in '/home/ubuntu/robot_ws/build/move_turtle_pkg': PYTHONPATH=/home/ubuntu/robot_ws/build/move_turtle_pkg/prefix_override:/usr/lib/python3/dist-packages/colcon_core/task/python/colcon_distutils_commands:/home/ubuntu/robot_ws/install/move_turtle_pkg/lib/python3.10/site-packages:${PYTHONPATH} /usr/bin/python3 -W ignore:setup.py install is deprecated -W ignore:easy_install command is deprecated setup.py develop --editable --build-directory /home/ubuntu/robot_ws/build/move_turtle_pkg/build --no-deps symlink_data
[2.564s] running develop
[2.864s] running egg_info
[2.865s] writing move_turtle_pkg.egg-info/PKG-INFO
[2.865s] writing dependency_links to move_turtle_pkg.egg-info/dependency_links.txt
[2.867s] writing entry points to move_turtle_pkg.egg-info/entry_points.txt
[2.867s] writing requirements to move_turtle_pkg.egg-info/requires.txt
[2.867s] writing top-level names to move_turtle_pkg.egg-info/top_level.txt
[2.871s] reading manifest file 'move_turtle_pkg.egg-info/SOURCES.txt'
[2.874s] writing manifest file 'move_turtle_pkg.egg-info/SOURCES.txt'
[2.882s] running build_ext
[2.882s] Creating /home/ubuntu/robot_ws/install/move_turtle_pkg/lib/python3.10/site-packages/move-turtle-pkg.egg-link (link to .)
[2.883s] Installing dist_turtle_action_server script to /home/ubuntu/robot_ws/install/move_turtle_pkg/lib/move_turtle_pkg
[2.884s] Installing move_turtle_pub script to /home/ubuntu/robot_ws/install/move_turtle_pkg/lib/move_turtle_pkg
[2.884s] Installing my_multi_thread script to /home/ubuntu/robot_ws/install/move_turtle_pkg/lib/move_turtle_pkg
[2.884s] Installing my_service_server script to /home/ubuntu/robot_ws/install/move_turtle_pkg/lib/move_turtle_pkg
[2.885s] Installing my_subscriber script to /home/ubuntu/robot_ws/install/move_turtle_pkg/lib/move_turtle_pkg
[2.885s] Installing turtle_cmd_and_pose script to /home/ubuntu/robot_ws/install/move_turtle_pkg/lib/move_turtle_pkg
[2.885s] Installing turtlesim_node script to /home/ubuntu/robot_ws/install/move_turtle_pkg/lib/move_turtle_pkg
[2.885s] 
[2.885s] Installed /home/ubuntu/robot_ws/build/move_turtle_pkg
[2.885s] running symlink_data
[3.119s] Invoked command in '/home/ubuntu/robot_ws/build/move_turtle_pkg' returned '0': PYTHONPATH=/home/ubuntu/robot_ws/build/move_turtle_pkg/prefix_override:/usr/lib/python3/dist-packages/colcon_core/task/python/colcon_distutils_commands:/home/ubuntu/robot_ws/install/move_turtle_pkg/lib/python3.10/site-packages:${PYTHONPATH} /usr/bin/python3 -W ignore:setup.py install is deprecated -W ignore:easy_install command is deprecated setup.py develop --editable --build-directory /home/ubuntu/robot_ws/build/move_turtle_pkg/build --no-deps symlink_data
